[2023-01-21T23:45:21.803+0000] {processor.py:153} INFO - Started process (PID=42) to work on /home/airflow/.local/lib/python3.7/site-packages/airflow/example_dags/example_short_circuit_operator.py
[2023-01-21T23:45:21.805+0000] {processor.py:743} INFO - Processing file /home/airflow/.local/lib/python3.7/site-packages/airflow/example_dags/example_short_circuit_operator.py for tasks to queue
[2023-01-21T23:45:21.806+0000] {logging_mixin.py:137} INFO - [2023-01-21T23:45:21.806+0000] {dagbag.py:538} INFO - Filling up the DagBag from /home/airflow/.local/lib/python3.7/site-packages/airflow/example_dags/example_short_circuit_operator.py
[2023-01-21T23:45:21.827+0000] {processor.py:753} INFO - DAG(s) dict_keys(['example_short_circuit_operator']) retrieved from /home/airflow/.local/lib/python3.7/site-packages/airflow/example_dags/example_short_circuit_operator.py
[2023-01-21T23:45:21.861+0000] {logging_mixin.py:137} INFO - [2023-01-21T23:45:21.860+0000] {dag.py:2690} INFO - Sync 1 DAGs
[2023-01-21T23:45:21.897+0000] {logging_mixin.py:137} INFO - [2023-01-21T23:45:21.897+0000] {dag.py:3441} INFO - Setting next_dagrun for example_short_circuit_operator to 2023-01-20T23:45:21.896895+00:00, run_after=2023-01-21T23:45:21.896895+00:00
[2023-01-21T23:45:21.923+0000] {processor.py:175} INFO - Processing /home/airflow/.local/lib/python3.7/site-packages/airflow/example_dags/example_short_circuit_operator.py took 0.123 seconds
[2023-01-21T23:45:52.619+0000] {processor.py:153} INFO - Started process (PID=118) to work on /home/airflow/.local/lib/python3.7/site-packages/airflow/example_dags/example_short_circuit_operator.py
[2023-01-21T23:45:52.621+0000] {processor.py:743} INFO - Processing file /home/airflow/.local/lib/python3.7/site-packages/airflow/example_dags/example_short_circuit_operator.py for tasks to queue
[2023-01-21T23:45:52.621+0000] {logging_mixin.py:137} INFO - [2023-01-21T23:45:52.621+0000] {dagbag.py:538} INFO - Filling up the DagBag from /home/airflow/.local/lib/python3.7/site-packages/airflow/example_dags/example_short_circuit_operator.py
[2023-01-21T23:45:52.633+0000] {processor.py:753} INFO - DAG(s) dict_keys(['example_short_circuit_operator']) retrieved from /home/airflow/.local/lib/python3.7/site-packages/airflow/example_dags/example_short_circuit_operator.py
[2023-01-21T23:45:52.652+0000] {logging_mixin.py:137} INFO - [2023-01-21T23:45:52.652+0000] {dag.py:2690} INFO - Sync 1 DAGs
[2023-01-21T23:45:52.668+0000] {logging_mixin.py:137} INFO - [2023-01-21T23:45:52.668+0000] {dag.py:3441} INFO - Setting next_dagrun for example_short_circuit_operator to 2023-01-20T23:45:52.668674+00:00, run_after=2023-01-21T23:45:52.668674+00:00
[2023-01-21T23:45:52.682+0000] {processor.py:175} INFO - Processing /home/airflow/.local/lib/python3.7/site-packages/airflow/example_dags/example_short_circuit_operator.py took 0.065 seconds
[2023-01-21T23:46:23.081+0000] {processor.py:153} INFO - Started process (PID=183) to work on /home/airflow/.local/lib/python3.7/site-packages/airflow/example_dags/example_short_circuit_operator.py
[2023-01-21T23:46:23.082+0000] {processor.py:743} INFO - Processing file /home/airflow/.local/lib/python3.7/site-packages/airflow/example_dags/example_short_circuit_operator.py for tasks to queue
[2023-01-21T23:46:23.083+0000] {logging_mixin.py:137} INFO - [2023-01-21T23:46:23.083+0000] {dagbag.py:538} INFO - Filling up the DagBag from /home/airflow/.local/lib/python3.7/site-packages/airflow/example_dags/example_short_circuit_operator.py
[2023-01-21T23:46:23.095+0000] {processor.py:753} INFO - DAG(s) dict_keys(['example_short_circuit_operator']) retrieved from /home/airflow/.local/lib/python3.7/site-packages/airflow/example_dags/example_short_circuit_operator.py
[2023-01-21T23:46:23.117+0000] {logging_mixin.py:137} INFO - [2023-01-21T23:46:23.116+0000] {dag.py:2690} INFO - Sync 1 DAGs
[2023-01-21T23:46:23.133+0000] {logging_mixin.py:137} INFO - [2023-01-21T23:46:23.133+0000] {dag.py:3441} INFO - Setting next_dagrun for example_short_circuit_operator to 2023-01-20T23:46:23.133531+00:00, run_after=2023-01-21T23:46:23.133531+00:00
[2023-01-21T23:46:23.145+0000] {processor.py:175} INFO - Processing /home/airflow/.local/lib/python3.7/site-packages/airflow/example_dags/example_short_circuit_operator.py took 0.067 seconds
[2023-01-21T23:46:53.598+0000] {processor.py:153} INFO - Started process (PID=258) to work on /home/airflow/.local/lib/python3.7/site-packages/airflow/example_dags/example_short_circuit_operator.py
[2023-01-21T23:46:53.599+0000] {processor.py:743} INFO - Processing file /home/airflow/.local/lib/python3.7/site-packages/airflow/example_dags/example_short_circuit_operator.py for tasks to queue
[2023-01-21T23:46:53.600+0000] {logging_mixin.py:137} INFO - [2023-01-21T23:46:53.600+0000] {dagbag.py:538} INFO - Filling up the DagBag from /home/airflow/.local/lib/python3.7/site-packages/airflow/example_dags/example_short_circuit_operator.py
[2023-01-21T23:46:53.613+0000] {processor.py:753} INFO - DAG(s) dict_keys(['example_short_circuit_operator']) retrieved from /home/airflow/.local/lib/python3.7/site-packages/airflow/example_dags/example_short_circuit_operator.py
[2023-01-21T23:46:53.636+0000] {logging_mixin.py:137} INFO - [2023-01-21T23:46:53.636+0000] {dag.py:2690} INFO - Sync 1 DAGs
[2023-01-21T23:46:53.653+0000] {logging_mixin.py:137} INFO - [2023-01-21T23:46:53.653+0000] {dag.py:3441} INFO - Setting next_dagrun for example_short_circuit_operator to 2023-01-20T23:46:53.653571+00:00, run_after=2023-01-21T23:46:53.653571+00:00
[2023-01-21T23:46:53.666+0000] {processor.py:175} INFO - Processing /home/airflow/.local/lib/python3.7/site-packages/airflow/example_dags/example_short_circuit_operator.py took 0.071 seconds
[2023-01-21T23:47:24.027+0000] {processor.py:153} INFO - Started process (PID=333) to work on /home/airflow/.local/lib/python3.7/site-packages/airflow/example_dags/example_short_circuit_operator.py
[2023-01-21T23:47:24.029+0000] {processor.py:743} INFO - Processing file /home/airflow/.local/lib/python3.7/site-packages/airflow/example_dags/example_short_circuit_operator.py for tasks to queue
[2023-01-21T23:47:24.030+0000] {logging_mixin.py:137} INFO - [2023-01-21T23:47:24.030+0000] {dagbag.py:538} INFO - Filling up the DagBag from /home/airflow/.local/lib/python3.7/site-packages/airflow/example_dags/example_short_circuit_operator.py
[2023-01-21T23:47:24.041+0000] {processor.py:753} INFO - DAG(s) dict_keys(['example_short_circuit_operator']) retrieved from /home/airflow/.local/lib/python3.7/site-packages/airflow/example_dags/example_short_circuit_operator.py
[2023-01-21T23:47:24.059+0000] {logging_mixin.py:137} INFO - [2023-01-21T23:47:24.059+0000] {dag.py:2690} INFO - Sync 1 DAGs
[2023-01-21T23:47:24.073+0000] {logging_mixin.py:137} INFO - [2023-01-21T23:47:24.073+0000] {dag.py:3441} INFO - Setting next_dagrun for example_short_circuit_operator to 2023-01-20T23:47:24.073421+00:00, run_after=2023-01-21T23:47:24.073421+00:00
[2023-01-21T23:47:24.084+0000] {processor.py:175} INFO - Processing /home/airflow/.local/lib/python3.7/site-packages/airflow/example_dags/example_short_circuit_operator.py took 0.059 seconds
[2023-01-21T23:47:54.316+0000] {processor.py:153} INFO - Started process (PID=398) to work on /home/airflow/.local/lib/python3.7/site-packages/airflow/example_dags/example_short_circuit_operator.py
[2023-01-21T23:47:54.318+0000] {processor.py:743} INFO - Processing file /home/airflow/.local/lib/python3.7/site-packages/airflow/example_dags/example_short_circuit_operator.py for tasks to queue
[2023-01-21T23:47:54.318+0000] {logging_mixin.py:137} INFO - [2023-01-21T23:47:54.318+0000] {dagbag.py:538} INFO - Filling up the DagBag from /home/airflow/.local/lib/python3.7/site-packages/airflow/example_dags/example_short_circuit_operator.py
[2023-01-21T23:47:54.331+0000] {processor.py:753} INFO - DAG(s) dict_keys(['example_short_circuit_operator']) retrieved from /home/airflow/.local/lib/python3.7/site-packages/airflow/example_dags/example_short_circuit_operator.py
[2023-01-21T23:47:54.353+0000] {logging_mixin.py:137} INFO - [2023-01-21T23:47:54.353+0000] {dag.py:2690} INFO - Sync 1 DAGs
[2023-01-21T23:47:54.370+0000] {logging_mixin.py:137} INFO - [2023-01-21T23:47:54.369+0000] {dag.py:3441} INFO - Setting next_dagrun for example_short_circuit_operator to 2023-01-20T23:47:54.369649+00:00, run_after=2023-01-21T23:47:54.369649+00:00
[2023-01-21T23:47:54.384+0000] {processor.py:175} INFO - Processing /home/airflow/.local/lib/python3.7/site-packages/airflow/example_dags/example_short_circuit_operator.py took 0.071 seconds
[2023-01-21T23:48:24.705+0000] {processor.py:153} INFO - Started process (PID=474) to work on /home/airflow/.local/lib/python3.7/site-packages/airflow/example_dags/example_short_circuit_operator.py
[2023-01-21T23:48:24.707+0000] {processor.py:743} INFO - Processing file /home/airflow/.local/lib/python3.7/site-packages/airflow/example_dags/example_short_circuit_operator.py for tasks to queue
[2023-01-21T23:48:24.708+0000] {logging_mixin.py:137} INFO - [2023-01-21T23:48:24.708+0000] {dagbag.py:538} INFO - Filling up the DagBag from /home/airflow/.local/lib/python3.7/site-packages/airflow/example_dags/example_short_circuit_operator.py
[2023-01-21T23:48:24.719+0000] {processor.py:753} INFO - DAG(s) dict_keys(['example_short_circuit_operator']) retrieved from /home/airflow/.local/lib/python3.7/site-packages/airflow/example_dags/example_short_circuit_operator.py
[2023-01-21T23:48:24.738+0000] {logging_mixin.py:137} INFO - [2023-01-21T23:48:24.738+0000] {dag.py:2690} INFO - Sync 1 DAGs
[2023-01-21T23:48:24.755+0000] {logging_mixin.py:137} INFO - [2023-01-21T23:48:24.755+0000] {dag.py:3441} INFO - Setting next_dagrun for example_short_circuit_operator to 2023-01-20T23:48:24.755198+00:00, run_after=2023-01-21T23:48:24.755198+00:00
[2023-01-21T23:48:24.766+0000] {processor.py:175} INFO - Processing /home/airflow/.local/lib/python3.7/site-packages/airflow/example_dags/example_short_circuit_operator.py took 0.064 seconds
[2023-01-21T23:48:55.016+0000] {processor.py:153} INFO - Started process (PID=550) to work on /home/airflow/.local/lib/python3.7/site-packages/airflow/example_dags/example_short_circuit_operator.py
[2023-01-21T23:48:55.017+0000] {processor.py:743} INFO - Processing file /home/airflow/.local/lib/python3.7/site-packages/airflow/example_dags/example_short_circuit_operator.py for tasks to queue
[2023-01-21T23:48:55.019+0000] {logging_mixin.py:137} INFO - [2023-01-21T23:48:55.019+0000] {dagbag.py:538} INFO - Filling up the DagBag from /home/airflow/.local/lib/python3.7/site-packages/airflow/example_dags/example_short_circuit_operator.py
[2023-01-21T23:48:55.033+0000] {processor.py:753} INFO - DAG(s) dict_keys(['example_short_circuit_operator']) retrieved from /home/airflow/.local/lib/python3.7/site-packages/airflow/example_dags/example_short_circuit_operator.py
[2023-01-21T23:48:55.069+0000] {logging_mixin.py:137} INFO - [2023-01-21T23:48:55.069+0000] {dag.py:2690} INFO - Sync 1 DAGs
[2023-01-21T23:48:55.089+0000] {logging_mixin.py:137} INFO - [2023-01-21T23:48:55.088+0000] {dag.py:3441} INFO - Setting next_dagrun for example_short_circuit_operator to 2023-01-20T23:48:55.088716+00:00, run_after=2023-01-21T23:48:55.088716+00:00
[2023-01-21T23:48:55.104+0000] {processor.py:175} INFO - Processing /home/airflow/.local/lib/python3.7/site-packages/airflow/example_dags/example_short_circuit_operator.py took 0.092 seconds
[2023-01-21T23:49:25.691+0000] {processor.py:153} INFO - Started process (PID=615) to work on /home/airflow/.local/lib/python3.7/site-packages/airflow/example_dags/example_short_circuit_operator.py
[2023-01-21T23:49:25.693+0000] {processor.py:743} INFO - Processing file /home/airflow/.local/lib/python3.7/site-packages/airflow/example_dags/example_short_circuit_operator.py for tasks to queue
[2023-01-21T23:49:25.694+0000] {logging_mixin.py:137} INFO - [2023-01-21T23:49:25.693+0000] {dagbag.py:538} INFO - Filling up the DagBag from /home/airflow/.local/lib/python3.7/site-packages/airflow/example_dags/example_short_circuit_operator.py
[2023-01-21T23:49:25.705+0000] {processor.py:753} INFO - DAG(s) dict_keys(['example_short_circuit_operator']) retrieved from /home/airflow/.local/lib/python3.7/site-packages/airflow/example_dags/example_short_circuit_operator.py
[2023-01-21T23:49:25.725+0000] {logging_mixin.py:137} INFO - [2023-01-21T23:49:25.725+0000] {dag.py:2690} INFO - Sync 1 DAGs
[2023-01-21T23:49:25.742+0000] {logging_mixin.py:137} INFO - [2023-01-21T23:49:25.742+0000] {dag.py:3441} INFO - Setting next_dagrun for example_short_circuit_operator to 2023-01-20T23:49:25.742132+00:00, run_after=2023-01-21T23:49:25.742132+00:00
[2023-01-21T23:49:25.753+0000] {processor.py:175} INFO - Processing /home/airflow/.local/lib/python3.7/site-packages/airflow/example_dags/example_short_circuit_operator.py took 0.065 seconds
[2023-01-21T23:49:56.086+0000] {processor.py:153} INFO - Started process (PID=692) to work on /home/airflow/.local/lib/python3.7/site-packages/airflow/example_dags/example_short_circuit_operator.py
[2023-01-21T23:49:56.087+0000] {processor.py:743} INFO - Processing file /home/airflow/.local/lib/python3.7/site-packages/airflow/example_dags/example_short_circuit_operator.py for tasks to queue
[2023-01-21T23:49:56.088+0000] {logging_mixin.py:137} INFO - [2023-01-21T23:49:56.088+0000] {dagbag.py:538} INFO - Filling up the DagBag from /home/airflow/.local/lib/python3.7/site-packages/airflow/example_dags/example_short_circuit_operator.py
[2023-01-21T23:49:56.099+0000] {processor.py:753} INFO - DAG(s) dict_keys(['example_short_circuit_operator']) retrieved from /home/airflow/.local/lib/python3.7/site-packages/airflow/example_dags/example_short_circuit_operator.py
[2023-01-21T23:49:56.118+0000] {logging_mixin.py:137} INFO - [2023-01-21T23:49:56.118+0000] {dag.py:2690} INFO - Sync 1 DAGs
[2023-01-21T23:49:56.136+0000] {logging_mixin.py:137} INFO - [2023-01-21T23:49:56.136+0000] {dag.py:3441} INFO - Setting next_dagrun for example_short_circuit_operator to 2023-01-20T23:49:56.136493+00:00, run_after=2023-01-21T23:49:56.136493+00:00
[2023-01-21T23:49:56.148+0000] {processor.py:175} INFO - Processing /home/airflow/.local/lib/python3.7/site-packages/airflow/example_dags/example_short_circuit_operator.py took 0.065 seconds
[2023-01-21T23:50:26.353+0000] {processor.py:153} INFO - Started process (PID=755) to work on /home/airflow/.local/lib/python3.7/site-packages/airflow/example_dags/example_short_circuit_operator.py
[2023-01-21T23:50:26.355+0000] {processor.py:743} INFO - Processing file /home/airflow/.local/lib/python3.7/site-packages/airflow/example_dags/example_short_circuit_operator.py for tasks to queue
[2023-01-21T23:50:26.356+0000] {logging_mixin.py:137} INFO - [2023-01-21T23:50:26.355+0000] {dagbag.py:538} INFO - Filling up the DagBag from /home/airflow/.local/lib/python3.7/site-packages/airflow/example_dags/example_short_circuit_operator.py
[2023-01-21T23:50:26.367+0000] {processor.py:753} INFO - DAG(s) dict_keys(['example_short_circuit_operator']) retrieved from /home/airflow/.local/lib/python3.7/site-packages/airflow/example_dags/example_short_circuit_operator.py
[2023-01-21T23:50:26.386+0000] {logging_mixin.py:137} INFO - [2023-01-21T23:50:26.386+0000] {dag.py:2690} INFO - Sync 1 DAGs
[2023-01-21T23:50:26.406+0000] {logging_mixin.py:137} INFO - [2023-01-21T23:50:26.406+0000] {dag.py:3441} INFO - Setting next_dagrun for example_short_circuit_operator to 2023-01-20T23:50:26.405678+00:00, run_after=2023-01-21T23:50:26.405678+00:00
[2023-01-21T23:50:26.417+0000] {processor.py:175} INFO - Processing /home/airflow/.local/lib/python3.7/site-packages/airflow/example_dags/example_short_circuit_operator.py took 0.066 seconds
[2023-01-21T23:54:03.109+0000] {processor.py:153} INFO - Started process (PID=42) to work on /home/airflow/.local/lib/python3.7/site-packages/airflow/example_dags/example_short_circuit_operator.py
[2023-01-21T23:54:03.114+0000] {processor.py:743} INFO - Processing file /home/airflow/.local/lib/python3.7/site-packages/airflow/example_dags/example_short_circuit_operator.py for tasks to queue
[2023-01-21T23:54:03.116+0000] {logging_mixin.py:137} INFO - [2023-01-21T23:54:03.116+0000] {dagbag.py:538} INFO - Filling up the DagBag from /home/airflow/.local/lib/python3.7/site-packages/airflow/example_dags/example_short_circuit_operator.py
[2023-01-21T23:54:03.142+0000] {processor.py:753} INFO - DAG(s) dict_keys(['example_short_circuit_operator']) retrieved from /home/airflow/.local/lib/python3.7/site-packages/airflow/example_dags/example_short_circuit_operator.py
[2023-01-21T23:54:03.161+0000] {logging_mixin.py:137} INFO - [2023-01-21T23:54:03.161+0000] {dag.py:2690} INFO - Sync 1 DAGs
[2023-01-21T23:54:03.184+0000] {logging_mixin.py:137} INFO - [2023-01-21T23:54:03.184+0000] {dag.py:3441} INFO - Setting next_dagrun for example_short_circuit_operator to 2023-01-20T23:54:03.184568+00:00, run_after=2023-01-21T23:54:03.184568+00:00
[2023-01-21T23:54:03.210+0000] {processor.py:175} INFO - Processing /home/airflow/.local/lib/python3.7/site-packages/airflow/example_dags/example_short_circuit_operator.py took 0.114 seconds
[2023-01-21T23:54:34.090+0000] {processor.py:153} INFO - Started process (PID=118) to work on /home/airflow/.local/lib/python3.7/site-packages/airflow/example_dags/example_short_circuit_operator.py
[2023-01-21T23:54:34.092+0000] {processor.py:743} INFO - Processing file /home/airflow/.local/lib/python3.7/site-packages/airflow/example_dags/example_short_circuit_operator.py for tasks to queue
[2023-01-21T23:54:34.093+0000] {logging_mixin.py:137} INFO - [2023-01-21T23:54:34.093+0000] {dagbag.py:538} INFO - Filling up the DagBag from /home/airflow/.local/lib/python3.7/site-packages/airflow/example_dags/example_short_circuit_operator.py
[2023-01-21T23:54:34.106+0000] {processor.py:753} INFO - DAG(s) dict_keys(['example_short_circuit_operator']) retrieved from /home/airflow/.local/lib/python3.7/site-packages/airflow/example_dags/example_short_circuit_operator.py
[2023-01-21T23:54:34.125+0000] {logging_mixin.py:137} INFO - [2023-01-21T23:54:34.125+0000] {dag.py:2690} INFO - Sync 1 DAGs
[2023-01-21T23:54:34.141+0000] {logging_mixin.py:137} INFO - [2023-01-21T23:54:34.141+0000] {dag.py:3441} INFO - Setting next_dagrun for example_short_circuit_operator to 2023-01-20T23:54:34.141439+00:00, run_after=2023-01-21T23:54:34.141439+00:00
[2023-01-21T23:54:34.157+0000] {processor.py:175} INFO - Processing /home/airflow/.local/lib/python3.7/site-packages/airflow/example_dags/example_short_circuit_operator.py took 0.070 seconds
[2023-01-21T23:55:04.390+0000] {processor.py:153} INFO - Started process (PID=183) to work on /home/airflow/.local/lib/python3.7/site-packages/airflow/example_dags/example_short_circuit_operator.py
[2023-01-21T23:55:04.391+0000] {processor.py:743} INFO - Processing file /home/airflow/.local/lib/python3.7/site-packages/airflow/example_dags/example_short_circuit_operator.py for tasks to queue
[2023-01-21T23:55:04.392+0000] {logging_mixin.py:137} INFO - [2023-01-21T23:55:04.391+0000] {dagbag.py:538} INFO - Filling up the DagBag from /home/airflow/.local/lib/python3.7/site-packages/airflow/example_dags/example_short_circuit_operator.py
[2023-01-21T23:55:04.403+0000] {processor.py:753} INFO - DAG(s) dict_keys(['example_short_circuit_operator']) retrieved from /home/airflow/.local/lib/python3.7/site-packages/airflow/example_dags/example_short_circuit_operator.py
[2023-01-21T23:55:04.427+0000] {logging_mixin.py:137} INFO - [2023-01-21T23:55:04.427+0000] {dag.py:2690} INFO - Sync 1 DAGs
[2023-01-21T23:55:04.444+0000] {logging_mixin.py:137} INFO - [2023-01-21T23:55:04.444+0000] {dag.py:3441} INFO - Setting next_dagrun for example_short_circuit_operator to 2023-01-20T23:55:04.444134+00:00, run_after=2023-01-21T23:55:04.444134+00:00
[2023-01-21T23:55:04.457+0000] {processor.py:175} INFO - Processing /home/airflow/.local/lib/python3.7/site-packages/airflow/example_dags/example_short_circuit_operator.py took 0.070 seconds
[2023-01-21T23:56:03.913+0000] {processor.py:153} INFO - Started process (PID=41) to work on /home/airflow/.local/lib/python3.7/site-packages/airflow/example_dags/example_short_circuit_operator.py
[2023-01-21T23:56:03.924+0000] {processor.py:743} INFO - Processing file /home/airflow/.local/lib/python3.7/site-packages/airflow/example_dags/example_short_circuit_operator.py for tasks to queue
[2023-01-21T23:56:03.925+0000] {logging_mixin.py:137} INFO - [2023-01-21T23:56:03.925+0000] {dagbag.py:538} INFO - Filling up the DagBag from /home/airflow/.local/lib/python3.7/site-packages/airflow/example_dags/example_short_circuit_operator.py
[2023-01-21T23:56:03.963+0000] {processor.py:753} INFO - DAG(s) dict_keys(['example_short_circuit_operator']) retrieved from /home/airflow/.local/lib/python3.7/site-packages/airflow/example_dags/example_short_circuit_operator.py
[2023-01-21T23:56:03.981+0000] {logging_mixin.py:137} INFO - [2023-01-21T23:56:03.981+0000] {dag.py:2690} INFO - Sync 1 DAGs
[2023-01-21T23:56:04.008+0000] {logging_mixin.py:137} INFO - [2023-01-21T23:56:04.008+0000] {dag.py:3441} INFO - Setting next_dagrun for example_short_circuit_operator to 2023-01-20T23:56:04.007706+00:00, run_after=2023-01-21T23:56:04.007706+00:00
[2023-01-21T23:56:04.025+0000] {processor.py:175} INFO - Processing /home/airflow/.local/lib/python3.7/site-packages/airflow/example_dags/example_short_circuit_operator.py took 0.118 seconds
[2023-01-21T23:56:34.707+0000] {processor.py:153} INFO - Started process (PID=117) to work on /home/airflow/.local/lib/python3.7/site-packages/airflow/example_dags/example_short_circuit_operator.py
[2023-01-21T23:56:34.709+0000] {processor.py:743} INFO - Processing file /home/airflow/.local/lib/python3.7/site-packages/airflow/example_dags/example_short_circuit_operator.py for tasks to queue
[2023-01-21T23:56:34.709+0000] {logging_mixin.py:137} INFO - [2023-01-21T23:56:34.709+0000] {dagbag.py:538} INFO - Filling up the DagBag from /home/airflow/.local/lib/python3.7/site-packages/airflow/example_dags/example_short_circuit_operator.py
[2023-01-21T23:56:34.721+0000] {processor.py:753} INFO - DAG(s) dict_keys(['example_short_circuit_operator']) retrieved from /home/airflow/.local/lib/python3.7/site-packages/airflow/example_dags/example_short_circuit_operator.py
[2023-01-21T23:56:34.740+0000] {logging_mixin.py:137} INFO - [2023-01-21T23:56:34.740+0000] {dag.py:2690} INFO - Sync 1 DAGs
[2023-01-21T23:56:34.756+0000] {logging_mixin.py:137} INFO - [2023-01-21T23:56:34.756+0000] {dag.py:3441} INFO - Setting next_dagrun for example_short_circuit_operator to 2023-01-20T23:56:34.756487+00:00, run_after=2023-01-21T23:56:34.756487+00:00
[2023-01-21T23:56:34.771+0000] {processor.py:175} INFO - Processing /home/airflow/.local/lib/python3.7/site-packages/airflow/example_dags/example_short_circuit_operator.py took 0.066 seconds
[2023-01-21T23:57:05.505+0000] {processor.py:153} INFO - Started process (PID=181) to work on /home/airflow/.local/lib/python3.7/site-packages/airflow/example_dags/example_short_circuit_operator.py
[2023-01-21T23:57:05.506+0000] {processor.py:743} INFO - Processing file /home/airflow/.local/lib/python3.7/site-packages/airflow/example_dags/example_short_circuit_operator.py for tasks to queue
[2023-01-21T23:57:05.507+0000] {logging_mixin.py:137} INFO - [2023-01-21T23:57:05.507+0000] {dagbag.py:538} INFO - Filling up the DagBag from /home/airflow/.local/lib/python3.7/site-packages/airflow/example_dags/example_short_circuit_operator.py
[2023-01-21T23:57:05.519+0000] {processor.py:753} INFO - DAG(s) dict_keys(['example_short_circuit_operator']) retrieved from /home/airflow/.local/lib/python3.7/site-packages/airflow/example_dags/example_short_circuit_operator.py
[2023-01-21T23:57:05.538+0000] {logging_mixin.py:137} INFO - [2023-01-21T23:57:05.538+0000] {dag.py:2690} INFO - Sync 1 DAGs
[2023-01-21T23:57:05.558+0000] {logging_mixin.py:137} INFO - [2023-01-21T23:57:05.558+0000] {dag.py:3441} INFO - Setting next_dagrun for example_short_circuit_operator to 2023-01-20T23:57:05.558603+00:00, run_after=2023-01-21T23:57:05.558603+00:00
[2023-01-21T23:57:05.572+0000] {processor.py:175} INFO - Processing /home/airflow/.local/lib/python3.7/site-packages/airflow/example_dags/example_short_circuit_operator.py took 0.070 seconds
