[2023-01-21T23:45:23.611+0000] {processor.py:153} INFO - Started process (PID=60) to work on /home/airflow/.local/lib/python3.7/site-packages/airflow/example_dags/example_short_circuit_decorator.py
[2023-01-21T23:45:23.613+0000] {processor.py:743} INFO - Processing file /home/airflow/.local/lib/python3.7/site-packages/airflow/example_dags/example_short_circuit_decorator.py for tasks to queue
[2023-01-21T23:45:23.614+0000] {logging_mixin.py:137} INFO - [2023-01-21T23:45:23.614+0000] {dagbag.py:538} INFO - Filling up the DagBag from /home/airflow/.local/lib/python3.7/site-packages/airflow/example_dags/example_short_circuit_decorator.py
[2023-01-21T23:45:23.654+0000] {processor.py:753} INFO - DAG(s) dict_keys(['example_short_circuit_decorator']) retrieved from /home/airflow/.local/lib/python3.7/site-packages/airflow/example_dags/example_short_circuit_decorator.py
[2023-01-21T23:45:23.679+0000] {logging_mixin.py:137} INFO - [2023-01-21T23:45:23.679+0000] {dag.py:2690} INFO - Sync 1 DAGs
[2023-01-21T23:45:23.711+0000] {logging_mixin.py:137} INFO - [2023-01-21T23:45:23.711+0000] {dag.py:3441} INFO - Setting next_dagrun for example_short_circuit_decorator to 2023-01-20T23:45:23.711260+00:00, run_after=2023-01-21T23:45:23.711260+00:00
[2023-01-21T23:45:23.736+0000] {processor.py:175} INFO - Processing /home/airflow/.local/lib/python3.7/site-packages/airflow/example_dags/example_short_circuit_decorator.py took 0.132 seconds
[2023-01-21T23:45:54.708+0000] {processor.py:153} INFO - Started process (PID=136) to work on /home/airflow/.local/lib/python3.7/site-packages/airflow/example_dags/example_short_circuit_decorator.py
[2023-01-21T23:45:54.710+0000] {processor.py:743} INFO - Processing file /home/airflow/.local/lib/python3.7/site-packages/airflow/example_dags/example_short_circuit_decorator.py for tasks to queue
[2023-01-21T23:45:54.711+0000] {logging_mixin.py:137} INFO - [2023-01-21T23:45:54.711+0000] {dagbag.py:538} INFO - Filling up the DagBag from /home/airflow/.local/lib/python3.7/site-packages/airflow/example_dags/example_short_circuit_decorator.py
[2023-01-21T23:45:54.729+0000] {processor.py:753} INFO - DAG(s) dict_keys(['example_short_circuit_decorator']) retrieved from /home/airflow/.local/lib/python3.7/site-packages/airflow/example_dags/example_short_circuit_decorator.py
[2023-01-21T23:45:54.750+0000] {logging_mixin.py:137} INFO - [2023-01-21T23:45:54.750+0000] {dag.py:2690} INFO - Sync 1 DAGs
[2023-01-21T23:45:54.769+0000] {logging_mixin.py:137} INFO - [2023-01-21T23:45:54.769+0000] {dag.py:3441} INFO - Setting next_dagrun for example_short_circuit_decorator to 2023-01-20T23:45:54.768830+00:00, run_after=2023-01-21T23:45:54.768830+00:00
[2023-01-21T23:45:54.781+0000] {processor.py:175} INFO - Processing /home/airflow/.local/lib/python3.7/site-packages/airflow/example_dags/example_short_circuit_decorator.py took 0.076 seconds
[2023-01-21T23:46:25.064+0000] {processor.py:153} INFO - Started process (PID=207) to work on /home/airflow/.local/lib/python3.7/site-packages/airflow/example_dags/example_short_circuit_decorator.py
[2023-01-21T23:46:25.065+0000] {processor.py:743} INFO - Processing file /home/airflow/.local/lib/python3.7/site-packages/airflow/example_dags/example_short_circuit_decorator.py for tasks to queue
[2023-01-21T23:46:25.067+0000] {logging_mixin.py:137} INFO - [2023-01-21T23:46:25.067+0000] {dagbag.py:538} INFO - Filling up the DagBag from /home/airflow/.local/lib/python3.7/site-packages/airflow/example_dags/example_short_circuit_decorator.py
[2023-01-21T23:46:25.088+0000] {processor.py:753} INFO - DAG(s) dict_keys(['example_short_circuit_decorator']) retrieved from /home/airflow/.local/lib/python3.7/site-packages/airflow/example_dags/example_short_circuit_decorator.py
[2023-01-21T23:46:25.150+0000] {logging_mixin.py:137} INFO - [2023-01-21T23:46:25.149+0000] {dag.py:2690} INFO - Sync 1 DAGs
[2023-01-21T23:46:25.224+0000] {logging_mixin.py:137} INFO - [2023-01-21T23:46:25.224+0000] {dag.py:3441} INFO - Setting next_dagrun for example_short_circuit_decorator to 2023-01-20T23:46:25.224300+00:00, run_after=2023-01-21T23:46:25.224300+00:00
[2023-01-21T23:46:25.298+0000] {processor.py:175} INFO - Processing /home/airflow/.local/lib/python3.7/site-packages/airflow/example_dags/example_short_circuit_decorator.py took 0.238 seconds
[2023-01-21T23:46:55.593+0000] {processor.py:153} INFO - Started process (PID=276) to work on /home/airflow/.local/lib/python3.7/site-packages/airflow/example_dags/example_short_circuit_decorator.py
[2023-01-21T23:46:55.594+0000] {processor.py:743} INFO - Processing file /home/airflow/.local/lib/python3.7/site-packages/airflow/example_dags/example_short_circuit_decorator.py for tasks to queue
[2023-01-21T23:46:55.595+0000] {logging_mixin.py:137} INFO - [2023-01-21T23:46:55.595+0000] {dagbag.py:538} INFO - Filling up the DagBag from /home/airflow/.local/lib/python3.7/site-packages/airflow/example_dags/example_short_circuit_decorator.py
[2023-01-21T23:46:55.610+0000] {processor.py:753} INFO - DAG(s) dict_keys(['example_short_circuit_decorator']) retrieved from /home/airflow/.local/lib/python3.7/site-packages/airflow/example_dags/example_short_circuit_decorator.py
[2023-01-21T23:46:55.628+0000] {logging_mixin.py:137} INFO - [2023-01-21T23:46:55.627+0000] {dag.py:2690} INFO - Sync 1 DAGs
[2023-01-21T23:46:55.641+0000] {logging_mixin.py:137} INFO - [2023-01-21T23:46:55.641+0000] {dag.py:3441} INFO - Setting next_dagrun for example_short_circuit_decorator to 2023-01-20T23:46:55.641470+00:00, run_after=2023-01-21T23:46:55.641470+00:00
[2023-01-21T23:46:55.652+0000] {processor.py:175} INFO - Processing /home/airflow/.local/lib/python3.7/site-packages/airflow/example_dags/example_short_circuit_decorator.py took 0.061 seconds
[2023-01-21T23:47:25.999+0000] {processor.py:153} INFO - Started process (PID=351) to work on /home/airflow/.local/lib/python3.7/site-packages/airflow/example_dags/example_short_circuit_decorator.py
[2023-01-21T23:47:26.000+0000] {processor.py:743} INFO - Processing file /home/airflow/.local/lib/python3.7/site-packages/airflow/example_dags/example_short_circuit_decorator.py for tasks to queue
[2023-01-21T23:47:26.000+0000] {logging_mixin.py:137} INFO - [2023-01-21T23:47:26.000+0000] {dagbag.py:538} INFO - Filling up the DagBag from /home/airflow/.local/lib/python3.7/site-packages/airflow/example_dags/example_short_circuit_decorator.py
[2023-01-21T23:47:26.016+0000] {processor.py:753} INFO - DAG(s) dict_keys(['example_short_circuit_decorator']) retrieved from /home/airflow/.local/lib/python3.7/site-packages/airflow/example_dags/example_short_circuit_decorator.py
[2023-01-21T23:47:26.035+0000] {logging_mixin.py:137} INFO - [2023-01-21T23:47:26.035+0000] {dag.py:2690} INFO - Sync 1 DAGs
[2023-01-21T23:47:26.051+0000] {logging_mixin.py:137} INFO - [2023-01-21T23:47:26.051+0000] {dag.py:3441} INFO - Setting next_dagrun for example_short_circuit_decorator to 2023-01-20T23:47:26.051377+00:00, run_after=2023-01-21T23:47:26.051377+00:00
[2023-01-21T23:47:26.069+0000] {processor.py:175} INFO - Processing /home/airflow/.local/lib/python3.7/site-packages/airflow/example_dags/example_short_circuit_decorator.py took 0.073 seconds
[2023-01-21T23:47:56.369+0000] {processor.py:153} INFO - Started process (PID=416) to work on /home/airflow/.local/lib/python3.7/site-packages/airflow/example_dags/example_short_circuit_decorator.py
[2023-01-21T23:47:56.371+0000] {processor.py:743} INFO - Processing file /home/airflow/.local/lib/python3.7/site-packages/airflow/example_dags/example_short_circuit_decorator.py for tasks to queue
[2023-01-21T23:47:56.372+0000] {logging_mixin.py:137} INFO - [2023-01-21T23:47:56.372+0000] {dagbag.py:538} INFO - Filling up the DagBag from /home/airflow/.local/lib/python3.7/site-packages/airflow/example_dags/example_short_circuit_decorator.py
[2023-01-21T23:47:56.388+0000] {processor.py:753} INFO - DAG(s) dict_keys(['example_short_circuit_decorator']) retrieved from /home/airflow/.local/lib/python3.7/site-packages/airflow/example_dags/example_short_circuit_decorator.py
[2023-01-21T23:47:56.407+0000] {logging_mixin.py:137} INFO - [2023-01-21T23:47:56.407+0000] {dag.py:2690} INFO - Sync 1 DAGs
[2023-01-21T23:47:56.424+0000] {logging_mixin.py:137} INFO - [2023-01-21T23:47:56.424+0000] {dag.py:3441} INFO - Setting next_dagrun for example_short_circuit_decorator to 2023-01-20T23:47:56.423973+00:00, run_after=2023-01-21T23:47:56.423973+00:00
[2023-01-21T23:47:56.436+0000] {processor.py:175} INFO - Processing /home/airflow/.local/lib/python3.7/site-packages/airflow/example_dags/example_short_circuit_decorator.py took 0.070 seconds
[2023-01-21T23:48:26.615+0000] {processor.py:153} INFO - Started process (PID=492) to work on /home/airflow/.local/lib/python3.7/site-packages/airflow/example_dags/example_short_circuit_decorator.py
[2023-01-21T23:48:26.616+0000] {processor.py:743} INFO - Processing file /home/airflow/.local/lib/python3.7/site-packages/airflow/example_dags/example_short_circuit_decorator.py for tasks to queue
[2023-01-21T23:48:26.617+0000] {logging_mixin.py:137} INFO - [2023-01-21T23:48:26.617+0000] {dagbag.py:538} INFO - Filling up the DagBag from /home/airflow/.local/lib/python3.7/site-packages/airflow/example_dags/example_short_circuit_decorator.py
[2023-01-21T23:48:26.633+0000] {processor.py:753} INFO - DAG(s) dict_keys(['example_short_circuit_decorator']) retrieved from /home/airflow/.local/lib/python3.7/site-packages/airflow/example_dags/example_short_circuit_decorator.py
[2023-01-21T23:48:26.652+0000] {logging_mixin.py:137} INFO - [2023-01-21T23:48:26.651+0000] {dag.py:2690} INFO - Sync 1 DAGs
[2023-01-21T23:48:26.668+0000] {logging_mixin.py:137} INFO - [2023-01-21T23:48:26.667+0000] {dag.py:3441} INFO - Setting next_dagrun for example_short_circuit_decorator to 2023-01-20T23:48:26.667707+00:00, run_after=2023-01-21T23:48:26.667707+00:00
[2023-01-21T23:48:26.682+0000] {processor.py:175} INFO - Processing /home/airflow/.local/lib/python3.7/site-packages/airflow/example_dags/example_short_circuit_decorator.py took 0.069 seconds
[2023-01-21T23:48:57.376+0000] {processor.py:153} INFO - Started process (PID=568) to work on /home/airflow/.local/lib/python3.7/site-packages/airflow/example_dags/example_short_circuit_decorator.py
[2023-01-21T23:48:57.377+0000] {processor.py:743} INFO - Processing file /home/airflow/.local/lib/python3.7/site-packages/airflow/example_dags/example_short_circuit_decorator.py for tasks to queue
[2023-01-21T23:48:57.378+0000] {logging_mixin.py:137} INFO - [2023-01-21T23:48:57.378+0000] {dagbag.py:538} INFO - Filling up the DagBag from /home/airflow/.local/lib/python3.7/site-packages/airflow/example_dags/example_short_circuit_decorator.py
[2023-01-21T23:48:57.393+0000] {processor.py:753} INFO - DAG(s) dict_keys(['example_short_circuit_decorator']) retrieved from /home/airflow/.local/lib/python3.7/site-packages/airflow/example_dags/example_short_circuit_decorator.py
[2023-01-21T23:48:57.411+0000] {logging_mixin.py:137} INFO - [2023-01-21T23:48:57.411+0000] {dag.py:2690} INFO - Sync 1 DAGs
[2023-01-21T23:48:57.425+0000] {logging_mixin.py:137} INFO - [2023-01-21T23:48:57.425+0000] {dag.py:3441} INFO - Setting next_dagrun for example_short_circuit_decorator to 2023-01-20T23:48:57.424915+00:00, run_after=2023-01-21T23:48:57.424915+00:00
[2023-01-21T23:48:57.435+0000] {processor.py:175} INFO - Processing /home/airflow/.local/lib/python3.7/site-packages/airflow/example_dags/example_short_circuit_decorator.py took 0.061 seconds
[2023-01-21T23:49:27.777+0000] {processor.py:153} INFO - Started process (PID=633) to work on /home/airflow/.local/lib/python3.7/site-packages/airflow/example_dags/example_short_circuit_decorator.py
[2023-01-21T23:49:27.779+0000] {processor.py:743} INFO - Processing file /home/airflow/.local/lib/python3.7/site-packages/airflow/example_dags/example_short_circuit_decorator.py for tasks to queue
[2023-01-21T23:49:27.779+0000] {logging_mixin.py:137} INFO - [2023-01-21T23:49:27.779+0000] {dagbag.py:538} INFO - Filling up the DagBag from /home/airflow/.local/lib/python3.7/site-packages/airflow/example_dags/example_short_circuit_decorator.py
[2023-01-21T23:49:27.795+0000] {processor.py:753} INFO - DAG(s) dict_keys(['example_short_circuit_decorator']) retrieved from /home/airflow/.local/lib/python3.7/site-packages/airflow/example_dags/example_short_circuit_decorator.py
[2023-01-21T23:49:27.814+0000] {logging_mixin.py:137} INFO - [2023-01-21T23:49:27.814+0000] {dag.py:2690} INFO - Sync 1 DAGs
[2023-01-21T23:49:27.828+0000] {logging_mixin.py:137} INFO - [2023-01-21T23:49:27.828+0000] {dag.py:3441} INFO - Setting next_dagrun for example_short_circuit_decorator to 2023-01-20T23:49:27.828664+00:00, run_after=2023-01-21T23:49:27.828664+00:00
[2023-01-21T23:49:27.840+0000] {processor.py:175} INFO - Processing /home/airflow/.local/lib/python3.7/site-packages/airflow/example_dags/example_short_circuit_decorator.py took 0.064 seconds
[2023-01-21T23:49:58.050+0000] {processor.py:153} INFO - Started process (PID=710) to work on /home/airflow/.local/lib/python3.7/site-packages/airflow/example_dags/example_short_circuit_decorator.py
[2023-01-21T23:49:58.051+0000] {processor.py:743} INFO - Processing file /home/airflow/.local/lib/python3.7/site-packages/airflow/example_dags/example_short_circuit_decorator.py for tasks to queue
[2023-01-21T23:49:58.052+0000] {logging_mixin.py:137} INFO - [2023-01-21T23:49:58.052+0000] {dagbag.py:538} INFO - Filling up the DagBag from /home/airflow/.local/lib/python3.7/site-packages/airflow/example_dags/example_short_circuit_decorator.py
[2023-01-21T23:49:58.068+0000] {processor.py:753} INFO - DAG(s) dict_keys(['example_short_circuit_decorator']) retrieved from /home/airflow/.local/lib/python3.7/site-packages/airflow/example_dags/example_short_circuit_decorator.py
[2023-01-21T23:49:58.088+0000] {logging_mixin.py:137} INFO - [2023-01-21T23:49:58.087+0000] {dag.py:2690} INFO - Sync 1 DAGs
[2023-01-21T23:49:58.103+0000] {logging_mixin.py:137} INFO - [2023-01-21T23:49:58.103+0000] {dag.py:3441} INFO - Setting next_dagrun for example_short_circuit_decorator to 2023-01-20T23:49:58.103400+00:00, run_after=2023-01-21T23:49:58.103400+00:00
[2023-01-21T23:49:58.115+0000] {processor.py:175} INFO - Processing /home/airflow/.local/lib/python3.7/site-packages/airflow/example_dags/example_short_circuit_decorator.py took 0.068 seconds
[2023-01-21T23:50:28.542+0000] {processor.py:153} INFO - Started process (PID=785) to work on /home/airflow/.local/lib/python3.7/site-packages/airflow/example_dags/example_short_circuit_decorator.py
[2023-01-21T23:50:28.544+0000] {processor.py:743} INFO - Processing file /home/airflow/.local/lib/python3.7/site-packages/airflow/example_dags/example_short_circuit_decorator.py for tasks to queue
[2023-01-21T23:50:28.544+0000] {logging_mixin.py:137} INFO - [2023-01-21T23:50:28.544+0000] {dagbag.py:538} INFO - Filling up the DagBag from /home/airflow/.local/lib/python3.7/site-packages/airflow/example_dags/example_short_circuit_decorator.py
[2023-01-21T23:50:28.560+0000] {processor.py:753} INFO - DAG(s) dict_keys(['example_short_circuit_decorator']) retrieved from /home/airflow/.local/lib/python3.7/site-packages/airflow/example_dags/example_short_circuit_decorator.py
[2023-01-21T23:50:28.579+0000] {logging_mixin.py:137} INFO - [2023-01-21T23:50:28.579+0000] {dag.py:2690} INFO - Sync 1 DAGs
[2023-01-21T23:50:28.594+0000] {logging_mixin.py:137} INFO - [2023-01-21T23:50:28.594+0000] {dag.py:3441} INFO - Setting next_dagrun for example_short_circuit_decorator to 2023-01-20T23:50:28.594488+00:00, run_after=2023-01-21T23:50:28.594488+00:00
[2023-01-21T23:50:28.606+0000] {processor.py:175} INFO - Processing /home/airflow/.local/lib/python3.7/site-packages/airflow/example_dags/example_short_circuit_decorator.py took 0.066 seconds
[2023-01-21T23:54:04.992+0000] {processor.py:153} INFO - Started process (PID=60) to work on /home/airflow/.local/lib/python3.7/site-packages/airflow/example_dags/example_short_circuit_decorator.py
[2023-01-21T23:54:04.996+0000] {processor.py:743} INFO - Processing file /home/airflow/.local/lib/python3.7/site-packages/airflow/example_dags/example_short_circuit_decorator.py for tasks to queue
[2023-01-21T23:54:04.998+0000] {logging_mixin.py:137} INFO - [2023-01-21T23:54:04.998+0000] {dagbag.py:538} INFO - Filling up the DagBag from /home/airflow/.local/lib/python3.7/site-packages/airflow/example_dags/example_short_circuit_decorator.py
[2023-01-21T23:54:05.042+0000] {processor.py:753} INFO - DAG(s) dict_keys(['example_short_circuit_decorator']) retrieved from /home/airflow/.local/lib/python3.7/site-packages/airflow/example_dags/example_short_circuit_decorator.py
[2023-01-21T23:54:05.076+0000] {logging_mixin.py:137} INFO - [2023-01-21T23:54:05.075+0000] {dag.py:2690} INFO - Sync 1 DAGs
[2023-01-21T23:54:05.128+0000] {logging_mixin.py:137} INFO - [2023-01-21T23:54:05.128+0000] {dag.py:3441} INFO - Setting next_dagrun for example_short_circuit_decorator to 2023-01-20T23:54:05.128363+00:00, run_after=2023-01-21T23:54:05.128363+00:00
[2023-01-21T23:54:05.152+0000] {processor.py:175} INFO - Processing /home/airflow/.local/lib/python3.7/site-packages/airflow/example_dags/example_short_circuit_decorator.py took 0.163 seconds
[2023-01-21T23:54:36.109+0000] {processor.py:153} INFO - Started process (PID=136) to work on /home/airflow/.local/lib/python3.7/site-packages/airflow/example_dags/example_short_circuit_decorator.py
[2023-01-21T23:54:36.111+0000] {processor.py:743} INFO - Processing file /home/airflow/.local/lib/python3.7/site-packages/airflow/example_dags/example_short_circuit_decorator.py for tasks to queue
[2023-01-21T23:54:36.112+0000] {logging_mixin.py:137} INFO - [2023-01-21T23:54:36.112+0000] {dagbag.py:538} INFO - Filling up the DagBag from /home/airflow/.local/lib/python3.7/site-packages/airflow/example_dags/example_short_circuit_decorator.py
[2023-01-21T23:54:36.135+0000] {processor.py:753} INFO - DAG(s) dict_keys(['example_short_circuit_decorator']) retrieved from /home/airflow/.local/lib/python3.7/site-packages/airflow/example_dags/example_short_circuit_decorator.py
[2023-01-21T23:54:36.154+0000] {logging_mixin.py:137} INFO - [2023-01-21T23:54:36.154+0000] {dag.py:2690} INFO - Sync 1 DAGs
[2023-01-21T23:54:36.170+0000] {logging_mixin.py:137} INFO - [2023-01-21T23:54:36.170+0000] {dag.py:3441} INFO - Setting next_dagrun for example_short_circuit_decorator to 2023-01-20T23:54:36.170057+00:00, run_after=2023-01-21T23:54:36.170057+00:00
[2023-01-21T23:54:36.181+0000] {processor.py:175} INFO - Processing /home/airflow/.local/lib/python3.7/site-packages/airflow/example_dags/example_short_circuit_decorator.py took 0.078 seconds
[2023-01-21T23:55:06.331+0000] {processor.py:153} INFO - Started process (PID=213) to work on /home/airflow/.local/lib/python3.7/site-packages/airflow/example_dags/example_short_circuit_decorator.py
[2023-01-21T23:55:06.334+0000] {processor.py:743} INFO - Processing file /home/airflow/.local/lib/python3.7/site-packages/airflow/example_dags/example_short_circuit_decorator.py for tasks to queue
[2023-01-21T23:55:06.336+0000] {logging_mixin.py:137} INFO - [2023-01-21T23:55:06.336+0000] {dagbag.py:538} INFO - Filling up the DagBag from /home/airflow/.local/lib/python3.7/site-packages/airflow/example_dags/example_short_circuit_decorator.py
[2023-01-21T23:55:06.377+0000] {processor.py:753} INFO - DAG(s) dict_keys(['example_short_circuit_decorator']) retrieved from /home/airflow/.local/lib/python3.7/site-packages/airflow/example_dags/example_short_circuit_decorator.py
[2023-01-21T23:55:06.415+0000] {logging_mixin.py:137} INFO - [2023-01-21T23:55:06.414+0000] {dag.py:2690} INFO - Sync 1 DAGs
[2023-01-21T23:55:06.456+0000] {logging_mixin.py:137} INFO - [2023-01-21T23:55:06.456+0000] {dag.py:3441} INFO - Setting next_dagrun for example_short_circuit_decorator to 2023-01-20T23:55:06.456374+00:00, run_after=2023-01-21T23:55:06.456374+00:00
[2023-01-21T23:55:06.483+0000] {processor.py:175} INFO - Processing /home/airflow/.local/lib/python3.7/site-packages/airflow/example_dags/example_short_circuit_decorator.py took 0.160 seconds
[2023-01-21T23:56:05.842+0000] {processor.py:153} INFO - Started process (PID=59) to work on /home/airflow/.local/lib/python3.7/site-packages/airflow/example_dags/example_short_circuit_decorator.py
[2023-01-21T23:56:05.847+0000] {processor.py:743} INFO - Processing file /home/airflow/.local/lib/python3.7/site-packages/airflow/example_dags/example_short_circuit_decorator.py for tasks to queue
[2023-01-21T23:56:05.849+0000] {logging_mixin.py:137} INFO - [2023-01-21T23:56:05.849+0000] {dagbag.py:538} INFO - Filling up the DagBag from /home/airflow/.local/lib/python3.7/site-packages/airflow/example_dags/example_short_circuit_decorator.py
[2023-01-21T23:56:05.923+0000] {processor.py:753} INFO - DAG(s) dict_keys(['example_short_circuit_decorator']) retrieved from /home/airflow/.local/lib/python3.7/site-packages/airflow/example_dags/example_short_circuit_decorator.py
[2023-01-21T23:56:05.981+0000] {logging_mixin.py:137} INFO - [2023-01-21T23:56:05.980+0000] {dag.py:2690} INFO - Sync 1 DAGs
[2023-01-21T23:56:06.074+0000] {logging_mixin.py:137} INFO - [2023-01-21T23:56:06.073+0000] {dag.py:3441} INFO - Setting next_dagrun for example_short_circuit_decorator to 2023-01-20T23:56:06.073398+00:00, run_after=2023-01-21T23:56:06.073398+00:00
[2023-01-21T23:56:06.120+0000] {processor.py:175} INFO - Processing /home/airflow/.local/lib/python3.7/site-packages/airflow/example_dags/example_short_circuit_decorator.py took 0.281 seconds
[2023-01-21T23:56:37.094+0000] {processor.py:153} INFO - Started process (PID=135) to work on /home/airflow/.local/lib/python3.7/site-packages/airflow/example_dags/example_short_circuit_decorator.py
[2023-01-21T23:56:37.097+0000] {processor.py:743} INFO - Processing file /home/airflow/.local/lib/python3.7/site-packages/airflow/example_dags/example_short_circuit_decorator.py for tasks to queue
[2023-01-21T23:56:37.099+0000] {logging_mixin.py:137} INFO - [2023-01-21T23:56:37.098+0000] {dagbag.py:538} INFO - Filling up the DagBag from /home/airflow/.local/lib/python3.7/site-packages/airflow/example_dags/example_short_circuit_decorator.py
[2023-01-21T23:56:37.123+0000] {processor.py:753} INFO - DAG(s) dict_keys(['example_short_circuit_decorator']) retrieved from /home/airflow/.local/lib/python3.7/site-packages/airflow/example_dags/example_short_circuit_decorator.py
[2023-01-21T23:56:37.147+0000] {logging_mixin.py:137} INFO - [2023-01-21T23:56:37.147+0000] {dag.py:2690} INFO - Sync 1 DAGs
[2023-01-21T23:56:37.167+0000] {logging_mixin.py:137} INFO - [2023-01-21T23:56:37.167+0000] {dag.py:3441} INFO - Setting next_dagrun for example_short_circuit_decorator to 2023-01-20T23:56:37.166921+00:00, run_after=2023-01-21T23:56:37.166921+00:00
[2023-01-21T23:56:37.186+0000] {processor.py:175} INFO - Processing /home/airflow/.local/lib/python3.7/site-packages/airflow/example_dags/example_short_circuit_decorator.py took 0.095 seconds
[2023-01-21T23:57:07.530+0000] {processor.py:153} INFO - Started process (PID=208) to work on /home/airflow/.local/lib/python3.7/site-packages/airflow/example_dags/example_short_circuit_decorator.py
[2023-01-21T23:57:07.537+0000] {processor.py:743} INFO - Processing file /home/airflow/.local/lib/python3.7/site-packages/airflow/example_dags/example_short_circuit_decorator.py for tasks to queue
[2023-01-21T23:57:07.538+0000] {logging_mixin.py:137} INFO - [2023-01-21T23:57:07.538+0000] {dagbag.py:538} INFO - Filling up the DagBag from /home/airflow/.local/lib/python3.7/site-packages/airflow/example_dags/example_short_circuit_decorator.py
[2023-01-21T23:57:07.610+0000] {processor.py:753} INFO - DAG(s) dict_keys(['example_short_circuit_decorator']) retrieved from /home/airflow/.local/lib/python3.7/site-packages/airflow/example_dags/example_short_circuit_decorator.py
[2023-01-21T23:57:07.670+0000] {logging_mixin.py:137} INFO - [2023-01-21T23:57:07.670+0000] {dag.py:2690} INFO - Sync 1 DAGs
[2023-01-21T23:57:07.704+0000] {logging_mixin.py:137} INFO - [2023-01-21T23:57:07.704+0000] {dag.py:3441} INFO - Setting next_dagrun for example_short_circuit_decorator to 2023-01-20T23:57:07.703811+00:00, run_after=2023-01-21T23:57:07.703811+00:00
[2023-01-21T23:57:07.811+0000] {processor.py:175} INFO - Processing /home/airflow/.local/lib/python3.7/site-packages/airflow/example_dags/example_short_circuit_decorator.py took 0.292 seconds
