[2023-01-21T23:45:22.600+0000] {processor.py:153} INFO - Started process (PID=50) to work on /home/airflow/.local/lib/python3.7/site-packages/airflow/example_dags/example_sensor_decorator.py
[2023-01-21T23:45:22.616+0000] {processor.py:743} INFO - Processing file /home/airflow/.local/lib/python3.7/site-packages/airflow/example_dags/example_sensor_decorator.py for tasks to queue
[2023-01-21T23:45:22.617+0000] {logging_mixin.py:137} INFO - [2023-01-21T23:45:22.617+0000] {dagbag.py:538} INFO - Filling up the DagBag from /home/airflow/.local/lib/python3.7/site-packages/airflow/example_dags/example_sensor_decorator.py
[2023-01-21T23:45:22.694+0000] {processor.py:753} INFO - DAG(s) dict_keys(['example_sensor_decorator']) retrieved from /home/airflow/.local/lib/python3.7/site-packages/airflow/example_dags/example_sensor_decorator.py
[2023-01-21T23:45:22.718+0000] {logging_mixin.py:137} INFO - [2023-01-21T23:45:22.718+0000] {dag.py:2690} INFO - Sync 1 DAGs
[2023-01-21T23:45:22.749+0000] {logging_mixin.py:137} INFO - [2023-01-21T23:45:22.749+0000] {dag.py:3441} INFO - Setting next_dagrun for example_sensor_decorator to None, run_after=None
[2023-01-21T23:45:22.784+0000] {processor.py:175} INFO - Processing /home/airflow/.local/lib/python3.7/site-packages/airflow/example_dags/example_sensor_decorator.py took 0.192 seconds
[2023-01-21T23:45:53.009+0000] {processor.py:153} INFO - Started process (PID=126) to work on /home/airflow/.local/lib/python3.7/site-packages/airflow/example_dags/example_sensor_decorator.py
[2023-01-21T23:45:53.010+0000] {processor.py:743} INFO - Processing file /home/airflow/.local/lib/python3.7/site-packages/airflow/example_dags/example_sensor_decorator.py for tasks to queue
[2023-01-21T23:45:53.011+0000] {logging_mixin.py:137} INFO - [2023-01-21T23:45:53.011+0000] {dagbag.py:538} INFO - Filling up the DagBag from /home/airflow/.local/lib/python3.7/site-packages/airflow/example_dags/example_sensor_decorator.py
[2023-01-21T23:45:53.030+0000] {processor.py:753} INFO - DAG(s) dict_keys(['example_sensor_decorator']) retrieved from /home/airflow/.local/lib/python3.7/site-packages/airflow/example_dags/example_sensor_decorator.py
[2023-01-21T23:45:53.049+0000] {logging_mixin.py:137} INFO - [2023-01-21T23:45:53.049+0000] {dag.py:2690} INFO - Sync 1 DAGs
[2023-01-21T23:45:53.066+0000] {logging_mixin.py:137} INFO - [2023-01-21T23:45:53.066+0000] {dag.py:3441} INFO - Setting next_dagrun for example_sensor_decorator to None, run_after=None
[2023-01-21T23:45:53.078+0000] {processor.py:175} INFO - Processing /home/airflow/.local/lib/python3.7/site-packages/airflow/example_dags/example_sensor_decorator.py took 0.072 seconds
[2023-01-21T23:46:23.462+0000] {processor.py:153} INFO - Started process (PID=191) to work on /home/airflow/.local/lib/python3.7/site-packages/airflow/example_dags/example_sensor_decorator.py
[2023-01-21T23:46:23.463+0000] {processor.py:743} INFO - Processing file /home/airflow/.local/lib/python3.7/site-packages/airflow/example_dags/example_sensor_decorator.py for tasks to queue
[2023-01-21T23:46:23.464+0000] {logging_mixin.py:137} INFO - [2023-01-21T23:46:23.464+0000] {dagbag.py:538} INFO - Filling up the DagBag from /home/airflow/.local/lib/python3.7/site-packages/airflow/example_dags/example_sensor_decorator.py
[2023-01-21T23:46:23.478+0000] {processor.py:753} INFO - DAG(s) dict_keys(['example_sensor_decorator']) retrieved from /home/airflow/.local/lib/python3.7/site-packages/airflow/example_dags/example_sensor_decorator.py
[2023-01-21T23:46:23.498+0000] {logging_mixin.py:137} INFO - [2023-01-21T23:46:23.497+0000] {dag.py:2690} INFO - Sync 1 DAGs
[2023-01-21T23:46:23.517+0000] {logging_mixin.py:137} INFO - [2023-01-21T23:46:23.517+0000] {dag.py:3441} INFO - Setting next_dagrun for example_sensor_decorator to None, run_after=None
[2023-01-21T23:46:23.530+0000] {processor.py:175} INFO - Processing /home/airflow/.local/lib/python3.7/site-packages/airflow/example_dags/example_sensor_decorator.py took 0.072 seconds
[2023-01-21T23:46:54.051+0000] {processor.py:153} INFO - Started process (PID=266) to work on /home/airflow/.local/lib/python3.7/site-packages/airflow/example_dags/example_sensor_decorator.py
[2023-01-21T23:46:54.053+0000] {processor.py:743} INFO - Processing file /home/airflow/.local/lib/python3.7/site-packages/airflow/example_dags/example_sensor_decorator.py for tasks to queue
[2023-01-21T23:46:54.054+0000] {logging_mixin.py:137} INFO - [2023-01-21T23:46:54.054+0000] {dagbag.py:538} INFO - Filling up the DagBag from /home/airflow/.local/lib/python3.7/site-packages/airflow/example_dags/example_sensor_decorator.py
[2023-01-21T23:46:54.070+0000] {processor.py:753} INFO - DAG(s) dict_keys(['example_sensor_decorator']) retrieved from /home/airflow/.local/lib/python3.7/site-packages/airflow/example_dags/example_sensor_decorator.py
[2023-01-21T23:46:54.087+0000] {logging_mixin.py:137} INFO - [2023-01-21T23:46:54.087+0000] {dag.py:2690} INFO - Sync 1 DAGs
[2023-01-21T23:46:54.102+0000] {logging_mixin.py:137} INFO - [2023-01-21T23:46:54.102+0000] {dag.py:3441} INFO - Setting next_dagrun for example_sensor_decorator to None, run_after=None
[2023-01-21T23:46:54.113+0000] {processor.py:175} INFO - Processing /home/airflow/.local/lib/python3.7/site-packages/airflow/example_dags/example_sensor_decorator.py took 0.064 seconds
[2023-01-21T23:47:24.485+0000] {processor.py:153} INFO - Started process (PID=341) to work on /home/airflow/.local/lib/python3.7/site-packages/airflow/example_dags/example_sensor_decorator.py
[2023-01-21T23:47:24.487+0000] {processor.py:743} INFO - Processing file /home/airflow/.local/lib/python3.7/site-packages/airflow/example_dags/example_sensor_decorator.py for tasks to queue
[2023-01-21T23:47:24.488+0000] {logging_mixin.py:137} INFO - [2023-01-21T23:47:24.488+0000] {dagbag.py:538} INFO - Filling up the DagBag from /home/airflow/.local/lib/python3.7/site-packages/airflow/example_dags/example_sensor_decorator.py
[2023-01-21T23:47:24.501+0000] {processor.py:753} INFO - DAG(s) dict_keys(['example_sensor_decorator']) retrieved from /home/airflow/.local/lib/python3.7/site-packages/airflow/example_dags/example_sensor_decorator.py
[2023-01-21T23:47:24.519+0000] {logging_mixin.py:137} INFO - [2023-01-21T23:47:24.519+0000] {dag.py:2690} INFO - Sync 1 DAGs
[2023-01-21T23:47:24.534+0000] {logging_mixin.py:137} INFO - [2023-01-21T23:47:24.534+0000] {dag.py:3441} INFO - Setting next_dagrun for example_sensor_decorator to None, run_after=None
[2023-01-21T23:47:24.545+0000] {processor.py:175} INFO - Processing /home/airflow/.local/lib/python3.7/site-packages/airflow/example_dags/example_sensor_decorator.py took 0.063 seconds
[2023-01-21T23:47:54.945+0000] {processor.py:153} INFO - Started process (PID=406) to work on /home/airflow/.local/lib/python3.7/site-packages/airflow/example_dags/example_sensor_decorator.py
[2023-01-21T23:47:54.947+0000] {processor.py:743} INFO - Processing file /home/airflow/.local/lib/python3.7/site-packages/airflow/example_dags/example_sensor_decorator.py for tasks to queue
[2023-01-21T23:47:54.948+0000] {logging_mixin.py:137} INFO - [2023-01-21T23:47:54.947+0000] {dagbag.py:538} INFO - Filling up the DagBag from /home/airflow/.local/lib/python3.7/site-packages/airflow/example_dags/example_sensor_decorator.py
[2023-01-21T23:47:54.962+0000] {processor.py:753} INFO - DAG(s) dict_keys(['example_sensor_decorator']) retrieved from /home/airflow/.local/lib/python3.7/site-packages/airflow/example_dags/example_sensor_decorator.py
[2023-01-21T23:47:54.981+0000] {logging_mixin.py:137} INFO - [2023-01-21T23:47:54.980+0000] {dag.py:2690} INFO - Sync 1 DAGs
[2023-01-21T23:47:54.996+0000] {logging_mixin.py:137} INFO - [2023-01-21T23:47:54.996+0000] {dag.py:3441} INFO - Setting next_dagrun for example_sensor_decorator to None, run_after=None
[2023-01-21T23:47:55.008+0000] {processor.py:175} INFO - Processing /home/airflow/.local/lib/python3.7/site-packages/airflow/example_dags/example_sensor_decorator.py took 0.066 seconds
[2023-01-21T23:48:25.225+0000] {processor.py:153} INFO - Started process (PID=482) to work on /home/airflow/.local/lib/python3.7/site-packages/airflow/example_dags/example_sensor_decorator.py
[2023-01-21T23:48:25.226+0000] {processor.py:743} INFO - Processing file /home/airflow/.local/lib/python3.7/site-packages/airflow/example_dags/example_sensor_decorator.py for tasks to queue
[2023-01-21T23:48:25.227+0000] {logging_mixin.py:137} INFO - [2023-01-21T23:48:25.227+0000] {dagbag.py:538} INFO - Filling up the DagBag from /home/airflow/.local/lib/python3.7/site-packages/airflow/example_dags/example_sensor_decorator.py
[2023-01-21T23:48:25.241+0000] {processor.py:753} INFO - DAG(s) dict_keys(['example_sensor_decorator']) retrieved from /home/airflow/.local/lib/python3.7/site-packages/airflow/example_dags/example_sensor_decorator.py
[2023-01-21T23:48:25.260+0000] {logging_mixin.py:137} INFO - [2023-01-21T23:48:25.260+0000] {dag.py:2690} INFO - Sync 1 DAGs
[2023-01-21T23:48:25.274+0000] {logging_mixin.py:137} INFO - [2023-01-21T23:48:25.274+0000] {dag.py:3441} INFO - Setting next_dagrun for example_sensor_decorator to None, run_after=None
[2023-01-21T23:48:25.290+0000] {processor.py:175} INFO - Processing /home/airflow/.local/lib/python3.7/site-packages/airflow/example_dags/example_sensor_decorator.py took 0.068 seconds
[2023-01-21T23:48:55.622+0000] {processor.py:153} INFO - Started process (PID=558) to work on /home/airflow/.local/lib/python3.7/site-packages/airflow/example_dags/example_sensor_decorator.py
[2023-01-21T23:48:55.624+0000] {processor.py:743} INFO - Processing file /home/airflow/.local/lib/python3.7/site-packages/airflow/example_dags/example_sensor_decorator.py for tasks to queue
[2023-01-21T23:48:55.625+0000] {logging_mixin.py:137} INFO - [2023-01-21T23:48:55.625+0000] {dagbag.py:538} INFO - Filling up the DagBag from /home/airflow/.local/lib/python3.7/site-packages/airflow/example_dags/example_sensor_decorator.py
[2023-01-21T23:48:55.650+0000] {processor.py:753} INFO - DAG(s) dict_keys(['example_sensor_decorator']) retrieved from /home/airflow/.local/lib/python3.7/site-packages/airflow/example_dags/example_sensor_decorator.py
[2023-01-21T23:48:55.681+0000] {logging_mixin.py:137} INFO - [2023-01-21T23:48:55.681+0000] {dag.py:2690} INFO - Sync 1 DAGs
[2023-01-21T23:48:55.713+0000] {logging_mixin.py:137} INFO - [2023-01-21T23:48:55.713+0000] {dag.py:3441} INFO - Setting next_dagrun for example_sensor_decorator to None, run_after=None
[2023-01-21T23:48:55.738+0000] {processor.py:175} INFO - Processing /home/airflow/.local/lib/python3.7/site-packages/airflow/example_dags/example_sensor_decorator.py took 0.120 seconds
[2023-01-21T23:49:26.131+0000] {processor.py:153} INFO - Started process (PID=623) to work on /home/airflow/.local/lib/python3.7/site-packages/airflow/example_dags/example_sensor_decorator.py
[2023-01-21T23:49:26.132+0000] {processor.py:743} INFO - Processing file /home/airflow/.local/lib/python3.7/site-packages/airflow/example_dags/example_sensor_decorator.py for tasks to queue
[2023-01-21T23:49:26.133+0000] {logging_mixin.py:137} INFO - [2023-01-21T23:49:26.133+0000] {dagbag.py:538} INFO - Filling up the DagBag from /home/airflow/.local/lib/python3.7/site-packages/airflow/example_dags/example_sensor_decorator.py
[2023-01-21T23:49:26.146+0000] {processor.py:753} INFO - DAG(s) dict_keys(['example_sensor_decorator']) retrieved from /home/airflow/.local/lib/python3.7/site-packages/airflow/example_dags/example_sensor_decorator.py
[2023-01-21T23:49:26.163+0000] {logging_mixin.py:137} INFO - [2023-01-21T23:49:26.163+0000] {dag.py:2690} INFO - Sync 1 DAGs
[2023-01-21T23:49:26.178+0000] {logging_mixin.py:137} INFO - [2023-01-21T23:49:26.178+0000] {dag.py:3441} INFO - Setting next_dagrun for example_sensor_decorator to None, run_after=None
[2023-01-21T23:49:26.193+0000] {processor.py:175} INFO - Processing /home/airflow/.local/lib/python3.7/site-packages/airflow/example_dags/example_sensor_decorator.py took 0.065 seconds
[2023-01-21T23:49:56.461+0000] {processor.py:153} INFO - Started process (PID=700) to work on /home/airflow/.local/lib/python3.7/site-packages/airflow/example_dags/example_sensor_decorator.py
[2023-01-21T23:49:56.462+0000] {processor.py:743} INFO - Processing file /home/airflow/.local/lib/python3.7/site-packages/airflow/example_dags/example_sensor_decorator.py for tasks to queue
[2023-01-21T23:49:56.463+0000] {logging_mixin.py:137} INFO - [2023-01-21T23:49:56.463+0000] {dagbag.py:538} INFO - Filling up the DagBag from /home/airflow/.local/lib/python3.7/site-packages/airflow/example_dags/example_sensor_decorator.py
[2023-01-21T23:49:56.477+0000] {processor.py:753} INFO - DAG(s) dict_keys(['example_sensor_decorator']) retrieved from /home/airflow/.local/lib/python3.7/site-packages/airflow/example_dags/example_sensor_decorator.py
[2023-01-21T23:49:56.496+0000] {logging_mixin.py:137} INFO - [2023-01-21T23:49:56.496+0000] {dag.py:2690} INFO - Sync 1 DAGs
[2023-01-21T23:49:56.511+0000] {logging_mixin.py:137} INFO - [2023-01-21T23:49:56.511+0000] {dag.py:3441} INFO - Setting next_dagrun for example_sensor_decorator to None, run_after=None
[2023-01-21T23:49:56.522+0000] {processor.py:175} INFO - Processing /home/airflow/.local/lib/python3.7/site-packages/airflow/example_dags/example_sensor_decorator.py took 0.063 seconds
[2023-01-21T23:50:26.852+0000] {processor.py:153} INFO - Started process (PID=772) to work on /home/airflow/.local/lib/python3.7/site-packages/airflow/example_dags/example_sensor_decorator.py
[2023-01-21T23:50:26.855+0000] {processor.py:743} INFO - Processing file /home/airflow/.local/lib/python3.7/site-packages/airflow/example_dags/example_sensor_decorator.py for tasks to queue
[2023-01-21T23:50:26.856+0000] {logging_mixin.py:137} INFO - [2023-01-21T23:50:26.856+0000] {dagbag.py:538} INFO - Filling up the DagBag from /home/airflow/.local/lib/python3.7/site-packages/airflow/example_dags/example_sensor_decorator.py
[2023-01-21T23:50:26.871+0000] {processor.py:753} INFO - DAG(s) dict_keys(['example_sensor_decorator']) retrieved from /home/airflow/.local/lib/python3.7/site-packages/airflow/example_dags/example_sensor_decorator.py
[2023-01-21T23:50:26.899+0000] {logging_mixin.py:137} INFO - [2023-01-21T23:50:26.899+0000] {dag.py:2690} INFO - Sync 1 DAGs
[2023-01-21T23:50:26.918+0000] {logging_mixin.py:137} INFO - [2023-01-21T23:50:26.918+0000] {dag.py:3441} INFO - Setting next_dagrun for example_sensor_decorator to None, run_after=None
[2023-01-21T23:50:26.940+0000] {processor.py:175} INFO - Processing /home/airflow/.local/lib/python3.7/site-packages/airflow/example_dags/example_sensor_decorator.py took 0.091 seconds
[2023-01-21T23:54:03.843+0000] {processor.py:153} INFO - Started process (PID=50) to work on /home/airflow/.local/lib/python3.7/site-packages/airflow/example_dags/example_sensor_decorator.py
[2023-01-21T23:54:03.845+0000] {processor.py:743} INFO - Processing file /home/airflow/.local/lib/python3.7/site-packages/airflow/example_dags/example_sensor_decorator.py for tasks to queue
[2023-01-21T23:54:03.846+0000] {logging_mixin.py:137} INFO - [2023-01-21T23:54:03.846+0000] {dagbag.py:538} INFO - Filling up the DagBag from /home/airflow/.local/lib/python3.7/site-packages/airflow/example_dags/example_sensor_decorator.py
[2023-01-21T23:54:03.897+0000] {processor.py:753} INFO - DAG(s) dict_keys(['example_sensor_decorator']) retrieved from /home/airflow/.local/lib/python3.7/site-packages/airflow/example_dags/example_sensor_decorator.py
[2023-01-21T23:54:03.936+0000] {logging_mixin.py:137} INFO - [2023-01-21T23:54:03.935+0000] {dag.py:2690} INFO - Sync 1 DAGs
[2023-01-21T23:54:03.971+0000] {logging_mixin.py:137} INFO - [2023-01-21T23:54:03.970+0000] {dag.py:3441} INFO - Setting next_dagrun for example_sensor_decorator to None, run_after=None
[2023-01-21T23:54:03.994+0000] {processor.py:175} INFO - Processing /home/airflow/.local/lib/python3.7/site-packages/airflow/example_dags/example_sensor_decorator.py took 0.158 seconds
[2023-01-21T23:54:34.544+0000] {processor.py:153} INFO - Started process (PID=126) to work on /home/airflow/.local/lib/python3.7/site-packages/airflow/example_dags/example_sensor_decorator.py
[2023-01-21T23:54:34.545+0000] {processor.py:743} INFO - Processing file /home/airflow/.local/lib/python3.7/site-packages/airflow/example_dags/example_sensor_decorator.py for tasks to queue
[2023-01-21T23:54:34.546+0000] {logging_mixin.py:137} INFO - [2023-01-21T23:54:34.546+0000] {dagbag.py:538} INFO - Filling up the DagBag from /home/airflow/.local/lib/python3.7/site-packages/airflow/example_dags/example_sensor_decorator.py
[2023-01-21T23:54:34.562+0000] {processor.py:753} INFO - DAG(s) dict_keys(['example_sensor_decorator']) retrieved from /home/airflow/.local/lib/python3.7/site-packages/airflow/example_dags/example_sensor_decorator.py
[2023-01-21T23:54:34.580+0000] {logging_mixin.py:137} INFO - [2023-01-21T23:54:34.580+0000] {dag.py:2690} INFO - Sync 1 DAGs
[2023-01-21T23:54:34.596+0000] {logging_mixin.py:137} INFO - [2023-01-21T23:54:34.595+0000] {dag.py:3441} INFO - Setting next_dagrun for example_sensor_decorator to None, run_after=None
[2023-01-21T23:54:34.608+0000] {processor.py:175} INFO - Processing /home/airflow/.local/lib/python3.7/site-packages/airflow/example_dags/example_sensor_decorator.py took 0.067 seconds
[2023-01-21T23:55:04.803+0000] {processor.py:153} INFO - Started process (PID=191) to work on /home/airflow/.local/lib/python3.7/site-packages/airflow/example_dags/example_sensor_decorator.py
[2023-01-21T23:55:04.805+0000] {processor.py:743} INFO - Processing file /home/airflow/.local/lib/python3.7/site-packages/airflow/example_dags/example_sensor_decorator.py for tasks to queue
[2023-01-21T23:55:04.805+0000] {logging_mixin.py:137} INFO - [2023-01-21T23:55:04.805+0000] {dagbag.py:538} INFO - Filling up the DagBag from /home/airflow/.local/lib/python3.7/site-packages/airflow/example_dags/example_sensor_decorator.py
[2023-01-21T23:55:04.822+0000] {processor.py:753} INFO - DAG(s) dict_keys(['example_sensor_decorator']) retrieved from /home/airflow/.local/lib/python3.7/site-packages/airflow/example_dags/example_sensor_decorator.py
[2023-01-21T23:55:04.847+0000] {logging_mixin.py:137} INFO - [2023-01-21T23:55:04.847+0000] {dag.py:2690} INFO - Sync 1 DAGs
[2023-01-21T23:55:04.864+0000] {logging_mixin.py:137} INFO - [2023-01-21T23:55:04.864+0000] {dag.py:3441} INFO - Setting next_dagrun for example_sensor_decorator to None, run_after=None
[2023-01-21T23:55:04.880+0000] {processor.py:175} INFO - Processing /home/airflow/.local/lib/python3.7/site-packages/airflow/example_dags/example_sensor_decorator.py took 0.079 seconds
[2023-01-21T23:56:04.682+0000] {processor.py:153} INFO - Started process (PID=49) to work on /home/airflow/.local/lib/python3.7/site-packages/airflow/example_dags/example_sensor_decorator.py
[2023-01-21T23:56:04.684+0000] {processor.py:743} INFO - Processing file /home/airflow/.local/lib/python3.7/site-packages/airflow/example_dags/example_sensor_decorator.py for tasks to queue
[2023-01-21T23:56:04.685+0000] {logging_mixin.py:137} INFO - [2023-01-21T23:56:04.685+0000] {dagbag.py:538} INFO - Filling up the DagBag from /home/airflow/.local/lib/python3.7/site-packages/airflow/example_dags/example_sensor_decorator.py
[2023-01-21T23:56:04.723+0000] {processor.py:753} INFO - DAG(s) dict_keys(['example_sensor_decorator']) retrieved from /home/airflow/.local/lib/python3.7/site-packages/airflow/example_dags/example_sensor_decorator.py
[2023-01-21T23:56:04.745+0000] {logging_mixin.py:137} INFO - [2023-01-21T23:56:04.745+0000] {dag.py:2690} INFO - Sync 1 DAGs
[2023-01-21T23:56:04.772+0000] {logging_mixin.py:137} INFO - [2023-01-21T23:56:04.772+0000] {dag.py:3441} INFO - Setting next_dagrun for example_sensor_decorator to None, run_after=None
[2023-01-21T23:56:04.789+0000] {processor.py:175} INFO - Processing /home/airflow/.local/lib/python3.7/site-packages/airflow/example_dags/example_sensor_decorator.py took 0.110 seconds
[2023-01-21T23:56:35.181+0000] {processor.py:153} INFO - Started process (PID=125) to work on /home/airflow/.local/lib/python3.7/site-packages/airflow/example_dags/example_sensor_decorator.py
[2023-01-21T23:56:35.183+0000] {processor.py:743} INFO - Processing file /home/airflow/.local/lib/python3.7/site-packages/airflow/example_dags/example_sensor_decorator.py for tasks to queue
[2023-01-21T23:56:35.185+0000] {logging_mixin.py:137} INFO - [2023-01-21T23:56:35.184+0000] {dagbag.py:538} INFO - Filling up the DagBag from /home/airflow/.local/lib/python3.7/site-packages/airflow/example_dags/example_sensor_decorator.py
[2023-01-21T23:56:35.204+0000] {processor.py:753} INFO - DAG(s) dict_keys(['example_sensor_decorator']) retrieved from /home/airflow/.local/lib/python3.7/site-packages/airflow/example_dags/example_sensor_decorator.py
[2023-01-21T23:56:35.224+0000] {logging_mixin.py:137} INFO - [2023-01-21T23:56:35.223+0000] {dag.py:2690} INFO - Sync 1 DAGs
[2023-01-21T23:56:35.242+0000] {logging_mixin.py:137} INFO - [2023-01-21T23:56:35.242+0000] {dag.py:3441} INFO - Setting next_dagrun for example_sensor_decorator to None, run_after=None
[2023-01-21T23:56:35.257+0000] {processor.py:175} INFO - Processing /home/airflow/.local/lib/python3.7/site-packages/airflow/example_dags/example_sensor_decorator.py took 0.078 seconds
[2023-01-21T23:57:06.019+0000] {processor.py:153} INFO - Started process (PID=189) to work on /home/airflow/.local/lib/python3.7/site-packages/airflow/example_dags/example_sensor_decorator.py
[2023-01-21T23:57:06.021+0000] {processor.py:743} INFO - Processing file /home/airflow/.local/lib/python3.7/site-packages/airflow/example_dags/example_sensor_decorator.py for tasks to queue
[2023-01-21T23:57:06.021+0000] {logging_mixin.py:137} INFO - [2023-01-21T23:57:06.021+0000] {dagbag.py:538} INFO - Filling up the DagBag from /home/airflow/.local/lib/python3.7/site-packages/airflow/example_dags/example_sensor_decorator.py
[2023-01-21T23:57:06.036+0000] {processor.py:753} INFO - DAG(s) dict_keys(['example_sensor_decorator']) retrieved from /home/airflow/.local/lib/python3.7/site-packages/airflow/example_dags/example_sensor_decorator.py
[2023-01-21T23:57:06.053+0000] {logging_mixin.py:137} INFO - [2023-01-21T23:57:06.053+0000] {dag.py:2690} INFO - Sync 1 DAGs
[2023-01-21T23:57:06.068+0000] {logging_mixin.py:137} INFO - [2023-01-21T23:57:06.068+0000] {dag.py:3441} INFO - Setting next_dagrun for example_sensor_decorator to None, run_after=None
[2023-01-21T23:57:06.079+0000] {processor.py:175} INFO - Processing /home/airflow/.local/lib/python3.7/site-packages/airflow/example_dags/example_sensor_decorator.py took 0.062 seconds
