[2023-01-21T23:45:22.295+0000] {processor.py:153} INFO - Started process (PID=47) to work on /home/airflow/.local/lib/python3.7/site-packages/airflow/example_dags/example_complex.py
[2023-01-21T23:45:22.302+0000] {processor.py:743} INFO - Processing file /home/airflow/.local/lib/python3.7/site-packages/airflow/example_dags/example_complex.py for tasks to queue
[2023-01-21T23:45:22.304+0000] {logging_mixin.py:137} INFO - [2023-01-21T23:45:22.304+0000] {dagbag.py:538} INFO - Filling up the DagBag from /home/airflow/.local/lib/python3.7/site-packages/airflow/example_dags/example_complex.py
[2023-01-21T23:45:22.325+0000] {logging_mixin.py:137} INFO - [2023-01-21T23:45:22.325+0000] {taskmixin.py:205} WARNING - Dependency <Task(BashOperator): create_entry_group>, delete_entry_group already registered for DAG: example_complex
[2023-01-21T23:45:22.327+0000] {logging_mixin.py:137} INFO - [2023-01-21T23:45:22.326+0000] {taskmixin.py:205} WARNING - Dependency <Task(BashOperator): delete_entry_group>, create_entry_group already registered for DAG: example_complex
[2023-01-21T23:45:22.329+0000] {logging_mixin.py:137} INFO - [2023-01-21T23:45:22.329+0000] {taskmixin.py:205} WARNING - Dependency <Task(BashOperator): create_entry_gcs>, delete_entry already registered for DAG: example_complex
[2023-01-21T23:45:22.329+0000] {logging_mixin.py:137} INFO - [2023-01-21T23:45:22.329+0000] {taskmixin.py:205} WARNING - Dependency <Task(BashOperator): delete_entry>, create_entry_gcs already registered for DAG: example_complex
[2023-01-21T23:45:22.330+0000] {logging_mixin.py:137} INFO - [2023-01-21T23:45:22.330+0000] {taskmixin.py:205} WARNING - Dependency <Task(BashOperator): create_tag>, delete_tag already registered for DAG: example_complex
[2023-01-21T23:45:22.331+0000] {logging_mixin.py:137} INFO - [2023-01-21T23:45:22.331+0000] {taskmixin.py:205} WARNING - Dependency <Task(BashOperator): delete_tag>, create_tag already registered for DAG: example_complex
[2023-01-21T23:45:22.342+0000] {processor.py:753} INFO - DAG(s) dict_keys(['example_complex']) retrieved from /home/airflow/.local/lib/python3.7/site-packages/airflow/example_dags/example_complex.py
[2023-01-21T23:45:22.373+0000] {logging_mixin.py:137} INFO - [2023-01-21T23:45:22.373+0000] {dag.py:2690} INFO - Sync 1 DAGs
[2023-01-21T23:45:22.396+0000] {logging_mixin.py:137} INFO - [2023-01-21T23:45:22.396+0000] {dag.py:3441} INFO - Setting next_dagrun for example_complex to None, run_after=None
[2023-01-21T23:45:22.426+0000] {processor.py:175} INFO - Processing /home/airflow/.local/lib/python3.7/site-packages/airflow/example_dags/example_complex.py took 0.150 seconds
[2023-01-21T23:45:52.899+0000] {processor.py:153} INFO - Started process (PID=123) to work on /home/airflow/.local/lib/python3.7/site-packages/airflow/example_dags/example_complex.py
[2023-01-21T23:45:52.900+0000] {processor.py:743} INFO - Processing file /home/airflow/.local/lib/python3.7/site-packages/airflow/example_dags/example_complex.py for tasks to queue
[2023-01-21T23:45:52.901+0000] {logging_mixin.py:137} INFO - [2023-01-21T23:45:52.901+0000] {dagbag.py:538} INFO - Filling up the DagBag from /home/airflow/.local/lib/python3.7/site-packages/airflow/example_dags/example_complex.py
[2023-01-21T23:45:52.909+0000] {logging_mixin.py:137} INFO - [2023-01-21T23:45:52.909+0000] {taskmixin.py:205} WARNING - Dependency <Task(BashOperator): create_entry_group>, delete_entry_group already registered for DAG: example_complex
[2023-01-21T23:45:52.910+0000] {logging_mixin.py:137} INFO - [2023-01-21T23:45:52.910+0000] {taskmixin.py:205} WARNING - Dependency <Task(BashOperator): delete_entry_group>, create_entry_group already registered for DAG: example_complex
[2023-01-21T23:45:52.910+0000] {logging_mixin.py:137} INFO - [2023-01-21T23:45:52.910+0000] {taskmixin.py:205} WARNING - Dependency <Task(BashOperator): create_entry_gcs>, delete_entry already registered for DAG: example_complex
[2023-01-21T23:45:52.911+0000] {logging_mixin.py:137} INFO - [2023-01-21T23:45:52.911+0000] {taskmixin.py:205} WARNING - Dependency <Task(BashOperator): delete_entry>, create_entry_gcs already registered for DAG: example_complex
[2023-01-21T23:45:52.912+0000] {logging_mixin.py:137} INFO - [2023-01-21T23:45:52.912+0000] {taskmixin.py:205} WARNING - Dependency <Task(BashOperator): create_tag>, delete_tag already registered for DAG: example_complex
[2023-01-21T23:45:52.912+0000] {logging_mixin.py:137} INFO - [2023-01-21T23:45:52.912+0000] {taskmixin.py:205} WARNING - Dependency <Task(BashOperator): delete_tag>, create_tag already registered for DAG: example_complex
[2023-01-21T23:45:52.917+0000] {processor.py:753} INFO - DAG(s) dict_keys(['example_complex']) retrieved from /home/airflow/.local/lib/python3.7/site-packages/airflow/example_dags/example_complex.py
[2023-01-21T23:45:52.941+0000] {logging_mixin.py:137} INFO - [2023-01-21T23:45:52.941+0000] {dag.py:2690} INFO - Sync 1 DAGs
[2023-01-21T23:45:52.958+0000] {logging_mixin.py:137} INFO - [2023-01-21T23:45:52.958+0000] {dag.py:3441} INFO - Setting next_dagrun for example_complex to None, run_after=None
[2023-01-21T23:45:52.969+0000] {processor.py:175} INFO - Processing /home/airflow/.local/lib/python3.7/site-packages/airflow/example_dags/example_complex.py took 0.073 seconds
[2023-01-21T23:46:23.361+0000] {processor.py:153} INFO - Started process (PID=188) to work on /home/airflow/.local/lib/python3.7/site-packages/airflow/example_dags/example_complex.py
[2023-01-21T23:46:23.362+0000] {processor.py:743} INFO - Processing file /home/airflow/.local/lib/python3.7/site-packages/airflow/example_dags/example_complex.py for tasks to queue
[2023-01-21T23:46:23.363+0000] {logging_mixin.py:137} INFO - [2023-01-21T23:46:23.363+0000] {dagbag.py:538} INFO - Filling up the DagBag from /home/airflow/.local/lib/python3.7/site-packages/airflow/example_dags/example_complex.py
[2023-01-21T23:46:23.371+0000] {logging_mixin.py:137} INFO - [2023-01-21T23:46:23.371+0000] {taskmixin.py:205} WARNING - Dependency <Task(BashOperator): create_entry_group>, delete_entry_group already registered for DAG: example_complex
[2023-01-21T23:46:23.372+0000] {logging_mixin.py:137} INFO - [2023-01-21T23:46:23.372+0000] {taskmixin.py:205} WARNING - Dependency <Task(BashOperator): delete_entry_group>, create_entry_group already registered for DAG: example_complex
[2023-01-21T23:46:23.372+0000] {logging_mixin.py:137} INFO - [2023-01-21T23:46:23.372+0000] {taskmixin.py:205} WARNING - Dependency <Task(BashOperator): create_entry_gcs>, delete_entry already registered for DAG: example_complex
[2023-01-21T23:46:23.373+0000] {logging_mixin.py:137} INFO - [2023-01-21T23:46:23.373+0000] {taskmixin.py:205} WARNING - Dependency <Task(BashOperator): delete_entry>, create_entry_gcs already registered for DAG: example_complex
[2023-01-21T23:46:23.373+0000] {logging_mixin.py:137} INFO - [2023-01-21T23:46:23.373+0000] {taskmixin.py:205} WARNING - Dependency <Task(BashOperator): create_tag>, delete_tag already registered for DAG: example_complex
[2023-01-21T23:46:23.373+0000] {logging_mixin.py:137} INFO - [2023-01-21T23:46:23.373+0000] {taskmixin.py:205} WARNING - Dependency <Task(BashOperator): delete_tag>, create_tag already registered for DAG: example_complex
[2023-01-21T23:46:23.378+0000] {processor.py:753} INFO - DAG(s) dict_keys(['example_complex']) retrieved from /home/airflow/.local/lib/python3.7/site-packages/airflow/example_dags/example_complex.py
[2023-01-21T23:46:23.399+0000] {logging_mixin.py:137} INFO - [2023-01-21T23:46:23.399+0000] {dag.py:2690} INFO - Sync 1 DAGs
[2023-01-21T23:46:23.414+0000] {logging_mixin.py:137} INFO - [2023-01-21T23:46:23.414+0000] {dag.py:3441} INFO - Setting next_dagrun for example_complex to None, run_after=None
[2023-01-21T23:46:23.425+0000] {processor.py:175} INFO - Processing /home/airflow/.local/lib/python3.7/site-packages/airflow/example_dags/example_complex.py took 0.067 seconds
[2023-01-21T23:46:53.883+0000] {processor.py:153} INFO - Started process (PID=263) to work on /home/airflow/.local/lib/python3.7/site-packages/airflow/example_dags/example_complex.py
[2023-01-21T23:46:53.885+0000] {processor.py:743} INFO - Processing file /home/airflow/.local/lib/python3.7/site-packages/airflow/example_dags/example_complex.py for tasks to queue
[2023-01-21T23:46:53.885+0000] {logging_mixin.py:137} INFO - [2023-01-21T23:46:53.885+0000] {dagbag.py:538} INFO - Filling up the DagBag from /home/airflow/.local/lib/python3.7/site-packages/airflow/example_dags/example_complex.py
[2023-01-21T23:46:53.892+0000] {logging_mixin.py:137} INFO - [2023-01-21T23:46:53.892+0000] {taskmixin.py:205} WARNING - Dependency <Task(BashOperator): create_entry_group>, delete_entry_group already registered for DAG: example_complex
[2023-01-21T23:46:53.893+0000] {logging_mixin.py:137} INFO - [2023-01-21T23:46:53.893+0000] {taskmixin.py:205} WARNING - Dependency <Task(BashOperator): delete_entry_group>, create_entry_group already registered for DAG: example_complex
[2023-01-21T23:46:53.894+0000] {logging_mixin.py:137} INFO - [2023-01-21T23:46:53.894+0000] {taskmixin.py:205} WARNING - Dependency <Task(BashOperator): create_entry_gcs>, delete_entry already registered for DAG: example_complex
[2023-01-21T23:46:53.894+0000] {logging_mixin.py:137} INFO - [2023-01-21T23:46:53.894+0000] {taskmixin.py:205} WARNING - Dependency <Task(BashOperator): delete_entry>, create_entry_gcs already registered for DAG: example_complex
[2023-01-21T23:46:53.895+0000] {logging_mixin.py:137} INFO - [2023-01-21T23:46:53.894+0000] {taskmixin.py:205} WARNING - Dependency <Task(BashOperator): create_tag>, delete_tag already registered for DAG: example_complex
[2023-01-21T23:46:53.895+0000] {logging_mixin.py:137} INFO - [2023-01-21T23:46:53.895+0000] {taskmixin.py:205} WARNING - Dependency <Task(BashOperator): delete_tag>, create_tag already registered for DAG: example_complex
[2023-01-21T23:46:53.900+0000] {processor.py:753} INFO - DAG(s) dict_keys(['example_complex']) retrieved from /home/airflow/.local/lib/python3.7/site-packages/airflow/example_dags/example_complex.py
[2023-01-21T23:46:53.921+0000] {logging_mixin.py:137} INFO - [2023-01-21T23:46:53.921+0000] {dag.py:2690} INFO - Sync 1 DAGs
[2023-01-21T23:46:53.935+0000] {logging_mixin.py:137} INFO - [2023-01-21T23:46:53.935+0000] {dag.py:3441} INFO - Setting next_dagrun for example_complex to None, run_after=None
[2023-01-21T23:46:53.945+0000] {processor.py:175} INFO - Processing /home/airflow/.local/lib/python3.7/site-packages/airflow/example_dags/example_complex.py took 0.064 seconds
[2023-01-21T23:47:24.388+0000] {processor.py:153} INFO - Started process (PID=338) to work on /home/airflow/.local/lib/python3.7/site-packages/airflow/example_dags/example_complex.py
[2023-01-21T23:47:24.389+0000] {processor.py:743} INFO - Processing file /home/airflow/.local/lib/python3.7/site-packages/airflow/example_dags/example_complex.py for tasks to queue
[2023-01-21T23:47:24.390+0000] {logging_mixin.py:137} INFO - [2023-01-21T23:47:24.390+0000] {dagbag.py:538} INFO - Filling up the DagBag from /home/airflow/.local/lib/python3.7/site-packages/airflow/example_dags/example_complex.py
[2023-01-21T23:47:24.398+0000] {logging_mixin.py:137} INFO - [2023-01-21T23:47:24.398+0000] {taskmixin.py:205} WARNING - Dependency <Task(BashOperator): create_entry_group>, delete_entry_group already registered for DAG: example_complex
[2023-01-21T23:47:24.400+0000] {logging_mixin.py:137} INFO - [2023-01-21T23:47:24.400+0000] {taskmixin.py:205} WARNING - Dependency <Task(BashOperator): delete_entry_group>, create_entry_group already registered for DAG: example_complex
[2023-01-21T23:47:24.400+0000] {logging_mixin.py:137} INFO - [2023-01-21T23:47:24.400+0000] {taskmixin.py:205} WARNING - Dependency <Task(BashOperator): create_entry_gcs>, delete_entry already registered for DAG: example_complex
[2023-01-21T23:47:24.401+0000] {logging_mixin.py:137} INFO - [2023-01-21T23:47:24.401+0000] {taskmixin.py:205} WARNING - Dependency <Task(BashOperator): delete_entry>, create_entry_gcs already registered for DAG: example_complex
[2023-01-21T23:47:24.401+0000] {logging_mixin.py:137} INFO - [2023-01-21T23:47:24.401+0000] {taskmixin.py:205} WARNING - Dependency <Task(BashOperator): create_tag>, delete_tag already registered for DAG: example_complex
[2023-01-21T23:47:24.402+0000] {logging_mixin.py:137} INFO - [2023-01-21T23:47:24.402+0000] {taskmixin.py:205} WARNING - Dependency <Task(BashOperator): delete_tag>, create_tag already registered for DAG: example_complex
[2023-01-21T23:47:24.408+0000] {processor.py:753} INFO - DAG(s) dict_keys(['example_complex']) retrieved from /home/airflow/.local/lib/python3.7/site-packages/airflow/example_dags/example_complex.py
[2023-01-21T23:47:24.429+0000] {logging_mixin.py:137} INFO - [2023-01-21T23:47:24.429+0000] {dag.py:2690} INFO - Sync 1 DAGs
[2023-01-21T23:47:24.444+0000] {logging_mixin.py:137} INFO - [2023-01-21T23:47:24.443+0000] {dag.py:3441} INFO - Setting next_dagrun for example_complex to None, run_after=None
[2023-01-21T23:47:24.456+0000] {processor.py:175} INFO - Processing /home/airflow/.local/lib/python3.7/site-packages/airflow/example_dags/example_complex.py took 0.071 seconds
[2023-01-21T23:47:54.751+0000] {processor.py:153} INFO - Started process (PID=403) to work on /home/airflow/.local/lib/python3.7/site-packages/airflow/example_dags/example_complex.py
[2023-01-21T23:47:54.752+0000] {processor.py:743} INFO - Processing file /home/airflow/.local/lib/python3.7/site-packages/airflow/example_dags/example_complex.py for tasks to queue
[2023-01-21T23:47:54.753+0000] {logging_mixin.py:137} INFO - [2023-01-21T23:47:54.753+0000] {dagbag.py:538} INFO - Filling up the DagBag from /home/airflow/.local/lib/python3.7/site-packages/airflow/example_dags/example_complex.py
[2023-01-21T23:47:54.761+0000] {logging_mixin.py:137} INFO - [2023-01-21T23:47:54.761+0000] {taskmixin.py:205} WARNING - Dependency <Task(BashOperator): create_entry_group>, delete_entry_group already registered for DAG: example_complex
[2023-01-21T23:47:54.762+0000] {logging_mixin.py:137} INFO - [2023-01-21T23:47:54.762+0000] {taskmixin.py:205} WARNING - Dependency <Task(BashOperator): delete_entry_group>, create_entry_group already registered for DAG: example_complex
[2023-01-21T23:47:54.762+0000] {logging_mixin.py:137} INFO - [2023-01-21T23:47:54.762+0000] {taskmixin.py:205} WARNING - Dependency <Task(BashOperator): create_entry_gcs>, delete_entry already registered for DAG: example_complex
[2023-01-21T23:47:54.763+0000] {logging_mixin.py:137} INFO - [2023-01-21T23:47:54.763+0000] {taskmixin.py:205} WARNING - Dependency <Task(BashOperator): delete_entry>, create_entry_gcs already registered for DAG: example_complex
[2023-01-21T23:47:54.763+0000] {logging_mixin.py:137} INFO - [2023-01-21T23:47:54.763+0000] {taskmixin.py:205} WARNING - Dependency <Task(BashOperator): create_tag>, delete_tag already registered for DAG: example_complex
[2023-01-21T23:47:54.764+0000] {logging_mixin.py:137} INFO - [2023-01-21T23:47:54.764+0000] {taskmixin.py:205} WARNING - Dependency <Task(BashOperator): delete_tag>, create_tag already registered for DAG: example_complex
[2023-01-21T23:47:54.769+0000] {processor.py:753} INFO - DAG(s) dict_keys(['example_complex']) retrieved from /home/airflow/.local/lib/python3.7/site-packages/airflow/example_dags/example_complex.py
[2023-01-21T23:47:54.792+0000] {logging_mixin.py:137} INFO - [2023-01-21T23:47:54.792+0000] {dag.py:2690} INFO - Sync 1 DAGs
[2023-01-21T23:47:54.808+0000] {logging_mixin.py:137} INFO - [2023-01-21T23:47:54.807+0000] {dag.py:3441} INFO - Setting next_dagrun for example_complex to None, run_after=None
[2023-01-21T23:47:54.818+0000] {processor.py:175} INFO - Processing /home/airflow/.local/lib/python3.7/site-packages/airflow/example_dags/example_complex.py took 0.070 seconds
[2023-01-21T23:48:24.974+0000] {processor.py:153} INFO - Started process (PID=479) to work on /home/airflow/.local/lib/python3.7/site-packages/airflow/example_dags/example_complex.py
[2023-01-21T23:48:24.975+0000] {processor.py:743} INFO - Processing file /home/airflow/.local/lib/python3.7/site-packages/airflow/example_dags/example_complex.py for tasks to queue
[2023-01-21T23:48:24.976+0000] {logging_mixin.py:137} INFO - [2023-01-21T23:48:24.976+0000] {dagbag.py:538} INFO - Filling up the DagBag from /home/airflow/.local/lib/python3.7/site-packages/airflow/example_dags/example_complex.py
[2023-01-21T23:48:24.984+0000] {logging_mixin.py:137} INFO - [2023-01-21T23:48:24.984+0000] {taskmixin.py:205} WARNING - Dependency <Task(BashOperator): create_entry_group>, delete_entry_group already registered for DAG: example_complex
[2023-01-21T23:48:24.984+0000] {logging_mixin.py:137} INFO - [2023-01-21T23:48:24.984+0000] {taskmixin.py:205} WARNING - Dependency <Task(BashOperator): delete_entry_group>, create_entry_group already registered for DAG: example_complex
[2023-01-21T23:48:24.985+0000] {logging_mixin.py:137} INFO - [2023-01-21T23:48:24.985+0000] {taskmixin.py:205} WARNING - Dependency <Task(BashOperator): create_entry_gcs>, delete_entry already registered for DAG: example_complex
[2023-01-21T23:48:24.985+0000] {logging_mixin.py:137} INFO - [2023-01-21T23:48:24.985+0000] {taskmixin.py:205} WARNING - Dependency <Task(BashOperator): delete_entry>, create_entry_gcs already registered for DAG: example_complex
[2023-01-21T23:48:24.985+0000] {logging_mixin.py:137} INFO - [2023-01-21T23:48:24.985+0000] {taskmixin.py:205} WARNING - Dependency <Task(BashOperator): create_tag>, delete_tag already registered for DAG: example_complex
[2023-01-21T23:48:24.986+0000] {logging_mixin.py:137} INFO - [2023-01-21T23:48:24.986+0000] {taskmixin.py:205} WARNING - Dependency <Task(BashOperator): delete_tag>, create_tag already registered for DAG: example_complex
[2023-01-21T23:48:24.990+0000] {processor.py:753} INFO - DAG(s) dict_keys(['example_complex']) retrieved from /home/airflow/.local/lib/python3.7/site-packages/airflow/example_dags/example_complex.py
[2023-01-21T23:48:25.011+0000] {logging_mixin.py:137} INFO - [2023-01-21T23:48:25.011+0000] {dag.py:2690} INFO - Sync 1 DAGs
[2023-01-21T23:48:25.025+0000] {logging_mixin.py:137} INFO - [2023-01-21T23:48:25.025+0000] {dag.py:3441} INFO - Setting next_dagrun for example_complex to None, run_after=None
[2023-01-21T23:48:25.035+0000] {processor.py:175} INFO - Processing /home/airflow/.local/lib/python3.7/site-packages/airflow/example_dags/example_complex.py took 0.064 seconds
[2023-01-21T23:48:55.432+0000] {processor.py:153} INFO - Started process (PID=555) to work on /home/airflow/.local/lib/python3.7/site-packages/airflow/example_dags/example_complex.py
[2023-01-21T23:48:55.435+0000] {processor.py:743} INFO - Processing file /home/airflow/.local/lib/python3.7/site-packages/airflow/example_dags/example_complex.py for tasks to queue
[2023-01-21T23:48:55.436+0000] {logging_mixin.py:137} INFO - [2023-01-21T23:48:55.436+0000] {dagbag.py:538} INFO - Filling up the DagBag from /home/airflow/.local/lib/python3.7/site-packages/airflow/example_dags/example_complex.py
[2023-01-21T23:48:55.446+0000] {logging_mixin.py:137} INFO - [2023-01-21T23:48:55.446+0000] {taskmixin.py:205} WARNING - Dependency <Task(BashOperator): create_entry_group>, delete_entry_group already registered for DAG: example_complex
[2023-01-21T23:48:55.447+0000] {logging_mixin.py:137} INFO - [2023-01-21T23:48:55.447+0000] {taskmixin.py:205} WARNING - Dependency <Task(BashOperator): delete_entry_group>, create_entry_group already registered for DAG: example_complex
[2023-01-21T23:48:55.448+0000] {logging_mixin.py:137} INFO - [2023-01-21T23:48:55.448+0000] {taskmixin.py:205} WARNING - Dependency <Task(BashOperator): create_entry_gcs>, delete_entry already registered for DAG: example_complex
[2023-01-21T23:48:55.448+0000] {logging_mixin.py:137} INFO - [2023-01-21T23:48:55.448+0000] {taskmixin.py:205} WARNING - Dependency <Task(BashOperator): delete_entry>, create_entry_gcs already registered for DAG: example_complex
[2023-01-21T23:48:55.449+0000] {logging_mixin.py:137} INFO - [2023-01-21T23:48:55.449+0000] {taskmixin.py:205} WARNING - Dependency <Task(BashOperator): create_tag>, delete_tag already registered for DAG: example_complex
[2023-01-21T23:48:55.450+0000] {logging_mixin.py:137} INFO - [2023-01-21T23:48:55.450+0000] {taskmixin.py:205} WARNING - Dependency <Task(BashOperator): delete_tag>, create_tag already registered for DAG: example_complex
[2023-01-21T23:48:55.456+0000] {processor.py:753} INFO - DAG(s) dict_keys(['example_complex']) retrieved from /home/airflow/.local/lib/python3.7/site-packages/airflow/example_dags/example_complex.py
[2023-01-21T23:48:55.492+0000] {logging_mixin.py:137} INFO - [2023-01-21T23:48:55.492+0000] {dag.py:2690} INFO - Sync 1 DAGs
[2023-01-21T23:48:55.513+0000] {logging_mixin.py:137} INFO - [2023-01-21T23:48:55.513+0000] {dag.py:3441} INFO - Setting next_dagrun for example_complex to None, run_after=None
[2023-01-21T23:48:55.535+0000] {processor.py:175} INFO - Processing /home/airflow/.local/lib/python3.7/site-packages/airflow/example_dags/example_complex.py took 0.106 seconds
[2023-01-21T23:49:25.960+0000] {processor.py:153} INFO - Started process (PID=620) to work on /home/airflow/.local/lib/python3.7/site-packages/airflow/example_dags/example_complex.py
[2023-01-21T23:49:25.961+0000] {processor.py:743} INFO - Processing file /home/airflow/.local/lib/python3.7/site-packages/airflow/example_dags/example_complex.py for tasks to queue
[2023-01-21T23:49:25.961+0000] {logging_mixin.py:137} INFO - [2023-01-21T23:49:25.961+0000] {dagbag.py:538} INFO - Filling up the DagBag from /home/airflow/.local/lib/python3.7/site-packages/airflow/example_dags/example_complex.py
[2023-01-21T23:49:25.969+0000] {logging_mixin.py:137} INFO - [2023-01-21T23:49:25.969+0000] {taskmixin.py:205} WARNING - Dependency <Task(BashOperator): create_entry_group>, delete_entry_group already registered for DAG: example_complex
[2023-01-21T23:49:25.970+0000] {logging_mixin.py:137} INFO - [2023-01-21T23:49:25.970+0000] {taskmixin.py:205} WARNING - Dependency <Task(BashOperator): delete_entry_group>, create_entry_group already registered for DAG: example_complex
[2023-01-21T23:49:25.970+0000] {logging_mixin.py:137} INFO - [2023-01-21T23:49:25.970+0000] {taskmixin.py:205} WARNING - Dependency <Task(BashOperator): create_entry_gcs>, delete_entry already registered for DAG: example_complex
[2023-01-21T23:49:25.970+0000] {logging_mixin.py:137} INFO - [2023-01-21T23:49:25.970+0000] {taskmixin.py:205} WARNING - Dependency <Task(BashOperator): delete_entry>, create_entry_gcs already registered for DAG: example_complex
[2023-01-21T23:49:25.971+0000] {logging_mixin.py:137} INFO - [2023-01-21T23:49:25.971+0000] {taskmixin.py:205} WARNING - Dependency <Task(BashOperator): create_tag>, delete_tag already registered for DAG: example_complex
[2023-01-21T23:49:25.971+0000] {logging_mixin.py:137} INFO - [2023-01-21T23:49:25.971+0000] {taskmixin.py:205} WARNING - Dependency <Task(BashOperator): delete_tag>, create_tag already registered for DAG: example_complex
[2023-01-21T23:49:25.976+0000] {processor.py:753} INFO - DAG(s) dict_keys(['example_complex']) retrieved from /home/airflow/.local/lib/python3.7/site-packages/airflow/example_dags/example_complex.py
[2023-01-21T23:49:25.998+0000] {logging_mixin.py:137} INFO - [2023-01-21T23:49:25.998+0000] {dag.py:2690} INFO - Sync 1 DAGs
[2023-01-21T23:49:26.011+0000] {logging_mixin.py:137} INFO - [2023-01-21T23:49:26.011+0000] {dag.py:3441} INFO - Setting next_dagrun for example_complex to None, run_after=None
[2023-01-21T23:49:26.025+0000] {processor.py:175} INFO - Processing /home/airflow/.local/lib/python3.7/site-packages/airflow/example_dags/example_complex.py took 0.067 seconds
[2023-01-21T23:49:56.355+0000] {processor.py:153} INFO - Started process (PID=697) to work on /home/airflow/.local/lib/python3.7/site-packages/airflow/example_dags/example_complex.py
[2023-01-21T23:49:56.357+0000] {processor.py:743} INFO - Processing file /home/airflow/.local/lib/python3.7/site-packages/airflow/example_dags/example_complex.py for tasks to queue
[2023-01-21T23:49:56.358+0000] {logging_mixin.py:137} INFO - [2023-01-21T23:49:56.357+0000] {dagbag.py:538} INFO - Filling up the DagBag from /home/airflow/.local/lib/python3.7/site-packages/airflow/example_dags/example_complex.py
[2023-01-21T23:49:56.368+0000] {logging_mixin.py:137} INFO - [2023-01-21T23:49:56.368+0000] {taskmixin.py:205} WARNING - Dependency <Task(BashOperator): create_entry_group>, delete_entry_group already registered for DAG: example_complex
[2023-01-21T23:49:56.369+0000] {logging_mixin.py:137} INFO - [2023-01-21T23:49:56.369+0000] {taskmixin.py:205} WARNING - Dependency <Task(BashOperator): delete_entry_group>, create_entry_group already registered for DAG: example_complex
[2023-01-21T23:49:56.370+0000] {logging_mixin.py:137} INFO - [2023-01-21T23:49:56.370+0000] {taskmixin.py:205} WARNING - Dependency <Task(BashOperator): create_entry_gcs>, delete_entry already registered for DAG: example_complex
[2023-01-21T23:49:56.370+0000] {logging_mixin.py:137} INFO - [2023-01-21T23:49:56.370+0000] {taskmixin.py:205} WARNING - Dependency <Task(BashOperator): delete_entry>, create_entry_gcs already registered for DAG: example_complex
[2023-01-21T23:49:56.371+0000] {logging_mixin.py:137} INFO - [2023-01-21T23:49:56.371+0000] {taskmixin.py:205} WARNING - Dependency <Task(BashOperator): create_tag>, delete_tag already registered for DAG: example_complex
[2023-01-21T23:49:56.371+0000] {logging_mixin.py:137} INFO - [2023-01-21T23:49:56.371+0000] {taskmixin.py:205} WARNING - Dependency <Task(BashOperator): delete_tag>, create_tag already registered for DAG: example_complex
[2023-01-21T23:49:56.377+0000] {processor.py:753} INFO - DAG(s) dict_keys(['example_complex']) retrieved from /home/airflow/.local/lib/python3.7/site-packages/airflow/example_dags/example_complex.py
[2023-01-21T23:49:56.400+0000] {logging_mixin.py:137} INFO - [2023-01-21T23:49:56.400+0000] {dag.py:2690} INFO - Sync 1 DAGs
[2023-01-21T23:49:56.416+0000] {logging_mixin.py:137} INFO - [2023-01-21T23:49:56.415+0000] {dag.py:3441} INFO - Setting next_dagrun for example_complex to None, run_after=None
[2023-01-21T23:49:56.427+0000] {processor.py:175} INFO - Processing /home/airflow/.local/lib/python3.7/site-packages/airflow/example_dags/example_complex.py took 0.076 seconds
[2023-01-21T23:50:26.655+0000] {processor.py:153} INFO - Started process (PID=767) to work on /home/airflow/.local/lib/python3.7/site-packages/airflow/example_dags/example_complex.py
[2023-01-21T23:50:26.656+0000] {processor.py:743} INFO - Processing file /home/airflow/.local/lib/python3.7/site-packages/airflow/example_dags/example_complex.py for tasks to queue
[2023-01-21T23:50:26.657+0000] {logging_mixin.py:137} INFO - [2023-01-21T23:50:26.657+0000] {dagbag.py:538} INFO - Filling up the DagBag from /home/airflow/.local/lib/python3.7/site-packages/airflow/example_dags/example_complex.py
[2023-01-21T23:50:26.665+0000] {logging_mixin.py:137} INFO - [2023-01-21T23:50:26.665+0000] {taskmixin.py:205} WARNING - Dependency <Task(BashOperator): create_entry_group>, delete_entry_group already registered for DAG: example_complex
[2023-01-21T23:50:26.666+0000] {logging_mixin.py:137} INFO - [2023-01-21T23:50:26.666+0000] {taskmixin.py:205} WARNING - Dependency <Task(BashOperator): delete_entry_group>, create_entry_group already registered for DAG: example_complex
[2023-01-21T23:50:26.666+0000] {logging_mixin.py:137} INFO - [2023-01-21T23:50:26.666+0000] {taskmixin.py:205} WARNING - Dependency <Task(BashOperator): create_entry_gcs>, delete_entry already registered for DAG: example_complex
[2023-01-21T23:50:26.667+0000] {logging_mixin.py:137} INFO - [2023-01-21T23:50:26.667+0000] {taskmixin.py:205} WARNING - Dependency <Task(BashOperator): delete_entry>, create_entry_gcs already registered for DAG: example_complex
[2023-01-21T23:50:26.667+0000] {logging_mixin.py:137} INFO - [2023-01-21T23:50:26.667+0000] {taskmixin.py:205} WARNING - Dependency <Task(BashOperator): create_tag>, delete_tag already registered for DAG: example_complex
[2023-01-21T23:50:26.668+0000] {logging_mixin.py:137} INFO - [2023-01-21T23:50:26.668+0000] {taskmixin.py:205} WARNING - Dependency <Task(BashOperator): delete_tag>, create_tag already registered for DAG: example_complex
[2023-01-21T23:50:26.673+0000] {processor.py:753} INFO - DAG(s) dict_keys(['example_complex']) retrieved from /home/airflow/.local/lib/python3.7/site-packages/airflow/example_dags/example_complex.py
[2023-01-21T23:50:26.697+0000] {logging_mixin.py:137} INFO - [2023-01-21T23:50:26.697+0000] {dag.py:2690} INFO - Sync 1 DAGs
[2023-01-21T23:50:26.714+0000] {logging_mixin.py:137} INFO - [2023-01-21T23:50:26.714+0000] {dag.py:3441} INFO - Setting next_dagrun for example_complex to None, run_after=None
[2023-01-21T23:50:26.726+0000] {processor.py:175} INFO - Processing /home/airflow/.local/lib/python3.7/site-packages/airflow/example_dags/example_complex.py took 0.075 seconds
[2023-01-21T23:54:03.619+0000] {processor.py:153} INFO - Started process (PID=47) to work on /home/airflow/.local/lib/python3.7/site-packages/airflow/example_dags/example_complex.py
[2023-01-21T23:54:03.624+0000] {processor.py:743} INFO - Processing file /home/airflow/.local/lib/python3.7/site-packages/airflow/example_dags/example_complex.py for tasks to queue
[2023-01-21T23:54:03.626+0000] {logging_mixin.py:137} INFO - [2023-01-21T23:54:03.625+0000] {dagbag.py:538} INFO - Filling up the DagBag from /home/airflow/.local/lib/python3.7/site-packages/airflow/example_dags/example_complex.py
[2023-01-21T23:54:03.636+0000] {logging_mixin.py:137} INFO - [2023-01-21T23:54:03.636+0000] {taskmixin.py:205} WARNING - Dependency <Task(BashOperator): create_entry_group>, delete_entry_group already registered for DAG: example_complex
[2023-01-21T23:54:03.637+0000] {logging_mixin.py:137} INFO - [2023-01-21T23:54:03.637+0000] {taskmixin.py:205} WARNING - Dependency <Task(BashOperator): delete_entry_group>, create_entry_group already registered for DAG: example_complex
[2023-01-21T23:54:03.638+0000] {logging_mixin.py:137} INFO - [2023-01-21T23:54:03.638+0000] {taskmixin.py:205} WARNING - Dependency <Task(BashOperator): create_entry_gcs>, delete_entry already registered for DAG: example_complex
[2023-01-21T23:54:03.639+0000] {logging_mixin.py:137} INFO - [2023-01-21T23:54:03.639+0000] {taskmixin.py:205} WARNING - Dependency <Task(BashOperator): delete_entry>, create_entry_gcs already registered for DAG: example_complex
[2023-01-21T23:54:03.639+0000] {logging_mixin.py:137} INFO - [2023-01-21T23:54:03.639+0000] {taskmixin.py:205} WARNING - Dependency <Task(BashOperator): create_tag>, delete_tag already registered for DAG: example_complex
[2023-01-21T23:54:03.640+0000] {logging_mixin.py:137} INFO - [2023-01-21T23:54:03.640+0000] {taskmixin.py:205} WARNING - Dependency <Task(BashOperator): delete_tag>, create_tag already registered for DAG: example_complex
[2023-01-21T23:54:03.659+0000] {processor.py:753} INFO - DAG(s) dict_keys(['example_complex']) retrieved from /home/airflow/.local/lib/python3.7/site-packages/airflow/example_dags/example_complex.py
[2023-01-21T23:54:03.690+0000] {logging_mixin.py:137} INFO - [2023-01-21T23:54:03.689+0000] {dag.py:2690} INFO - Sync 1 DAGs
[2023-01-21T23:54:03.740+0000] {logging_mixin.py:137} INFO - [2023-01-21T23:54:03.740+0000] {dag.py:3441} INFO - Setting next_dagrun for example_complex to None, run_after=None
[2023-01-21T23:54:03.779+0000] {processor.py:175} INFO - Processing /home/airflow/.local/lib/python3.7/site-packages/airflow/example_dags/example_complex.py took 0.164 seconds
[2023-01-21T23:54:34.438+0000] {processor.py:153} INFO - Started process (PID=123) to work on /home/airflow/.local/lib/python3.7/site-packages/airflow/example_dags/example_complex.py
[2023-01-21T23:54:34.439+0000] {processor.py:743} INFO - Processing file /home/airflow/.local/lib/python3.7/site-packages/airflow/example_dags/example_complex.py for tasks to queue
[2023-01-21T23:54:34.440+0000] {logging_mixin.py:137} INFO - [2023-01-21T23:54:34.440+0000] {dagbag.py:538} INFO - Filling up the DagBag from /home/airflow/.local/lib/python3.7/site-packages/airflow/example_dags/example_complex.py
[2023-01-21T23:54:34.449+0000] {logging_mixin.py:137} INFO - [2023-01-21T23:54:34.449+0000] {taskmixin.py:205} WARNING - Dependency <Task(BashOperator): create_entry_group>, delete_entry_group already registered for DAG: example_complex
[2023-01-21T23:54:34.449+0000] {logging_mixin.py:137} INFO - [2023-01-21T23:54:34.449+0000] {taskmixin.py:205} WARNING - Dependency <Task(BashOperator): delete_entry_group>, create_entry_group already registered for DAG: example_complex
[2023-01-21T23:54:34.450+0000] {logging_mixin.py:137} INFO - [2023-01-21T23:54:34.450+0000] {taskmixin.py:205} WARNING - Dependency <Task(BashOperator): create_entry_gcs>, delete_entry already registered for DAG: example_complex
[2023-01-21T23:54:34.451+0000] {logging_mixin.py:137} INFO - [2023-01-21T23:54:34.451+0000] {taskmixin.py:205} WARNING - Dependency <Task(BashOperator): delete_entry>, create_entry_gcs already registered for DAG: example_complex
[2023-01-21T23:54:34.451+0000] {logging_mixin.py:137} INFO - [2023-01-21T23:54:34.451+0000] {taskmixin.py:205} WARNING - Dependency <Task(BashOperator): create_tag>, delete_tag already registered for DAG: example_complex
[2023-01-21T23:54:34.452+0000] {logging_mixin.py:137} INFO - [2023-01-21T23:54:34.452+0000] {taskmixin.py:205} WARNING - Dependency <Task(BashOperator): delete_tag>, create_tag already registered for DAG: example_complex
[2023-01-21T23:54:34.457+0000] {processor.py:753} INFO - DAG(s) dict_keys(['example_complex']) retrieved from /home/airflow/.local/lib/python3.7/site-packages/airflow/example_dags/example_complex.py
[2023-01-21T23:54:34.478+0000] {logging_mixin.py:137} INFO - [2023-01-21T23:54:34.478+0000] {dag.py:2690} INFO - Sync 1 DAGs
[2023-01-21T23:54:34.494+0000] {logging_mixin.py:137} INFO - [2023-01-21T23:54:34.494+0000] {dag.py:3441} INFO - Setting next_dagrun for example_complex to None, run_after=None
[2023-01-21T23:54:34.504+0000] {processor.py:175} INFO - Processing /home/airflow/.local/lib/python3.7/site-packages/airflow/example_dags/example_complex.py took 0.069 seconds
[2023-01-21T23:55:04.678+0000] {processor.py:153} INFO - Started process (PID=188) to work on /home/airflow/.local/lib/python3.7/site-packages/airflow/example_dags/example_complex.py
[2023-01-21T23:55:04.679+0000] {processor.py:743} INFO - Processing file /home/airflow/.local/lib/python3.7/site-packages/airflow/example_dags/example_complex.py for tasks to queue
[2023-01-21T23:55:04.680+0000] {logging_mixin.py:137} INFO - [2023-01-21T23:55:04.680+0000] {dagbag.py:538} INFO - Filling up the DagBag from /home/airflow/.local/lib/python3.7/site-packages/airflow/example_dags/example_complex.py
[2023-01-21T23:55:04.688+0000] {logging_mixin.py:137} INFO - [2023-01-21T23:55:04.687+0000] {taskmixin.py:205} WARNING - Dependency <Task(BashOperator): create_entry_group>, delete_entry_group already registered for DAG: example_complex
[2023-01-21T23:55:04.688+0000] {logging_mixin.py:137} INFO - [2023-01-21T23:55:04.688+0000] {taskmixin.py:205} WARNING - Dependency <Task(BashOperator): delete_entry_group>, create_entry_group already registered for DAG: example_complex
[2023-01-21T23:55:04.689+0000] {logging_mixin.py:137} INFO - [2023-01-21T23:55:04.689+0000] {taskmixin.py:205} WARNING - Dependency <Task(BashOperator): create_entry_gcs>, delete_entry already registered for DAG: example_complex
[2023-01-21T23:55:04.691+0000] {logging_mixin.py:137} INFO - [2023-01-21T23:55:04.690+0000] {taskmixin.py:205} WARNING - Dependency <Task(BashOperator): delete_entry>, create_entry_gcs already registered for DAG: example_complex
[2023-01-21T23:55:04.691+0000] {logging_mixin.py:137} INFO - [2023-01-21T23:55:04.691+0000] {taskmixin.py:205} WARNING - Dependency <Task(BashOperator): create_tag>, delete_tag already registered for DAG: example_complex
[2023-01-21T23:55:04.692+0000] {logging_mixin.py:137} INFO - [2023-01-21T23:55:04.692+0000] {taskmixin.py:205} WARNING - Dependency <Task(BashOperator): delete_tag>, create_tag already registered for DAG: example_complex
[2023-01-21T23:55:04.699+0000] {processor.py:753} INFO - DAG(s) dict_keys(['example_complex']) retrieved from /home/airflow/.local/lib/python3.7/site-packages/airflow/example_dags/example_complex.py
[2023-01-21T23:55:04.725+0000] {logging_mixin.py:137} INFO - [2023-01-21T23:55:04.725+0000] {dag.py:2690} INFO - Sync 1 DAGs
[2023-01-21T23:55:04.745+0000] {logging_mixin.py:137} INFO - [2023-01-21T23:55:04.745+0000] {dag.py:3441} INFO - Setting next_dagrun for example_complex to None, run_after=None
[2023-01-21T23:55:04.758+0000] {processor.py:175} INFO - Processing /home/airflow/.local/lib/python3.7/site-packages/airflow/example_dags/example_complex.py took 0.083 seconds
[2023-01-21T23:56:04.325+0000] {processor.py:153} INFO - Started process (PID=46) to work on /home/airflow/.local/lib/python3.7/site-packages/airflow/example_dags/example_complex.py
[2023-01-21T23:56:04.328+0000] {processor.py:743} INFO - Processing file /home/airflow/.local/lib/python3.7/site-packages/airflow/example_dags/example_complex.py for tasks to queue
[2023-01-21T23:56:04.329+0000] {logging_mixin.py:137} INFO - [2023-01-21T23:56:04.329+0000] {dagbag.py:538} INFO - Filling up the DagBag from /home/airflow/.local/lib/python3.7/site-packages/airflow/example_dags/example_complex.py
[2023-01-21T23:56:04.352+0000] {logging_mixin.py:137} INFO - [2023-01-21T23:56:04.351+0000] {taskmixin.py:205} WARNING - Dependency <Task(BashOperator): create_entry_group>, delete_entry_group already registered for DAG: example_complex
[2023-01-21T23:56:04.353+0000] {logging_mixin.py:137} INFO - [2023-01-21T23:56:04.353+0000] {taskmixin.py:205} WARNING - Dependency <Task(BashOperator): delete_entry_group>, create_entry_group already registered for DAG: example_complex
[2023-01-21T23:56:04.359+0000] {logging_mixin.py:137} INFO - [2023-01-21T23:56:04.358+0000] {taskmixin.py:205} WARNING - Dependency <Task(BashOperator): create_entry_gcs>, delete_entry already registered for DAG: example_complex
[2023-01-21T23:56:04.360+0000] {logging_mixin.py:137} INFO - [2023-01-21T23:56:04.359+0000] {taskmixin.py:205} WARNING - Dependency <Task(BashOperator): delete_entry>, create_entry_gcs already registered for DAG: example_complex
[2023-01-21T23:56:04.361+0000] {logging_mixin.py:137} INFO - [2023-01-21T23:56:04.361+0000] {taskmixin.py:205} WARNING - Dependency <Task(BashOperator): create_tag>, delete_tag already registered for DAG: example_complex
[2023-01-21T23:56:04.362+0000] {logging_mixin.py:137} INFO - [2023-01-21T23:56:04.362+0000] {taskmixin.py:205} WARNING - Dependency <Task(BashOperator): delete_tag>, create_tag already registered for DAG: example_complex
[2023-01-21T23:56:04.385+0000] {processor.py:753} INFO - DAG(s) dict_keys(['example_complex']) retrieved from /home/airflow/.local/lib/python3.7/site-packages/airflow/example_dags/example_complex.py
[2023-01-21T23:56:04.413+0000] {logging_mixin.py:137} INFO - [2023-01-21T23:56:04.413+0000] {dag.py:2690} INFO - Sync 1 DAGs
[2023-01-21T23:56:04.457+0000] {logging_mixin.py:137} INFO - [2023-01-21T23:56:04.457+0000] {dag.py:3441} INFO - Setting next_dagrun for example_complex to None, run_after=None
[2023-01-21T23:56:04.487+0000] {processor.py:175} INFO - Processing /home/airflow/.local/lib/python3.7/site-packages/airflow/example_dags/example_complex.py took 0.170 seconds
[2023-01-21T23:56:35.028+0000] {processor.py:153} INFO - Started process (PID=122) to work on /home/airflow/.local/lib/python3.7/site-packages/airflow/example_dags/example_complex.py
[2023-01-21T23:56:35.029+0000] {processor.py:743} INFO - Processing file /home/airflow/.local/lib/python3.7/site-packages/airflow/example_dags/example_complex.py for tasks to queue
[2023-01-21T23:56:35.031+0000] {logging_mixin.py:137} INFO - [2023-01-21T23:56:35.031+0000] {dagbag.py:538} INFO - Filling up the DagBag from /home/airflow/.local/lib/python3.7/site-packages/airflow/example_dags/example_complex.py
[2023-01-21T23:56:35.045+0000] {logging_mixin.py:137} INFO - [2023-01-21T23:56:35.045+0000] {taskmixin.py:205} WARNING - Dependency <Task(BashOperator): create_entry_group>, delete_entry_group already registered for DAG: example_complex
[2023-01-21T23:56:35.047+0000] {logging_mixin.py:137} INFO - [2023-01-21T23:56:35.046+0000] {taskmixin.py:205} WARNING - Dependency <Task(BashOperator): delete_entry_group>, create_entry_group already registered for DAG: example_complex
[2023-01-21T23:56:35.051+0000] {logging_mixin.py:137} INFO - [2023-01-21T23:56:35.049+0000] {taskmixin.py:205} WARNING - Dependency <Task(BashOperator): create_entry_gcs>, delete_entry already registered for DAG: example_complex
[2023-01-21T23:56:35.053+0000] {logging_mixin.py:137} INFO - [2023-01-21T23:56:35.053+0000] {taskmixin.py:205} WARNING - Dependency <Task(BashOperator): delete_entry>, create_entry_gcs already registered for DAG: example_complex
[2023-01-21T23:56:35.055+0000] {logging_mixin.py:137} INFO - [2023-01-21T23:56:35.054+0000] {taskmixin.py:205} WARNING - Dependency <Task(BashOperator): create_tag>, delete_tag already registered for DAG: example_complex
[2023-01-21T23:56:35.060+0000] {logging_mixin.py:137} INFO - [2023-01-21T23:56:35.060+0000] {taskmixin.py:205} WARNING - Dependency <Task(BashOperator): delete_tag>, create_tag already registered for DAG: example_complex
[2023-01-21T23:56:35.071+0000] {processor.py:753} INFO - DAG(s) dict_keys(['example_complex']) retrieved from /home/airflow/.local/lib/python3.7/site-packages/airflow/example_dags/example_complex.py
[2023-01-21T23:56:35.100+0000] {logging_mixin.py:137} INFO - [2023-01-21T23:56:35.100+0000] {dag.py:2690} INFO - Sync 1 DAGs
[2023-01-21T23:56:35.121+0000] {logging_mixin.py:137} INFO - [2023-01-21T23:56:35.121+0000] {dag.py:3441} INFO - Setting next_dagrun for example_complex to None, run_after=None
[2023-01-21T23:56:35.136+0000] {processor.py:175} INFO - Processing /home/airflow/.local/lib/python3.7/site-packages/airflow/example_dags/example_complex.py took 0.111 seconds
[2023-01-21T23:57:05.844+0000] {processor.py:153} INFO - Started process (PID=186) to work on /home/airflow/.local/lib/python3.7/site-packages/airflow/example_dags/example_complex.py
[2023-01-21T23:57:05.845+0000] {processor.py:743} INFO - Processing file /home/airflow/.local/lib/python3.7/site-packages/airflow/example_dags/example_complex.py for tasks to queue
[2023-01-21T23:57:05.846+0000] {logging_mixin.py:137} INFO - [2023-01-21T23:57:05.846+0000] {dagbag.py:538} INFO - Filling up the DagBag from /home/airflow/.local/lib/python3.7/site-packages/airflow/example_dags/example_complex.py
[2023-01-21T23:57:05.854+0000] {logging_mixin.py:137} INFO - [2023-01-21T23:57:05.854+0000] {taskmixin.py:205} WARNING - Dependency <Task(BashOperator): create_entry_group>, delete_entry_group already registered for DAG: example_complex
[2023-01-21T23:57:05.854+0000] {logging_mixin.py:137} INFO - [2023-01-21T23:57:05.854+0000] {taskmixin.py:205} WARNING - Dependency <Task(BashOperator): delete_entry_group>, create_entry_group already registered for DAG: example_complex
[2023-01-21T23:57:05.855+0000] {logging_mixin.py:137} INFO - [2023-01-21T23:57:05.855+0000] {taskmixin.py:205} WARNING - Dependency <Task(BashOperator): create_entry_gcs>, delete_entry already registered for DAG: example_complex
[2023-01-21T23:57:05.855+0000] {logging_mixin.py:137} INFO - [2023-01-21T23:57:05.855+0000] {taskmixin.py:205} WARNING - Dependency <Task(BashOperator): delete_entry>, create_entry_gcs already registered for DAG: example_complex
[2023-01-21T23:57:05.856+0000] {logging_mixin.py:137} INFO - [2023-01-21T23:57:05.856+0000] {taskmixin.py:205} WARNING - Dependency <Task(BashOperator): create_tag>, delete_tag already registered for DAG: example_complex
[2023-01-21T23:57:05.856+0000] {logging_mixin.py:137} INFO - [2023-01-21T23:57:05.856+0000] {taskmixin.py:205} WARNING - Dependency <Task(BashOperator): delete_tag>, create_tag already registered for DAG: example_complex
[2023-01-21T23:57:05.861+0000] {processor.py:753} INFO - DAG(s) dict_keys(['example_complex']) retrieved from /home/airflow/.local/lib/python3.7/site-packages/airflow/example_dags/example_complex.py
[2023-01-21T23:57:05.882+0000] {logging_mixin.py:137} INFO - [2023-01-21T23:57:05.882+0000] {dag.py:2690} INFO - Sync 1 DAGs
[2023-01-21T23:57:05.897+0000] {logging_mixin.py:137} INFO - [2023-01-21T23:57:05.897+0000] {dag.py:3441} INFO - Setting next_dagrun for example_complex to None, run_after=None
[2023-01-21T23:57:05.908+0000] {processor.py:175} INFO - Processing /home/airflow/.local/lib/python3.7/site-packages/airflow/example_dags/example_complex.py took 0.066 seconds
