[2023-01-21T23:45:22.497+0000] {processor.py:153} INFO - Started process (PID=49) to work on /home/airflow/.local/lib/python3.7/site-packages/airflow/example_dags/example_xcomargs.py
[2023-01-21T23:45:22.500+0000] {processor.py:743} INFO - Processing file /home/airflow/.local/lib/python3.7/site-packages/airflow/example_dags/example_xcomargs.py for tasks to queue
[2023-01-21T23:45:22.501+0000] {logging_mixin.py:137} INFO - [2023-01-21T23:45:22.501+0000] {dagbag.py:538} INFO - Filling up the DagBag from /home/airflow/.local/lib/python3.7/site-packages/airflow/example_dags/example_xcomargs.py
[2023-01-21T23:45:22.543+0000] {processor.py:753} INFO - DAG(s) dict_keys(['example_xcom_args', 'example_xcom_args_with_operators']) retrieved from /home/airflow/.local/lib/python3.7/site-packages/airflow/example_dags/example_xcomargs.py
[2023-01-21T23:45:22.563+0000] {logging_mixin.py:137} INFO - [2023-01-21T23:45:22.562+0000] {dag.py:2690} INFO - Sync 2 DAGs
[2023-01-21T23:45:22.589+0000] {logging_mixin.py:137} INFO - [2023-01-21T23:45:22.589+0000] {dag.py:3441} INFO - Setting next_dagrun for example_xcom_args to None, run_after=None
[2023-01-21T23:45:22.594+0000] {logging_mixin.py:137} INFO - [2023-01-21T23:45:22.594+0000] {dag.py:3441} INFO - Setting next_dagrun for example_xcom_args_with_operators to None, run_after=None
[2023-01-21T23:45:22.629+0000] {processor.py:175} INFO - Processing /home/airflow/.local/lib/python3.7/site-packages/airflow/example_dags/example_xcomargs.py took 0.141 seconds
[2023-01-21T23:45:52.993+0000] {processor.py:153} INFO - Started process (PID=125) to work on /home/airflow/.local/lib/python3.7/site-packages/airflow/example_dags/example_xcomargs.py
[2023-01-21T23:45:52.994+0000] {processor.py:743} INFO - Processing file /home/airflow/.local/lib/python3.7/site-packages/airflow/example_dags/example_xcomargs.py for tasks to queue
[2023-01-21T23:45:52.995+0000] {logging_mixin.py:137} INFO - [2023-01-21T23:45:52.995+0000] {dagbag.py:538} INFO - Filling up the DagBag from /home/airflow/.local/lib/python3.7/site-packages/airflow/example_dags/example_xcomargs.py
[2023-01-21T23:45:53.012+0000] {processor.py:753} INFO - DAG(s) dict_keys(['example_xcom_args', 'example_xcom_args_with_operators']) retrieved from /home/airflow/.local/lib/python3.7/site-packages/airflow/example_dags/example_xcomargs.py
[2023-01-21T23:45:53.034+0000] {logging_mixin.py:137} INFO - [2023-01-21T23:45:53.034+0000] {dag.py:2690} INFO - Sync 2 DAGs
[2023-01-21T23:45:53.051+0000] {logging_mixin.py:137} INFO - [2023-01-21T23:45:53.051+0000] {dag.py:3441} INFO - Setting next_dagrun for example_xcom_args to None, run_after=None
[2023-01-21T23:45:53.053+0000] {logging_mixin.py:137} INFO - [2023-01-21T23:45:53.053+0000] {dag.py:3441} INFO - Setting next_dagrun for example_xcom_args_with_operators to None, run_after=None
[2023-01-21T23:45:53.063+0000] {processor.py:175} INFO - Processing /home/airflow/.local/lib/python3.7/site-packages/airflow/example_dags/example_xcomargs.py took 0.073 seconds
[2023-01-21T23:46:23.449+0000] {processor.py:153} INFO - Started process (PID=190) to work on /home/airflow/.local/lib/python3.7/site-packages/airflow/example_dags/example_xcomargs.py
[2023-01-21T23:46:23.450+0000] {processor.py:743} INFO - Processing file /home/airflow/.local/lib/python3.7/site-packages/airflow/example_dags/example_xcomargs.py for tasks to queue
[2023-01-21T23:46:23.452+0000] {logging_mixin.py:137} INFO - [2023-01-21T23:46:23.452+0000] {dagbag.py:538} INFO - Filling up the DagBag from /home/airflow/.local/lib/python3.7/site-packages/airflow/example_dags/example_xcomargs.py
[2023-01-21T23:46:23.470+0000] {processor.py:753} INFO - DAG(s) dict_keys(['example_xcom_args', 'example_xcom_args_with_operators']) retrieved from /home/airflow/.local/lib/python3.7/site-packages/airflow/example_dags/example_xcomargs.py
[2023-01-21T23:46:23.492+0000] {logging_mixin.py:137} INFO - [2023-01-21T23:46:23.492+0000] {dag.py:2690} INFO - Sync 2 DAGs
[2023-01-21T23:46:23.509+0000] {logging_mixin.py:137} INFO - [2023-01-21T23:46:23.509+0000] {dag.py:3441} INFO - Setting next_dagrun for example_xcom_args to None, run_after=None
[2023-01-21T23:46:23.513+0000] {logging_mixin.py:137} INFO - [2023-01-21T23:46:23.513+0000] {dag.py:3441} INFO - Setting next_dagrun for example_xcom_args_with_operators to None, run_after=None
[2023-01-21T23:46:23.525+0000] {processor.py:175} INFO - Processing /home/airflow/.local/lib/python3.7/site-packages/airflow/example_dags/example_xcomargs.py took 0.079 seconds
[2023-01-21T23:46:53.970+0000] {processor.py:153} INFO - Started process (PID=265) to work on /home/airflow/.local/lib/python3.7/site-packages/airflow/example_dags/example_xcomargs.py
[2023-01-21T23:46:53.971+0000] {processor.py:743} INFO - Processing file /home/airflow/.local/lib/python3.7/site-packages/airflow/example_dags/example_xcomargs.py for tasks to queue
[2023-01-21T23:46:53.971+0000] {logging_mixin.py:137} INFO - [2023-01-21T23:46:53.971+0000] {dagbag.py:538} INFO - Filling up the DagBag from /home/airflow/.local/lib/python3.7/site-packages/airflow/example_dags/example_xcomargs.py
[2023-01-21T23:46:53.986+0000] {processor.py:753} INFO - DAG(s) dict_keys(['example_xcom_args_with_operators', 'example_xcom_args']) retrieved from /home/airflow/.local/lib/python3.7/site-packages/airflow/example_dags/example_xcomargs.py
[2023-01-21T23:46:54.007+0000] {logging_mixin.py:137} INFO - [2023-01-21T23:46:54.007+0000] {dag.py:2690} INFO - Sync 2 DAGs
[2023-01-21T23:46:54.022+0000] {logging_mixin.py:137} INFO - [2023-01-21T23:46:54.022+0000] {dag.py:3441} INFO - Setting next_dagrun for example_xcom_args to None, run_after=None
[2023-01-21T23:46:54.024+0000] {logging_mixin.py:137} INFO - [2023-01-21T23:46:54.024+0000] {dag.py:3441} INFO - Setting next_dagrun for example_xcom_args_with_operators to None, run_after=None
[2023-01-21T23:46:54.036+0000] {processor.py:175} INFO - Processing /home/airflow/.local/lib/python3.7/site-packages/airflow/example_dags/example_xcomargs.py took 0.069 seconds
[2023-01-21T23:47:24.482+0000] {processor.py:153} INFO - Started process (PID=340) to work on /home/airflow/.local/lib/python3.7/site-packages/airflow/example_dags/example_xcomargs.py
[2023-01-21T23:47:24.484+0000] {processor.py:743} INFO - Processing file /home/airflow/.local/lib/python3.7/site-packages/airflow/example_dags/example_xcomargs.py for tasks to queue
[2023-01-21T23:47:24.484+0000] {logging_mixin.py:137} INFO - [2023-01-21T23:47:24.484+0000] {dagbag.py:538} INFO - Filling up the DagBag from /home/airflow/.local/lib/python3.7/site-packages/airflow/example_dags/example_xcomargs.py
[2023-01-21T23:47:24.501+0000] {processor.py:753} INFO - DAG(s) dict_keys(['example_xcom_args_with_operators', 'example_xcom_args']) retrieved from /home/airflow/.local/lib/python3.7/site-packages/airflow/example_dags/example_xcomargs.py
[2023-01-21T23:47:24.522+0000] {logging_mixin.py:137} INFO - [2023-01-21T23:47:24.522+0000] {dag.py:2690} INFO - Sync 2 DAGs
[2023-01-21T23:47:24.537+0000] {logging_mixin.py:137} INFO - [2023-01-21T23:47:24.536+0000] {dag.py:3441} INFO - Setting next_dagrun for example_xcom_args to None, run_after=None
[2023-01-21T23:47:24.540+0000] {logging_mixin.py:137} INFO - [2023-01-21T23:47:24.540+0000] {dag.py:3441} INFO - Setting next_dagrun for example_xcom_args_with_operators to None, run_after=None
[2023-01-21T23:47:24.551+0000] {processor.py:175} INFO - Processing /home/airflow/.local/lib/python3.7/site-packages/airflow/example_dags/example_xcomargs.py took 0.072 seconds
[2023-01-21T23:47:54.846+0000] {processor.py:153} INFO - Started process (PID=405) to work on /home/airflow/.local/lib/python3.7/site-packages/airflow/example_dags/example_xcomargs.py
[2023-01-21T23:47:54.848+0000] {processor.py:743} INFO - Processing file /home/airflow/.local/lib/python3.7/site-packages/airflow/example_dags/example_xcomargs.py for tasks to queue
[2023-01-21T23:47:54.848+0000] {logging_mixin.py:137} INFO - [2023-01-21T23:47:54.848+0000] {dagbag.py:538} INFO - Filling up the DagBag from /home/airflow/.local/lib/python3.7/site-packages/airflow/example_dags/example_xcomargs.py
[2023-01-21T23:47:54.864+0000] {processor.py:753} INFO - DAG(s) dict_keys(['example_xcom_args_with_operators', 'example_xcom_args']) retrieved from /home/airflow/.local/lib/python3.7/site-packages/airflow/example_dags/example_xcomargs.py
[2023-01-21T23:47:54.885+0000] {logging_mixin.py:137} INFO - [2023-01-21T23:47:54.885+0000] {dag.py:2690} INFO - Sync 2 DAGs
[2023-01-21T23:47:54.904+0000] {logging_mixin.py:137} INFO - [2023-01-21T23:47:54.904+0000] {dag.py:3441} INFO - Setting next_dagrun for example_xcom_args to None, run_after=None
[2023-01-21T23:47:54.907+0000] {logging_mixin.py:137} INFO - [2023-01-21T23:47:54.906+0000] {dag.py:3441} INFO - Setting next_dagrun for example_xcom_args_with_operators to None, run_after=None
[2023-01-21T23:47:54.917+0000] {processor.py:175} INFO - Processing /home/airflow/.local/lib/python3.7/site-packages/airflow/example_dags/example_xcomargs.py took 0.074 seconds
[2023-01-21T23:48:25.143+0000] {processor.py:153} INFO - Started process (PID=481) to work on /home/airflow/.local/lib/python3.7/site-packages/airflow/example_dags/example_xcomargs.py
[2023-01-21T23:48:25.144+0000] {processor.py:743} INFO - Processing file /home/airflow/.local/lib/python3.7/site-packages/airflow/example_dags/example_xcomargs.py for tasks to queue
[2023-01-21T23:48:25.145+0000] {logging_mixin.py:137} INFO - [2023-01-21T23:48:25.145+0000] {dagbag.py:538} INFO - Filling up the DagBag from /home/airflow/.local/lib/python3.7/site-packages/airflow/example_dags/example_xcomargs.py
[2023-01-21T23:48:25.159+0000] {processor.py:753} INFO - DAG(s) dict_keys(['example_xcom_args_with_operators', 'example_xcom_args']) retrieved from /home/airflow/.local/lib/python3.7/site-packages/airflow/example_dags/example_xcomargs.py
[2023-01-21T23:48:25.179+0000] {logging_mixin.py:137} INFO - [2023-01-21T23:48:25.179+0000] {dag.py:2690} INFO - Sync 2 DAGs
[2023-01-21T23:48:25.193+0000] {logging_mixin.py:137} INFO - [2023-01-21T23:48:25.192+0000] {dag.py:3441} INFO - Setting next_dagrun for example_xcom_args to None, run_after=None
[2023-01-21T23:48:25.195+0000] {logging_mixin.py:137} INFO - [2023-01-21T23:48:25.195+0000] {dag.py:3441} INFO - Setting next_dagrun for example_xcom_args_with_operators to None, run_after=None
[2023-01-21T23:48:25.204+0000] {processor.py:175} INFO - Processing /home/airflow/.local/lib/python3.7/site-packages/airflow/example_dags/example_xcomargs.py took 0.064 seconds
[2023-01-21T23:48:55.580+0000] {processor.py:153} INFO - Started process (PID=557) to work on /home/airflow/.local/lib/python3.7/site-packages/airflow/example_dags/example_xcomargs.py
[2023-01-21T23:48:55.583+0000] {processor.py:743} INFO - Processing file /home/airflow/.local/lib/python3.7/site-packages/airflow/example_dags/example_xcomargs.py for tasks to queue
[2023-01-21T23:48:55.584+0000] {logging_mixin.py:137} INFO - [2023-01-21T23:48:55.584+0000] {dagbag.py:538} INFO - Filling up the DagBag from /home/airflow/.local/lib/python3.7/site-packages/airflow/example_dags/example_xcomargs.py
[2023-01-21T23:48:55.619+0000] {processor.py:753} INFO - DAG(s) dict_keys(['example_xcom_args', 'example_xcom_args_with_operators']) retrieved from /home/airflow/.local/lib/python3.7/site-packages/airflow/example_dags/example_xcomargs.py
[2023-01-21T23:48:55.654+0000] {logging_mixin.py:137} INFO - [2023-01-21T23:48:55.654+0000] {dag.py:2690} INFO - Sync 2 DAGs
[2023-01-21T23:48:55.681+0000] {logging_mixin.py:137} INFO - [2023-01-21T23:48:55.681+0000] {dag.py:3441} INFO - Setting next_dagrun for example_xcom_args to None, run_after=None
[2023-01-21T23:48:55.688+0000] {logging_mixin.py:137} INFO - [2023-01-21T23:48:55.687+0000] {dag.py:3441} INFO - Setting next_dagrun for example_xcom_args_with_operators to None, run_after=None
[2023-01-21T23:48:55.723+0000] {processor.py:175} INFO - Processing /home/airflow/.local/lib/python3.7/site-packages/airflow/example_dags/example_xcomargs.py took 0.150 seconds
[2023-01-21T23:49:26.128+0000] {processor.py:153} INFO - Started process (PID=622) to work on /home/airflow/.local/lib/python3.7/site-packages/airflow/example_dags/example_xcomargs.py
[2023-01-21T23:49:26.129+0000] {processor.py:743} INFO - Processing file /home/airflow/.local/lib/python3.7/site-packages/airflow/example_dags/example_xcomargs.py for tasks to queue
[2023-01-21T23:49:26.130+0000] {logging_mixin.py:137} INFO - [2023-01-21T23:49:26.130+0000] {dagbag.py:538} INFO - Filling up the DagBag from /home/airflow/.local/lib/python3.7/site-packages/airflow/example_dags/example_xcomargs.py
[2023-01-21T23:49:26.144+0000] {processor.py:753} INFO - DAG(s) dict_keys(['example_xcom_args', 'example_xcom_args_with_operators']) retrieved from /home/airflow/.local/lib/python3.7/site-packages/airflow/example_dags/example_xcomargs.py
[2023-01-21T23:49:26.165+0000] {logging_mixin.py:137} INFO - [2023-01-21T23:49:26.165+0000] {dag.py:2690} INFO - Sync 2 DAGs
[2023-01-21T23:49:26.179+0000] {logging_mixin.py:137} INFO - [2023-01-21T23:49:26.179+0000] {dag.py:3441} INFO - Setting next_dagrun for example_xcom_args to None, run_after=None
[2023-01-21T23:49:26.182+0000] {logging_mixin.py:137} INFO - [2023-01-21T23:49:26.182+0000] {dag.py:3441} INFO - Setting next_dagrun for example_xcom_args_with_operators to None, run_after=None
[2023-01-21T23:49:26.193+0000] {processor.py:175} INFO - Processing /home/airflow/.local/lib/python3.7/site-packages/airflow/example_dags/example_xcomargs.py took 0.069 seconds
[2023-01-21T23:49:56.452+0000] {processor.py:153} INFO - Started process (PID=699) to work on /home/airflow/.local/lib/python3.7/site-packages/airflow/example_dags/example_xcomargs.py
[2023-01-21T23:49:56.453+0000] {processor.py:743} INFO - Processing file /home/airflow/.local/lib/python3.7/site-packages/airflow/example_dags/example_xcomargs.py for tasks to queue
[2023-01-21T23:49:56.454+0000] {logging_mixin.py:137} INFO - [2023-01-21T23:49:56.453+0000] {dagbag.py:538} INFO - Filling up the DagBag from /home/airflow/.local/lib/python3.7/site-packages/airflow/example_dags/example_xcomargs.py
[2023-01-21T23:49:56.469+0000] {processor.py:753} INFO - DAG(s) dict_keys(['example_xcom_args', 'example_xcom_args_with_operators']) retrieved from /home/airflow/.local/lib/python3.7/site-packages/airflow/example_dags/example_xcomargs.py
[2023-01-21T23:49:56.489+0000] {logging_mixin.py:137} INFO - [2023-01-21T23:49:56.489+0000] {dag.py:2690} INFO - Sync 2 DAGs
[2023-01-21T23:49:56.504+0000] {logging_mixin.py:137} INFO - [2023-01-21T23:49:56.504+0000] {dag.py:3441} INFO - Setting next_dagrun for example_xcom_args to None, run_after=None
[2023-01-21T23:49:56.507+0000] {logging_mixin.py:137} INFO - [2023-01-21T23:49:56.506+0000] {dag.py:3441} INFO - Setting next_dagrun for example_xcom_args_with_operators to None, run_after=None
[2023-01-21T23:49:56.516+0000] {processor.py:175} INFO - Processing /home/airflow/.local/lib/python3.7/site-packages/airflow/example_dags/example_xcomargs.py took 0.067 seconds
[2023-01-21T23:50:26.846+0000] {processor.py:153} INFO - Started process (PID=771) to work on /home/airflow/.local/lib/python3.7/site-packages/airflow/example_dags/example_xcomargs.py
[2023-01-21T23:50:26.848+0000] {processor.py:743} INFO - Processing file /home/airflow/.local/lib/python3.7/site-packages/airflow/example_dags/example_xcomargs.py for tasks to queue
[2023-01-21T23:50:26.853+0000] {logging_mixin.py:137} INFO - [2023-01-21T23:50:26.853+0000] {dagbag.py:538} INFO - Filling up the DagBag from /home/airflow/.local/lib/python3.7/site-packages/airflow/example_dags/example_xcomargs.py
[2023-01-21T23:50:26.871+0000] {processor.py:753} INFO - DAG(s) dict_keys(['example_xcom_args', 'example_xcom_args_with_operators']) retrieved from /home/airflow/.local/lib/python3.7/site-packages/airflow/example_dags/example_xcomargs.py
[2023-01-21T23:50:26.902+0000] {logging_mixin.py:137} INFO - [2023-01-21T23:50:26.902+0000] {dag.py:2690} INFO - Sync 2 DAGs
[2023-01-21T23:50:26.920+0000] {logging_mixin.py:137} INFO - [2023-01-21T23:50:26.920+0000] {dag.py:3441} INFO - Setting next_dagrun for example_xcom_args to None, run_after=None
[2023-01-21T23:50:26.923+0000] {logging_mixin.py:137} INFO - [2023-01-21T23:50:26.923+0000] {dag.py:3441} INFO - Setting next_dagrun for example_xcom_args_with_operators to None, run_after=None
[2023-01-21T23:50:26.948+0000] {processor.py:175} INFO - Processing /home/airflow/.local/lib/python3.7/site-packages/airflow/example_dags/example_xcomargs.py took 0.106 seconds
[2023-01-21T23:54:03.823+0000] {processor.py:153} INFO - Started process (PID=49) to work on /home/airflow/.local/lib/python3.7/site-packages/airflow/example_dags/example_xcomargs.py
[2023-01-21T23:54:03.825+0000] {processor.py:743} INFO - Processing file /home/airflow/.local/lib/python3.7/site-packages/airflow/example_dags/example_xcomargs.py for tasks to queue
[2023-01-21T23:54:03.830+0000] {logging_mixin.py:137} INFO - [2023-01-21T23:54:03.830+0000] {dagbag.py:538} INFO - Filling up the DagBag from /home/airflow/.local/lib/python3.7/site-packages/airflow/example_dags/example_xcomargs.py
[2023-01-21T23:54:03.882+0000] {processor.py:753} INFO - DAG(s) dict_keys(['example_xcom_args_with_operators', 'example_xcom_args']) retrieved from /home/airflow/.local/lib/python3.7/site-packages/airflow/example_dags/example_xcomargs.py
[2023-01-21T23:54:03.925+0000] {logging_mixin.py:137} INFO - [2023-01-21T23:54:03.924+0000] {dag.py:2690} INFO - Sync 2 DAGs
[2023-01-21T23:54:03.972+0000] {logging_mixin.py:137} INFO - [2023-01-21T23:54:03.972+0000] {dag.py:3441} INFO - Setting next_dagrun for example_xcom_args to None, run_after=None
[2023-01-21T23:54:03.979+0000] {logging_mixin.py:137} INFO - [2023-01-21T23:54:03.979+0000] {dag.py:3441} INFO - Setting next_dagrun for example_xcom_args_with_operators to None, run_after=None
[2023-01-21T23:54:03.997+0000] {processor.py:175} INFO - Processing /home/airflow/.local/lib/python3.7/site-packages/airflow/example_dags/example_xcomargs.py took 0.188 seconds
[2023-01-21T23:54:34.528+0000] {processor.py:153} INFO - Started process (PID=125) to work on /home/airflow/.local/lib/python3.7/site-packages/airflow/example_dags/example_xcomargs.py
[2023-01-21T23:54:34.529+0000] {processor.py:743} INFO - Processing file /home/airflow/.local/lib/python3.7/site-packages/airflow/example_dags/example_xcomargs.py for tasks to queue
[2023-01-21T23:54:34.530+0000] {logging_mixin.py:137} INFO - [2023-01-21T23:54:34.530+0000] {dagbag.py:538} INFO - Filling up the DagBag from /home/airflow/.local/lib/python3.7/site-packages/airflow/example_dags/example_xcomargs.py
[2023-01-21T23:54:34.546+0000] {processor.py:753} INFO - DAG(s) dict_keys(['example_xcom_args_with_operators', 'example_xcom_args']) retrieved from /home/airflow/.local/lib/python3.7/site-packages/airflow/example_dags/example_xcomargs.py
[2023-01-21T23:54:34.566+0000] {logging_mixin.py:137} INFO - [2023-01-21T23:54:34.566+0000] {dag.py:2690} INFO - Sync 2 DAGs
[2023-01-21T23:54:34.581+0000] {logging_mixin.py:137} INFO - [2023-01-21T23:54:34.581+0000] {dag.py:3441} INFO - Setting next_dagrun for example_xcom_args to None, run_after=None
[2023-01-21T23:54:34.583+0000] {logging_mixin.py:137} INFO - [2023-01-21T23:54:34.583+0000] {dag.py:3441} INFO - Setting next_dagrun for example_xcom_args_with_operators to None, run_after=None
[2023-01-21T23:54:34.593+0000] {processor.py:175} INFO - Processing /home/airflow/.local/lib/python3.7/site-packages/airflow/example_dags/example_xcomargs.py took 0.068 seconds
[2023-01-21T23:55:04.785+0000] {processor.py:153} INFO - Started process (PID=190) to work on /home/airflow/.local/lib/python3.7/site-packages/airflow/example_dags/example_xcomargs.py
[2023-01-21T23:55:04.787+0000] {processor.py:743} INFO - Processing file /home/airflow/.local/lib/python3.7/site-packages/airflow/example_dags/example_xcomargs.py for tasks to queue
[2023-01-21T23:55:04.788+0000] {logging_mixin.py:137} INFO - [2023-01-21T23:55:04.788+0000] {dagbag.py:538} INFO - Filling up the DagBag from /home/airflow/.local/lib/python3.7/site-packages/airflow/example_dags/example_xcomargs.py
[2023-01-21T23:55:04.804+0000] {processor.py:753} INFO - DAG(s) dict_keys(['example_xcom_args_with_operators', 'example_xcom_args']) retrieved from /home/airflow/.local/lib/python3.7/site-packages/airflow/example_dags/example_xcomargs.py
[2023-01-21T23:55:04.827+0000] {logging_mixin.py:137} INFO - [2023-01-21T23:55:04.827+0000] {dag.py:2690} INFO - Sync 2 DAGs
[2023-01-21T23:55:04.845+0000] {logging_mixin.py:137} INFO - [2023-01-21T23:55:04.845+0000] {dag.py:3441} INFO - Setting next_dagrun for example_xcom_args to None, run_after=None
[2023-01-21T23:55:04.848+0000] {logging_mixin.py:137} INFO - [2023-01-21T23:55:04.848+0000] {dag.py:3441} INFO - Setting next_dagrun for example_xcom_args_with_operators to None, run_after=None
[2023-01-21T23:55:04.859+0000] {processor.py:175} INFO - Processing /home/airflow/.local/lib/python3.7/site-packages/airflow/example_dags/example_xcomargs.py took 0.076 seconds
[2023-01-21T23:56:04.529+0000] {processor.py:153} INFO - Started process (PID=48) to work on /home/airflow/.local/lib/python3.7/site-packages/airflow/example_dags/example_xcomargs.py
[2023-01-21T23:56:04.532+0000] {processor.py:743} INFO - Processing file /home/airflow/.local/lib/python3.7/site-packages/airflow/example_dags/example_xcomargs.py for tasks to queue
[2023-01-21T23:56:04.534+0000] {logging_mixin.py:137} INFO - [2023-01-21T23:56:04.534+0000] {dagbag.py:538} INFO - Filling up the DagBag from /home/airflow/.local/lib/python3.7/site-packages/airflow/example_dags/example_xcomargs.py
[2023-01-21T23:56:04.578+0000] {processor.py:753} INFO - DAG(s) dict_keys(['example_xcom_args', 'example_xcom_args_with_operators']) retrieved from /home/airflow/.local/lib/python3.7/site-packages/airflow/example_dags/example_xcomargs.py
[2023-01-21T23:56:04.600+0000] {logging_mixin.py:137} INFO - [2023-01-21T23:56:04.599+0000] {dag.py:2690} INFO - Sync 2 DAGs
[2023-01-21T23:56:04.635+0000] {logging_mixin.py:137} INFO - [2023-01-21T23:56:04.635+0000] {dag.py:3441} INFO - Setting next_dagrun for example_xcom_args to None, run_after=None
[2023-01-21T23:56:04.639+0000] {logging_mixin.py:137} INFO - [2023-01-21T23:56:04.639+0000] {dag.py:3441} INFO - Setting next_dagrun for example_xcom_args_with_operators to None, run_after=None
[2023-01-21T23:56:04.655+0000] {processor.py:175} INFO - Processing /home/airflow/.local/lib/python3.7/site-packages/airflow/example_dags/example_xcomargs.py took 0.134 seconds
[2023-01-21T23:56:35.165+0000] {processor.py:153} INFO - Started process (PID=124) to work on /home/airflow/.local/lib/python3.7/site-packages/airflow/example_dags/example_xcomargs.py
[2023-01-21T23:56:35.167+0000] {processor.py:743} INFO - Processing file /home/airflow/.local/lib/python3.7/site-packages/airflow/example_dags/example_xcomargs.py for tasks to queue
[2023-01-21T23:56:35.168+0000] {logging_mixin.py:137} INFO - [2023-01-21T23:56:35.168+0000] {dagbag.py:538} INFO - Filling up the DagBag from /home/airflow/.local/lib/python3.7/site-packages/airflow/example_dags/example_xcomargs.py
[2023-01-21T23:56:35.188+0000] {processor.py:753} INFO - DAG(s) dict_keys(['example_xcom_args_with_operators', 'example_xcom_args']) retrieved from /home/airflow/.local/lib/python3.7/site-packages/airflow/example_dags/example_xcomargs.py
[2023-01-21T23:56:35.212+0000] {logging_mixin.py:137} INFO - [2023-01-21T23:56:35.212+0000] {dag.py:2690} INFO - Sync 2 DAGs
[2023-01-21T23:56:35.230+0000] {logging_mixin.py:137} INFO - [2023-01-21T23:56:35.230+0000] {dag.py:3441} INFO - Setting next_dagrun for example_xcom_args to None, run_after=None
[2023-01-21T23:56:35.233+0000] {logging_mixin.py:137} INFO - [2023-01-21T23:56:35.233+0000] {dag.py:3441} INFO - Setting next_dagrun for example_xcom_args_with_operators to None, run_after=None
[2023-01-21T23:56:35.245+0000] {processor.py:175} INFO - Processing /home/airflow/.local/lib/python3.7/site-packages/airflow/example_dags/example_xcomargs.py took 0.083 seconds
[2023-01-21T23:57:05.933+0000] {processor.py:153} INFO - Started process (PID=188) to work on /home/airflow/.local/lib/python3.7/site-packages/airflow/example_dags/example_xcomargs.py
[2023-01-21T23:57:05.934+0000] {processor.py:743} INFO - Processing file /home/airflow/.local/lib/python3.7/site-packages/airflow/example_dags/example_xcomargs.py for tasks to queue
[2023-01-21T23:57:05.935+0000] {logging_mixin.py:137} INFO - [2023-01-21T23:57:05.935+0000] {dagbag.py:538} INFO - Filling up the DagBag from /home/airflow/.local/lib/python3.7/site-packages/airflow/example_dags/example_xcomargs.py
[2023-01-21T23:57:05.950+0000] {processor.py:753} INFO - DAG(s) dict_keys(['example_xcom_args', 'example_xcom_args_with_operators']) retrieved from /home/airflow/.local/lib/python3.7/site-packages/airflow/example_dags/example_xcomargs.py
[2023-01-21T23:57:05.971+0000] {logging_mixin.py:137} INFO - [2023-01-21T23:57:05.971+0000] {dag.py:2690} INFO - Sync 2 DAGs
[2023-01-21T23:57:05.987+0000] {logging_mixin.py:137} INFO - [2023-01-21T23:57:05.987+0000] {dag.py:3441} INFO - Setting next_dagrun for example_xcom_args to None, run_after=None
[2023-01-21T23:57:05.989+0000] {logging_mixin.py:137} INFO - [2023-01-21T23:57:05.989+0000] {dag.py:3441} INFO - Setting next_dagrun for example_xcom_args_with_operators to None, run_after=None
[2023-01-21T23:57:06.000+0000] {processor.py:175} INFO - Processing /home/airflow/.local/lib/python3.7/site-packages/airflow/example_dags/example_xcomargs.py took 0.070 seconds
