[2023-01-21T23:45:21.920+0000] {processor.py:153} INFO - Started process (PID=43) to work on /home/airflow/.local/lib/python3.7/site-packages/airflow/example_dags/example_dag_decorator.py
[2023-01-21T23:45:21.922+0000] {processor.py:743} INFO - Processing file /home/airflow/.local/lib/python3.7/site-packages/airflow/example_dags/example_dag_decorator.py for tasks to queue
[2023-01-21T23:45:21.923+0000] {logging_mixin.py:137} INFO - [2023-01-21T23:45:21.923+0000] {dagbag.py:538} INFO - Filling up the DagBag from /home/airflow/.local/lib/python3.7/site-packages/airflow/example_dags/example_dag_decorator.py
[2023-01-21T23:45:21.947+0000] {logging_mixin.py:137} INFO - [2023-01-21T23:45:21.947+0000] {taskmixin.py:205} WARNING - Dependency <Task(_PythonDecoratedOperator): prepare_email>, send_email already registered for DAG: example_dag_decorator
[2023-01-21T23:45:21.949+0000] {logging_mixin.py:137} INFO - [2023-01-21T23:45:21.949+0000] {taskmixin.py:205} WARNING - Dependency <Task(EmailOperator): send_email>, prepare_email already registered for DAG: example_dag_decorator
[2023-01-21T23:45:21.975+0000] {processor.py:753} INFO - DAG(s) dict_keys(['example_dag_decorator']) retrieved from /home/airflow/.local/lib/python3.7/site-packages/airflow/example_dags/example_dag_decorator.py
[2023-01-21T23:45:22.007+0000] {logging_mixin.py:137} INFO - [2023-01-21T23:45:22.007+0000] {dag.py:2690} INFO - Sync 1 DAGs
[2023-01-21T23:45:22.037+0000] {logging_mixin.py:137} INFO - [2023-01-21T23:45:22.037+0000] {dag.py:3441} INFO - Setting next_dagrun for example_dag_decorator to None, run_after=None
[2023-01-21T23:45:22.058+0000] {processor.py:175} INFO - Processing /home/airflow/.local/lib/python3.7/site-packages/airflow/example_dags/example_dag_decorator.py took 0.146 seconds
[2023-01-21T23:45:52.684+0000] {processor.py:153} INFO - Started process (PID=119) to work on /home/airflow/.local/lib/python3.7/site-packages/airflow/example_dags/example_dag_decorator.py
[2023-01-21T23:45:52.685+0000] {processor.py:743} INFO - Processing file /home/airflow/.local/lib/python3.7/site-packages/airflow/example_dags/example_dag_decorator.py for tasks to queue
[2023-01-21T23:45:52.686+0000] {logging_mixin.py:137} INFO - [2023-01-21T23:45:52.686+0000] {dagbag.py:538} INFO - Filling up the DagBag from /home/airflow/.local/lib/python3.7/site-packages/airflow/example_dags/example_dag_decorator.py
[2023-01-21T23:45:52.698+0000] {logging_mixin.py:137} INFO - [2023-01-21T23:45:52.698+0000] {taskmixin.py:205} WARNING - Dependency <Task(_PythonDecoratedOperator): prepare_email>, send_email already registered for DAG: example_dag_decorator
[2023-01-21T23:45:52.699+0000] {logging_mixin.py:137} INFO - [2023-01-21T23:45:52.699+0000] {taskmixin.py:205} WARNING - Dependency <Task(EmailOperator): send_email>, prepare_email already registered for DAG: example_dag_decorator
[2023-01-21T23:45:52.709+0000] {processor.py:753} INFO - DAG(s) dict_keys(['example_dag_decorator']) retrieved from /home/airflow/.local/lib/python3.7/site-packages/airflow/example_dags/example_dag_decorator.py
[2023-01-21T23:45:52.751+0000] {logging_mixin.py:137} INFO - [2023-01-21T23:45:52.750+0000] {dag.py:2690} INFO - Sync 1 DAGs
[2023-01-21T23:45:52.764+0000] {logging_mixin.py:137} INFO - [2023-01-21T23:45:52.764+0000] {dag.py:3441} INFO - Setting next_dagrun for example_dag_decorator to None, run_after=None
[2023-01-21T23:45:52.777+0000] {processor.py:175} INFO - Processing /home/airflow/.local/lib/python3.7/site-packages/airflow/example_dags/example_dag_decorator.py took 0.096 seconds
[2023-01-21T23:46:23.137+0000] {processor.py:153} INFO - Started process (PID=184) to work on /home/airflow/.local/lib/python3.7/site-packages/airflow/example_dags/example_dag_decorator.py
[2023-01-21T23:46:23.139+0000] {processor.py:743} INFO - Processing file /home/airflow/.local/lib/python3.7/site-packages/airflow/example_dags/example_dag_decorator.py for tasks to queue
[2023-01-21T23:46:23.140+0000] {logging_mixin.py:137} INFO - [2023-01-21T23:46:23.140+0000] {dagbag.py:538} INFO - Filling up the DagBag from /home/airflow/.local/lib/python3.7/site-packages/airflow/example_dags/example_dag_decorator.py
[2023-01-21T23:46:23.152+0000] {logging_mixin.py:137} INFO - [2023-01-21T23:46:23.152+0000] {taskmixin.py:205} WARNING - Dependency <Task(_PythonDecoratedOperator): prepare_email>, send_email already registered for DAG: example_dag_decorator
[2023-01-21T23:46:23.152+0000] {logging_mixin.py:137} INFO - [2023-01-21T23:46:23.152+0000] {taskmixin.py:205} WARNING - Dependency <Task(EmailOperator): send_email>, prepare_email already registered for DAG: example_dag_decorator
[2023-01-21T23:46:23.162+0000] {processor.py:753} INFO - DAG(s) dict_keys(['example_dag_decorator']) retrieved from /home/airflow/.local/lib/python3.7/site-packages/airflow/example_dags/example_dag_decorator.py
[2023-01-21T23:46:23.204+0000] {logging_mixin.py:137} INFO - [2023-01-21T23:46:23.204+0000] {dag.py:2690} INFO - Sync 1 DAGs
[2023-01-21T23:46:23.219+0000] {logging_mixin.py:137} INFO - [2023-01-21T23:46:23.219+0000] {dag.py:3441} INFO - Setting next_dagrun for example_dag_decorator to None, run_after=None
[2023-01-21T23:46:23.234+0000] {processor.py:175} INFO - Processing /home/airflow/.local/lib/python3.7/site-packages/airflow/example_dags/example_dag_decorator.py took 0.100 seconds
[2023-01-21T23:46:53.668+0000] {processor.py:153} INFO - Started process (PID=259) to work on /home/airflow/.local/lib/python3.7/site-packages/airflow/example_dags/example_dag_decorator.py
[2023-01-21T23:46:53.670+0000] {processor.py:743} INFO - Processing file /home/airflow/.local/lib/python3.7/site-packages/airflow/example_dags/example_dag_decorator.py for tasks to queue
[2023-01-21T23:46:53.671+0000] {logging_mixin.py:137} INFO - [2023-01-21T23:46:53.671+0000] {dagbag.py:538} INFO - Filling up the DagBag from /home/airflow/.local/lib/python3.7/site-packages/airflow/example_dags/example_dag_decorator.py
[2023-01-21T23:46:53.683+0000] {logging_mixin.py:137} INFO - [2023-01-21T23:46:53.683+0000] {taskmixin.py:205} WARNING - Dependency <Task(_PythonDecoratedOperator): prepare_email>, send_email already registered for DAG: example_dag_decorator
[2023-01-21T23:46:53.684+0000] {logging_mixin.py:137} INFO - [2023-01-21T23:46:53.684+0000] {taskmixin.py:205} WARNING - Dependency <Task(EmailOperator): send_email>, prepare_email already registered for DAG: example_dag_decorator
[2023-01-21T23:46:53.693+0000] {processor.py:753} INFO - DAG(s) dict_keys(['example_dag_decorator']) retrieved from /home/airflow/.local/lib/python3.7/site-packages/airflow/example_dags/example_dag_decorator.py
[2023-01-21T23:46:53.738+0000] {logging_mixin.py:137} INFO - [2023-01-21T23:46:53.738+0000] {dag.py:2690} INFO - Sync 1 DAGs
[2023-01-21T23:46:53.754+0000] {logging_mixin.py:137} INFO - [2023-01-21T23:46:53.754+0000] {dag.py:3441} INFO - Setting next_dagrun for example_dag_decorator to None, run_after=None
[2023-01-21T23:46:53.766+0000] {processor.py:175} INFO - Processing /home/airflow/.local/lib/python3.7/site-packages/airflow/example_dags/example_dag_decorator.py took 0.101 seconds
[2023-01-21T23:47:24.106+0000] {processor.py:153} INFO - Started process (PID=334) to work on /home/airflow/.local/lib/python3.7/site-packages/airflow/example_dags/example_dag_decorator.py
[2023-01-21T23:47:24.107+0000] {processor.py:743} INFO - Processing file /home/airflow/.local/lib/python3.7/site-packages/airflow/example_dags/example_dag_decorator.py for tasks to queue
[2023-01-21T23:47:24.108+0000] {logging_mixin.py:137} INFO - [2023-01-21T23:47:24.108+0000] {dagbag.py:538} INFO - Filling up the DagBag from /home/airflow/.local/lib/python3.7/site-packages/airflow/example_dags/example_dag_decorator.py
[2023-01-21T23:47:24.118+0000] {logging_mixin.py:137} INFO - [2023-01-21T23:47:24.118+0000] {taskmixin.py:205} WARNING - Dependency <Task(_PythonDecoratedOperator): prepare_email>, send_email already registered for DAG: example_dag_decorator
[2023-01-21T23:47:24.119+0000] {logging_mixin.py:137} INFO - [2023-01-21T23:47:24.119+0000] {taskmixin.py:205} WARNING - Dependency <Task(EmailOperator): send_email>, prepare_email already registered for DAG: example_dag_decorator
[2023-01-21T23:47:24.128+0000] {processor.py:753} INFO - DAG(s) dict_keys(['example_dag_decorator']) retrieved from /home/airflow/.local/lib/python3.7/site-packages/airflow/example_dags/example_dag_decorator.py
[2023-01-21T23:47:24.169+0000] {logging_mixin.py:137} INFO - [2023-01-21T23:47:24.169+0000] {dag.py:2690} INFO - Sync 1 DAGs
[2023-01-21T23:47:24.181+0000] {logging_mixin.py:137} INFO - [2023-01-21T23:47:24.181+0000] {dag.py:3441} INFO - Setting next_dagrun for example_dag_decorator to None, run_after=None
[2023-01-21T23:47:24.192+0000] {processor.py:175} INFO - Processing /home/airflow/.local/lib/python3.7/site-packages/airflow/example_dags/example_dag_decorator.py took 0.088 seconds
[2023-01-21T23:47:54.397+0000] {processor.py:153} INFO - Started process (PID=399) to work on /home/airflow/.local/lib/python3.7/site-packages/airflow/example_dags/example_dag_decorator.py
[2023-01-21T23:47:54.398+0000] {processor.py:743} INFO - Processing file /home/airflow/.local/lib/python3.7/site-packages/airflow/example_dags/example_dag_decorator.py for tasks to queue
[2023-01-21T23:47:54.399+0000] {logging_mixin.py:137} INFO - [2023-01-21T23:47:54.399+0000] {dagbag.py:538} INFO - Filling up the DagBag from /home/airflow/.local/lib/python3.7/site-packages/airflow/example_dags/example_dag_decorator.py
[2023-01-21T23:47:54.415+0000] {logging_mixin.py:137} INFO - [2023-01-21T23:47:54.415+0000] {taskmixin.py:205} WARNING - Dependency <Task(_PythonDecoratedOperator): prepare_email>, send_email already registered for DAG: example_dag_decorator
[2023-01-21T23:47:54.416+0000] {logging_mixin.py:137} INFO - [2023-01-21T23:47:54.416+0000] {taskmixin.py:205} WARNING - Dependency <Task(EmailOperator): send_email>, prepare_email already registered for DAG: example_dag_decorator
[2023-01-21T23:47:54.427+0000] {processor.py:753} INFO - DAG(s) dict_keys(['example_dag_decorator']) retrieved from /home/airflow/.local/lib/python3.7/site-packages/airflow/example_dags/example_dag_decorator.py
[2023-01-21T23:47:54.472+0000] {logging_mixin.py:137} INFO - [2023-01-21T23:47:54.472+0000] {dag.py:2690} INFO - Sync 1 DAGs
[2023-01-21T23:47:54.485+0000] {logging_mixin.py:137} INFO - [2023-01-21T23:47:54.485+0000] {dag.py:3441} INFO - Setting next_dagrun for example_dag_decorator to None, run_after=None
[2023-01-21T23:47:54.498+0000] {processor.py:175} INFO - Processing /home/airflow/.local/lib/python3.7/site-packages/airflow/example_dags/example_dag_decorator.py took 0.104 seconds
[2023-01-21T23:48:24.765+0000] {processor.py:153} INFO - Started process (PID=475) to work on /home/airflow/.local/lib/python3.7/site-packages/airflow/example_dags/example_dag_decorator.py
[2023-01-21T23:48:24.767+0000] {processor.py:743} INFO - Processing file /home/airflow/.local/lib/python3.7/site-packages/airflow/example_dags/example_dag_decorator.py for tasks to queue
[2023-01-21T23:48:24.767+0000] {logging_mixin.py:137} INFO - [2023-01-21T23:48:24.767+0000] {dagbag.py:538} INFO - Filling up the DagBag from /home/airflow/.local/lib/python3.7/site-packages/airflow/example_dags/example_dag_decorator.py
[2023-01-21T23:48:24.780+0000] {logging_mixin.py:137} INFO - [2023-01-21T23:48:24.780+0000] {taskmixin.py:205} WARNING - Dependency <Task(_PythonDecoratedOperator): prepare_email>, send_email already registered for DAG: example_dag_decorator
[2023-01-21T23:48:24.781+0000] {logging_mixin.py:137} INFO - [2023-01-21T23:48:24.781+0000] {taskmixin.py:205} WARNING - Dependency <Task(EmailOperator): send_email>, prepare_email already registered for DAG: example_dag_decorator
[2023-01-21T23:48:24.790+0000] {processor.py:753} INFO - DAG(s) dict_keys(['example_dag_decorator']) retrieved from /home/airflow/.local/lib/python3.7/site-packages/airflow/example_dags/example_dag_decorator.py
[2023-01-21T23:48:24.831+0000] {logging_mixin.py:137} INFO - [2023-01-21T23:48:24.831+0000] {dag.py:2690} INFO - Sync 1 DAGs
[2023-01-21T23:48:24.844+0000] {logging_mixin.py:137} INFO - [2023-01-21T23:48:24.844+0000] {dag.py:3441} INFO - Setting next_dagrun for example_dag_decorator to None, run_after=None
[2023-01-21T23:48:24.859+0000] {processor.py:175} INFO - Processing /home/airflow/.local/lib/python3.7/site-packages/airflow/example_dags/example_dag_decorator.py took 0.096 seconds
[2023-01-21T23:48:55.096+0000] {processor.py:153} INFO - Started process (PID=551) to work on /home/airflow/.local/lib/python3.7/site-packages/airflow/example_dags/example_dag_decorator.py
[2023-01-21T23:48:55.097+0000] {processor.py:743} INFO - Processing file /home/airflow/.local/lib/python3.7/site-packages/airflow/example_dags/example_dag_decorator.py for tasks to queue
[2023-01-21T23:48:55.098+0000] {logging_mixin.py:137} INFO - [2023-01-21T23:48:55.098+0000] {dagbag.py:538} INFO - Filling up the DagBag from /home/airflow/.local/lib/python3.7/site-packages/airflow/example_dags/example_dag_decorator.py
[2023-01-21T23:48:55.112+0000] {logging_mixin.py:137} INFO - [2023-01-21T23:48:55.112+0000] {taskmixin.py:205} WARNING - Dependency <Task(_PythonDecoratedOperator): prepare_email>, send_email already registered for DAG: example_dag_decorator
[2023-01-21T23:48:55.113+0000] {logging_mixin.py:137} INFO - [2023-01-21T23:48:55.113+0000] {taskmixin.py:205} WARNING - Dependency <Task(EmailOperator): send_email>, prepare_email already registered for DAG: example_dag_decorator
[2023-01-21T23:48:55.125+0000] {processor.py:753} INFO - DAG(s) dict_keys(['example_dag_decorator']) retrieved from /home/airflow/.local/lib/python3.7/site-packages/airflow/example_dags/example_dag_decorator.py
[2023-01-21T23:48:55.185+0000] {logging_mixin.py:137} INFO - [2023-01-21T23:48:55.185+0000] {dag.py:2690} INFO - Sync 1 DAGs
[2023-01-21T23:48:55.221+0000] {logging_mixin.py:137} INFO - [2023-01-21T23:48:55.221+0000] {dag.py:3441} INFO - Setting next_dagrun for example_dag_decorator to None, run_after=None
[2023-01-21T23:48:55.239+0000] {processor.py:175} INFO - Processing /home/airflow/.local/lib/python3.7/site-packages/airflow/example_dags/example_dag_decorator.py took 0.146 seconds
[2023-01-21T23:49:25.754+0000] {processor.py:153} INFO - Started process (PID=616) to work on /home/airflow/.local/lib/python3.7/site-packages/airflow/example_dags/example_dag_decorator.py
[2023-01-21T23:49:25.755+0000] {processor.py:743} INFO - Processing file /home/airflow/.local/lib/python3.7/site-packages/airflow/example_dags/example_dag_decorator.py for tasks to queue
[2023-01-21T23:49:25.756+0000] {logging_mixin.py:137} INFO - [2023-01-21T23:49:25.756+0000] {dagbag.py:538} INFO - Filling up the DagBag from /home/airflow/.local/lib/python3.7/site-packages/airflow/example_dags/example_dag_decorator.py
[2023-01-21T23:49:25.768+0000] {logging_mixin.py:137} INFO - [2023-01-21T23:49:25.768+0000] {taskmixin.py:205} WARNING - Dependency <Task(_PythonDecoratedOperator): prepare_email>, send_email already registered for DAG: example_dag_decorator
[2023-01-21T23:49:25.769+0000] {logging_mixin.py:137} INFO - [2023-01-21T23:49:25.769+0000] {taskmixin.py:205} WARNING - Dependency <Task(EmailOperator): send_email>, prepare_email already registered for DAG: example_dag_decorator
[2023-01-21T23:49:25.783+0000] {processor.py:753} INFO - DAG(s) dict_keys(['example_dag_decorator']) retrieved from /home/airflow/.local/lib/python3.7/site-packages/airflow/example_dags/example_dag_decorator.py
[2023-01-21T23:49:25.824+0000] {logging_mixin.py:137} INFO - [2023-01-21T23:49:25.824+0000] {dag.py:2690} INFO - Sync 1 DAGs
[2023-01-21T23:49:25.837+0000] {logging_mixin.py:137} INFO - [2023-01-21T23:49:25.837+0000] {dag.py:3441} INFO - Setting next_dagrun for example_dag_decorator to None, run_after=None
[2023-01-21T23:49:25.849+0000] {processor.py:175} INFO - Processing /home/airflow/.local/lib/python3.7/site-packages/airflow/example_dags/example_dag_decorator.py took 0.098 seconds
[2023-01-21T23:49:56.130+0000] {processor.py:153} INFO - Started process (PID=693) to work on /home/airflow/.local/lib/python3.7/site-packages/airflow/example_dags/example_dag_decorator.py
[2023-01-21T23:49:56.131+0000] {processor.py:743} INFO - Processing file /home/airflow/.local/lib/python3.7/site-packages/airflow/example_dags/example_dag_decorator.py for tasks to queue
[2023-01-21T23:49:56.133+0000] {logging_mixin.py:137} INFO - [2023-01-21T23:49:56.133+0000] {dagbag.py:538} INFO - Filling up the DagBag from /home/airflow/.local/lib/python3.7/site-packages/airflow/example_dags/example_dag_decorator.py
[2023-01-21T23:49:56.146+0000] {logging_mixin.py:137} INFO - [2023-01-21T23:49:56.146+0000] {taskmixin.py:205} WARNING - Dependency <Task(_PythonDecoratedOperator): prepare_email>, send_email already registered for DAG: example_dag_decorator
[2023-01-21T23:49:56.147+0000] {logging_mixin.py:137} INFO - [2023-01-21T23:49:56.147+0000] {taskmixin.py:205} WARNING - Dependency <Task(EmailOperator): send_email>, prepare_email already registered for DAG: example_dag_decorator
[2023-01-21T23:49:56.164+0000] {processor.py:753} INFO - DAG(s) dict_keys(['example_dag_decorator']) retrieved from /home/airflow/.local/lib/python3.7/site-packages/airflow/example_dags/example_dag_decorator.py
[2023-01-21T23:49:56.207+0000] {logging_mixin.py:137} INFO - [2023-01-21T23:49:56.207+0000] {dag.py:2690} INFO - Sync 1 DAGs
[2023-01-21T23:49:56.220+0000] {logging_mixin.py:137} INFO - [2023-01-21T23:49:56.220+0000] {dag.py:3441} INFO - Setting next_dagrun for example_dag_decorator to None, run_after=None
[2023-01-21T23:49:56.231+0000] {processor.py:175} INFO - Processing /home/airflow/.local/lib/python3.7/site-packages/airflow/example_dags/example_dag_decorator.py took 0.104 seconds
[2023-01-21T23:50:26.428+0000] {processor.py:153} INFO - Started process (PID=756) to work on /home/airflow/.local/lib/python3.7/site-packages/airflow/example_dags/example_dag_decorator.py
[2023-01-21T23:50:26.430+0000] {processor.py:743} INFO - Processing file /home/airflow/.local/lib/python3.7/site-packages/airflow/example_dags/example_dag_decorator.py for tasks to queue
[2023-01-21T23:50:26.431+0000] {logging_mixin.py:137} INFO - [2023-01-21T23:50:26.431+0000] {dagbag.py:538} INFO - Filling up the DagBag from /home/airflow/.local/lib/python3.7/site-packages/airflow/example_dags/example_dag_decorator.py
[2023-01-21T23:50:26.446+0000] {logging_mixin.py:137} INFO - [2023-01-21T23:50:26.445+0000] {taskmixin.py:205} WARNING - Dependency <Task(_PythonDecoratedOperator): prepare_email>, send_email already registered for DAG: example_dag_decorator
[2023-01-21T23:50:26.446+0000] {logging_mixin.py:137} INFO - [2023-01-21T23:50:26.446+0000] {taskmixin.py:205} WARNING - Dependency <Task(EmailOperator): send_email>, prepare_email already registered for DAG: example_dag_decorator
[2023-01-21T23:50:26.456+0000] {processor.py:753} INFO - DAG(s) dict_keys(['example_dag_decorator']) retrieved from /home/airflow/.local/lib/python3.7/site-packages/airflow/example_dags/example_dag_decorator.py
[2023-01-21T23:50:26.499+0000] {logging_mixin.py:137} INFO - [2023-01-21T23:50:26.499+0000] {dag.py:2690} INFO - Sync 1 DAGs
[2023-01-21T23:50:26.513+0000] {logging_mixin.py:137} INFO - [2023-01-21T23:50:26.513+0000] {dag.py:3441} INFO - Setting next_dagrun for example_dag_decorator to None, run_after=None
[2023-01-21T23:50:26.526+0000] {processor.py:175} INFO - Processing /home/airflow/.local/lib/python3.7/site-packages/airflow/example_dags/example_dag_decorator.py took 0.101 seconds
[2023-01-21T23:54:03.198+0000] {processor.py:153} INFO - Started process (PID=43) to work on /home/airflow/.local/lib/python3.7/site-packages/airflow/example_dags/example_dag_decorator.py
[2023-01-21T23:54:03.199+0000] {processor.py:743} INFO - Processing file /home/airflow/.local/lib/python3.7/site-packages/airflow/example_dags/example_dag_decorator.py for tasks to queue
[2023-01-21T23:54:03.201+0000] {logging_mixin.py:137} INFO - [2023-01-21T23:54:03.200+0000] {dagbag.py:538} INFO - Filling up the DagBag from /home/airflow/.local/lib/python3.7/site-packages/airflow/example_dags/example_dag_decorator.py
[2023-01-21T23:54:03.226+0000] {logging_mixin.py:137} INFO - [2023-01-21T23:54:03.226+0000] {taskmixin.py:205} WARNING - Dependency <Task(_PythonDecoratedOperator): prepare_email>, send_email already registered for DAG: example_dag_decorator
[2023-01-21T23:54:03.231+0000] {logging_mixin.py:137} INFO - [2023-01-21T23:54:03.231+0000] {taskmixin.py:205} WARNING - Dependency <Task(EmailOperator): send_email>, prepare_email already registered for DAG: example_dag_decorator
[2023-01-21T23:54:03.273+0000] {processor.py:753} INFO - DAG(s) dict_keys(['example_dag_decorator']) retrieved from /home/airflow/.local/lib/python3.7/site-packages/airflow/example_dags/example_dag_decorator.py
[2023-01-21T23:54:03.310+0000] {logging_mixin.py:137} INFO - [2023-01-21T23:54:03.309+0000] {dag.py:2690} INFO - Sync 1 DAGs
[2023-01-21T23:54:03.366+0000] {logging_mixin.py:137} INFO - [2023-01-21T23:54:03.366+0000] {dag.py:3441} INFO - Setting next_dagrun for example_dag_decorator to None, run_after=None
[2023-01-21T23:54:03.395+0000] {processor.py:175} INFO - Processing /home/airflow/.local/lib/python3.7/site-packages/airflow/example_dags/example_dag_decorator.py took 0.200 seconds
[2023-01-21T23:54:34.167+0000] {processor.py:153} INFO - Started process (PID=119) to work on /home/airflow/.local/lib/python3.7/site-packages/airflow/example_dags/example_dag_decorator.py
[2023-01-21T23:54:34.168+0000] {processor.py:743} INFO - Processing file /home/airflow/.local/lib/python3.7/site-packages/airflow/example_dags/example_dag_decorator.py for tasks to queue
[2023-01-21T23:54:34.169+0000] {logging_mixin.py:137} INFO - [2023-01-21T23:54:34.169+0000] {dagbag.py:538} INFO - Filling up the DagBag from /home/airflow/.local/lib/python3.7/site-packages/airflow/example_dags/example_dag_decorator.py
[2023-01-21T23:54:34.186+0000] {logging_mixin.py:137} INFO - [2023-01-21T23:54:34.186+0000] {taskmixin.py:205} WARNING - Dependency <Task(_PythonDecoratedOperator): prepare_email>, send_email already registered for DAG: example_dag_decorator
[2023-01-21T23:54:34.187+0000] {logging_mixin.py:137} INFO - [2023-01-21T23:54:34.187+0000] {taskmixin.py:205} WARNING - Dependency <Task(EmailOperator): send_email>, prepare_email already registered for DAG: example_dag_decorator
[2023-01-21T23:54:34.197+0000] {processor.py:753} INFO - DAG(s) dict_keys(['example_dag_decorator']) retrieved from /home/airflow/.local/lib/python3.7/site-packages/airflow/example_dags/example_dag_decorator.py
[2023-01-21T23:54:34.257+0000] {logging_mixin.py:137} INFO - [2023-01-21T23:54:34.257+0000] {dag.py:2690} INFO - Sync 1 DAGs
[2023-01-21T23:54:34.277+0000] {logging_mixin.py:137} INFO - [2023-01-21T23:54:34.277+0000] {dag.py:3441} INFO - Setting next_dagrun for example_dag_decorator to None, run_after=None
[2023-01-21T23:54:34.291+0000] {processor.py:175} INFO - Processing /home/airflow/.local/lib/python3.7/site-packages/airflow/example_dags/example_dag_decorator.py took 0.126 seconds
[2023-01-21T23:55:04.446+0000] {processor.py:153} INFO - Started process (PID=184) to work on /home/airflow/.local/lib/python3.7/site-packages/airflow/example_dags/example_dag_decorator.py
[2023-01-21T23:55:04.447+0000] {processor.py:743} INFO - Processing file /home/airflow/.local/lib/python3.7/site-packages/airflow/example_dags/example_dag_decorator.py for tasks to queue
[2023-01-21T23:55:04.448+0000] {logging_mixin.py:137} INFO - [2023-01-21T23:55:04.448+0000] {dagbag.py:538} INFO - Filling up the DagBag from /home/airflow/.local/lib/python3.7/site-packages/airflow/example_dags/example_dag_decorator.py
[2023-01-21T23:55:04.466+0000] {logging_mixin.py:137} INFO - [2023-01-21T23:55:04.464+0000] {taskmixin.py:205} WARNING - Dependency <Task(_PythonDecoratedOperator): prepare_email>, send_email already registered for DAG: example_dag_decorator
[2023-01-21T23:55:04.467+0000] {logging_mixin.py:137} INFO - [2023-01-21T23:55:04.467+0000] {taskmixin.py:205} WARNING - Dependency <Task(EmailOperator): send_email>, prepare_email already registered for DAG: example_dag_decorator
[2023-01-21T23:55:04.478+0000] {processor.py:753} INFO - DAG(s) dict_keys(['example_dag_decorator']) retrieved from /home/airflow/.local/lib/python3.7/site-packages/airflow/example_dags/example_dag_decorator.py
[2023-01-21T23:55:04.522+0000] {logging_mixin.py:137} INFO - [2023-01-21T23:55:04.522+0000] {dag.py:2690} INFO - Sync 1 DAGs
[2023-01-21T23:55:04.541+0000] {logging_mixin.py:137} INFO - [2023-01-21T23:55:04.541+0000] {dag.py:3441} INFO - Setting next_dagrun for example_dag_decorator to None, run_after=None
[2023-01-21T23:55:04.563+0000] {processor.py:175} INFO - Processing /home/airflow/.local/lib/python3.7/site-packages/airflow/example_dags/example_dag_decorator.py took 0.120 seconds
[2023-01-21T23:56:03.972+0000] {processor.py:153} INFO - Started process (PID=42) to work on /home/airflow/.local/lib/python3.7/site-packages/airflow/example_dags/example_dag_decorator.py
[2023-01-21T23:56:03.976+0000] {processor.py:743} INFO - Processing file /home/airflow/.local/lib/python3.7/site-packages/airflow/example_dags/example_dag_decorator.py for tasks to queue
[2023-01-21T23:56:03.978+0000] {logging_mixin.py:137} INFO - [2023-01-21T23:56:03.978+0000] {dagbag.py:538} INFO - Filling up the DagBag from /home/airflow/.local/lib/python3.7/site-packages/airflow/example_dags/example_dag_decorator.py
[2023-01-21T23:56:04.021+0000] {logging_mixin.py:137} INFO - [2023-01-21T23:56:04.021+0000] {taskmixin.py:205} WARNING - Dependency <Task(_PythonDecoratedOperator): prepare_email>, send_email already registered for DAG: example_dag_decorator
[2023-01-21T23:56:04.023+0000] {logging_mixin.py:137} INFO - [2023-01-21T23:56:04.023+0000] {taskmixin.py:205} WARNING - Dependency <Task(EmailOperator): send_email>, prepare_email already registered for DAG: example_dag_decorator
[2023-01-21T23:56:04.051+0000] {processor.py:753} INFO - DAG(s) dict_keys(['example_dag_decorator']) retrieved from /home/airflow/.local/lib/python3.7/site-packages/airflow/example_dags/example_dag_decorator.py
[2023-01-21T23:56:04.081+0000] {logging_mixin.py:137} INFO - [2023-01-21T23:56:04.080+0000] {dag.py:2690} INFO - Sync 1 DAGs
[2023-01-21T23:56:04.112+0000] {logging_mixin.py:137} INFO - [2023-01-21T23:56:04.112+0000] {dag.py:3441} INFO - Setting next_dagrun for example_dag_decorator to None, run_after=None
[2023-01-21T23:56:04.144+0000] {processor.py:175} INFO - Processing /home/airflow/.local/lib/python3.7/site-packages/airflow/example_dags/example_dag_decorator.py took 0.176 seconds
[2023-01-21T23:56:34.786+0000] {processor.py:153} INFO - Started process (PID=118) to work on /home/airflow/.local/lib/python3.7/site-packages/airflow/example_dags/example_dag_decorator.py
[2023-01-21T23:56:34.787+0000] {processor.py:743} INFO - Processing file /home/airflow/.local/lib/python3.7/site-packages/airflow/example_dags/example_dag_decorator.py for tasks to queue
[2023-01-21T23:56:34.788+0000] {logging_mixin.py:137} INFO - [2023-01-21T23:56:34.788+0000] {dagbag.py:538} INFO - Filling up the DagBag from /home/airflow/.local/lib/python3.7/site-packages/airflow/example_dags/example_dag_decorator.py
[2023-01-21T23:56:34.801+0000] {logging_mixin.py:137} INFO - [2023-01-21T23:56:34.801+0000] {taskmixin.py:205} WARNING - Dependency <Task(_PythonDecoratedOperator): prepare_email>, send_email already registered for DAG: example_dag_decorator
[2023-01-21T23:56:34.802+0000] {logging_mixin.py:137} INFO - [2023-01-21T23:56:34.802+0000] {taskmixin.py:205} WARNING - Dependency <Task(EmailOperator): send_email>, prepare_email already registered for DAG: example_dag_decorator
[2023-01-21T23:56:34.811+0000] {processor.py:753} INFO - DAG(s) dict_keys(['example_dag_decorator']) retrieved from /home/airflow/.local/lib/python3.7/site-packages/airflow/example_dags/example_dag_decorator.py
[2023-01-21T23:56:34.859+0000] {logging_mixin.py:137} INFO - [2023-01-21T23:56:34.859+0000] {dag.py:2690} INFO - Sync 1 DAGs
[2023-01-21T23:56:34.875+0000] {logging_mixin.py:137} INFO - [2023-01-21T23:56:34.875+0000] {dag.py:3441} INFO - Setting next_dagrun for example_dag_decorator to None, run_after=None
[2023-01-21T23:56:34.887+0000] {processor.py:175} INFO - Processing /home/airflow/.local/lib/python3.7/site-packages/airflow/example_dags/example_dag_decorator.py took 0.103 seconds
[2023-01-21T23:57:05.572+0000] {processor.py:153} INFO - Started process (PID=182) to work on /home/airflow/.local/lib/python3.7/site-packages/airflow/example_dags/example_dag_decorator.py
[2023-01-21T23:57:05.574+0000] {processor.py:743} INFO - Processing file /home/airflow/.local/lib/python3.7/site-packages/airflow/example_dags/example_dag_decorator.py for tasks to queue
[2023-01-21T23:57:05.575+0000] {logging_mixin.py:137} INFO - [2023-01-21T23:57:05.575+0000] {dagbag.py:538} INFO - Filling up the DagBag from /home/airflow/.local/lib/python3.7/site-packages/airflow/example_dags/example_dag_decorator.py
[2023-01-21T23:57:05.588+0000] {logging_mixin.py:137} INFO - [2023-01-21T23:57:05.588+0000] {taskmixin.py:205} WARNING - Dependency <Task(_PythonDecoratedOperator): prepare_email>, send_email already registered for DAG: example_dag_decorator
[2023-01-21T23:57:05.589+0000] {logging_mixin.py:137} INFO - [2023-01-21T23:57:05.589+0000] {taskmixin.py:205} WARNING - Dependency <Task(EmailOperator): send_email>, prepare_email already registered for DAG: example_dag_decorator
[2023-01-21T23:57:05.599+0000] {processor.py:753} INFO - DAG(s) dict_keys(['example_dag_decorator']) retrieved from /home/airflow/.local/lib/python3.7/site-packages/airflow/example_dags/example_dag_decorator.py
[2023-01-21T23:57:05.645+0000] {logging_mixin.py:137} INFO - [2023-01-21T23:57:05.645+0000] {dag.py:2690} INFO - Sync 1 DAGs
[2023-01-21T23:57:05.666+0000] {logging_mixin.py:137} INFO - [2023-01-21T23:57:05.666+0000] {dag.py:3441} INFO - Setting next_dagrun for example_dag_decorator to None, run_after=None
[2023-01-21T23:57:05.697+0000] {processor.py:175} INFO - Processing /home/airflow/.local/lib/python3.7/site-packages/airflow/example_dags/example_dag_decorator.py took 0.127 seconds
