[2023-01-21T23:45:24.191+0000] {processor.py:153} INFO - Started process (PID=64) to work on /home/airflow/.local/lib/python3.7/site-packages/airflow/example_dags/example_sla_dag.py
[2023-01-21T23:45:24.196+0000] {processor.py:743} INFO - Processing file /home/airflow/.local/lib/python3.7/site-packages/airflow/example_dags/example_sla_dag.py for tasks to queue
[2023-01-21T23:45:24.197+0000] {logging_mixin.py:137} INFO - [2023-01-21T23:45:24.197+0000] {dagbag.py:538} INFO - Filling up the DagBag from /home/airflow/.local/lib/python3.7/site-packages/airflow/example_dags/example_sla_dag.py
[2023-01-21T23:45:24.277+0000] {processor.py:753} INFO - DAG(s) dict_keys(['example_sla_dag']) retrieved from /home/airflow/.local/lib/python3.7/site-packages/airflow/example_dags/example_sla_dag.py
[2023-01-21T23:45:24.309+0000] {logging_mixin.py:137} INFO - [2023-01-21T23:45:24.308+0000] {dag.py:2690} INFO - Sync 1 DAGs
[2023-01-21T23:45:24.334+0000] {logging_mixin.py:137} INFO - [2023-01-21T23:45:24.334+0000] {dag.py:3441} INFO - Setting next_dagrun for example_sla_dag to 2023-01-21T23:42:00+00:00, run_after=2023-01-21T23:44:00+00:00
[2023-01-21T23:45:24.348+0000] {processor.py:175} INFO - Processing /home/airflow/.local/lib/python3.7/site-packages/airflow/example_dags/example_sla_dag.py took 0.159 seconds
[2023-01-21T23:45:54.936+0000] {processor.py:153} INFO - Started process (PID=140) to work on /home/airflow/.local/lib/python3.7/site-packages/airflow/example_dags/example_sla_dag.py
[2023-01-21T23:45:54.937+0000] {processor.py:743} INFO - Processing file /home/airflow/.local/lib/python3.7/site-packages/airflow/example_dags/example_sla_dag.py for tasks to queue
[2023-01-21T23:45:54.938+0000] {logging_mixin.py:137} INFO - [2023-01-21T23:45:54.938+0000] {dagbag.py:538} INFO - Filling up the DagBag from /home/airflow/.local/lib/python3.7/site-packages/airflow/example_dags/example_sla_dag.py
[2023-01-21T23:45:54.957+0000] {processor.py:753} INFO - DAG(s) dict_keys(['example_sla_dag']) retrieved from /home/airflow/.local/lib/python3.7/site-packages/airflow/example_dags/example_sla_dag.py
[2023-01-21T23:45:54.977+0000] {logging_mixin.py:137} INFO - [2023-01-21T23:45:54.977+0000] {dag.py:2690} INFO - Sync 1 DAGs
[2023-01-21T23:45:54.994+0000] {logging_mixin.py:137} INFO - [2023-01-21T23:45:54.994+0000] {dag.py:3441} INFO - Setting next_dagrun for example_sla_dag to 2023-01-21T23:42:00+00:00, run_after=2023-01-21T23:44:00+00:00
[2023-01-21T23:45:55.006+0000] {processor.py:175} INFO - Processing /home/airflow/.local/lib/python3.7/site-packages/airflow/example_dags/example_sla_dag.py took 0.073 seconds
[2023-01-21T23:46:25.475+0000] {processor.py:153} INFO - Started process (PID=213) to work on /home/airflow/.local/lib/python3.7/site-packages/airflow/example_dags/example_sla_dag.py
[2023-01-21T23:46:25.477+0000] {processor.py:743} INFO - Processing file /home/airflow/.local/lib/python3.7/site-packages/airflow/example_dags/example_sla_dag.py for tasks to queue
[2023-01-21T23:46:25.478+0000] {logging_mixin.py:137} INFO - [2023-01-21T23:46:25.478+0000] {dagbag.py:538} INFO - Filling up the DagBag from /home/airflow/.local/lib/python3.7/site-packages/airflow/example_dags/example_sla_dag.py
[2023-01-21T23:46:25.512+0000] {processor.py:753} INFO - DAG(s) dict_keys(['example_sla_dag']) retrieved from /home/airflow/.local/lib/python3.7/site-packages/airflow/example_dags/example_sla_dag.py
[2023-01-21T23:46:25.533+0000] {logging_mixin.py:137} INFO - [2023-01-21T23:46:25.532+0000] {dag.py:2690} INFO - Sync 1 DAGs
[2023-01-21T23:46:25.555+0000] {logging_mixin.py:137} INFO - [2023-01-21T23:46:25.555+0000] {dag.py:3441} INFO - Setting next_dagrun for example_sla_dag to 2023-01-21T23:44:00+00:00, run_after=2023-01-21T23:46:00+00:00
[2023-01-21T23:46:25.570+0000] {processor.py:175} INFO - Processing /home/airflow/.local/lib/python3.7/site-packages/airflow/example_dags/example_sla_dag.py took 0.103 seconds
[2023-01-21T23:46:55.775+0000] {processor.py:153} INFO - Started process (PID=280) to work on /home/airflow/.local/lib/python3.7/site-packages/airflow/example_dags/example_sla_dag.py
[2023-01-21T23:46:55.776+0000] {processor.py:743} INFO - Processing file /home/airflow/.local/lib/python3.7/site-packages/airflow/example_dags/example_sla_dag.py for tasks to queue
[2023-01-21T23:46:55.777+0000] {logging_mixin.py:137} INFO - [2023-01-21T23:46:55.777+0000] {dagbag.py:538} INFO - Filling up the DagBag from /home/airflow/.local/lib/python3.7/site-packages/airflow/example_dags/example_sla_dag.py
[2023-01-21T23:46:55.796+0000] {processor.py:753} INFO - DAG(s) dict_keys(['example_sla_dag']) retrieved from /home/airflow/.local/lib/python3.7/site-packages/airflow/example_dags/example_sla_dag.py
[2023-01-21T23:46:55.817+0000] {logging_mixin.py:137} INFO - [2023-01-21T23:46:55.817+0000] {dag.py:2690} INFO - Sync 1 DAGs
[2023-01-21T23:46:55.835+0000] {logging_mixin.py:137} INFO - [2023-01-21T23:46:55.835+0000] {dag.py:3441} INFO - Setting next_dagrun for example_sla_dag to 2023-01-21T23:44:00+00:00, run_after=2023-01-21T23:46:00+00:00
[2023-01-21T23:46:55.847+0000] {processor.py:175} INFO - Processing /home/airflow/.local/lib/python3.7/site-packages/airflow/example_dags/example_sla_dag.py took 0.074 seconds
[2023-01-21T23:47:26.180+0000] {processor.py:153} INFO - Started process (PID=355) to work on /home/airflow/.local/lib/python3.7/site-packages/airflow/example_dags/example_sla_dag.py
[2023-01-21T23:47:26.181+0000] {processor.py:743} INFO - Processing file /home/airflow/.local/lib/python3.7/site-packages/airflow/example_dags/example_sla_dag.py for tasks to queue
[2023-01-21T23:47:26.182+0000] {logging_mixin.py:137} INFO - [2023-01-21T23:47:26.182+0000] {dagbag.py:538} INFO - Filling up the DagBag from /home/airflow/.local/lib/python3.7/site-packages/airflow/example_dags/example_sla_dag.py
[2023-01-21T23:47:26.196+0000] {processor.py:753} INFO - DAG(s) dict_keys(['example_sla_dag']) retrieved from /home/airflow/.local/lib/python3.7/site-packages/airflow/example_dags/example_sla_dag.py
[2023-01-21T23:47:26.215+0000] {logging_mixin.py:137} INFO - [2023-01-21T23:47:26.215+0000] {dag.py:2690} INFO - Sync 1 DAGs
[2023-01-21T23:47:26.232+0000] {logging_mixin.py:137} INFO - [2023-01-21T23:47:26.232+0000] {dag.py:3441} INFO - Setting next_dagrun for example_sla_dag to 2023-01-21T23:44:00+00:00, run_after=2023-01-21T23:46:00+00:00
[2023-01-21T23:47:26.245+0000] {processor.py:175} INFO - Processing /home/airflow/.local/lib/python3.7/site-packages/airflow/example_dags/example_sla_dag.py took 0.068 seconds
[2023-01-21T23:47:56.552+0000] {processor.py:153} INFO - Started process (PID=420) to work on /home/airflow/.local/lib/python3.7/site-packages/airflow/example_dags/example_sla_dag.py
[2023-01-21T23:47:56.553+0000] {processor.py:743} INFO - Processing file /home/airflow/.local/lib/python3.7/site-packages/airflow/example_dags/example_sla_dag.py for tasks to queue
[2023-01-21T23:47:56.554+0000] {logging_mixin.py:137} INFO - [2023-01-21T23:47:56.554+0000] {dagbag.py:538} INFO - Filling up the DagBag from /home/airflow/.local/lib/python3.7/site-packages/airflow/example_dags/example_sla_dag.py
[2023-01-21T23:47:56.570+0000] {processor.py:753} INFO - DAG(s) dict_keys(['example_sla_dag']) retrieved from /home/airflow/.local/lib/python3.7/site-packages/airflow/example_dags/example_sla_dag.py
[2023-01-21T23:47:56.590+0000] {logging_mixin.py:137} INFO - [2023-01-21T23:47:56.590+0000] {dag.py:2690} INFO - Sync 1 DAGs
[2023-01-21T23:47:56.614+0000] {logging_mixin.py:137} INFO - [2023-01-21T23:47:56.614+0000] {dag.py:3441} INFO - Setting next_dagrun for example_sla_dag to 2023-01-21T23:44:00+00:00, run_after=2023-01-21T23:46:00+00:00
[2023-01-21T23:47:56.629+0000] {processor.py:175} INFO - Processing /home/airflow/.local/lib/python3.7/site-packages/airflow/example_dags/example_sla_dag.py took 0.080 seconds
[2023-01-21T23:48:26.794+0000] {processor.py:153} INFO - Started process (PID=496) to work on /home/airflow/.local/lib/python3.7/site-packages/airflow/example_dags/example_sla_dag.py
[2023-01-21T23:48:26.795+0000] {processor.py:743} INFO - Processing file /home/airflow/.local/lib/python3.7/site-packages/airflow/example_dags/example_sla_dag.py for tasks to queue
[2023-01-21T23:48:26.796+0000] {logging_mixin.py:137} INFO - [2023-01-21T23:48:26.796+0000] {dagbag.py:538} INFO - Filling up the DagBag from /home/airflow/.local/lib/python3.7/site-packages/airflow/example_dags/example_sla_dag.py
[2023-01-21T23:48:26.811+0000] {processor.py:753} INFO - DAG(s) dict_keys(['example_sla_dag']) retrieved from /home/airflow/.local/lib/python3.7/site-packages/airflow/example_dags/example_sla_dag.py
[2023-01-21T23:48:26.830+0000] {logging_mixin.py:137} INFO - [2023-01-21T23:48:26.830+0000] {dag.py:2690} INFO - Sync 1 DAGs
[2023-01-21T23:48:26.852+0000] {logging_mixin.py:137} INFO - [2023-01-21T23:48:26.852+0000] {dag.py:3441} INFO - Setting next_dagrun for example_sla_dag to 2023-01-21T23:46:00+00:00, run_after=2023-01-21T23:48:00+00:00
[2023-01-21T23:48:26.865+0000] {processor.py:175} INFO - Processing /home/airflow/.local/lib/python3.7/site-packages/airflow/example_dags/example_sla_dag.py took 0.073 seconds
[2023-01-21T23:48:57.564+0000] {processor.py:153} INFO - Started process (PID=572) to work on /home/airflow/.local/lib/python3.7/site-packages/airflow/example_dags/example_sla_dag.py
[2023-01-21T23:48:57.565+0000] {processor.py:743} INFO - Processing file /home/airflow/.local/lib/python3.7/site-packages/airflow/example_dags/example_sla_dag.py for tasks to queue
[2023-01-21T23:48:57.566+0000] {logging_mixin.py:137} INFO - [2023-01-21T23:48:57.566+0000] {dagbag.py:538} INFO - Filling up the DagBag from /home/airflow/.local/lib/python3.7/site-packages/airflow/example_dags/example_sla_dag.py
[2023-01-21T23:48:57.582+0000] {processor.py:753} INFO - DAG(s) dict_keys(['example_sla_dag']) retrieved from /home/airflow/.local/lib/python3.7/site-packages/airflow/example_dags/example_sla_dag.py
[2023-01-21T23:48:57.601+0000] {logging_mixin.py:137} INFO - [2023-01-21T23:48:57.601+0000] {dag.py:2690} INFO - Sync 1 DAGs
[2023-01-21T23:48:57.617+0000] {logging_mixin.py:137} INFO - [2023-01-21T23:48:57.617+0000] {dag.py:3441} INFO - Setting next_dagrun for example_sla_dag to 2023-01-21T23:46:00+00:00, run_after=2023-01-21T23:48:00+00:00
[2023-01-21T23:48:57.628+0000] {processor.py:175} INFO - Processing /home/airflow/.local/lib/python3.7/site-packages/airflow/example_dags/example_sla_dag.py took 0.067 seconds
[2023-01-21T23:49:27.946+0000] {processor.py:153} INFO - Started process (PID=637) to work on /home/airflow/.local/lib/python3.7/site-packages/airflow/example_dags/example_sla_dag.py
[2023-01-21T23:49:27.947+0000] {processor.py:743} INFO - Processing file /home/airflow/.local/lib/python3.7/site-packages/airflow/example_dags/example_sla_dag.py for tasks to queue
[2023-01-21T23:49:27.948+0000] {logging_mixin.py:137} INFO - [2023-01-21T23:49:27.948+0000] {dagbag.py:538} INFO - Filling up the DagBag from /home/airflow/.local/lib/python3.7/site-packages/airflow/example_dags/example_sla_dag.py
[2023-01-21T23:49:27.964+0000] {processor.py:753} INFO - DAG(s) dict_keys(['example_sla_dag']) retrieved from /home/airflow/.local/lib/python3.7/site-packages/airflow/example_dags/example_sla_dag.py
[2023-01-21T23:49:27.983+0000] {logging_mixin.py:137} INFO - [2023-01-21T23:49:27.983+0000] {dag.py:2690} INFO - Sync 1 DAGs
[2023-01-21T23:49:28.003+0000] {logging_mixin.py:137} INFO - [2023-01-21T23:49:28.003+0000] {dag.py:3441} INFO - Setting next_dagrun for example_sla_dag to 2023-01-21T23:46:00+00:00, run_after=2023-01-21T23:48:00+00:00
[2023-01-21T23:49:28.014+0000] {processor.py:175} INFO - Processing /home/airflow/.local/lib/python3.7/site-packages/airflow/example_dags/example_sla_dag.py took 0.071 seconds
[2023-01-21T23:49:58.230+0000] {processor.py:153} INFO - Started process (PID=714) to work on /home/airflow/.local/lib/python3.7/site-packages/airflow/example_dags/example_sla_dag.py
[2023-01-21T23:49:58.231+0000] {processor.py:743} INFO - Processing file /home/airflow/.local/lib/python3.7/site-packages/airflow/example_dags/example_sla_dag.py for tasks to queue
[2023-01-21T23:49:58.232+0000] {logging_mixin.py:137} INFO - [2023-01-21T23:49:58.232+0000] {dagbag.py:538} INFO - Filling up the DagBag from /home/airflow/.local/lib/python3.7/site-packages/airflow/example_dags/example_sla_dag.py
[2023-01-21T23:49:58.250+0000] {processor.py:753} INFO - DAG(s) dict_keys(['example_sla_dag']) retrieved from /home/airflow/.local/lib/python3.7/site-packages/airflow/example_dags/example_sla_dag.py
[2023-01-21T23:49:58.269+0000] {logging_mixin.py:137} INFO - [2023-01-21T23:49:58.269+0000] {dag.py:2690} INFO - Sync 1 DAGs
[2023-01-21T23:49:58.287+0000] {logging_mixin.py:137} INFO - [2023-01-21T23:49:58.287+0000] {dag.py:3441} INFO - Setting next_dagrun for example_sla_dag to 2023-01-21T23:46:00+00:00, run_after=2023-01-21T23:48:00+00:00
[2023-01-21T23:49:58.299+0000] {processor.py:175} INFO - Processing /home/airflow/.local/lib/python3.7/site-packages/airflow/example_dags/example_sla_dag.py took 0.072 seconds
[2023-01-21T23:50:28.713+0000] {processor.py:153} INFO - Started process (PID=789) to work on /home/airflow/.local/lib/python3.7/site-packages/airflow/example_dags/example_sla_dag.py
[2023-01-21T23:50:28.714+0000] {processor.py:743} INFO - Processing file /home/airflow/.local/lib/python3.7/site-packages/airflow/example_dags/example_sla_dag.py for tasks to queue
[2023-01-21T23:50:28.715+0000] {logging_mixin.py:137} INFO - [2023-01-21T23:50:28.715+0000] {dagbag.py:538} INFO - Filling up the DagBag from /home/airflow/.local/lib/python3.7/site-packages/airflow/example_dags/example_sla_dag.py
[2023-01-21T23:50:28.731+0000] {processor.py:753} INFO - DAG(s) dict_keys(['example_sla_dag']) retrieved from /home/airflow/.local/lib/python3.7/site-packages/airflow/example_dags/example_sla_dag.py
[2023-01-21T23:50:28.749+0000] {logging_mixin.py:137} INFO - [2023-01-21T23:50:28.749+0000] {dag.py:2690} INFO - Sync 1 DAGs
[2023-01-21T23:50:28.767+0000] {logging_mixin.py:137} INFO - [2023-01-21T23:50:28.767+0000] {dag.py:3441} INFO - Setting next_dagrun for example_sla_dag to 2023-01-21T23:48:00+00:00, run_after=2023-01-21T23:50:00+00:00
[2023-01-21T23:50:28.778+0000] {processor.py:175} INFO - Processing /home/airflow/.local/lib/python3.7/site-packages/airflow/example_dags/example_sla_dag.py took 0.068 seconds
[2023-01-21T23:54:05.375+0000] {processor.py:153} INFO - Started process (PID=64) to work on /home/airflow/.local/lib/python3.7/site-packages/airflow/example_dags/example_sla_dag.py
[2023-01-21T23:54:05.378+0000] {processor.py:743} INFO - Processing file /home/airflow/.local/lib/python3.7/site-packages/airflow/example_dags/example_sla_dag.py for tasks to queue
[2023-01-21T23:54:05.379+0000] {logging_mixin.py:137} INFO - [2023-01-21T23:54:05.379+0000] {dagbag.py:538} INFO - Filling up the DagBag from /home/airflow/.local/lib/python3.7/site-packages/airflow/example_dags/example_sla_dag.py
[2023-01-21T23:54:05.451+0000] {processor.py:753} INFO - DAG(s) dict_keys(['example_sla_dag']) retrieved from /home/airflow/.local/lib/python3.7/site-packages/airflow/example_dags/example_sla_dag.py
[2023-01-21T23:54:05.478+0000] {logging_mixin.py:137} INFO - [2023-01-21T23:54:05.478+0000] {dag.py:2690} INFO - Sync 1 DAGs
[2023-01-21T23:54:05.540+0000] {logging_mixin.py:137} INFO - [2023-01-21T23:54:05.540+0000] {dag.py:3441} INFO - Setting next_dagrun for example_sla_dag to 2023-01-21T23:52:00+00:00, run_after=2023-01-21T23:54:00+00:00
[2023-01-21T23:54:05.561+0000] {processor.py:175} INFO - Processing /home/airflow/.local/lib/python3.7/site-packages/airflow/example_dags/example_sla_dag.py took 0.190 seconds
[2023-01-21T23:54:36.287+0000] {processor.py:153} INFO - Started process (PID=140) to work on /home/airflow/.local/lib/python3.7/site-packages/airflow/example_dags/example_sla_dag.py
[2023-01-21T23:54:36.288+0000] {processor.py:743} INFO - Processing file /home/airflow/.local/lib/python3.7/site-packages/airflow/example_dags/example_sla_dag.py for tasks to queue
[2023-01-21T23:54:36.289+0000] {logging_mixin.py:137} INFO - [2023-01-21T23:54:36.289+0000] {dagbag.py:538} INFO - Filling up the DagBag from /home/airflow/.local/lib/python3.7/site-packages/airflow/example_dags/example_sla_dag.py
[2023-01-21T23:54:36.305+0000] {processor.py:753} INFO - DAG(s) dict_keys(['example_sla_dag']) retrieved from /home/airflow/.local/lib/python3.7/site-packages/airflow/example_dags/example_sla_dag.py
[2023-01-21T23:54:36.324+0000] {logging_mixin.py:137} INFO - [2023-01-21T23:54:36.324+0000] {dag.py:2690} INFO - Sync 1 DAGs
[2023-01-21T23:54:36.341+0000] {logging_mixin.py:137} INFO - [2023-01-21T23:54:36.341+0000] {dag.py:3441} INFO - Setting next_dagrun for example_sla_dag to 2023-01-21T23:52:00+00:00, run_after=2023-01-21T23:54:00+00:00
[2023-01-21T23:54:36.351+0000] {processor.py:175} INFO - Processing /home/airflow/.local/lib/python3.7/site-packages/airflow/example_dags/example_sla_dag.py took 0.067 seconds
[2023-01-21T23:55:06.758+0000] {processor.py:153} INFO - Started process (PID=217) to work on /home/airflow/.local/lib/python3.7/site-packages/airflow/example_dags/example_sla_dag.py
[2023-01-21T23:55:06.759+0000] {processor.py:743} INFO - Processing file /home/airflow/.local/lib/python3.7/site-packages/airflow/example_dags/example_sla_dag.py for tasks to queue
[2023-01-21T23:55:06.760+0000] {logging_mixin.py:137} INFO - [2023-01-21T23:55:06.760+0000] {dagbag.py:538} INFO - Filling up the DagBag from /home/airflow/.local/lib/python3.7/site-packages/airflow/example_dags/example_sla_dag.py
[2023-01-21T23:55:06.778+0000] {processor.py:753} INFO - DAG(s) dict_keys(['example_sla_dag']) retrieved from /home/airflow/.local/lib/python3.7/site-packages/airflow/example_dags/example_sla_dag.py
[2023-01-21T23:55:06.799+0000] {logging_mixin.py:137} INFO - [2023-01-21T23:55:06.799+0000] {dag.py:2690} INFO - Sync 1 DAGs
[2023-01-21T23:55:06.820+0000] {logging_mixin.py:137} INFO - [2023-01-21T23:55:06.820+0000] {dag.py:3441} INFO - Setting next_dagrun for example_sla_dag to 2023-01-21T23:52:00+00:00, run_after=2023-01-21T23:54:00+00:00
[2023-01-21T23:55:06.831+0000] {processor.py:175} INFO - Processing /home/airflow/.local/lib/python3.7/site-packages/airflow/example_dags/example_sla_dag.py took 0.076 seconds
[2023-01-21T23:56:06.300+0000] {processor.py:153} INFO - Started process (PID=63) to work on /home/airflow/.local/lib/python3.7/site-packages/airflow/example_dags/example_sla_dag.py
[2023-01-21T23:56:06.302+0000] {processor.py:743} INFO - Processing file /home/airflow/.local/lib/python3.7/site-packages/airflow/example_dags/example_sla_dag.py for tasks to queue
[2023-01-21T23:56:06.303+0000] {logging_mixin.py:137} INFO - [2023-01-21T23:56:06.303+0000] {dagbag.py:538} INFO - Filling up the DagBag from /home/airflow/.local/lib/python3.7/site-packages/airflow/example_dags/example_sla_dag.py
[2023-01-21T23:56:06.349+0000] {processor.py:753} INFO - DAG(s) dict_keys(['example_sla_dag']) retrieved from /home/airflow/.local/lib/python3.7/site-packages/airflow/example_dags/example_sla_dag.py
[2023-01-21T23:56:06.376+0000] {logging_mixin.py:137} INFO - [2023-01-21T23:56:06.375+0000] {dag.py:2690} INFO - Sync 1 DAGs
[2023-01-21T23:56:06.447+0000] {logging_mixin.py:137} INFO - [2023-01-21T23:56:06.447+0000] {dag.py:3441} INFO - Setting next_dagrun for example_sla_dag to 2023-01-21T23:54:00+00:00, run_after=2023-01-21T23:56:00+00:00
[2023-01-21T23:56:06.494+0000] {processor.py:175} INFO - Processing /home/airflow/.local/lib/python3.7/site-packages/airflow/example_dags/example_sla_dag.py took 0.200 seconds
[2023-01-21T23:56:37.328+0000] {processor.py:153} INFO - Started process (PID=139) to work on /home/airflow/.local/lib/python3.7/site-packages/airflow/example_dags/example_sla_dag.py
[2023-01-21T23:56:37.330+0000] {processor.py:743} INFO - Processing file /home/airflow/.local/lib/python3.7/site-packages/airflow/example_dags/example_sla_dag.py for tasks to queue
[2023-01-21T23:56:37.331+0000] {logging_mixin.py:137} INFO - [2023-01-21T23:56:37.331+0000] {dagbag.py:538} INFO - Filling up the DagBag from /home/airflow/.local/lib/python3.7/site-packages/airflow/example_dags/example_sla_dag.py
[2023-01-21T23:56:37.349+0000] {processor.py:753} INFO - DAG(s) dict_keys(['example_sla_dag']) retrieved from /home/airflow/.local/lib/python3.7/site-packages/airflow/example_dags/example_sla_dag.py
[2023-01-21T23:56:37.371+0000] {logging_mixin.py:137} INFO - [2023-01-21T23:56:37.371+0000] {dag.py:2690} INFO - Sync 1 DAGs
[2023-01-21T23:56:37.390+0000] {logging_mixin.py:137} INFO - [2023-01-21T23:56:37.390+0000] {dag.py:3441} INFO - Setting next_dagrun for example_sla_dag to 2023-01-21T23:54:00+00:00, run_after=2023-01-21T23:56:00+00:00
[2023-01-21T23:56:37.404+0000] {processor.py:175} INFO - Processing /home/airflow/.local/lib/python3.7/site-packages/airflow/example_dags/example_sla_dag.py took 0.079 seconds
[2023-01-21T23:57:08.021+0000] {processor.py:153} INFO - Started process (PID=212) to work on /home/airflow/.local/lib/python3.7/site-packages/airflow/example_dags/example_sla_dag.py
[2023-01-21T23:57:08.026+0000] {processor.py:743} INFO - Processing file /home/airflow/.local/lib/python3.7/site-packages/airflow/example_dags/example_sla_dag.py for tasks to queue
[2023-01-21T23:57:08.036+0000] {logging_mixin.py:137} INFO - [2023-01-21T23:57:08.036+0000] {dagbag.py:538} INFO - Filling up the DagBag from /home/airflow/.local/lib/python3.7/site-packages/airflow/example_dags/example_sla_dag.py
[2023-01-21T23:57:08.070+0000] {processor.py:753} INFO - DAG(s) dict_keys(['example_sla_dag']) retrieved from /home/airflow/.local/lib/python3.7/site-packages/airflow/example_dags/example_sla_dag.py
[2023-01-21T23:57:08.113+0000] {logging_mixin.py:137} INFO - [2023-01-21T23:57:08.113+0000] {dag.py:2690} INFO - Sync 1 DAGs
[2023-01-21T23:57:08.164+0000] {logging_mixin.py:137} INFO - [2023-01-21T23:57:08.164+0000] {dag.py:3441} INFO - Setting next_dagrun for example_sla_dag to 2023-01-21T23:54:00+00:00, run_after=2023-01-21T23:56:00+00:00
[2023-01-21T23:57:08.187+0000] {processor.py:175} INFO - Processing /home/airflow/.local/lib/python3.7/site-packages/airflow/example_dags/example_sla_dag.py took 0.184 seconds
