[2023-01-21T23:45:25.329+0000] {processor.py:153} INFO - Started process (PID=80) to work on /home/airflow/.local/lib/python3.7/site-packages/airflow/example_dags/example_latest_only_with_trigger.py
[2023-01-21T23:45:25.338+0000] {processor.py:743} INFO - Processing file /home/airflow/.local/lib/python3.7/site-packages/airflow/example_dags/example_latest_only_with_trigger.py for tasks to queue
[2023-01-21T23:45:25.342+0000] {logging_mixin.py:137} INFO - [2023-01-21T23:45:25.342+0000] {dagbag.py:538} INFO - Filling up the DagBag from /home/airflow/.local/lib/python3.7/site-packages/airflow/example_dags/example_latest_only_with_trigger.py
[2023-01-21T23:45:25.450+0000] {processor.py:753} INFO - DAG(s) dict_keys(['latest_only_with_trigger']) retrieved from /home/airflow/.local/lib/python3.7/site-packages/airflow/example_dags/example_latest_only_with_trigger.py
[2023-01-21T23:45:25.538+0000] {logging_mixin.py:137} INFO - [2023-01-21T23:45:25.537+0000] {dag.py:2690} INFO - Sync 1 DAGs
[2023-01-21T23:45:25.646+0000] {logging_mixin.py:137} INFO - [2023-01-21T23:45:25.645+0000] {dag.py:3441} INFO - Setting next_dagrun for latest_only_with_trigger to 2023-01-21T19:45:25.640999+00:00, run_after=2023-01-21T23:45:25.640999+00:00
[2023-01-21T23:45:25.765+0000] {processor.py:175} INFO - Processing /home/airflow/.local/lib/python3.7/site-packages/airflow/example_dags/example_latest_only_with_trigger.py took 0.449 seconds
[2023-01-21T23:45:56.273+0000] {processor.py:153} INFO - Started process (PID=147) to work on /home/airflow/.local/lib/python3.7/site-packages/airflow/example_dags/example_latest_only_with_trigger.py
[2023-01-21T23:45:56.274+0000] {processor.py:743} INFO - Processing file /home/airflow/.local/lib/python3.7/site-packages/airflow/example_dags/example_latest_only_with_trigger.py for tasks to queue
[2023-01-21T23:45:56.275+0000] {logging_mixin.py:137} INFO - [2023-01-21T23:45:56.275+0000] {dagbag.py:538} INFO - Filling up the DagBag from /home/airflow/.local/lib/python3.7/site-packages/airflow/example_dags/example_latest_only_with_trigger.py
[2023-01-21T23:45:56.286+0000] {processor.py:753} INFO - DAG(s) dict_keys(['latest_only_with_trigger']) retrieved from /home/airflow/.local/lib/python3.7/site-packages/airflow/example_dags/example_latest_only_with_trigger.py
[2023-01-21T23:45:56.307+0000] {logging_mixin.py:137} INFO - [2023-01-21T23:45:56.307+0000] {dag.py:2690} INFO - Sync 1 DAGs
[2023-01-21T23:45:56.324+0000] {logging_mixin.py:137} INFO - [2023-01-21T23:45:56.324+0000] {dag.py:3441} INFO - Setting next_dagrun for latest_only_with_trigger to 2023-01-21T19:45:56.323919+00:00, run_after=2023-01-21T23:45:56.323919+00:00
[2023-01-21T23:45:56.335+0000] {processor.py:175} INFO - Processing /home/airflow/.local/lib/python3.7/site-packages/airflow/example_dags/example_latest_only_with_trigger.py took 0.065 seconds
[2023-01-21T23:46:26.941+0000] {processor.py:153} INFO - Started process (PID=223) to work on /home/airflow/.local/lib/python3.7/site-packages/airflow/example_dags/example_latest_only_with_trigger.py
[2023-01-21T23:46:26.943+0000] {processor.py:743} INFO - Processing file /home/airflow/.local/lib/python3.7/site-packages/airflow/example_dags/example_latest_only_with_trigger.py for tasks to queue
[2023-01-21T23:46:26.943+0000] {logging_mixin.py:137} INFO - [2023-01-21T23:46:26.943+0000] {dagbag.py:538} INFO - Filling up the DagBag from /home/airflow/.local/lib/python3.7/site-packages/airflow/example_dags/example_latest_only_with_trigger.py
[2023-01-21T23:46:26.953+0000] {processor.py:753} INFO - DAG(s) dict_keys(['latest_only_with_trigger']) retrieved from /home/airflow/.local/lib/python3.7/site-packages/airflow/example_dags/example_latest_only_with_trigger.py
[2023-01-21T23:46:26.972+0000] {logging_mixin.py:137} INFO - [2023-01-21T23:46:26.972+0000] {dag.py:2690} INFO - Sync 1 DAGs
[2023-01-21T23:46:26.987+0000] {logging_mixin.py:137} INFO - [2023-01-21T23:46:26.987+0000] {dag.py:3441} INFO - Setting next_dagrun for latest_only_with_trigger to 2023-01-21T19:46:26.987366+00:00, run_after=2023-01-21T23:46:26.987366+00:00
[2023-01-21T23:46:26.997+0000] {processor.py:175} INFO - Processing /home/airflow/.local/lib/python3.7/site-packages/airflow/example_dags/example_latest_only_with_trigger.py took 0.059 seconds
[2023-01-21T23:46:57.171+0000] {processor.py:153} INFO - Started process (PID=287) to work on /home/airflow/.local/lib/python3.7/site-packages/airflow/example_dags/example_latest_only_with_trigger.py
[2023-01-21T23:46:57.172+0000] {processor.py:743} INFO - Processing file /home/airflow/.local/lib/python3.7/site-packages/airflow/example_dags/example_latest_only_with_trigger.py for tasks to queue
[2023-01-21T23:46:57.173+0000] {logging_mixin.py:137} INFO - [2023-01-21T23:46:57.173+0000] {dagbag.py:538} INFO - Filling up the DagBag from /home/airflow/.local/lib/python3.7/site-packages/airflow/example_dags/example_latest_only_with_trigger.py
[2023-01-21T23:46:57.182+0000] {processor.py:753} INFO - DAG(s) dict_keys(['latest_only_with_trigger']) retrieved from /home/airflow/.local/lib/python3.7/site-packages/airflow/example_dags/example_latest_only_with_trigger.py
[2023-01-21T23:46:57.200+0000] {logging_mixin.py:137} INFO - [2023-01-21T23:46:57.200+0000] {dag.py:2690} INFO - Sync 1 DAGs
[2023-01-21T23:46:57.213+0000] {logging_mixin.py:137} INFO - [2023-01-21T23:46:57.213+0000] {dag.py:3441} INFO - Setting next_dagrun for latest_only_with_trigger to 2023-01-21T19:46:57.213707+00:00, run_after=2023-01-21T23:46:57.213707+00:00
[2023-01-21T23:46:57.223+0000] {processor.py:175} INFO - Processing /home/airflow/.local/lib/python3.7/site-packages/airflow/example_dags/example_latest_only_with_trigger.py took 0.055 seconds
[2023-01-21T23:47:27.553+0000] {processor.py:153} INFO - Started process (PID=362) to work on /home/airflow/.local/lib/python3.7/site-packages/airflow/example_dags/example_latest_only_with_trigger.py
[2023-01-21T23:47:27.554+0000] {processor.py:743} INFO - Processing file /home/airflow/.local/lib/python3.7/site-packages/airflow/example_dags/example_latest_only_with_trigger.py for tasks to queue
[2023-01-21T23:47:27.555+0000] {logging_mixin.py:137} INFO - [2023-01-21T23:47:27.555+0000] {dagbag.py:538} INFO - Filling up the DagBag from /home/airflow/.local/lib/python3.7/site-packages/airflow/example_dags/example_latest_only_with_trigger.py
[2023-01-21T23:47:27.566+0000] {processor.py:753} INFO - DAG(s) dict_keys(['latest_only_with_trigger']) retrieved from /home/airflow/.local/lib/python3.7/site-packages/airflow/example_dags/example_latest_only_with_trigger.py
[2023-01-21T23:47:27.585+0000] {logging_mixin.py:137} INFO - [2023-01-21T23:47:27.585+0000] {dag.py:2690} INFO - Sync 1 DAGs
[2023-01-21T23:47:27.601+0000] {logging_mixin.py:137} INFO - [2023-01-21T23:47:27.601+0000] {dag.py:3441} INFO - Setting next_dagrun for latest_only_with_trigger to 2023-01-21T19:47:27.601638+00:00, run_after=2023-01-21T23:47:27.601638+00:00
[2023-01-21T23:47:27.612+0000] {processor.py:175} INFO - Processing /home/airflow/.local/lib/python3.7/site-packages/airflow/example_dags/example_latest_only_with_trigger.py took 0.062 seconds
[2023-01-21T23:47:58.004+0000] {processor.py:153} INFO - Started process (PID=439) to work on /home/airflow/.local/lib/python3.7/site-packages/airflow/example_dags/example_latest_only_with_trigger.py
[2023-01-21T23:47:58.006+0000] {processor.py:743} INFO - Processing file /home/airflow/.local/lib/python3.7/site-packages/airflow/example_dags/example_latest_only_with_trigger.py for tasks to queue
[2023-01-21T23:47:58.007+0000] {logging_mixin.py:137} INFO - [2023-01-21T23:47:58.007+0000] {dagbag.py:538} INFO - Filling up the DagBag from /home/airflow/.local/lib/python3.7/site-packages/airflow/example_dags/example_latest_only_with_trigger.py
[2023-01-21T23:47:58.025+0000] {processor.py:753} INFO - DAG(s) dict_keys(['latest_only_with_trigger']) retrieved from /home/airflow/.local/lib/python3.7/site-packages/airflow/example_dags/example_latest_only_with_trigger.py
[2023-01-21T23:47:58.052+0000] {logging_mixin.py:137} INFO - [2023-01-21T23:47:58.052+0000] {dag.py:2690} INFO - Sync 1 DAGs
[2023-01-21T23:47:58.073+0000] {logging_mixin.py:137} INFO - [2023-01-21T23:47:58.073+0000] {dag.py:3441} INFO - Setting next_dagrun for latest_only_with_trigger to 2023-01-21T19:47:58.073297+00:00, run_after=2023-01-21T23:47:58.073297+00:00
[2023-01-21T23:47:58.090+0000] {processor.py:175} INFO - Processing /home/airflow/.local/lib/python3.7/site-packages/airflow/example_dags/example_latest_only_with_trigger.py took 0.089 seconds
[2023-01-21T23:48:28.128+0000] {processor.py:153} INFO - Started process (PID=503) to work on /home/airflow/.local/lib/python3.7/site-packages/airflow/example_dags/example_latest_only_with_trigger.py
[2023-01-21T23:48:28.129+0000] {processor.py:743} INFO - Processing file /home/airflow/.local/lib/python3.7/site-packages/airflow/example_dags/example_latest_only_with_trigger.py for tasks to queue
[2023-01-21T23:48:28.130+0000] {logging_mixin.py:137} INFO - [2023-01-21T23:48:28.130+0000] {dagbag.py:538} INFO - Filling up the DagBag from /home/airflow/.local/lib/python3.7/site-packages/airflow/example_dags/example_latest_only_with_trigger.py
[2023-01-21T23:48:28.140+0000] {processor.py:753} INFO - DAG(s) dict_keys(['latest_only_with_trigger']) retrieved from /home/airflow/.local/lib/python3.7/site-packages/airflow/example_dags/example_latest_only_with_trigger.py
[2023-01-21T23:48:28.160+0000] {logging_mixin.py:137} INFO - [2023-01-21T23:48:28.160+0000] {dag.py:2690} INFO - Sync 1 DAGs
[2023-01-21T23:48:28.176+0000] {logging_mixin.py:137} INFO - [2023-01-21T23:48:28.176+0000] {dag.py:3441} INFO - Setting next_dagrun for latest_only_with_trigger to 2023-01-21T19:48:28.176510+00:00, run_after=2023-01-21T23:48:28.176510+00:00
[2023-01-21T23:48:28.188+0000] {processor.py:175} INFO - Processing /home/airflow/.local/lib/python3.7/site-packages/airflow/example_dags/example_latest_only_with_trigger.py took 0.063 seconds
[2023-01-21T23:48:58.976+0000] {processor.py:153} INFO - Started process (PID=579) to work on /home/airflow/.local/lib/python3.7/site-packages/airflow/example_dags/example_latest_only_with_trigger.py
[2023-01-21T23:48:58.977+0000] {processor.py:743} INFO - Processing file /home/airflow/.local/lib/python3.7/site-packages/airflow/example_dags/example_latest_only_with_trigger.py for tasks to queue
[2023-01-21T23:48:58.978+0000] {logging_mixin.py:137} INFO - [2023-01-21T23:48:58.978+0000] {dagbag.py:538} INFO - Filling up the DagBag from /home/airflow/.local/lib/python3.7/site-packages/airflow/example_dags/example_latest_only_with_trigger.py
[2023-01-21T23:48:58.987+0000] {processor.py:753} INFO - DAG(s) dict_keys(['latest_only_with_trigger']) retrieved from /home/airflow/.local/lib/python3.7/site-packages/airflow/example_dags/example_latest_only_with_trigger.py
[2023-01-21T23:48:59.011+0000] {logging_mixin.py:137} INFO - [2023-01-21T23:48:59.011+0000] {dag.py:2690} INFO - Sync 1 DAGs
[2023-01-21T23:48:59.029+0000] {logging_mixin.py:137} INFO - [2023-01-21T23:48:59.029+0000] {dag.py:3441} INFO - Setting next_dagrun for latest_only_with_trigger to 2023-01-21T19:48:59.029019+00:00, run_after=2023-01-21T23:48:59.029019+00:00
[2023-01-21T23:48:59.041+0000] {processor.py:175} INFO - Processing /home/airflow/.local/lib/python3.7/site-packages/airflow/example_dags/example_latest_only_with_trigger.py took 0.068 seconds
[2023-01-21T23:49:29.273+0000] {processor.py:153} INFO - Started process (PID=654) to work on /home/airflow/.local/lib/python3.7/site-packages/airflow/example_dags/example_latest_only_with_trigger.py
[2023-01-21T23:49:29.275+0000] {processor.py:743} INFO - Processing file /home/airflow/.local/lib/python3.7/site-packages/airflow/example_dags/example_latest_only_with_trigger.py for tasks to queue
[2023-01-21T23:49:29.275+0000] {logging_mixin.py:137} INFO - [2023-01-21T23:49:29.275+0000] {dagbag.py:538} INFO - Filling up the DagBag from /home/airflow/.local/lib/python3.7/site-packages/airflow/example_dags/example_latest_only_with_trigger.py
[2023-01-21T23:49:29.286+0000] {processor.py:753} INFO - DAG(s) dict_keys(['latest_only_with_trigger']) retrieved from /home/airflow/.local/lib/python3.7/site-packages/airflow/example_dags/example_latest_only_with_trigger.py
[2023-01-21T23:49:29.309+0000] {logging_mixin.py:137} INFO - [2023-01-21T23:49:29.308+0000] {dag.py:2690} INFO - Sync 1 DAGs
[2023-01-21T23:49:29.327+0000] {logging_mixin.py:137} INFO - [2023-01-21T23:49:29.327+0000] {dag.py:3441} INFO - Setting next_dagrun for latest_only_with_trigger to 2023-01-21T19:49:29.327120+00:00, run_after=2023-01-21T23:49:29.327120+00:00
[2023-01-21T23:49:29.345+0000] {processor.py:175} INFO - Processing /home/airflow/.local/lib/python3.7/site-packages/airflow/example_dags/example_latest_only_with_trigger.py took 0.074 seconds
[2023-01-21T23:49:59.523+0000] {processor.py:153} INFO - Started process (PID=721) to work on /home/airflow/.local/lib/python3.7/site-packages/airflow/example_dags/example_latest_only_with_trigger.py
[2023-01-21T23:49:59.525+0000] {processor.py:743} INFO - Processing file /home/airflow/.local/lib/python3.7/site-packages/airflow/example_dags/example_latest_only_with_trigger.py for tasks to queue
[2023-01-21T23:49:59.525+0000] {logging_mixin.py:137} INFO - [2023-01-21T23:49:59.525+0000] {dagbag.py:538} INFO - Filling up the DagBag from /home/airflow/.local/lib/python3.7/site-packages/airflow/example_dags/example_latest_only_with_trigger.py
[2023-01-21T23:49:59.536+0000] {processor.py:753} INFO - DAG(s) dict_keys(['latest_only_with_trigger']) retrieved from /home/airflow/.local/lib/python3.7/site-packages/airflow/example_dags/example_latest_only_with_trigger.py
[2023-01-21T23:49:59.555+0000] {logging_mixin.py:137} INFO - [2023-01-21T23:49:59.555+0000] {dag.py:2690} INFO - Sync 1 DAGs
[2023-01-21T23:49:59.571+0000] {logging_mixin.py:137} INFO - [2023-01-21T23:49:59.571+0000] {dag.py:3441} INFO - Setting next_dagrun for latest_only_with_trigger to 2023-01-21T19:49:59.571374+00:00, run_after=2023-01-21T23:49:59.571374+00:00
[2023-01-21T23:49:59.584+0000] {processor.py:175} INFO - Processing /home/airflow/.local/lib/python3.7/site-packages/airflow/example_dags/example_latest_only_with_trigger.py took 0.064 seconds
[2023-01-21T23:50:30.024+0000] {processor.py:153} INFO - Started process (PID=796) to work on /home/airflow/.local/lib/python3.7/site-packages/airflow/example_dags/example_latest_only_with_trigger.py
[2023-01-21T23:50:30.025+0000] {processor.py:743} INFO - Processing file /home/airflow/.local/lib/python3.7/site-packages/airflow/example_dags/example_latest_only_with_trigger.py for tasks to queue
[2023-01-21T23:50:30.025+0000] {logging_mixin.py:137} INFO - [2023-01-21T23:50:30.025+0000] {dagbag.py:538} INFO - Filling up the DagBag from /home/airflow/.local/lib/python3.7/site-packages/airflow/example_dags/example_latest_only_with_trigger.py
[2023-01-21T23:50:30.035+0000] {processor.py:753} INFO - DAG(s) dict_keys(['latest_only_with_trigger']) retrieved from /home/airflow/.local/lib/python3.7/site-packages/airflow/example_dags/example_latest_only_with_trigger.py
[2023-01-21T23:50:30.057+0000] {logging_mixin.py:137} INFO - [2023-01-21T23:50:30.057+0000] {dag.py:2690} INFO - Sync 1 DAGs
[2023-01-21T23:50:30.074+0000] {logging_mixin.py:137} INFO - [2023-01-21T23:50:30.074+0000] {dag.py:3441} INFO - Setting next_dagrun for latest_only_with_trigger to 2023-01-21T19:50:30.074078+00:00, run_after=2023-01-21T23:50:30.074078+00:00
[2023-01-21T23:50:30.084+0000] {processor.py:175} INFO - Processing /home/airflow/.local/lib/python3.7/site-packages/airflow/example_dags/example_latest_only_with_trigger.py took 0.064 seconds
[2023-01-21T23:54:06.179+0000] {processor.py:153} INFO - Started process (PID=71) to work on /home/airflow/.local/lib/python3.7/site-packages/airflow/example_dags/example_latest_only_with_trigger.py
[2023-01-21T23:54:06.181+0000] {processor.py:743} INFO - Processing file /home/airflow/.local/lib/python3.7/site-packages/airflow/example_dags/example_latest_only_with_trigger.py for tasks to queue
[2023-01-21T23:54:06.183+0000] {logging_mixin.py:137} INFO - [2023-01-21T23:54:06.182+0000] {dagbag.py:538} INFO - Filling up the DagBag from /home/airflow/.local/lib/python3.7/site-packages/airflow/example_dags/example_latest_only_with_trigger.py
[2023-01-21T23:54:06.215+0000] {processor.py:753} INFO - DAG(s) dict_keys(['latest_only_with_trigger']) retrieved from /home/airflow/.local/lib/python3.7/site-packages/airflow/example_dags/example_latest_only_with_trigger.py
[2023-01-21T23:54:06.261+0000] {logging_mixin.py:137} INFO - [2023-01-21T23:54:06.261+0000] {dag.py:2690} INFO - Sync 1 DAGs
[2023-01-21T23:54:06.292+0000] {logging_mixin.py:137} INFO - [2023-01-21T23:54:06.291+0000] {dag.py:3441} INFO - Setting next_dagrun for latest_only_with_trigger to 2023-01-21T19:54:06.291704+00:00, run_after=2023-01-21T23:54:06.291704+00:00
[2023-01-21T23:54:06.319+0000] {processor.py:175} INFO - Processing /home/airflow/.local/lib/python3.7/site-packages/airflow/example_dags/example_latest_only_with_trigger.py took 0.145 seconds
[2023-01-21T23:54:36.562+0000] {processor.py:153} INFO - Started process (PID=147) to work on /home/airflow/.local/lib/python3.7/site-packages/airflow/example_dags/example_latest_only_with_trigger.py
[2023-01-21T23:54:36.563+0000] {processor.py:743} INFO - Processing file /home/airflow/.local/lib/python3.7/site-packages/airflow/example_dags/example_latest_only_with_trigger.py for tasks to queue
[2023-01-21T23:54:36.564+0000] {logging_mixin.py:137} INFO - [2023-01-21T23:54:36.564+0000] {dagbag.py:538} INFO - Filling up the DagBag from /home/airflow/.local/lib/python3.7/site-packages/airflow/example_dags/example_latest_only_with_trigger.py
[2023-01-21T23:54:36.574+0000] {processor.py:753} INFO - DAG(s) dict_keys(['latest_only_with_trigger']) retrieved from /home/airflow/.local/lib/python3.7/site-packages/airflow/example_dags/example_latest_only_with_trigger.py
[2023-01-21T23:54:36.596+0000] {logging_mixin.py:137} INFO - [2023-01-21T23:54:36.595+0000] {dag.py:2690} INFO - Sync 1 DAGs
[2023-01-21T23:54:36.611+0000] {logging_mixin.py:137} INFO - [2023-01-21T23:54:36.611+0000] {dag.py:3441} INFO - Setting next_dagrun for latest_only_with_trigger to 2023-01-21T19:54:36.611401+00:00, run_after=2023-01-21T23:54:36.611401+00:00
[2023-01-21T23:54:36.624+0000] {processor.py:175} INFO - Processing /home/airflow/.local/lib/python3.7/site-packages/airflow/example_dags/example_latest_only_with_trigger.py took 0.064 seconds
[2023-01-21T23:55:07.270+0000] {processor.py:153} INFO - Started process (PID=224) to work on /home/airflow/.local/lib/python3.7/site-packages/airflow/example_dags/example_latest_only_with_trigger.py
[2023-01-21T23:55:07.272+0000] {processor.py:743} INFO - Processing file /home/airflow/.local/lib/python3.7/site-packages/airflow/example_dags/example_latest_only_with_trigger.py for tasks to queue
[2023-01-21T23:55:07.274+0000] {logging_mixin.py:137} INFO - [2023-01-21T23:55:07.274+0000] {dagbag.py:538} INFO - Filling up the DagBag from /home/airflow/.local/lib/python3.7/site-packages/airflow/example_dags/example_latest_only_with_trigger.py
[2023-01-21T23:55:07.301+0000] {processor.py:753} INFO - DAG(s) dict_keys(['latest_only_with_trigger']) retrieved from /home/airflow/.local/lib/python3.7/site-packages/airflow/example_dags/example_latest_only_with_trigger.py
[2023-01-21T23:55:07.331+0000] {logging_mixin.py:137} INFO - [2023-01-21T23:55:07.331+0000] {dag.py:2690} INFO - Sync 1 DAGs
[2023-01-21T23:55:07.352+0000] {logging_mixin.py:137} INFO - [2023-01-21T23:55:07.352+0000] {dag.py:3441} INFO - Setting next_dagrun for latest_only_with_trigger to 2023-01-21T19:55:07.352465+00:00, run_after=2023-01-21T23:55:07.352465+00:00
[2023-01-21T23:55:07.364+0000] {processor.py:175} INFO - Processing /home/airflow/.local/lib/python3.7/site-packages/airflow/example_dags/example_latest_only_with_trigger.py took 0.108 seconds
[2023-01-21T23:56:06.892+0000] {processor.py:153} INFO - Started process (PID=70) to work on /home/airflow/.local/lib/python3.7/site-packages/airflow/example_dags/example_latest_only_with_trigger.py
[2023-01-21T23:56:06.894+0000] {processor.py:743} INFO - Processing file /home/airflow/.local/lib/python3.7/site-packages/airflow/example_dags/example_latest_only_with_trigger.py for tasks to queue
[2023-01-21T23:56:06.895+0000] {logging_mixin.py:137} INFO - [2023-01-21T23:56:06.895+0000] {dagbag.py:538} INFO - Filling up the DagBag from /home/airflow/.local/lib/python3.7/site-packages/airflow/example_dags/example_latest_only_with_trigger.py
[2023-01-21T23:56:06.908+0000] {processor.py:753} INFO - DAG(s) dict_keys(['latest_only_with_trigger']) retrieved from /home/airflow/.local/lib/python3.7/site-packages/airflow/example_dags/example_latest_only_with_trigger.py
[2023-01-21T23:56:06.920+0000] {logging_mixin.py:137} INFO - [2023-01-21T23:56:06.920+0000] {dag.py:2690} INFO - Sync 1 DAGs
[2023-01-21T23:56:06.938+0000] {logging_mixin.py:137} INFO - [2023-01-21T23:56:06.937+0000] {dag.py:3441} INFO - Setting next_dagrun for latest_only_with_trigger to 2023-01-21T19:56:06.937693+00:00, run_after=2023-01-21T23:56:06.937693+00:00
[2023-01-21T23:56:06.955+0000] {processor.py:175} INFO - Processing /home/airflow/.local/lib/python3.7/site-packages/airflow/example_dags/example_latest_only_with_trigger.py took 0.068 seconds
[2023-01-21T23:56:37.780+0000] {processor.py:153} INFO - Started process (PID=146) to work on /home/airflow/.local/lib/python3.7/site-packages/airflow/example_dags/example_latest_only_with_trigger.py
[2023-01-21T23:56:37.782+0000] {processor.py:743} INFO - Processing file /home/airflow/.local/lib/python3.7/site-packages/airflow/example_dags/example_latest_only_with_trigger.py for tasks to queue
[2023-01-21T23:56:37.784+0000] {logging_mixin.py:137} INFO - [2023-01-21T23:56:37.784+0000] {dagbag.py:538} INFO - Filling up the DagBag from /home/airflow/.local/lib/python3.7/site-packages/airflow/example_dags/example_latest_only_with_trigger.py
[2023-01-21T23:56:37.796+0000] {processor.py:753} INFO - DAG(s) dict_keys(['latest_only_with_trigger']) retrieved from /home/airflow/.local/lib/python3.7/site-packages/airflow/example_dags/example_latest_only_with_trigger.py
[2023-01-21T23:56:37.826+0000] {logging_mixin.py:137} INFO - [2023-01-21T23:56:37.826+0000] {dag.py:2690} INFO - Sync 1 DAGs
[2023-01-21T23:56:37.853+0000] {logging_mixin.py:137} INFO - [2023-01-21T23:56:37.853+0000] {dag.py:3441} INFO - Setting next_dagrun for latest_only_with_trigger to 2023-01-21T19:56:37.853308+00:00, run_after=2023-01-21T23:56:37.853308+00:00
[2023-01-21T23:56:37.870+0000] {processor.py:175} INFO - Processing /home/airflow/.local/lib/python3.7/site-packages/airflow/example_dags/example_latest_only_with_trigger.py took 0.094 seconds
[2023-01-21T23:57:08.581+0000] {processor.py:153} INFO - Started process (PID=222) to work on /home/airflow/.local/lib/python3.7/site-packages/airflow/example_dags/example_latest_only_with_trigger.py
[2023-01-21T23:57:08.582+0000] {processor.py:743} INFO - Processing file /home/airflow/.local/lib/python3.7/site-packages/airflow/example_dags/example_latest_only_with_trigger.py for tasks to queue
[2023-01-21T23:57:08.583+0000] {logging_mixin.py:137} INFO - [2023-01-21T23:57:08.583+0000] {dagbag.py:538} INFO - Filling up the DagBag from /home/airflow/.local/lib/python3.7/site-packages/airflow/example_dags/example_latest_only_with_trigger.py
[2023-01-21T23:57:08.595+0000] {processor.py:753} INFO - DAG(s) dict_keys(['latest_only_with_trigger']) retrieved from /home/airflow/.local/lib/python3.7/site-packages/airflow/example_dags/example_latest_only_with_trigger.py
[2023-01-21T23:57:08.617+0000] {logging_mixin.py:137} INFO - [2023-01-21T23:57:08.616+0000] {dag.py:2690} INFO - Sync 1 DAGs
[2023-01-21T23:57:08.637+0000] {logging_mixin.py:137} INFO - [2023-01-21T23:57:08.637+0000] {dag.py:3441} INFO - Setting next_dagrun for latest_only_with_trigger to 2023-01-21T19:57:08.637058+00:00, run_after=2023-01-21T23:57:08.637058+00:00
[2023-01-21T23:57:08.652+0000] {processor.py:175} INFO - Processing /home/airflow/.local/lib/python3.7/site-packages/airflow/example_dags/example_latest_only_with_trigger.py took 0.075 seconds
