[2023-01-21T23:45:23.996+0000] {processor.py:153} INFO - Started process (PID=63) to work on /home/airflow/.local/lib/python3.7/site-packages/airflow/example_dags/example_sensors.py
[2023-01-21T23:45:23.998+0000] {processor.py:743} INFO - Processing file /home/airflow/.local/lib/python3.7/site-packages/airflow/example_dags/example_sensors.py for tasks to queue
[2023-01-21T23:45:24.001+0000] {logging_mixin.py:137} INFO - [2023-01-21T23:45:24.001+0000] {dagbag.py:538} INFO - Filling up the DagBag from /home/airflow/.local/lib/python3.7/site-packages/airflow/example_dags/example_sensors.py
[2023-01-21T23:45:24.042+0000] {processor.py:753} INFO - DAG(s) dict_keys(['example_sensors']) retrieved from /home/airflow/.local/lib/python3.7/site-packages/airflow/example_dags/example_sensors.py
[2023-01-21T23:45:24.077+0000] {logging_mixin.py:137} INFO - [2023-01-21T23:45:24.077+0000] {dag.py:2690} INFO - Sync 1 DAGs
[2023-01-21T23:45:24.113+0000] {logging_mixin.py:137} INFO - [2023-01-21T23:45:24.113+0000] {dag.py:3441} INFO - Setting next_dagrun for example_sensors to None, run_after=None
[2023-01-21T23:45:24.155+0000] {processor.py:175} INFO - Processing /home/airflow/.local/lib/python3.7/site-packages/airflow/example_dags/example_sensors.py took 0.172 seconds
[2023-01-21T23:45:54.858+0000] {processor.py:153} INFO - Started process (PID=139) to work on /home/airflow/.local/lib/python3.7/site-packages/airflow/example_dags/example_sensors.py
[2023-01-21T23:45:54.860+0000] {processor.py:743} INFO - Processing file /home/airflow/.local/lib/python3.7/site-packages/airflow/example_dags/example_sensors.py for tasks to queue
[2023-01-21T23:45:54.861+0000] {logging_mixin.py:137} INFO - [2023-01-21T23:45:54.861+0000] {dagbag.py:538} INFO - Filling up the DagBag from /home/airflow/.local/lib/python3.7/site-packages/airflow/example_dags/example_sensors.py
[2023-01-21T23:45:54.885+0000] {processor.py:753} INFO - DAG(s) dict_keys(['example_sensors']) retrieved from /home/airflow/.local/lib/python3.7/site-packages/airflow/example_dags/example_sensors.py
[2023-01-21T23:45:54.908+0000] {logging_mixin.py:137} INFO - [2023-01-21T23:45:54.908+0000] {dag.py:2690} INFO - Sync 1 DAGs
[2023-01-21T23:45:54.929+0000] {logging_mixin.py:137} INFO - [2023-01-21T23:45:54.929+0000] {dag.py:3441} INFO - Setting next_dagrun for example_sensors to None, run_after=None
[2023-01-21T23:45:54.943+0000] {processor.py:175} INFO - Processing /home/airflow/.local/lib/python3.7/site-packages/airflow/example_dags/example_sensors.py took 0.090 seconds
[2023-01-21T23:46:25.470+0000] {processor.py:153} INFO - Started process (PID=212) to work on /home/airflow/.local/lib/python3.7/site-packages/airflow/example_dags/example_sensors.py
[2023-01-21T23:46:25.472+0000] {processor.py:743} INFO - Processing file /home/airflow/.local/lib/python3.7/site-packages/airflow/example_dags/example_sensors.py for tasks to queue
[2023-01-21T23:46:25.473+0000] {logging_mixin.py:137} INFO - [2023-01-21T23:46:25.473+0000] {dagbag.py:538} INFO - Filling up the DagBag from /home/airflow/.local/lib/python3.7/site-packages/airflow/example_dags/example_sensors.py
[2023-01-21T23:46:25.491+0000] {processor.py:753} INFO - DAG(s) dict_keys(['example_sensors']) retrieved from /home/airflow/.local/lib/python3.7/site-packages/airflow/example_dags/example_sensors.py
[2023-01-21T23:46:25.518+0000] {logging_mixin.py:137} INFO - [2023-01-21T23:46:25.518+0000] {dag.py:2690} INFO - Sync 1 DAGs
[2023-01-21T23:46:25.535+0000] {logging_mixin.py:137} INFO - [2023-01-21T23:46:25.535+0000] {dag.py:3441} INFO - Setting next_dagrun for example_sensors to None, run_after=None
[2023-01-21T23:46:25.552+0000] {processor.py:175} INFO - Processing /home/airflow/.local/lib/python3.7/site-packages/airflow/example_dags/example_sensors.py took 0.085 seconds
[2023-01-21T23:46:55.763+0000] {processor.py:153} INFO - Started process (PID=279) to work on /home/airflow/.local/lib/python3.7/site-packages/airflow/example_dags/example_sensors.py
[2023-01-21T23:46:55.764+0000] {processor.py:743} INFO - Processing file /home/airflow/.local/lib/python3.7/site-packages/airflow/example_dags/example_sensors.py for tasks to queue
[2023-01-21T23:46:55.765+0000] {logging_mixin.py:137} INFO - [2023-01-21T23:46:55.765+0000] {dagbag.py:538} INFO - Filling up the DagBag from /home/airflow/.local/lib/python3.7/site-packages/airflow/example_dags/example_sensors.py
[2023-01-21T23:46:55.780+0000] {processor.py:753} INFO - DAG(s) dict_keys(['example_sensors']) retrieved from /home/airflow/.local/lib/python3.7/site-packages/airflow/example_dags/example_sensors.py
[2023-01-21T23:46:55.803+0000] {logging_mixin.py:137} INFO - [2023-01-21T23:46:55.803+0000] {dag.py:2690} INFO - Sync 1 DAGs
[2023-01-21T23:46:55.819+0000] {logging_mixin.py:137} INFO - [2023-01-21T23:46:55.819+0000] {dag.py:3441} INFO - Setting next_dagrun for example_sensors to None, run_after=None
[2023-01-21T23:46:55.830+0000] {processor.py:175} INFO - Processing /home/airflow/.local/lib/python3.7/site-packages/airflow/example_dags/example_sensors.py took 0.070 seconds
[2023-01-21T23:47:26.166+0000] {processor.py:153} INFO - Started process (PID=354) to work on /home/airflow/.local/lib/python3.7/site-packages/airflow/example_dags/example_sensors.py
[2023-01-21T23:47:26.166+0000] {processor.py:743} INFO - Processing file /home/airflow/.local/lib/python3.7/site-packages/airflow/example_dags/example_sensors.py for tasks to queue
[2023-01-21T23:47:26.167+0000] {logging_mixin.py:137} INFO - [2023-01-21T23:47:26.167+0000] {dagbag.py:538} INFO - Filling up the DagBag from /home/airflow/.local/lib/python3.7/site-packages/airflow/example_dags/example_sensors.py
[2023-01-21T23:47:26.180+0000] {processor.py:753} INFO - DAG(s) dict_keys(['example_sensors']) retrieved from /home/airflow/.local/lib/python3.7/site-packages/airflow/example_dags/example_sensors.py
[2023-01-21T23:47:26.199+0000] {logging_mixin.py:137} INFO - [2023-01-21T23:47:26.199+0000] {dag.py:2690} INFO - Sync 1 DAGs
[2023-01-21T23:47:26.214+0000] {logging_mixin.py:137} INFO - [2023-01-21T23:47:26.214+0000] {dag.py:3441} INFO - Setting next_dagrun for example_sensors to None, run_after=None
[2023-01-21T23:47:26.225+0000] {processor.py:175} INFO - Processing /home/airflow/.local/lib/python3.7/site-packages/airflow/example_dags/example_sensors.py took 0.063 seconds
[2023-01-21T23:47:56.528+0000] {processor.py:153} INFO - Started process (PID=419) to work on /home/airflow/.local/lib/python3.7/site-packages/airflow/example_dags/example_sensors.py
[2023-01-21T23:47:56.529+0000] {processor.py:743} INFO - Processing file /home/airflow/.local/lib/python3.7/site-packages/airflow/example_dags/example_sensors.py for tasks to queue
[2023-01-21T23:47:56.530+0000] {logging_mixin.py:137} INFO - [2023-01-21T23:47:56.530+0000] {dagbag.py:538} INFO - Filling up the DagBag from /home/airflow/.local/lib/python3.7/site-packages/airflow/example_dags/example_sensors.py
[2023-01-21T23:47:56.544+0000] {processor.py:753} INFO - DAG(s) dict_keys(['example_sensors']) retrieved from /home/airflow/.local/lib/python3.7/site-packages/airflow/example_dags/example_sensors.py
[2023-01-21T23:47:56.564+0000] {logging_mixin.py:137} INFO - [2023-01-21T23:47:56.564+0000] {dag.py:2690} INFO - Sync 1 DAGs
[2023-01-21T23:47:56.580+0000] {logging_mixin.py:137} INFO - [2023-01-21T23:47:56.580+0000] {dag.py:3441} INFO - Setting next_dagrun for example_sensors to None, run_after=None
[2023-01-21T23:47:56.591+0000] {processor.py:175} INFO - Processing /home/airflow/.local/lib/python3.7/site-packages/airflow/example_dags/example_sensors.py took 0.066 seconds
[2023-01-21T23:48:26.783+0000] {processor.py:153} INFO - Started process (PID=495) to work on /home/airflow/.local/lib/python3.7/site-packages/airflow/example_dags/example_sensors.py
[2023-01-21T23:48:26.784+0000] {processor.py:743} INFO - Processing file /home/airflow/.local/lib/python3.7/site-packages/airflow/example_dags/example_sensors.py for tasks to queue
[2023-01-21T23:48:26.785+0000] {logging_mixin.py:137} INFO - [2023-01-21T23:48:26.785+0000] {dagbag.py:538} INFO - Filling up the DagBag from /home/airflow/.local/lib/python3.7/site-packages/airflow/example_dags/example_sensors.py
[2023-01-21T23:48:26.799+0000] {processor.py:753} INFO - DAG(s) dict_keys(['example_sensors']) retrieved from /home/airflow/.local/lib/python3.7/site-packages/airflow/example_dags/example_sensors.py
[2023-01-21T23:48:26.818+0000] {logging_mixin.py:137} INFO - [2023-01-21T23:48:26.818+0000] {dag.py:2690} INFO - Sync 1 DAGs
[2023-01-21T23:48:26.834+0000] {logging_mixin.py:137} INFO - [2023-01-21T23:48:26.833+0000] {dag.py:3441} INFO - Setting next_dagrun for example_sensors to None, run_after=None
[2023-01-21T23:48:26.848+0000] {processor.py:175} INFO - Processing /home/airflow/.local/lib/python3.7/site-packages/airflow/example_dags/example_sensors.py took 0.067 seconds
[2023-01-21T23:48:57.561+0000] {processor.py:153} INFO - Started process (PID=571) to work on /home/airflow/.local/lib/python3.7/site-packages/airflow/example_dags/example_sensors.py
[2023-01-21T23:48:57.562+0000] {processor.py:743} INFO - Processing file /home/airflow/.local/lib/python3.7/site-packages/airflow/example_dags/example_sensors.py for tasks to queue
[2023-01-21T23:48:57.563+0000] {logging_mixin.py:137} INFO - [2023-01-21T23:48:57.563+0000] {dagbag.py:538} INFO - Filling up the DagBag from /home/airflow/.local/lib/python3.7/site-packages/airflow/example_dags/example_sensors.py
[2023-01-21T23:48:57.577+0000] {processor.py:753} INFO - DAG(s) dict_keys(['example_sensors']) retrieved from /home/airflow/.local/lib/python3.7/site-packages/airflow/example_dags/example_sensors.py
[2023-01-21T23:48:57.599+0000] {logging_mixin.py:137} INFO - [2023-01-21T23:48:57.599+0000] {dag.py:2690} INFO - Sync 1 DAGs
[2023-01-21T23:48:57.615+0000] {logging_mixin.py:137} INFO - [2023-01-21T23:48:57.615+0000] {dag.py:3441} INFO - Setting next_dagrun for example_sensors to None, run_after=None
[2023-01-21T23:48:57.628+0000] {processor.py:175} INFO - Processing /home/airflow/.local/lib/python3.7/site-packages/airflow/example_dags/example_sensors.py took 0.070 seconds
[2023-01-21T23:49:27.886+0000] {processor.py:153} INFO - Started process (PID=636) to work on /home/airflow/.local/lib/python3.7/site-packages/airflow/example_dags/example_sensors.py
[2023-01-21T23:49:27.887+0000] {processor.py:743} INFO - Processing file /home/airflow/.local/lib/python3.7/site-packages/airflow/example_dags/example_sensors.py for tasks to queue
[2023-01-21T23:49:27.888+0000] {logging_mixin.py:137} INFO - [2023-01-21T23:49:27.888+0000] {dagbag.py:538} INFO - Filling up the DagBag from /home/airflow/.local/lib/python3.7/site-packages/airflow/example_dags/example_sensors.py
[2023-01-21T23:49:27.902+0000] {processor.py:753} INFO - DAG(s) dict_keys(['example_sensors']) retrieved from /home/airflow/.local/lib/python3.7/site-packages/airflow/example_dags/example_sensors.py
[2023-01-21T23:49:27.922+0000] {logging_mixin.py:137} INFO - [2023-01-21T23:49:27.922+0000] {dag.py:2690} INFO - Sync 1 DAGs
[2023-01-21T23:49:27.938+0000] {logging_mixin.py:137} INFO - [2023-01-21T23:49:27.938+0000] {dag.py:3441} INFO - Setting next_dagrun for example_sensors to None, run_after=None
[2023-01-21T23:49:27.951+0000] {processor.py:175} INFO - Processing /home/airflow/.local/lib/python3.7/site-packages/airflow/example_dags/example_sensors.py took 0.067 seconds
[2023-01-21T23:49:58.156+0000] {processor.py:153} INFO - Started process (PID=713) to work on /home/airflow/.local/lib/python3.7/site-packages/airflow/example_dags/example_sensors.py
[2023-01-21T23:49:58.157+0000] {processor.py:743} INFO - Processing file /home/airflow/.local/lib/python3.7/site-packages/airflow/example_dags/example_sensors.py for tasks to queue
[2023-01-21T23:49:58.158+0000] {logging_mixin.py:137} INFO - [2023-01-21T23:49:58.158+0000] {dagbag.py:538} INFO - Filling up the DagBag from /home/airflow/.local/lib/python3.7/site-packages/airflow/example_dags/example_sensors.py
[2023-01-21T23:49:58.172+0000] {processor.py:753} INFO - DAG(s) dict_keys(['example_sensors']) retrieved from /home/airflow/.local/lib/python3.7/site-packages/airflow/example_dags/example_sensors.py
[2023-01-21T23:49:58.192+0000] {logging_mixin.py:137} INFO - [2023-01-21T23:49:58.192+0000] {dag.py:2690} INFO - Sync 1 DAGs
[2023-01-21T23:49:58.209+0000] {logging_mixin.py:137} INFO - [2023-01-21T23:49:58.209+0000] {dag.py:3441} INFO - Setting next_dagrun for example_sensors to None, run_after=None
[2023-01-21T23:49:58.222+0000] {processor.py:175} INFO - Processing /home/airflow/.local/lib/python3.7/site-packages/airflow/example_dags/example_sensors.py took 0.069 seconds
[2023-01-21T23:50:28.644+0000] {processor.py:153} INFO - Started process (PID=788) to work on /home/airflow/.local/lib/python3.7/site-packages/airflow/example_dags/example_sensors.py
[2023-01-21T23:50:28.646+0000] {processor.py:743} INFO - Processing file /home/airflow/.local/lib/python3.7/site-packages/airflow/example_dags/example_sensors.py for tasks to queue
[2023-01-21T23:50:28.646+0000] {logging_mixin.py:137} INFO - [2023-01-21T23:50:28.646+0000] {dagbag.py:538} INFO - Filling up the DagBag from /home/airflow/.local/lib/python3.7/site-packages/airflow/example_dags/example_sensors.py
[2023-01-21T23:50:28.659+0000] {processor.py:753} INFO - DAG(s) dict_keys(['example_sensors']) retrieved from /home/airflow/.local/lib/python3.7/site-packages/airflow/example_dags/example_sensors.py
[2023-01-21T23:50:28.679+0000] {logging_mixin.py:137} INFO - [2023-01-21T23:50:28.679+0000] {dag.py:2690} INFO - Sync 1 DAGs
[2023-01-21T23:50:28.694+0000] {logging_mixin.py:137} INFO - [2023-01-21T23:50:28.694+0000] {dag.py:3441} INFO - Setting next_dagrun for example_sensors to None, run_after=None
[2023-01-21T23:50:28.706+0000] {processor.py:175} INFO - Processing /home/airflow/.local/lib/python3.7/site-packages/airflow/example_dags/example_sensors.py took 0.064 seconds
[2023-01-21T23:54:05.290+0000] {processor.py:153} INFO - Started process (PID=63) to work on /home/airflow/.local/lib/python3.7/site-packages/airflow/example_dags/example_sensors.py
[2023-01-21T23:54:05.293+0000] {processor.py:743} INFO - Processing file /home/airflow/.local/lib/python3.7/site-packages/airflow/example_dags/example_sensors.py for tasks to queue
[2023-01-21T23:54:05.294+0000] {logging_mixin.py:137} INFO - [2023-01-21T23:54:05.294+0000] {dagbag.py:538} INFO - Filling up the DagBag from /home/airflow/.local/lib/python3.7/site-packages/airflow/example_dags/example_sensors.py
[2023-01-21T23:54:05.337+0000] {processor.py:753} INFO - DAG(s) dict_keys(['example_sensors']) retrieved from /home/airflow/.local/lib/python3.7/site-packages/airflow/example_dags/example_sensors.py
[2023-01-21T23:54:05.358+0000] {logging_mixin.py:137} INFO - [2023-01-21T23:54:05.358+0000] {dag.py:2690} INFO - Sync 1 DAGs
[2023-01-21T23:54:05.397+0000] {logging_mixin.py:137} INFO - [2023-01-21T23:54:05.397+0000] {dag.py:3441} INFO - Setting next_dagrun for example_sensors to None, run_after=None
[2023-01-21T23:54:05.437+0000] {processor.py:175} INFO - Processing /home/airflow/.local/lib/python3.7/site-packages/airflow/example_dags/example_sensors.py took 0.159 seconds
[2023-01-21T23:54:36.216+0000] {processor.py:153} INFO - Started process (PID=139) to work on /home/airflow/.local/lib/python3.7/site-packages/airflow/example_dags/example_sensors.py
[2023-01-21T23:54:36.217+0000] {processor.py:743} INFO - Processing file /home/airflow/.local/lib/python3.7/site-packages/airflow/example_dags/example_sensors.py for tasks to queue
[2023-01-21T23:54:36.218+0000] {logging_mixin.py:137} INFO - [2023-01-21T23:54:36.218+0000] {dagbag.py:538} INFO - Filling up the DagBag from /home/airflow/.local/lib/python3.7/site-packages/airflow/example_dags/example_sensors.py
[2023-01-21T23:54:36.233+0000] {processor.py:753} INFO - DAG(s) dict_keys(['example_sensors']) retrieved from /home/airflow/.local/lib/python3.7/site-packages/airflow/example_dags/example_sensors.py
[2023-01-21T23:54:36.253+0000] {logging_mixin.py:137} INFO - [2023-01-21T23:54:36.252+0000] {dag.py:2690} INFO - Sync 1 DAGs
[2023-01-21T23:54:36.269+0000] {logging_mixin.py:137} INFO - [2023-01-21T23:54:36.268+0000] {dag.py:3441} INFO - Setting next_dagrun for example_sensors to None, run_after=None
[2023-01-21T23:54:36.280+0000] {processor.py:175} INFO - Processing /home/airflow/.local/lib/python3.7/site-packages/airflow/example_dags/example_sensors.py took 0.066 seconds
[2023-01-21T23:55:06.646+0000] {processor.py:153} INFO - Started process (PID=216) to work on /home/airflow/.local/lib/python3.7/site-packages/airflow/example_dags/example_sensors.py
[2023-01-21T23:55:06.648+0000] {processor.py:743} INFO - Processing file /home/airflow/.local/lib/python3.7/site-packages/airflow/example_dags/example_sensors.py for tasks to queue
[2023-01-21T23:55:06.650+0000] {logging_mixin.py:137} INFO - [2023-01-21T23:55:06.649+0000] {dagbag.py:538} INFO - Filling up the DagBag from /home/airflow/.local/lib/python3.7/site-packages/airflow/example_dags/example_sensors.py
[2023-01-21T23:55:06.667+0000] {processor.py:753} INFO - DAG(s) dict_keys(['example_sensors']) retrieved from /home/airflow/.local/lib/python3.7/site-packages/airflow/example_dags/example_sensors.py
[2023-01-21T23:55:06.690+0000] {logging_mixin.py:137} INFO - [2023-01-21T23:55:06.690+0000] {dag.py:2690} INFO - Sync 1 DAGs
[2023-01-21T23:55:06.714+0000] {logging_mixin.py:137} INFO - [2023-01-21T23:55:06.713+0000] {dag.py:3441} INFO - Setting next_dagrun for example_sensors to None, run_after=None
[2023-01-21T23:55:06.738+0000] {processor.py:175} INFO - Processing /home/airflow/.local/lib/python3.7/site-packages/airflow/example_dags/example_sensors.py took 0.099 seconds
[2023-01-21T23:56:06.183+0000] {processor.py:153} INFO - Started process (PID=62) to work on /home/airflow/.local/lib/python3.7/site-packages/airflow/example_dags/example_sensors.py
[2023-01-21T23:56:06.185+0000] {processor.py:743} INFO - Processing file /home/airflow/.local/lib/python3.7/site-packages/airflow/example_dags/example_sensors.py for tasks to queue
[2023-01-21T23:56:06.186+0000] {logging_mixin.py:137} INFO - [2023-01-21T23:56:06.186+0000] {dagbag.py:538} INFO - Filling up the DagBag from /home/airflow/.local/lib/python3.7/site-packages/airflow/example_dags/example_sensors.py
[2023-01-21T23:56:06.213+0000] {processor.py:753} INFO - DAG(s) dict_keys(['example_sensors']) retrieved from /home/airflow/.local/lib/python3.7/site-packages/airflow/example_dags/example_sensors.py
[2023-01-21T23:56:06.241+0000] {logging_mixin.py:137} INFO - [2023-01-21T23:56:06.241+0000] {dag.py:2690} INFO - Sync 1 DAGs
[2023-01-21T23:56:06.274+0000] {logging_mixin.py:137} INFO - [2023-01-21T23:56:06.274+0000] {dag.py:3441} INFO - Setting next_dagrun for example_sensors to None, run_after=None
[2023-01-21T23:56:06.291+0000] {processor.py:175} INFO - Processing /home/airflow/.local/lib/python3.7/site-packages/airflow/example_dags/example_sensors.py took 0.111 seconds
[2023-01-21T23:56:37.267+0000] {processor.py:153} INFO - Started process (PID=138) to work on /home/airflow/.local/lib/python3.7/site-packages/airflow/example_dags/example_sensors.py
[2023-01-21T23:56:37.269+0000] {processor.py:743} INFO - Processing file /home/airflow/.local/lib/python3.7/site-packages/airflow/example_dags/example_sensors.py for tasks to queue
[2023-01-21T23:56:37.270+0000] {logging_mixin.py:137} INFO - [2023-01-21T23:56:37.270+0000] {dagbag.py:538} INFO - Filling up the DagBag from /home/airflow/.local/lib/python3.7/site-packages/airflow/example_dags/example_sensors.py
[2023-01-21T23:56:37.284+0000] {processor.py:753} INFO - DAG(s) dict_keys(['example_sensors']) retrieved from /home/airflow/.local/lib/python3.7/site-packages/airflow/example_dags/example_sensors.py
[2023-01-21T23:56:37.306+0000] {logging_mixin.py:137} INFO - [2023-01-21T23:56:37.306+0000] {dag.py:2690} INFO - Sync 1 DAGs
[2023-01-21T23:56:37.325+0000] {logging_mixin.py:137} INFO - [2023-01-21T23:56:37.325+0000] {dag.py:3441} INFO - Setting next_dagrun for example_sensors to None, run_after=None
[2023-01-21T23:56:37.339+0000] {processor.py:175} INFO - Processing /home/airflow/.local/lib/python3.7/site-packages/airflow/example_dags/example_sensors.py took 0.075 seconds
[2023-01-21T23:57:08.007+0000] {processor.py:153} INFO - Started process (PID=211) to work on /home/airflow/.local/lib/python3.7/site-packages/airflow/example_dags/example_sensors.py
[2023-01-21T23:57:08.014+0000] {processor.py:743} INFO - Processing file /home/airflow/.local/lib/python3.7/site-packages/airflow/example_dags/example_sensors.py for tasks to queue
[2023-01-21T23:57:08.019+0000] {logging_mixin.py:137} INFO - [2023-01-21T23:57:08.017+0000] {dagbag.py:538} INFO - Filling up the DagBag from /home/airflow/.local/lib/python3.7/site-packages/airflow/example_dags/example_sensors.py
[2023-01-21T23:57:08.118+0000] {processor.py:753} INFO - DAG(s) dict_keys(['example_sensors']) retrieved from /home/airflow/.local/lib/python3.7/site-packages/airflow/example_dags/example_sensors.py
[2023-01-21T23:57:08.223+0000] {logging_mixin.py:137} INFO - [2023-01-21T23:57:08.223+0000] {dag.py:2690} INFO - Sync 1 DAGs
[2023-01-21T23:57:08.254+0000] {logging_mixin.py:137} INFO - [2023-01-21T23:57:08.254+0000] {dag.py:3441} INFO - Setting next_dagrun for example_sensors to None, run_after=None
[2023-01-21T23:57:08.271+0000] {processor.py:175} INFO - Processing /home/airflow/.local/lib/python3.7/site-packages/airflow/example_dags/example_sensors.py took 0.280 seconds
