[2023-01-21T23:45:24.651+0000] {processor.py:153} INFO - Started process (PID=73) to work on /home/airflow/.local/lib/python3.7/site-packages/airflow/example_dags/example_task_group.py
[2023-01-21T23:45:24.654+0000] {processor.py:743} INFO - Processing file /home/airflow/.local/lib/python3.7/site-packages/airflow/example_dags/example_task_group.py for tasks to queue
[2023-01-21T23:45:24.661+0000] {logging_mixin.py:137} INFO - [2023-01-21T23:45:24.661+0000] {dagbag.py:538} INFO - Filling up the DagBag from /home/airflow/.local/lib/python3.7/site-packages/airflow/example_dags/example_task_group.py
[2023-01-21T23:45:24.787+0000] {processor.py:753} INFO - DAG(s) dict_keys(['example_task_group']) retrieved from /home/airflow/.local/lib/python3.7/site-packages/airflow/example_dags/example_task_group.py
[2023-01-21T23:45:24.874+0000] {logging_mixin.py:137} INFO - [2023-01-21T23:45:24.874+0000] {dag.py:2690} INFO - Sync 1 DAGs
[2023-01-21T23:45:24.953+0000] {logging_mixin.py:137} INFO - [2023-01-21T23:45:24.953+0000] {dag.py:3441} INFO - Setting next_dagrun for example_task_group to 2023-01-20T23:45:24.952635+00:00, run_after=2023-01-21T23:45:24.952635+00:00
[2023-01-21T23:45:25.031+0000] {processor.py:175} INFO - Processing /home/airflow/.local/lib/python3.7/site-packages/airflow/example_dags/example_task_group.py took 0.384 seconds
[2023-01-21T23:45:55.119+0000] {processor.py:153} INFO - Started process (PID=144) to work on /home/airflow/.local/lib/python3.7/site-packages/airflow/example_dags/example_task_group.py
[2023-01-21T23:45:55.121+0000] {processor.py:743} INFO - Processing file /home/airflow/.local/lib/python3.7/site-packages/airflow/example_dags/example_task_group.py for tasks to queue
[2023-01-21T23:45:55.121+0000] {logging_mixin.py:137} INFO - [2023-01-21T23:45:55.121+0000] {dagbag.py:538} INFO - Filling up the DagBag from /home/airflow/.local/lib/python3.7/site-packages/airflow/example_dags/example_task_group.py
[2023-01-21T23:45:55.133+0000] {processor.py:753} INFO - DAG(s) dict_keys(['example_task_group']) retrieved from /home/airflow/.local/lib/python3.7/site-packages/airflow/example_dags/example_task_group.py
[2023-01-21T23:45:55.150+0000] {logging_mixin.py:137} INFO - [2023-01-21T23:45:55.150+0000] {dag.py:2690} INFO - Sync 1 DAGs
[2023-01-21T23:45:55.165+0000] {logging_mixin.py:137} INFO - [2023-01-21T23:45:55.165+0000] {dag.py:3441} INFO - Setting next_dagrun for example_task_group to 2023-01-20T23:45:55.165037+00:00, run_after=2023-01-21T23:45:55.165037+00:00
[2023-01-21T23:45:55.175+0000] {processor.py:175} INFO - Processing /home/airflow/.local/lib/python3.7/site-packages/airflow/example_dags/example_task_group.py took 0.059 seconds
[2023-01-21T23:46:25.694+0000] {processor.py:153} INFO - Started process (PID=216) to work on /home/airflow/.local/lib/python3.7/site-packages/airflow/example_dags/example_task_group.py
[2023-01-21T23:46:25.696+0000] {processor.py:743} INFO - Processing file /home/airflow/.local/lib/python3.7/site-packages/airflow/example_dags/example_task_group.py for tasks to queue
[2023-01-21T23:46:25.697+0000] {logging_mixin.py:137} INFO - [2023-01-21T23:46:25.697+0000] {dagbag.py:538} INFO - Filling up the DagBag from /home/airflow/.local/lib/python3.7/site-packages/airflow/example_dags/example_task_group.py
[2023-01-21T23:46:25.722+0000] {processor.py:753} INFO - DAG(s) dict_keys(['example_task_group']) retrieved from /home/airflow/.local/lib/python3.7/site-packages/airflow/example_dags/example_task_group.py
[2023-01-21T23:46:25.754+0000] {logging_mixin.py:137} INFO - [2023-01-21T23:46:25.754+0000] {dag.py:2690} INFO - Sync 1 DAGs
[2023-01-21T23:46:25.779+0000] {logging_mixin.py:137} INFO - [2023-01-21T23:46:25.779+0000] {dag.py:3441} INFO - Setting next_dagrun for example_task_group to 2023-01-20T23:46:25.778886+00:00, run_after=2023-01-21T23:46:25.778886+00:00
[2023-01-21T23:46:25.799+0000] {processor.py:175} INFO - Processing /home/airflow/.local/lib/python3.7/site-packages/airflow/example_dags/example_task_group.py took 0.111 seconds
[2023-01-21T23:46:55.941+0000] {processor.py:153} INFO - Started process (PID=283) to work on /home/airflow/.local/lib/python3.7/site-packages/airflow/example_dags/example_task_group.py
[2023-01-21T23:46:55.943+0000] {processor.py:743} INFO - Processing file /home/airflow/.local/lib/python3.7/site-packages/airflow/example_dags/example_task_group.py for tasks to queue
[2023-01-21T23:46:55.944+0000] {logging_mixin.py:137} INFO - [2023-01-21T23:46:55.944+0000] {dagbag.py:538} INFO - Filling up the DagBag from /home/airflow/.local/lib/python3.7/site-packages/airflow/example_dags/example_task_group.py
[2023-01-21T23:46:55.956+0000] {processor.py:753} INFO - DAG(s) dict_keys(['example_task_group']) retrieved from /home/airflow/.local/lib/python3.7/site-packages/airflow/example_dags/example_task_group.py
[2023-01-21T23:46:55.976+0000] {logging_mixin.py:137} INFO - [2023-01-21T23:46:55.976+0000] {dag.py:2690} INFO - Sync 1 DAGs
[2023-01-21T23:46:55.992+0000] {logging_mixin.py:137} INFO - [2023-01-21T23:46:55.992+0000] {dag.py:3441} INFO - Setting next_dagrun for example_task_group to 2023-01-20T23:46:55.992203+00:00, run_after=2023-01-21T23:46:55.992203+00:00
[2023-01-21T23:46:56.006+0000] {processor.py:175} INFO - Processing /home/airflow/.local/lib/python3.7/site-packages/airflow/example_dags/example_task_group.py took 0.067 seconds
[2023-01-21T23:47:26.329+0000] {processor.py:153} INFO - Started process (PID=358) to work on /home/airflow/.local/lib/python3.7/site-packages/airflow/example_dags/example_task_group.py
[2023-01-21T23:47:26.331+0000] {processor.py:743} INFO - Processing file /home/airflow/.local/lib/python3.7/site-packages/airflow/example_dags/example_task_group.py for tasks to queue
[2023-01-21T23:47:26.332+0000] {logging_mixin.py:137} INFO - [2023-01-21T23:47:26.332+0000] {dagbag.py:538} INFO - Filling up the DagBag from /home/airflow/.local/lib/python3.7/site-packages/airflow/example_dags/example_task_group.py
[2023-01-21T23:47:26.344+0000] {processor.py:753} INFO - DAG(s) dict_keys(['example_task_group']) retrieved from /home/airflow/.local/lib/python3.7/site-packages/airflow/example_dags/example_task_group.py
[2023-01-21T23:47:26.365+0000] {logging_mixin.py:137} INFO - [2023-01-21T23:47:26.365+0000] {dag.py:2690} INFO - Sync 1 DAGs
[2023-01-21T23:47:26.380+0000] {logging_mixin.py:137} INFO - [2023-01-21T23:47:26.380+0000] {dag.py:3441} INFO - Setting next_dagrun for example_task_group to 2023-01-20T23:47:26.380528+00:00, run_after=2023-01-21T23:47:26.380528+00:00
[2023-01-21T23:47:26.391+0000] {processor.py:175} INFO - Processing /home/airflow/.local/lib/python3.7/site-packages/airflow/example_dags/example_task_group.py took 0.067 seconds
[2023-01-21T23:47:56.742+0000] {processor.py:153} INFO - Started process (PID=430) to work on /home/airflow/.local/lib/python3.7/site-packages/airflow/example_dags/example_task_group.py
[2023-01-21T23:47:56.744+0000] {processor.py:743} INFO - Processing file /home/airflow/.local/lib/python3.7/site-packages/airflow/example_dags/example_task_group.py for tasks to queue
[2023-01-21T23:47:56.745+0000] {logging_mixin.py:137} INFO - [2023-01-21T23:47:56.745+0000] {dagbag.py:538} INFO - Filling up the DagBag from /home/airflow/.local/lib/python3.7/site-packages/airflow/example_dags/example_task_group.py
[2023-01-21T23:47:56.758+0000] {processor.py:753} INFO - DAG(s) dict_keys(['example_task_group']) retrieved from /home/airflow/.local/lib/python3.7/site-packages/airflow/example_dags/example_task_group.py
[2023-01-21T23:47:56.783+0000] {logging_mixin.py:137} INFO - [2023-01-21T23:47:56.783+0000] {dag.py:2690} INFO - Sync 1 DAGs
[2023-01-21T23:47:56.803+0000] {logging_mixin.py:137} INFO - [2023-01-21T23:47:56.803+0000] {dag.py:3441} INFO - Setting next_dagrun for example_task_group to 2023-01-20T23:47:56.802924+00:00, run_after=2023-01-21T23:47:56.802924+00:00
[2023-01-21T23:47:56.817+0000] {processor.py:175} INFO - Processing /home/airflow/.local/lib/python3.7/site-packages/airflow/example_dags/example_task_group.py took 0.077 seconds
[2023-01-21T23:48:26.952+0000] {processor.py:153} INFO - Started process (PID=499) to work on /home/airflow/.local/lib/python3.7/site-packages/airflow/example_dags/example_task_group.py
[2023-01-21T23:48:26.953+0000] {processor.py:743} INFO - Processing file /home/airflow/.local/lib/python3.7/site-packages/airflow/example_dags/example_task_group.py for tasks to queue
[2023-01-21T23:48:26.954+0000] {logging_mixin.py:137} INFO - [2023-01-21T23:48:26.954+0000] {dagbag.py:538} INFO - Filling up the DagBag from /home/airflow/.local/lib/python3.7/site-packages/airflow/example_dags/example_task_group.py
[2023-01-21T23:48:26.966+0000] {processor.py:753} INFO - DAG(s) dict_keys(['example_task_group']) retrieved from /home/airflow/.local/lib/python3.7/site-packages/airflow/example_dags/example_task_group.py
[2023-01-21T23:48:26.985+0000] {logging_mixin.py:137} INFO - [2023-01-21T23:48:26.984+0000] {dag.py:2690} INFO - Sync 1 DAGs
[2023-01-21T23:48:27.000+0000] {logging_mixin.py:137} INFO - [2023-01-21T23:48:27.000+0000] {dag.py:3441} INFO - Setting next_dagrun for example_task_group to 2023-01-20T23:48:27.000454+00:00, run_after=2023-01-21T23:48:27.000454+00:00
[2023-01-21T23:48:27.011+0000] {processor.py:175} INFO - Processing /home/airflow/.local/lib/python3.7/site-packages/airflow/example_dags/example_task_group.py took 0.062 seconds
[2023-01-21T23:48:57.737+0000] {processor.py:153} INFO - Started process (PID=575) to work on /home/airflow/.local/lib/python3.7/site-packages/airflow/example_dags/example_task_group.py
[2023-01-21T23:48:57.739+0000] {processor.py:743} INFO - Processing file /home/airflow/.local/lib/python3.7/site-packages/airflow/example_dags/example_task_group.py for tasks to queue
[2023-01-21T23:48:57.739+0000] {logging_mixin.py:137} INFO - [2023-01-21T23:48:57.739+0000] {dagbag.py:538} INFO - Filling up the DagBag from /home/airflow/.local/lib/python3.7/site-packages/airflow/example_dags/example_task_group.py
[2023-01-21T23:48:57.751+0000] {processor.py:753} INFO - DAG(s) dict_keys(['example_task_group']) retrieved from /home/airflow/.local/lib/python3.7/site-packages/airflow/example_dags/example_task_group.py
[2023-01-21T23:48:57.770+0000] {logging_mixin.py:137} INFO - [2023-01-21T23:48:57.770+0000] {dag.py:2690} INFO - Sync 1 DAGs
[2023-01-21T23:48:57.785+0000] {logging_mixin.py:137} INFO - [2023-01-21T23:48:57.785+0000] {dag.py:3441} INFO - Setting next_dagrun for example_task_group to 2023-01-20T23:48:57.785314+00:00, run_after=2023-01-21T23:48:57.785314+00:00
[2023-01-21T23:48:57.803+0000] {processor.py:175} INFO - Processing /home/airflow/.local/lib/python3.7/site-packages/airflow/example_dags/example_task_group.py took 0.069 seconds
[2023-01-21T23:49:28.059+0000] {processor.py:153} INFO - Started process (PID=640) to work on /home/airflow/.local/lib/python3.7/site-packages/airflow/example_dags/example_task_group.py
[2023-01-21T23:49:28.060+0000] {processor.py:743} INFO - Processing file /home/airflow/.local/lib/python3.7/site-packages/airflow/example_dags/example_task_group.py for tasks to queue
[2023-01-21T23:49:28.061+0000] {logging_mixin.py:137} INFO - [2023-01-21T23:49:28.061+0000] {dagbag.py:538} INFO - Filling up the DagBag from /home/airflow/.local/lib/python3.7/site-packages/airflow/example_dags/example_task_group.py
[2023-01-21T23:49:28.071+0000] {processor.py:753} INFO - DAG(s) dict_keys(['example_task_group']) retrieved from /home/airflow/.local/lib/python3.7/site-packages/airflow/example_dags/example_task_group.py
[2023-01-21T23:49:28.091+0000] {logging_mixin.py:137} INFO - [2023-01-21T23:49:28.091+0000] {dag.py:2690} INFO - Sync 1 DAGs
[2023-01-21T23:49:28.107+0000] {logging_mixin.py:137} INFO - [2023-01-21T23:49:28.107+0000] {dag.py:3441} INFO - Setting next_dagrun for example_task_group to 2023-01-20T23:49:28.107022+00:00, run_after=2023-01-21T23:49:28.107022+00:00
[2023-01-21T23:49:28.119+0000] {processor.py:175} INFO - Processing /home/airflow/.local/lib/python3.7/site-packages/airflow/example_dags/example_task_group.py took 0.063 seconds
[2023-01-21T23:49:58.336+0000] {processor.py:153} INFO - Started process (PID=717) to work on /home/airflow/.local/lib/python3.7/site-packages/airflow/example_dags/example_task_group.py
[2023-01-21T23:49:58.338+0000] {processor.py:743} INFO - Processing file /home/airflow/.local/lib/python3.7/site-packages/airflow/example_dags/example_task_group.py for tasks to queue
[2023-01-21T23:49:58.339+0000] {logging_mixin.py:137} INFO - [2023-01-21T23:49:58.339+0000] {dagbag.py:538} INFO - Filling up the DagBag from /home/airflow/.local/lib/python3.7/site-packages/airflow/example_dags/example_task_group.py
[2023-01-21T23:49:58.350+0000] {processor.py:753} INFO - DAG(s) dict_keys(['example_task_group']) retrieved from /home/airflow/.local/lib/python3.7/site-packages/airflow/example_dags/example_task_group.py
[2023-01-21T23:49:58.370+0000] {logging_mixin.py:137} INFO - [2023-01-21T23:49:58.370+0000] {dag.py:2690} INFO - Sync 1 DAGs
[2023-01-21T23:49:58.386+0000] {logging_mixin.py:137} INFO - [2023-01-21T23:49:58.386+0000] {dag.py:3441} INFO - Setting next_dagrun for example_task_group to 2023-01-20T23:49:58.386310+00:00, run_after=2023-01-21T23:49:58.386310+00:00
[2023-01-21T23:49:58.401+0000] {processor.py:175} INFO - Processing /home/airflow/.local/lib/python3.7/site-packages/airflow/example_dags/example_task_group.py took 0.067 seconds
[2023-01-21T23:50:28.815+0000] {processor.py:153} INFO - Started process (PID=792) to work on /home/airflow/.local/lib/python3.7/site-packages/airflow/example_dags/example_task_group.py
[2023-01-21T23:50:28.817+0000] {processor.py:743} INFO - Processing file /home/airflow/.local/lib/python3.7/site-packages/airflow/example_dags/example_task_group.py for tasks to queue
[2023-01-21T23:50:28.818+0000] {logging_mixin.py:137} INFO - [2023-01-21T23:50:28.818+0000] {dagbag.py:538} INFO - Filling up the DagBag from /home/airflow/.local/lib/python3.7/site-packages/airflow/example_dags/example_task_group.py
[2023-01-21T23:50:28.829+0000] {processor.py:753} INFO - DAG(s) dict_keys(['example_task_group']) retrieved from /home/airflow/.local/lib/python3.7/site-packages/airflow/example_dags/example_task_group.py
[2023-01-21T23:50:28.848+0000] {logging_mixin.py:137} INFO - [2023-01-21T23:50:28.847+0000] {dag.py:2690} INFO - Sync 1 DAGs
[2023-01-21T23:50:28.862+0000] {logging_mixin.py:137} INFO - [2023-01-21T23:50:28.862+0000] {dag.py:3441} INFO - Setting next_dagrun for example_task_group to 2023-01-20T23:50:28.862295+00:00, run_after=2023-01-21T23:50:28.862295+00:00
[2023-01-21T23:50:28.873+0000] {processor.py:175} INFO - Processing /home/airflow/.local/lib/python3.7/site-packages/airflow/example_dags/example_task_group.py took 0.060 seconds
[2023-01-21T23:54:05.637+0000] {processor.py:153} INFO - Started process (PID=67) to work on /home/airflow/.local/lib/python3.7/site-packages/airflow/example_dags/example_task_group.py
[2023-01-21T23:54:05.639+0000] {processor.py:743} INFO - Processing file /home/airflow/.local/lib/python3.7/site-packages/airflow/example_dags/example_task_group.py for tasks to queue
[2023-01-21T23:54:05.640+0000] {logging_mixin.py:137} INFO - [2023-01-21T23:54:05.640+0000] {dagbag.py:538} INFO - Filling up the DagBag from /home/airflow/.local/lib/python3.7/site-packages/airflow/example_dags/example_task_group.py
[2023-01-21T23:54:05.686+0000] {processor.py:753} INFO - DAG(s) dict_keys(['example_task_group']) retrieved from /home/airflow/.local/lib/python3.7/site-packages/airflow/example_dags/example_task_group.py
[2023-01-21T23:54:05.732+0000] {logging_mixin.py:137} INFO - [2023-01-21T23:54:05.732+0000] {dag.py:2690} INFO - Sync 1 DAGs
[2023-01-21T23:54:05.771+0000] {logging_mixin.py:137} INFO - [2023-01-21T23:54:05.771+0000] {dag.py:3441} INFO - Setting next_dagrun for example_task_group to 2023-01-20T23:54:05.770615+00:00, run_after=2023-01-21T23:54:05.770615+00:00
[2023-01-21T23:54:05.793+0000] {processor.py:175} INFO - Processing /home/airflow/.local/lib/python3.7/site-packages/airflow/example_dags/example_task_group.py took 0.161 seconds
[2023-01-21T23:54:36.387+0000] {processor.py:153} INFO - Started process (PID=143) to work on /home/airflow/.local/lib/python3.7/site-packages/airflow/example_dags/example_task_group.py
[2023-01-21T23:54:36.388+0000] {processor.py:743} INFO - Processing file /home/airflow/.local/lib/python3.7/site-packages/airflow/example_dags/example_task_group.py for tasks to queue
[2023-01-21T23:54:36.389+0000] {logging_mixin.py:137} INFO - [2023-01-21T23:54:36.389+0000] {dagbag.py:538} INFO - Filling up the DagBag from /home/airflow/.local/lib/python3.7/site-packages/airflow/example_dags/example_task_group.py
[2023-01-21T23:54:36.400+0000] {processor.py:753} INFO - DAG(s) dict_keys(['example_task_group']) retrieved from /home/airflow/.local/lib/python3.7/site-packages/airflow/example_dags/example_task_group.py
[2023-01-21T23:54:36.419+0000] {logging_mixin.py:137} INFO - [2023-01-21T23:54:36.419+0000] {dag.py:2690} INFO - Sync 1 DAGs
[2023-01-21T23:54:36.434+0000] {logging_mixin.py:137} INFO - [2023-01-21T23:54:36.434+0000] {dag.py:3441} INFO - Setting next_dagrun for example_task_group to 2023-01-20T23:54:36.434565+00:00, run_after=2023-01-21T23:54:36.434565+00:00
[2023-01-21T23:54:36.446+0000] {processor.py:175} INFO - Processing /home/airflow/.local/lib/python3.7/site-packages/airflow/example_dags/example_task_group.py took 0.062 seconds
[2023-01-21T23:55:06.961+0000] {processor.py:153} INFO - Started process (PID=220) to work on /home/airflow/.local/lib/python3.7/site-packages/airflow/example_dags/example_task_group.py
[2023-01-21T23:55:06.963+0000] {processor.py:743} INFO - Processing file /home/airflow/.local/lib/python3.7/site-packages/airflow/example_dags/example_task_group.py for tasks to queue
[2023-01-21T23:55:06.964+0000] {logging_mixin.py:137} INFO - [2023-01-21T23:55:06.964+0000] {dagbag.py:538} INFO - Filling up the DagBag from /home/airflow/.local/lib/python3.7/site-packages/airflow/example_dags/example_task_group.py
[2023-01-21T23:55:06.980+0000] {processor.py:753} INFO - DAG(s) dict_keys(['example_task_group']) retrieved from /home/airflow/.local/lib/python3.7/site-packages/airflow/example_dags/example_task_group.py
[2023-01-21T23:55:07.005+0000] {logging_mixin.py:137} INFO - [2023-01-21T23:55:07.005+0000] {dag.py:2690} INFO - Sync 1 DAGs
[2023-01-21T23:55:07.023+0000] {logging_mixin.py:137} INFO - [2023-01-21T23:55:07.023+0000] {dag.py:3441} INFO - Setting next_dagrun for example_task_group to 2023-01-20T23:55:07.022140+00:00, run_after=2023-01-21T23:55:07.022140+00:00
[2023-01-21T23:55:07.039+0000] {processor.py:175} INFO - Processing /home/airflow/.local/lib/python3.7/site-packages/airflow/example_dags/example_task_group.py took 0.085 seconds
[2023-01-21T23:56:06.557+0000] {processor.py:153} INFO - Started process (PID=66) to work on /home/airflow/.local/lib/python3.7/site-packages/airflow/example_dags/example_task_group.py
[2023-01-21T23:56:06.558+0000] {processor.py:743} INFO - Processing file /home/airflow/.local/lib/python3.7/site-packages/airflow/example_dags/example_task_group.py for tasks to queue
[2023-01-21T23:56:06.560+0000] {logging_mixin.py:137} INFO - [2023-01-21T23:56:06.560+0000] {dagbag.py:538} INFO - Filling up the DagBag from /home/airflow/.local/lib/python3.7/site-packages/airflow/example_dags/example_task_group.py
[2023-01-21T23:56:06.579+0000] {processor.py:753} INFO - DAG(s) dict_keys(['example_task_group']) retrieved from /home/airflow/.local/lib/python3.7/site-packages/airflow/example_dags/example_task_group.py
[2023-01-21T23:56:06.650+0000] {logging_mixin.py:137} INFO - [2023-01-21T23:56:06.649+0000] {dag.py:2690} INFO - Sync 1 DAGs
[2023-01-21T23:56:06.685+0000] {logging_mixin.py:137} INFO - [2023-01-21T23:56:06.684+0000] {dag.py:3441} INFO - Setting next_dagrun for example_task_group to 2023-01-20T23:56:06.684590+00:00, run_after=2023-01-21T23:56:06.684590+00:00
[2023-01-21T23:56:06.706+0000] {processor.py:175} INFO - Processing /home/airflow/.local/lib/python3.7/site-packages/airflow/example_dags/example_task_group.py took 0.153 seconds
[2023-01-21T23:56:37.469+0000] {processor.py:153} INFO - Started process (PID=142) to work on /home/airflow/.local/lib/python3.7/site-packages/airflow/example_dags/example_task_group.py
[2023-01-21T23:56:37.470+0000] {processor.py:743} INFO - Processing file /home/airflow/.local/lib/python3.7/site-packages/airflow/example_dags/example_task_group.py for tasks to queue
[2023-01-21T23:56:37.473+0000] {logging_mixin.py:137} INFO - [2023-01-21T23:56:37.472+0000] {dagbag.py:538} INFO - Filling up the DagBag from /home/airflow/.local/lib/python3.7/site-packages/airflow/example_dags/example_task_group.py
[2023-01-21T23:56:37.485+0000] {processor.py:753} INFO - DAG(s) dict_keys(['example_task_group']) retrieved from /home/airflow/.local/lib/python3.7/site-packages/airflow/example_dags/example_task_group.py
[2023-01-21T23:56:37.505+0000] {logging_mixin.py:137} INFO - [2023-01-21T23:56:37.505+0000] {dag.py:2690} INFO - Sync 1 DAGs
[2023-01-21T23:56:37.523+0000] {logging_mixin.py:137} INFO - [2023-01-21T23:56:37.523+0000] {dag.py:3441} INFO - Setting next_dagrun for example_task_group to 2023-01-20T23:56:37.523144+00:00, run_after=2023-01-21T23:56:37.523144+00:00
[2023-01-21T23:56:37.538+0000] {processor.py:175} INFO - Processing /home/airflow/.local/lib/python3.7/site-packages/airflow/example_dags/example_task_group.py took 0.072 seconds
[2023-01-21T23:57:08.365+0000] {processor.py:153} INFO - Started process (PID=218) to work on /home/airflow/.local/lib/python3.7/site-packages/airflow/example_dags/example_task_group.py
[2023-01-21T23:57:08.366+0000] {processor.py:743} INFO - Processing file /home/airflow/.local/lib/python3.7/site-packages/airflow/example_dags/example_task_group.py for tasks to queue
[2023-01-21T23:57:08.367+0000] {logging_mixin.py:137} INFO - [2023-01-21T23:57:08.367+0000] {dagbag.py:538} INFO - Filling up the DagBag from /home/airflow/.local/lib/python3.7/site-packages/airflow/example_dags/example_task_group.py
[2023-01-21T23:57:08.381+0000] {processor.py:753} INFO - DAG(s) dict_keys(['example_task_group']) retrieved from /home/airflow/.local/lib/python3.7/site-packages/airflow/example_dags/example_task_group.py
[2023-01-21T23:57:08.406+0000] {logging_mixin.py:137} INFO - [2023-01-21T23:57:08.406+0000] {dag.py:2690} INFO - Sync 1 DAGs
[2023-01-21T23:57:08.429+0000] {logging_mixin.py:137} INFO - [2023-01-21T23:57:08.429+0000] {dag.py:3441} INFO - Setting next_dagrun for example_task_group to 2023-01-20T23:57:08.429066+00:00, run_after=2023-01-21T23:57:08.429066+00:00
[2023-01-21T23:57:08.448+0000] {processor.py:175} INFO - Processing /home/airflow/.local/lib/python3.7/site-packages/airflow/example_dags/example_task_group.py took 0.087 seconds
