[2023-01-21T23:45:22.181+0000] {processor.py:153} INFO - Started process (PID=46) to work on /home/airflow/.local/lib/python3.7/site-packages/airflow/example_dags/example_task_group_decorator.py
[2023-01-21T23:45:22.185+0000] {processor.py:743} INFO - Processing file /home/airflow/.local/lib/python3.7/site-packages/airflow/example_dags/example_task_group_decorator.py for tasks to queue
[2023-01-21T23:45:22.186+0000] {logging_mixin.py:137} INFO - [2023-01-21T23:45:22.186+0000] {dagbag.py:538} INFO - Filling up the DagBag from /home/airflow/.local/lib/python3.7/site-packages/airflow/example_dags/example_task_group_decorator.py
[2023-01-21T23:45:22.252+0000] {processor.py:753} INFO - DAG(s) dict_keys(['example_task_group_decorator']) retrieved from /home/airflow/.local/lib/python3.7/site-packages/airflow/example_dags/example_task_group_decorator.py
[2023-01-21T23:45:22.298+0000] {logging_mixin.py:137} INFO - [2023-01-21T23:45:22.298+0000] {dag.py:2690} INFO - Sync 1 DAGs
[2023-01-21T23:45:22.338+0000] {logging_mixin.py:137} INFO - [2023-01-21T23:45:22.338+0000] {dag.py:3441} INFO - Setting next_dagrun for example_task_group_decorator to 2023-01-20T23:45:22.338249+00:00, run_after=2023-01-21T23:45:22.338249+00:00
[2023-01-21T23:45:22.367+0000] {processor.py:175} INFO - Processing /home/airflow/.local/lib/python3.7/site-packages/airflow/example_dags/example_task_group_decorator.py took 0.192 seconds
[2023-01-21T23:45:52.824+0000] {processor.py:153} INFO - Started process (PID=122) to work on /home/airflow/.local/lib/python3.7/site-packages/airflow/example_dags/example_task_group_decorator.py
[2023-01-21T23:45:52.825+0000] {processor.py:743} INFO - Processing file /home/airflow/.local/lib/python3.7/site-packages/airflow/example_dags/example_task_group_decorator.py for tasks to queue
[2023-01-21T23:45:52.826+0000] {logging_mixin.py:137} INFO - [2023-01-21T23:45:52.826+0000] {dagbag.py:538} INFO - Filling up the DagBag from /home/airflow/.local/lib/python3.7/site-packages/airflow/example_dags/example_task_group_decorator.py
[2023-01-21T23:45:52.843+0000] {processor.py:753} INFO - DAG(s) dict_keys(['example_task_group_decorator']) retrieved from /home/airflow/.local/lib/python3.7/site-packages/airflow/example_dags/example_task_group_decorator.py
[2023-01-21T23:45:52.863+0000] {logging_mixin.py:137} INFO - [2023-01-21T23:45:52.863+0000] {dag.py:2690} INFO - Sync 1 DAGs
[2023-01-21T23:45:52.880+0000] {logging_mixin.py:137} INFO - [2023-01-21T23:45:52.880+0000] {dag.py:3441} INFO - Setting next_dagrun for example_task_group_decorator to 2023-01-20T23:45:52.880402+00:00, run_after=2023-01-21T23:45:52.880402+00:00
[2023-01-21T23:45:52.892+0000] {processor.py:175} INFO - Processing /home/airflow/.local/lib/python3.7/site-packages/airflow/example_dags/example_task_group_decorator.py took 0.071 seconds
[2023-01-21T23:46:23.271+0000] {processor.py:153} INFO - Started process (PID=187) to work on /home/airflow/.local/lib/python3.7/site-packages/airflow/example_dags/example_task_group_decorator.py
[2023-01-21T23:46:23.273+0000] {processor.py:743} INFO - Processing file /home/airflow/.local/lib/python3.7/site-packages/airflow/example_dags/example_task_group_decorator.py for tasks to queue
[2023-01-21T23:46:23.273+0000] {logging_mixin.py:137} INFO - [2023-01-21T23:46:23.273+0000] {dagbag.py:538} INFO - Filling up the DagBag from /home/airflow/.local/lib/python3.7/site-packages/airflow/example_dags/example_task_group_decorator.py
[2023-01-21T23:46:23.294+0000] {processor.py:753} INFO - DAG(s) dict_keys(['example_task_group_decorator']) retrieved from /home/airflow/.local/lib/python3.7/site-packages/airflow/example_dags/example_task_group_decorator.py
[2023-01-21T23:46:23.319+0000] {logging_mixin.py:137} INFO - [2023-01-21T23:46:23.318+0000] {dag.py:2690} INFO - Sync 1 DAGs
[2023-01-21T23:46:23.335+0000] {logging_mixin.py:137} INFO - [2023-01-21T23:46:23.335+0000] {dag.py:3441} INFO - Setting next_dagrun for example_task_group_decorator to 2023-01-20T23:46:23.335149+00:00, run_after=2023-01-21T23:46:23.335149+00:00
[2023-01-21T23:46:23.348+0000] {processor.py:175} INFO - Processing /home/airflow/.local/lib/python3.7/site-packages/airflow/example_dags/example_task_group_decorator.py took 0.079 seconds
[2023-01-21T23:46:53.797+0000] {processor.py:153} INFO - Started process (PID=262) to work on /home/airflow/.local/lib/python3.7/site-packages/airflow/example_dags/example_task_group_decorator.py
[2023-01-21T23:46:53.798+0000] {processor.py:743} INFO - Processing file /home/airflow/.local/lib/python3.7/site-packages/airflow/example_dags/example_task_group_decorator.py for tasks to queue
[2023-01-21T23:46:53.799+0000] {logging_mixin.py:137} INFO - [2023-01-21T23:46:53.799+0000] {dagbag.py:538} INFO - Filling up the DagBag from /home/airflow/.local/lib/python3.7/site-packages/airflow/example_dags/example_task_group_decorator.py
[2023-01-21T23:46:53.816+0000] {processor.py:753} INFO - DAG(s) dict_keys(['example_task_group_decorator']) retrieved from /home/airflow/.local/lib/python3.7/site-packages/airflow/example_dags/example_task_group_decorator.py
[2023-01-21T23:46:53.835+0000] {logging_mixin.py:137} INFO - [2023-01-21T23:46:53.835+0000] {dag.py:2690} INFO - Sync 1 DAGs
[2023-01-21T23:46:53.850+0000] {logging_mixin.py:137} INFO - [2023-01-21T23:46:53.850+0000] {dag.py:3441} INFO - Setting next_dagrun for example_task_group_decorator to 2023-01-20T23:46:53.849853+00:00, run_after=2023-01-21T23:46:53.849853+00:00
[2023-01-21T23:46:53.861+0000] {processor.py:175} INFO - Processing /home/airflow/.local/lib/python3.7/site-packages/airflow/example_dags/example_task_group_decorator.py took 0.067 seconds
[2023-01-21T23:47:24.304+0000] {processor.py:153} INFO - Started process (PID=337) to work on /home/airflow/.local/lib/python3.7/site-packages/airflow/example_dags/example_task_group_decorator.py
[2023-01-21T23:47:24.306+0000] {processor.py:743} INFO - Processing file /home/airflow/.local/lib/python3.7/site-packages/airflow/example_dags/example_task_group_decorator.py for tasks to queue
[2023-01-21T23:47:24.306+0000] {logging_mixin.py:137} INFO - [2023-01-21T23:47:24.306+0000] {dagbag.py:538} INFO - Filling up the DagBag from /home/airflow/.local/lib/python3.7/site-packages/airflow/example_dags/example_task_group_decorator.py
[2023-01-21T23:47:24.323+0000] {processor.py:753} INFO - DAG(s) dict_keys(['example_task_group_decorator']) retrieved from /home/airflow/.local/lib/python3.7/site-packages/airflow/example_dags/example_task_group_decorator.py
[2023-01-21T23:47:24.341+0000] {logging_mixin.py:137} INFO - [2023-01-21T23:47:24.341+0000] {dag.py:2690} INFO - Sync 1 DAGs
[2023-01-21T23:47:24.355+0000] {logging_mixin.py:137} INFO - [2023-01-21T23:47:24.355+0000] {dag.py:3441} INFO - Setting next_dagrun for example_task_group_decorator to 2023-01-20T23:47:24.355078+00:00, run_after=2023-01-21T23:47:24.355078+00:00
[2023-01-21T23:47:24.366+0000] {processor.py:175} INFO - Processing /home/airflow/.local/lib/python3.7/site-packages/airflow/example_dags/example_task_group_decorator.py took 0.064 seconds
[2023-01-21T23:47:54.657+0000] {processor.py:153} INFO - Started process (PID=402) to work on /home/airflow/.local/lib/python3.7/site-packages/airflow/example_dags/example_task_group_decorator.py
[2023-01-21T23:47:54.659+0000] {processor.py:743} INFO - Processing file /home/airflow/.local/lib/python3.7/site-packages/airflow/example_dags/example_task_group_decorator.py for tasks to queue
[2023-01-21T23:47:54.660+0000] {logging_mixin.py:137} INFO - [2023-01-21T23:47:54.659+0000] {dagbag.py:538} INFO - Filling up the DagBag from /home/airflow/.local/lib/python3.7/site-packages/airflow/example_dags/example_task_group_decorator.py
[2023-01-21T23:47:54.679+0000] {processor.py:753} INFO - DAG(s) dict_keys(['example_task_group_decorator']) retrieved from /home/airflow/.local/lib/python3.7/site-packages/airflow/example_dags/example_task_group_decorator.py
[2023-01-21T23:47:54.699+0000] {logging_mixin.py:137} INFO - [2023-01-21T23:47:54.699+0000] {dag.py:2690} INFO - Sync 1 DAGs
[2023-01-21T23:47:54.714+0000] {logging_mixin.py:137} INFO - [2023-01-21T23:47:54.714+0000] {dag.py:3441} INFO - Setting next_dagrun for example_task_group_decorator to 2023-01-20T23:47:54.714578+00:00, run_after=2023-01-21T23:47:54.714578+00:00
[2023-01-21T23:47:54.727+0000] {processor.py:175} INFO - Processing /home/airflow/.local/lib/python3.7/site-packages/airflow/example_dags/example_task_group_decorator.py took 0.072 seconds
[2023-01-21T23:48:24.970+0000] {processor.py:153} INFO - Started process (PID=478) to work on /home/airflow/.local/lib/python3.7/site-packages/airflow/example_dags/example_task_group_decorator.py
[2023-01-21T23:48:24.971+0000] {processor.py:743} INFO - Processing file /home/airflow/.local/lib/python3.7/site-packages/airflow/example_dags/example_task_group_decorator.py for tasks to queue
[2023-01-21T23:48:24.972+0000] {logging_mixin.py:137} INFO - [2023-01-21T23:48:24.972+0000] {dagbag.py:538} INFO - Filling up the DagBag from /home/airflow/.local/lib/python3.7/site-packages/airflow/example_dags/example_task_group_decorator.py
[2023-01-21T23:48:24.990+0000] {processor.py:753} INFO - DAG(s) dict_keys(['example_task_group_decorator']) retrieved from /home/airflow/.local/lib/python3.7/site-packages/airflow/example_dags/example_task_group_decorator.py
[2023-01-21T23:48:25.009+0000] {logging_mixin.py:137} INFO - [2023-01-21T23:48:25.009+0000] {dag.py:2690} INFO - Sync 1 DAGs
[2023-01-21T23:48:25.024+0000] {logging_mixin.py:137} INFO - [2023-01-21T23:48:25.024+0000] {dag.py:3441} INFO - Setting next_dagrun for example_task_group_decorator to 2023-01-20T23:48:25.024305+00:00, run_after=2023-01-21T23:48:25.024305+00:00
[2023-01-21T23:48:25.035+0000] {processor.py:175} INFO - Processing /home/airflow/.local/lib/python3.7/site-packages/airflow/example_dags/example_task_group_decorator.py took 0.068 seconds
[2023-01-21T23:48:55.308+0000] {processor.py:153} INFO - Started process (PID=554) to work on /home/airflow/.local/lib/python3.7/site-packages/airflow/example_dags/example_task_group_decorator.py
[2023-01-21T23:48:55.309+0000] {processor.py:743} INFO - Processing file /home/airflow/.local/lib/python3.7/site-packages/airflow/example_dags/example_task_group_decorator.py for tasks to queue
[2023-01-21T23:48:55.310+0000] {logging_mixin.py:137} INFO - [2023-01-21T23:48:55.310+0000] {dagbag.py:538} INFO - Filling up the DagBag from /home/airflow/.local/lib/python3.7/site-packages/airflow/example_dags/example_task_group_decorator.py
[2023-01-21T23:48:55.330+0000] {processor.py:753} INFO - DAG(s) dict_keys(['example_task_group_decorator']) retrieved from /home/airflow/.local/lib/python3.7/site-packages/airflow/example_dags/example_task_group_decorator.py
[2023-01-21T23:48:55.378+0000] {logging_mixin.py:137} INFO - [2023-01-21T23:48:55.378+0000] {dag.py:2690} INFO - Sync 1 DAGs
[2023-01-21T23:48:55.415+0000] {logging_mixin.py:137} INFO - [2023-01-21T23:48:55.415+0000] {dag.py:3441} INFO - Setting next_dagrun for example_task_group_decorator to 2023-01-20T23:48:55.415451+00:00, run_after=2023-01-21T23:48:55.415451+00:00
[2023-01-21T23:48:55.436+0000] {processor.py:175} INFO - Processing /home/airflow/.local/lib/python3.7/site-packages/airflow/example_dags/example_task_group_decorator.py took 0.131 seconds
[2023-01-21T23:49:25.957+0000] {processor.py:153} INFO - Started process (PID=619) to work on /home/airflow/.local/lib/python3.7/site-packages/airflow/example_dags/example_task_group_decorator.py
[2023-01-21T23:49:25.958+0000] {processor.py:743} INFO - Processing file /home/airflow/.local/lib/python3.7/site-packages/airflow/example_dags/example_task_group_decorator.py for tasks to queue
[2023-01-21T23:49:25.959+0000] {logging_mixin.py:137} INFO - [2023-01-21T23:49:25.959+0000] {dagbag.py:538} INFO - Filling up the DagBag from /home/airflow/.local/lib/python3.7/site-packages/airflow/example_dags/example_task_group_decorator.py
[2023-01-21T23:49:25.978+0000] {processor.py:753} INFO - DAG(s) dict_keys(['example_task_group_decorator']) retrieved from /home/airflow/.local/lib/python3.7/site-packages/airflow/example_dags/example_task_group_decorator.py
[2023-01-21T23:49:25.996+0000] {logging_mixin.py:137} INFO - [2023-01-21T23:49:25.996+0000] {dag.py:2690} INFO - Sync 1 DAGs
[2023-01-21T23:49:26.011+0000] {logging_mixin.py:137} INFO - [2023-01-21T23:49:26.011+0000] {dag.py:3441} INFO - Setting next_dagrun for example_task_group_decorator to 2023-01-20T23:49:26.011547+00:00, run_after=2023-01-21T23:49:26.011547+00:00
[2023-01-21T23:49:26.025+0000] {processor.py:175} INFO - Processing /home/airflow/.local/lib/python3.7/site-packages/airflow/example_dags/example_task_group_decorator.py took 0.071 seconds
[2023-01-21T23:49:56.269+0000] {processor.py:153} INFO - Started process (PID=696) to work on /home/airflow/.local/lib/python3.7/site-packages/airflow/example_dags/example_task_group_decorator.py
[2023-01-21T23:49:56.270+0000] {processor.py:743} INFO - Processing file /home/airflow/.local/lib/python3.7/site-packages/airflow/example_dags/example_task_group_decorator.py for tasks to queue
[2023-01-21T23:49:56.271+0000] {logging_mixin.py:137} INFO - [2023-01-21T23:49:56.271+0000] {dagbag.py:538} INFO - Filling up the DagBag from /home/airflow/.local/lib/python3.7/site-packages/airflow/example_dags/example_task_group_decorator.py
[2023-01-21T23:49:56.292+0000] {processor.py:753} INFO - DAG(s) dict_keys(['example_task_group_decorator']) retrieved from /home/airflow/.local/lib/python3.7/site-packages/airflow/example_dags/example_task_group_decorator.py
[2023-01-21T23:49:56.314+0000] {logging_mixin.py:137} INFO - [2023-01-21T23:49:56.314+0000] {dag.py:2690} INFO - Sync 1 DAGs
[2023-01-21T23:49:56.330+0000] {logging_mixin.py:137} INFO - [2023-01-21T23:49:56.330+0000] {dag.py:3441} INFO - Setting next_dagrun for example_task_group_decorator to 2023-01-20T23:49:56.330107+00:00, run_after=2023-01-21T23:49:56.330107+00:00
[2023-01-21T23:49:56.343+0000] {processor.py:175} INFO - Processing /home/airflow/.local/lib/python3.7/site-packages/airflow/example_dags/example_task_group_decorator.py took 0.077 seconds
[2023-01-21T23:50:26.649+0000] {processor.py:153} INFO - Started process (PID=766) to work on /home/airflow/.local/lib/python3.7/site-packages/airflow/example_dags/example_task_group_decorator.py
[2023-01-21T23:50:26.650+0000] {processor.py:743} INFO - Processing file /home/airflow/.local/lib/python3.7/site-packages/airflow/example_dags/example_task_group_decorator.py for tasks to queue
[2023-01-21T23:50:26.651+0000] {logging_mixin.py:137} INFO - [2023-01-21T23:50:26.651+0000] {dagbag.py:538} INFO - Filling up the DagBag from /home/airflow/.local/lib/python3.7/site-packages/airflow/example_dags/example_task_group_decorator.py
[2023-01-21T23:50:26.672+0000] {processor.py:753} INFO - DAG(s) dict_keys(['example_task_group_decorator']) retrieved from /home/airflow/.local/lib/python3.7/site-packages/airflow/example_dags/example_task_group_decorator.py
[2023-01-21T23:50:26.695+0000] {logging_mixin.py:137} INFO - [2023-01-21T23:50:26.694+0000] {dag.py:2690} INFO - Sync 1 DAGs
[2023-01-21T23:50:26.712+0000] {logging_mixin.py:137} INFO - [2023-01-21T23:50:26.712+0000] {dag.py:3441} INFO - Setting next_dagrun for example_task_group_decorator to 2023-01-20T23:50:26.712492+00:00, run_after=2023-01-21T23:50:26.712492+00:00
[2023-01-21T23:50:26.726+0000] {processor.py:175} INFO - Processing /home/airflow/.local/lib/python3.7/site-packages/airflow/example_dags/example_task_group_decorator.py took 0.081 seconds
[2023-01-21T23:54:03.447+0000] {processor.py:153} INFO - Started process (PID=46) to work on /home/airflow/.local/lib/python3.7/site-packages/airflow/example_dags/example_task_group_decorator.py
[2023-01-21T23:54:03.449+0000] {processor.py:743} INFO - Processing file /home/airflow/.local/lib/python3.7/site-packages/airflow/example_dags/example_task_group_decorator.py for tasks to queue
[2023-01-21T23:54:03.450+0000] {logging_mixin.py:137} INFO - [2023-01-21T23:54:03.450+0000] {dagbag.py:538} INFO - Filling up the DagBag from /home/airflow/.local/lib/python3.7/site-packages/airflow/example_dags/example_task_group_decorator.py
[2023-01-21T23:54:03.492+0000] {processor.py:753} INFO - DAG(s) dict_keys(['example_task_group_decorator']) retrieved from /home/airflow/.local/lib/python3.7/site-packages/airflow/example_dags/example_task_group_decorator.py
[2023-01-21T23:54:03.558+0000] {logging_mixin.py:137} INFO - [2023-01-21T23:54:03.558+0000] {dag.py:2690} INFO - Sync 1 DAGs
[2023-01-21T23:54:03.591+0000] {logging_mixin.py:137} INFO - [2023-01-21T23:54:03.591+0000] {dag.py:3441} INFO - Setting next_dagrun for example_task_group_decorator to 2023-01-20T23:54:03.591313+00:00, run_after=2023-01-21T23:54:03.591313+00:00
[2023-01-21T23:54:03.607+0000] {processor.py:175} INFO - Processing /home/airflow/.local/lib/python3.7/site-packages/airflow/example_dags/example_task_group_decorator.py took 0.166 seconds
[2023-01-21T23:54:34.343+0000] {processor.py:153} INFO - Started process (PID=122) to work on /home/airflow/.local/lib/python3.7/site-packages/airflow/example_dags/example_task_group_decorator.py
[2023-01-21T23:54:34.345+0000] {processor.py:743} INFO - Processing file /home/airflow/.local/lib/python3.7/site-packages/airflow/example_dags/example_task_group_decorator.py for tasks to queue
[2023-01-21T23:54:34.346+0000] {logging_mixin.py:137} INFO - [2023-01-21T23:54:34.345+0000] {dagbag.py:538} INFO - Filling up the DagBag from /home/airflow/.local/lib/python3.7/site-packages/airflow/example_dags/example_task_group_decorator.py
[2023-01-21T23:54:34.370+0000] {processor.py:753} INFO - DAG(s) dict_keys(['example_task_group_decorator']) retrieved from /home/airflow/.local/lib/python3.7/site-packages/airflow/example_dags/example_task_group_decorator.py
[2023-01-21T23:54:34.394+0000] {logging_mixin.py:137} INFO - [2023-01-21T23:54:34.394+0000] {dag.py:2690} INFO - Sync 1 DAGs
[2023-01-21T23:54:34.414+0000] {logging_mixin.py:137} INFO - [2023-01-21T23:54:34.414+0000] {dag.py:3441} INFO - Setting next_dagrun for example_task_group_decorator to 2023-01-20T23:54:34.414522+00:00, run_after=2023-01-21T23:54:34.414522+00:00
[2023-01-21T23:54:34.430+0000] {processor.py:175} INFO - Processing /home/airflow/.local/lib/python3.7/site-packages/airflow/example_dags/example_task_group_decorator.py took 0.090 seconds
[2023-01-21T23:55:04.598+0000] {processor.py:153} INFO - Started process (PID=187) to work on /home/airflow/.local/lib/python3.7/site-packages/airflow/example_dags/example_task_group_decorator.py
[2023-01-21T23:55:04.599+0000] {processor.py:743} INFO - Processing file /home/airflow/.local/lib/python3.7/site-packages/airflow/example_dags/example_task_group_decorator.py for tasks to queue
[2023-01-21T23:55:04.600+0000] {logging_mixin.py:137} INFO - [2023-01-21T23:55:04.600+0000] {dagbag.py:538} INFO - Filling up the DagBag from /home/airflow/.local/lib/python3.7/site-packages/airflow/example_dags/example_task_group_decorator.py
[2023-01-21T23:55:04.617+0000] {processor.py:753} INFO - DAG(s) dict_keys(['example_task_group_decorator']) retrieved from /home/airflow/.local/lib/python3.7/site-packages/airflow/example_dags/example_task_group_decorator.py
[2023-01-21T23:55:04.637+0000] {logging_mixin.py:137} INFO - [2023-01-21T23:55:04.637+0000] {dag.py:2690} INFO - Sync 1 DAGs
[2023-01-21T23:55:04.652+0000] {logging_mixin.py:137} INFO - [2023-01-21T23:55:04.652+0000] {dag.py:3441} INFO - Setting next_dagrun for example_task_group_decorator to 2023-01-20T23:55:04.652263+00:00, run_after=2023-01-21T23:55:04.652263+00:00
[2023-01-21T23:55:04.665+0000] {processor.py:175} INFO - Processing /home/airflow/.local/lib/python3.7/site-packages/airflow/example_dags/example_task_group_decorator.py took 0.071 seconds
[2023-01-21T23:56:04.287+0000] {processor.py:153} INFO - Started process (PID=45) to work on /home/airflow/.local/lib/python3.7/site-packages/airflow/example_dags/example_task_group_decorator.py
[2023-01-21T23:56:04.288+0000] {processor.py:743} INFO - Processing file /home/airflow/.local/lib/python3.7/site-packages/airflow/example_dags/example_task_group_decorator.py for tasks to queue
[2023-01-21T23:56:04.289+0000] {logging_mixin.py:137} INFO - [2023-01-21T23:56:04.289+0000] {dagbag.py:538} INFO - Filling up the DagBag from /home/airflow/.local/lib/python3.7/site-packages/airflow/example_dags/example_task_group_decorator.py
[2023-01-21T23:56:04.357+0000] {processor.py:753} INFO - DAG(s) dict_keys(['example_task_group_decorator']) retrieved from /home/airflow/.local/lib/python3.7/site-packages/airflow/example_dags/example_task_group_decorator.py
[2023-01-21T23:56:04.382+0000] {logging_mixin.py:137} INFO - [2023-01-21T23:56:04.382+0000] {dag.py:2690} INFO - Sync 1 DAGs
[2023-01-21T23:56:04.426+0000] {logging_mixin.py:137} INFO - [2023-01-21T23:56:04.426+0000] {dag.py:3441} INFO - Setting next_dagrun for example_task_group_decorator to 2023-01-20T23:56:04.425930+00:00, run_after=2023-01-21T23:56:04.425930+00:00
[2023-01-21T23:56:04.446+0000] {processor.py:175} INFO - Processing /home/airflow/.local/lib/python3.7/site-packages/airflow/example_dags/example_task_group_decorator.py took 0.164 seconds
[2023-01-21T23:56:34.927+0000] {processor.py:153} INFO - Started process (PID=121) to work on /home/airflow/.local/lib/python3.7/site-packages/airflow/example_dags/example_task_group_decorator.py
[2023-01-21T23:56:34.929+0000] {processor.py:743} INFO - Processing file /home/airflow/.local/lib/python3.7/site-packages/airflow/example_dags/example_task_group_decorator.py for tasks to queue
[2023-01-21T23:56:34.929+0000] {logging_mixin.py:137} INFO - [2023-01-21T23:56:34.929+0000] {dagbag.py:538} INFO - Filling up the DagBag from /home/airflow/.local/lib/python3.7/site-packages/airflow/example_dags/example_task_group_decorator.py
[2023-01-21T23:56:34.951+0000] {processor.py:753} INFO - DAG(s) dict_keys(['example_task_group_decorator']) retrieved from /home/airflow/.local/lib/python3.7/site-packages/airflow/example_dags/example_task_group_decorator.py
[2023-01-21T23:56:34.972+0000] {logging_mixin.py:137} INFO - [2023-01-21T23:56:34.971+0000] {dag.py:2690} INFO - Sync 1 DAGs
[2023-01-21T23:56:34.988+0000] {logging_mixin.py:137} INFO - [2023-01-21T23:56:34.988+0000] {dag.py:3441} INFO - Setting next_dagrun for example_task_group_decorator to 2023-01-20T23:56:34.987988+00:00, run_after=2023-01-21T23:56:34.987988+00:00
[2023-01-21T23:56:35.006+0000] {processor.py:175} INFO - Processing /home/airflow/.local/lib/python3.7/site-packages/airflow/example_dags/example_task_group_decorator.py took 0.082 seconds
[2023-01-21T23:57:05.746+0000] {processor.py:153} INFO - Started process (PID=185) to work on /home/airflow/.local/lib/python3.7/site-packages/airflow/example_dags/example_task_group_decorator.py
[2023-01-21T23:57:05.748+0000] {processor.py:743} INFO - Processing file /home/airflow/.local/lib/python3.7/site-packages/airflow/example_dags/example_task_group_decorator.py for tasks to queue
[2023-01-21T23:57:05.749+0000] {logging_mixin.py:137} INFO - [2023-01-21T23:57:05.749+0000] {dagbag.py:538} INFO - Filling up the DagBag from /home/airflow/.local/lib/python3.7/site-packages/airflow/example_dags/example_task_group_decorator.py
[2023-01-21T23:57:05.768+0000] {processor.py:753} INFO - DAG(s) dict_keys(['example_task_group_decorator']) retrieved from /home/airflow/.local/lib/python3.7/site-packages/airflow/example_dags/example_task_group_decorator.py
[2023-01-21T23:57:05.789+0000] {logging_mixin.py:137} INFO - [2023-01-21T23:57:05.789+0000] {dag.py:2690} INFO - Sync 1 DAGs
[2023-01-21T23:57:05.805+0000] {logging_mixin.py:137} INFO - [2023-01-21T23:57:05.805+0000] {dag.py:3441} INFO - Setting next_dagrun for example_task_group_decorator to 2023-01-20T23:57:05.805072+00:00, run_after=2023-01-21T23:57:05.805072+00:00
[2023-01-21T23:57:05.820+0000] {processor.py:175} INFO - Processing /home/airflow/.local/lib/python3.7/site-packages/airflow/example_dags/example_task_group_decorator.py took 0.078 seconds
