[2023-01-21T23:45:23.995+0000] {processor.py:153} INFO - Started process (PID=62) to work on /home/airflow/.local/lib/python3.7/site-packages/airflow/example_dags/example_branch_operator.py
[2023-01-21T23:45:23.999+0000] {processor.py:743} INFO - Processing file /home/airflow/.local/lib/python3.7/site-packages/airflow/example_dags/example_branch_operator.py for tasks to queue
[2023-01-21T23:45:24.001+0000] {logging_mixin.py:137} INFO - [2023-01-21T23:45:24.000+0000] {dagbag.py:538} INFO - Filling up the DagBag from /home/airflow/.local/lib/python3.7/site-packages/airflow/example_dags/example_branch_operator.py
[2023-01-21T23:45:24.041+0000] {processor.py:753} INFO - DAG(s) dict_keys(['example_branch_operator']) retrieved from /home/airflow/.local/lib/python3.7/site-packages/airflow/example_dags/example_branch_operator.py
[2023-01-21T23:45:24.079+0000] {logging_mixin.py:137} INFO - [2023-01-21T23:45:24.079+0000] {dag.py:2690} INFO - Sync 1 DAGs
[2023-01-21T23:45:24.112+0000] {logging_mixin.py:137} INFO - [2023-01-21T23:45:24.112+0000] {dag.py:3441} INFO - Setting next_dagrun for example_branch_operator to 2023-01-20T00:00:00+00:00, run_after=2023-01-21T00:00:00+00:00
[2023-01-21T23:45:24.144+0000] {processor.py:175} INFO - Processing /home/airflow/.local/lib/python3.7/site-packages/airflow/example_dags/example_branch_operator.py took 0.160 seconds
[2023-01-21T23:45:54.812+0000] {processor.py:153} INFO - Started process (PID=138) to work on /home/airflow/.local/lib/python3.7/site-packages/airflow/example_dags/example_branch_operator.py
[2023-01-21T23:45:54.813+0000] {processor.py:743} INFO - Processing file /home/airflow/.local/lib/python3.7/site-packages/airflow/example_dags/example_branch_operator.py for tasks to queue
[2023-01-21T23:45:54.814+0000] {logging_mixin.py:137} INFO - [2023-01-21T23:45:54.814+0000] {dagbag.py:538} INFO - Filling up the DagBag from /home/airflow/.local/lib/python3.7/site-packages/airflow/example_dags/example_branch_operator.py
[2023-01-21T23:45:54.826+0000] {processor.py:753} INFO - DAG(s) dict_keys(['example_branch_operator']) retrieved from /home/airflow/.local/lib/python3.7/site-packages/airflow/example_dags/example_branch_operator.py
[2023-01-21T23:45:54.862+0000] {logging_mixin.py:137} INFO - [2023-01-21T23:45:54.862+0000] {dag.py:2690} INFO - Sync 1 DAGs
[2023-01-21T23:45:54.895+0000] {logging_mixin.py:137} INFO - [2023-01-21T23:45:54.895+0000] {dag.py:3441} INFO - Setting next_dagrun for example_branch_operator to 2023-01-20T00:00:00+00:00, run_after=2023-01-21T00:00:00+00:00
[2023-01-21T23:45:54.908+0000] {processor.py:175} INFO - Processing /home/airflow/.local/lib/python3.7/site-packages/airflow/example_dags/example_branch_operator.py took 0.099 seconds
[2023-01-21T23:46:25.346+0000] {processor.py:153} INFO - Started process (PID=210) to work on /home/airflow/.local/lib/python3.7/site-packages/airflow/example_dags/example_branch_operator.py
[2023-01-21T23:46:25.348+0000] {processor.py:743} INFO - Processing file /home/airflow/.local/lib/python3.7/site-packages/airflow/example_dags/example_branch_operator.py for tasks to queue
[2023-01-21T23:46:25.349+0000] {logging_mixin.py:137} INFO - [2023-01-21T23:46:25.349+0000] {dagbag.py:538} INFO - Filling up the DagBag from /home/airflow/.local/lib/python3.7/site-packages/airflow/example_dags/example_branch_operator.py
[2023-01-21T23:46:25.363+0000] {processor.py:753} INFO - DAG(s) dict_keys(['example_branch_operator']) retrieved from /home/airflow/.local/lib/python3.7/site-packages/airflow/example_dags/example_branch_operator.py
[2023-01-21T23:46:25.389+0000] {logging_mixin.py:137} INFO - [2023-01-21T23:46:25.389+0000] {dag.py:2690} INFO - Sync 1 DAGs
[2023-01-21T23:46:25.410+0000] {logging_mixin.py:137} INFO - [2023-01-21T23:46:25.410+0000] {dag.py:3441} INFO - Setting next_dagrun for example_branch_operator to 2023-01-20T00:00:00+00:00, run_after=2023-01-21T00:00:00+00:00
[2023-01-21T23:46:25.426+0000] {processor.py:175} INFO - Processing /home/airflow/.local/lib/python3.7/site-packages/airflow/example_dags/example_branch_operator.py took 0.083 seconds
[2023-01-21T23:46:55.676+0000] {processor.py:153} INFO - Started process (PID=278) to work on /home/airflow/.local/lib/python3.7/site-packages/airflow/example_dags/example_branch_operator.py
[2023-01-21T23:46:55.677+0000] {processor.py:743} INFO - Processing file /home/airflow/.local/lib/python3.7/site-packages/airflow/example_dags/example_branch_operator.py for tasks to queue
[2023-01-21T23:46:55.677+0000] {logging_mixin.py:137} INFO - [2023-01-21T23:46:55.677+0000] {dagbag.py:538} INFO - Filling up the DagBag from /home/airflow/.local/lib/python3.7/site-packages/airflow/example_dags/example_branch_operator.py
[2023-01-21T23:46:55.688+0000] {processor.py:753} INFO - DAG(s) dict_keys(['example_branch_operator']) retrieved from /home/airflow/.local/lib/python3.7/site-packages/airflow/example_dags/example_branch_operator.py
[2023-01-21T23:46:55.708+0000] {logging_mixin.py:137} INFO - [2023-01-21T23:46:55.708+0000] {dag.py:2690} INFO - Sync 1 DAGs
[2023-01-21T23:46:55.724+0000] {logging_mixin.py:137} INFO - [2023-01-21T23:46:55.724+0000] {dag.py:3441} INFO - Setting next_dagrun for example_branch_operator to 2023-01-20T00:00:00+00:00, run_after=2023-01-21T00:00:00+00:00
[2023-01-21T23:46:55.738+0000] {processor.py:175} INFO - Processing /home/airflow/.local/lib/python3.7/site-packages/airflow/example_dags/example_branch_operator.py took 0.065 seconds
[2023-01-21T23:47:26.093+0000] {processor.py:153} INFO - Started process (PID=353) to work on /home/airflow/.local/lib/python3.7/site-packages/airflow/example_dags/example_branch_operator.py
[2023-01-21T23:47:26.095+0000] {processor.py:743} INFO - Processing file /home/airflow/.local/lib/python3.7/site-packages/airflow/example_dags/example_branch_operator.py for tasks to queue
[2023-01-21T23:47:26.095+0000] {logging_mixin.py:137} INFO - [2023-01-21T23:47:26.095+0000] {dagbag.py:538} INFO - Filling up the DagBag from /home/airflow/.local/lib/python3.7/site-packages/airflow/example_dags/example_branch_operator.py
[2023-01-21T23:47:26.106+0000] {processor.py:753} INFO - DAG(s) dict_keys(['example_branch_operator']) retrieved from /home/airflow/.local/lib/python3.7/site-packages/airflow/example_dags/example_branch_operator.py
[2023-01-21T23:47:26.126+0000] {logging_mixin.py:137} INFO - [2023-01-21T23:47:26.126+0000] {dag.py:2690} INFO - Sync 1 DAGs
[2023-01-21T23:47:26.143+0000] {logging_mixin.py:137} INFO - [2023-01-21T23:47:26.142+0000] {dag.py:3441} INFO - Setting next_dagrun for example_branch_operator to 2023-01-20T00:00:00+00:00, run_after=2023-01-21T00:00:00+00:00
[2023-01-21T23:47:26.155+0000] {processor.py:175} INFO - Processing /home/airflow/.local/lib/python3.7/site-packages/airflow/example_dags/example_branch_operator.py took 0.064 seconds
[2023-01-21T23:47:56.460+0000] {processor.py:153} INFO - Started process (PID=418) to work on /home/airflow/.local/lib/python3.7/site-packages/airflow/example_dags/example_branch_operator.py
[2023-01-21T23:47:56.461+0000] {processor.py:743} INFO - Processing file /home/airflow/.local/lib/python3.7/site-packages/airflow/example_dags/example_branch_operator.py for tasks to queue
[2023-01-21T23:47:56.462+0000] {logging_mixin.py:137} INFO - [2023-01-21T23:47:56.462+0000] {dagbag.py:538} INFO - Filling up the DagBag from /home/airflow/.local/lib/python3.7/site-packages/airflow/example_dags/example_branch_operator.py
[2023-01-21T23:47:56.473+0000] {processor.py:753} INFO - DAG(s) dict_keys(['example_branch_operator']) retrieved from /home/airflow/.local/lib/python3.7/site-packages/airflow/example_dags/example_branch_operator.py
[2023-01-21T23:47:56.494+0000] {logging_mixin.py:137} INFO - [2023-01-21T23:47:56.494+0000] {dag.py:2690} INFO - Sync 1 DAGs
[2023-01-21T23:47:56.512+0000] {logging_mixin.py:137} INFO - [2023-01-21T23:47:56.512+0000] {dag.py:3441} INFO - Setting next_dagrun for example_branch_operator to 2023-01-20T00:00:00+00:00, run_after=2023-01-21T00:00:00+00:00
[2023-01-21T23:47:56.525+0000] {processor.py:175} INFO - Processing /home/airflow/.local/lib/python3.7/site-packages/airflow/example_dags/example_branch_operator.py took 0.068 seconds
[2023-01-21T23:48:26.707+0000] {processor.py:153} INFO - Started process (PID=494) to work on /home/airflow/.local/lib/python3.7/site-packages/airflow/example_dags/example_branch_operator.py
[2023-01-21T23:48:26.708+0000] {processor.py:743} INFO - Processing file /home/airflow/.local/lib/python3.7/site-packages/airflow/example_dags/example_branch_operator.py for tasks to queue
[2023-01-21T23:48:26.709+0000] {logging_mixin.py:137} INFO - [2023-01-21T23:48:26.709+0000] {dagbag.py:538} INFO - Filling up the DagBag from /home/airflow/.local/lib/python3.7/site-packages/airflow/example_dags/example_branch_operator.py
[2023-01-21T23:48:26.720+0000] {processor.py:753} INFO - DAG(s) dict_keys(['example_branch_operator']) retrieved from /home/airflow/.local/lib/python3.7/site-packages/airflow/example_dags/example_branch_operator.py
[2023-01-21T23:48:26.740+0000] {logging_mixin.py:137} INFO - [2023-01-21T23:48:26.740+0000] {dag.py:2690} INFO - Sync 1 DAGs
[2023-01-21T23:48:26.757+0000] {logging_mixin.py:137} INFO - [2023-01-21T23:48:26.757+0000] {dag.py:3441} INFO - Setting next_dagrun for example_branch_operator to 2023-01-20T00:00:00+00:00, run_after=2023-01-21T00:00:00+00:00
[2023-01-21T23:48:26.770+0000] {processor.py:175} INFO - Processing /home/airflow/.local/lib/python3.7/site-packages/airflow/example_dags/example_branch_operator.py took 0.065 seconds
[2023-01-21T23:48:57.464+0000] {processor.py:153} INFO - Started process (PID=570) to work on /home/airflow/.local/lib/python3.7/site-packages/airflow/example_dags/example_branch_operator.py
[2023-01-21T23:48:57.470+0000] {processor.py:743} INFO - Processing file /home/airflow/.local/lib/python3.7/site-packages/airflow/example_dags/example_branch_operator.py for tasks to queue
[2023-01-21T23:48:57.471+0000] {logging_mixin.py:137} INFO - [2023-01-21T23:48:57.471+0000] {dagbag.py:538} INFO - Filling up the DagBag from /home/airflow/.local/lib/python3.7/site-packages/airflow/example_dags/example_branch_operator.py
[2023-01-21T23:48:57.482+0000] {processor.py:753} INFO - DAG(s) dict_keys(['example_branch_operator']) retrieved from /home/airflow/.local/lib/python3.7/site-packages/airflow/example_dags/example_branch_operator.py
[2023-01-21T23:48:57.503+0000] {logging_mixin.py:137} INFO - [2023-01-21T23:48:57.502+0000] {dag.py:2690} INFO - Sync 1 DAGs
[2023-01-21T23:48:57.525+0000] {logging_mixin.py:137} INFO - [2023-01-21T23:48:57.525+0000] {dag.py:3441} INFO - Setting next_dagrun for example_branch_operator to 2023-01-20T00:00:00+00:00, run_after=2023-01-21T00:00:00+00:00
[2023-01-21T23:48:57.536+0000] {processor.py:175} INFO - Processing /home/airflow/.local/lib/python3.7/site-packages/airflow/example_dags/example_branch_operator.py took 0.076 seconds
[2023-01-21T23:49:27.861+0000] {processor.py:153} INFO - Started process (PID=635) to work on /home/airflow/.local/lib/python3.7/site-packages/airflow/example_dags/example_branch_operator.py
[2023-01-21T23:49:27.863+0000] {processor.py:743} INFO - Processing file /home/airflow/.local/lib/python3.7/site-packages/airflow/example_dags/example_branch_operator.py for tasks to queue
[2023-01-21T23:49:27.864+0000] {logging_mixin.py:137} INFO - [2023-01-21T23:49:27.863+0000] {dagbag.py:538} INFO - Filling up the DagBag from /home/airflow/.local/lib/python3.7/site-packages/airflow/example_dags/example_branch_operator.py
[2023-01-21T23:49:27.876+0000] {processor.py:753} INFO - DAG(s) dict_keys(['example_branch_operator']) retrieved from /home/airflow/.local/lib/python3.7/site-packages/airflow/example_dags/example_branch_operator.py
[2023-01-21T23:49:27.896+0000] {logging_mixin.py:137} INFO - [2023-01-21T23:49:27.896+0000] {dag.py:2690} INFO - Sync 1 DAGs
[2023-01-21T23:49:27.913+0000] {logging_mixin.py:137} INFO - [2023-01-21T23:49:27.913+0000] {dag.py:3441} INFO - Setting next_dagrun for example_branch_operator to 2023-01-20T00:00:00+00:00, run_after=2023-01-21T00:00:00+00:00
[2023-01-21T23:49:27.924+0000] {processor.py:175} INFO - Processing /home/airflow/.local/lib/python3.7/site-packages/airflow/example_dags/example_branch_operator.py took 0.065 seconds
[2023-01-21T23:49:58.140+0000] {processor.py:153} INFO - Started process (PID=712) to work on /home/airflow/.local/lib/python3.7/site-packages/airflow/example_dags/example_branch_operator.py
[2023-01-21T23:49:58.141+0000] {processor.py:743} INFO - Processing file /home/airflow/.local/lib/python3.7/site-packages/airflow/example_dags/example_branch_operator.py for tasks to queue
[2023-01-21T23:49:58.142+0000] {logging_mixin.py:137} INFO - [2023-01-21T23:49:58.142+0000] {dagbag.py:538} INFO - Filling up the DagBag from /home/airflow/.local/lib/python3.7/site-packages/airflow/example_dags/example_branch_operator.py
[2023-01-21T23:49:58.155+0000] {processor.py:753} INFO - DAG(s) dict_keys(['example_branch_operator']) retrieved from /home/airflow/.local/lib/python3.7/site-packages/airflow/example_dags/example_branch_operator.py
[2023-01-21T23:49:58.176+0000] {logging_mixin.py:137} INFO - [2023-01-21T23:49:58.176+0000] {dag.py:2690} INFO - Sync 1 DAGs
[2023-01-21T23:49:58.192+0000] {logging_mixin.py:137} INFO - [2023-01-21T23:49:58.192+0000] {dag.py:3441} INFO - Setting next_dagrun for example_branch_operator to 2023-01-20T00:00:00+00:00, run_after=2023-01-21T00:00:00+00:00
[2023-01-21T23:49:58.204+0000] {processor.py:175} INFO - Processing /home/airflow/.local/lib/python3.7/site-packages/airflow/example_dags/example_branch_operator.py took 0.067 seconds
[2023-01-21T23:50:28.632+0000] {processor.py:153} INFO - Started process (PID=787) to work on /home/airflow/.local/lib/python3.7/site-packages/airflow/example_dags/example_branch_operator.py
[2023-01-21T23:50:28.633+0000] {processor.py:743} INFO - Processing file /home/airflow/.local/lib/python3.7/site-packages/airflow/example_dags/example_branch_operator.py for tasks to queue
[2023-01-21T23:50:28.634+0000] {logging_mixin.py:137} INFO - [2023-01-21T23:50:28.634+0000] {dagbag.py:538} INFO - Filling up the DagBag from /home/airflow/.local/lib/python3.7/site-packages/airflow/example_dags/example_branch_operator.py
[2023-01-21T23:50:28.645+0000] {processor.py:753} INFO - DAG(s) dict_keys(['example_branch_operator']) retrieved from /home/airflow/.local/lib/python3.7/site-packages/airflow/example_dags/example_branch_operator.py
[2023-01-21T23:50:28.664+0000] {logging_mixin.py:137} INFO - [2023-01-21T23:50:28.664+0000] {dag.py:2690} INFO - Sync 1 DAGs
[2023-01-21T23:50:28.679+0000] {logging_mixin.py:137} INFO - [2023-01-21T23:50:28.679+0000] {dag.py:3441} INFO - Setting next_dagrun for example_branch_operator to 2023-01-20T00:00:00+00:00, run_after=2023-01-21T00:00:00+00:00
[2023-01-21T23:50:28.690+0000] {processor.py:175} INFO - Processing /home/airflow/.local/lib/python3.7/site-packages/airflow/example_dags/example_branch_operator.py took 0.061 seconds
[2023-01-21T23:54:05.191+0000] {processor.py:153} INFO - Started process (PID=62) to work on /home/airflow/.local/lib/python3.7/site-packages/airflow/example_dags/example_branch_operator.py
[2023-01-21T23:54:05.196+0000] {processor.py:743} INFO - Processing file /home/airflow/.local/lib/python3.7/site-packages/airflow/example_dags/example_branch_operator.py for tasks to queue
[2023-01-21T23:54:05.199+0000] {logging_mixin.py:137} INFO - [2023-01-21T23:54:05.199+0000] {dagbag.py:538} INFO - Filling up the DagBag from /home/airflow/.local/lib/python3.7/site-packages/airflow/example_dags/example_branch_operator.py
[2023-01-21T23:54:05.230+0000] {processor.py:753} INFO - DAG(s) dict_keys(['example_branch_operator']) retrieved from /home/airflow/.local/lib/python3.7/site-packages/airflow/example_dags/example_branch_operator.py
[2023-01-21T23:54:05.251+0000] {logging_mixin.py:137} INFO - [2023-01-21T23:54:05.251+0000] {dag.py:2690} INFO - Sync 1 DAGs
[2023-01-21T23:54:05.311+0000] {logging_mixin.py:137} INFO - [2023-01-21T23:54:05.310+0000] {dag.py:3441} INFO - Setting next_dagrun for example_branch_operator to 2023-01-20T00:00:00+00:00, run_after=2023-01-21T00:00:00+00:00
[2023-01-21T23:54:05.333+0000] {processor.py:175} INFO - Processing /home/airflow/.local/lib/python3.7/site-packages/airflow/example_dags/example_branch_operator.py took 0.146 seconds
[2023-01-21T23:54:36.203+0000] {processor.py:153} INFO - Started process (PID=138) to work on /home/airflow/.local/lib/python3.7/site-packages/airflow/example_dags/example_branch_operator.py
[2023-01-21T23:54:36.204+0000] {processor.py:743} INFO - Processing file /home/airflow/.local/lib/python3.7/site-packages/airflow/example_dags/example_branch_operator.py for tasks to queue
[2023-01-21T23:54:36.205+0000] {logging_mixin.py:137} INFO - [2023-01-21T23:54:36.205+0000] {dagbag.py:538} INFO - Filling up the DagBag from /home/airflow/.local/lib/python3.7/site-packages/airflow/example_dags/example_branch_operator.py
[2023-01-21T23:54:36.217+0000] {processor.py:753} INFO - DAG(s) dict_keys(['example_branch_operator']) retrieved from /home/airflow/.local/lib/python3.7/site-packages/airflow/example_dags/example_branch_operator.py
[2023-01-21T23:54:36.237+0000] {logging_mixin.py:137} INFO - [2023-01-21T23:54:36.237+0000] {dag.py:2690} INFO - Sync 1 DAGs
[2023-01-21T23:54:36.253+0000] {logging_mixin.py:137} INFO - [2023-01-21T23:54:36.253+0000] {dag.py:3441} INFO - Setting next_dagrun for example_branch_operator to 2023-01-20T00:00:00+00:00, run_after=2023-01-21T00:00:00+00:00
[2023-01-21T23:54:36.264+0000] {processor.py:175} INFO - Processing /home/airflow/.local/lib/python3.7/site-packages/airflow/example_dags/example_branch_operator.py took 0.063 seconds
[2023-01-21T23:55:06.646+0000] {processor.py:153} INFO - Started process (PID=215) to work on /home/airflow/.local/lib/python3.7/site-packages/airflow/example_dags/example_branch_operator.py
[2023-01-21T23:55:06.648+0000] {processor.py:743} INFO - Processing file /home/airflow/.local/lib/python3.7/site-packages/airflow/example_dags/example_branch_operator.py for tasks to queue
[2023-01-21T23:55:06.650+0000] {logging_mixin.py:137} INFO - [2023-01-21T23:55:06.649+0000] {dagbag.py:538} INFO - Filling up the DagBag from /home/airflow/.local/lib/python3.7/site-packages/airflow/example_dags/example_branch_operator.py
[2023-01-21T23:55:06.665+0000] {processor.py:753} INFO - DAG(s) dict_keys(['example_branch_operator']) retrieved from /home/airflow/.local/lib/python3.7/site-packages/airflow/example_dags/example_branch_operator.py
[2023-01-21T23:55:06.689+0000] {logging_mixin.py:137} INFO - [2023-01-21T23:55:06.689+0000] {dag.py:2690} INFO - Sync 1 DAGs
[2023-01-21T23:55:06.707+0000] {logging_mixin.py:137} INFO - [2023-01-21T23:55:06.707+0000] {dag.py:3441} INFO - Setting next_dagrun for example_branch_operator to 2023-01-20T00:00:00+00:00, run_after=2023-01-21T00:00:00+00:00
[2023-01-21T23:55:06.723+0000] {processor.py:175} INFO - Processing /home/airflow/.local/lib/python3.7/site-packages/airflow/example_dags/example_branch_operator.py took 0.084 seconds
[2023-01-21T23:56:06.157+0000] {processor.py:153} INFO - Started process (PID=61) to work on /home/airflow/.local/lib/python3.7/site-packages/airflow/example_dags/example_branch_operator.py
[2023-01-21T23:56:06.164+0000] {processor.py:743} INFO - Processing file /home/airflow/.local/lib/python3.7/site-packages/airflow/example_dags/example_branch_operator.py for tasks to queue
[2023-01-21T23:56:06.168+0000] {logging_mixin.py:137} INFO - [2023-01-21T23:56:06.167+0000] {dagbag.py:538} INFO - Filling up the DagBag from /home/airflow/.local/lib/python3.7/site-packages/airflow/example_dags/example_branch_operator.py
[2023-01-21T23:56:06.191+0000] {processor.py:753} INFO - DAG(s) dict_keys(['example_branch_operator']) retrieved from /home/airflow/.local/lib/python3.7/site-packages/airflow/example_dags/example_branch_operator.py
[2023-01-21T23:56:06.206+0000] {logging_mixin.py:137} INFO - [2023-01-21T23:56:06.205+0000] {dag.py:2690} INFO - Sync 1 DAGs
[2023-01-21T23:56:06.241+0000] {logging_mixin.py:137} INFO - [2023-01-21T23:56:06.241+0000] {dag.py:3441} INFO - Setting next_dagrun for example_branch_operator to 2023-01-20T00:00:00+00:00, run_after=2023-01-21T00:00:00+00:00
[2023-01-21T23:56:06.264+0000] {processor.py:175} INFO - Processing /home/airflow/.local/lib/python3.7/site-packages/airflow/example_dags/example_branch_operator.py took 0.112 seconds
[2023-01-21T23:56:37.221+0000] {processor.py:153} INFO - Started process (PID=137) to work on /home/airflow/.local/lib/python3.7/site-packages/airflow/example_dags/example_branch_operator.py
[2023-01-21T23:56:37.234+0000] {processor.py:743} INFO - Processing file /home/airflow/.local/lib/python3.7/site-packages/airflow/example_dags/example_branch_operator.py for tasks to queue
[2023-01-21T23:56:37.235+0000] {logging_mixin.py:137} INFO - [2023-01-21T23:56:37.235+0000] {dagbag.py:538} INFO - Filling up the DagBag from /home/airflow/.local/lib/python3.7/site-packages/airflow/example_dags/example_branch_operator.py
[2023-01-21T23:56:37.248+0000] {processor.py:753} INFO - DAG(s) dict_keys(['example_branch_operator']) retrieved from /home/airflow/.local/lib/python3.7/site-packages/airflow/example_dags/example_branch_operator.py
[2023-01-21T23:56:37.271+0000] {logging_mixin.py:137} INFO - [2023-01-21T23:56:37.271+0000] {dag.py:2690} INFO - Sync 1 DAGs
[2023-01-21T23:56:37.289+0000] {logging_mixin.py:137} INFO - [2023-01-21T23:56:37.289+0000] {dag.py:3441} INFO - Setting next_dagrun for example_branch_operator to 2023-01-20T00:00:00+00:00, run_after=2023-01-21T00:00:00+00:00
[2023-01-21T23:56:37.302+0000] {processor.py:175} INFO - Processing /home/airflow/.local/lib/python3.7/site-packages/airflow/example_dags/example_branch_operator.py took 0.083 seconds
[2023-01-21T23:57:07.850+0000] {processor.py:153} INFO - Started process (PID=210) to work on /home/airflow/.local/lib/python3.7/site-packages/airflow/example_dags/example_branch_operator.py
[2023-01-21T23:57:07.852+0000] {processor.py:743} INFO - Processing file /home/airflow/.local/lib/python3.7/site-packages/airflow/example_dags/example_branch_operator.py for tasks to queue
[2023-01-21T23:57:07.853+0000] {logging_mixin.py:137} INFO - [2023-01-21T23:57:07.853+0000] {dagbag.py:538} INFO - Filling up the DagBag from /home/airflow/.local/lib/python3.7/site-packages/airflow/example_dags/example_branch_operator.py
[2023-01-21T23:57:07.873+0000] {processor.py:753} INFO - DAG(s) dict_keys(['example_branch_operator']) retrieved from /home/airflow/.local/lib/python3.7/site-packages/airflow/example_dags/example_branch_operator.py
[2023-01-21T23:57:07.904+0000] {logging_mixin.py:137} INFO - [2023-01-21T23:57:07.904+0000] {dag.py:2690} INFO - Sync 1 DAGs
[2023-01-21T23:57:07.932+0000] {logging_mixin.py:137} INFO - [2023-01-21T23:57:07.932+0000] {dag.py:3441} INFO - Setting next_dagrun for example_branch_operator to 2023-01-20T00:00:00+00:00, run_after=2023-01-21T00:00:00+00:00
[2023-01-21T23:57:07.949+0000] {processor.py:175} INFO - Processing /home/airflow/.local/lib/python3.7/site-packages/airflow/example_dags/example_branch_operator.py took 0.103 seconds
