[2023-01-21T23:45:22.845+0000] {processor.py:153} INFO - Started process (PID=52) to work on /home/airflow/.local/lib/python3.7/site-packages/airflow/example_dags/example_branch_python_dop_operator_3.py
[2023-01-21T23:45:22.848+0000] {processor.py:743} INFO - Processing file /home/airflow/.local/lib/python3.7/site-packages/airflow/example_dags/example_branch_python_dop_operator_3.py for tasks to queue
[2023-01-21T23:45:22.849+0000] {logging_mixin.py:137} INFO - [2023-01-21T23:45:22.849+0000] {dagbag.py:538} INFO - Filling up the DagBag from /home/airflow/.local/lib/python3.7/site-packages/airflow/example_dags/example_branch_python_dop_operator_3.py
[2023-01-21T23:45:22.913+0000] {processor.py:753} INFO - DAG(s) dict_keys(['example_branch_dop_operator_v3']) retrieved from /home/airflow/.local/lib/python3.7/site-packages/airflow/example_dags/example_branch_python_dop_operator_3.py
[2023-01-21T23:45:22.943+0000] {logging_mixin.py:137} INFO - [2023-01-21T23:45:22.943+0000] {dag.py:2690} INFO - Sync 1 DAGs
[2023-01-21T23:45:22.996+0000] {logging_mixin.py:137} INFO - [2023-01-21T23:45:22.996+0000] {dag.py:3441} INFO - Setting next_dagrun for example_branch_dop_operator_v3 to 2023-01-21T23:44:00+00:00, run_after=2023-01-21T23:45:00+00:00
[2023-01-21T23:45:23.050+0000] {processor.py:175} INFO - Processing /home/airflow/.local/lib/python3.7/site-packages/airflow/example_dags/example_branch_python_dop_operator_3.py took 0.210 seconds
[2023-01-21T23:45:53.102+0000] {processor.py:153} INFO - Started process (PID=128) to work on /home/airflow/.local/lib/python3.7/site-packages/airflow/example_dags/example_branch_python_dop_operator_3.py
[2023-01-21T23:45:53.103+0000] {processor.py:743} INFO - Processing file /home/airflow/.local/lib/python3.7/site-packages/airflow/example_dags/example_branch_python_dop_operator_3.py for tasks to queue
[2023-01-21T23:45:53.104+0000] {logging_mixin.py:137} INFO - [2023-01-21T23:45:53.104+0000] {dagbag.py:538} INFO - Filling up the DagBag from /home/airflow/.local/lib/python3.7/site-packages/airflow/example_dags/example_branch_python_dop_operator_3.py
[2023-01-21T23:45:53.119+0000] {processor.py:753} INFO - DAG(s) dict_keys(['example_branch_dop_operator_v3']) retrieved from /home/airflow/.local/lib/python3.7/site-packages/airflow/example_dags/example_branch_python_dop_operator_3.py
[2023-01-21T23:45:53.138+0000] {logging_mixin.py:137} INFO - [2023-01-21T23:45:53.138+0000] {dag.py:2690} INFO - Sync 1 DAGs
[2023-01-21T23:45:53.156+0000] {logging_mixin.py:137} INFO - [2023-01-21T23:45:53.156+0000] {dag.py:3441} INFO - Setting next_dagrun for example_branch_dop_operator_v3 to 2023-01-21T23:44:00+00:00, run_after=2023-01-21T23:45:00+00:00
[2023-01-21T23:45:53.168+0000] {processor.py:175} INFO - Processing /home/airflow/.local/lib/python3.7/site-packages/airflow/example_dags/example_branch_python_dop_operator_3.py took 0.068 seconds
[2023-01-21T23:46:23.629+0000] {processor.py:153} INFO - Started process (PID=193) to work on /home/airflow/.local/lib/python3.7/site-packages/airflow/example_dags/example_branch_python_dop_operator_3.py
[2023-01-21T23:46:23.630+0000] {processor.py:743} INFO - Processing file /home/airflow/.local/lib/python3.7/site-packages/airflow/example_dags/example_branch_python_dop_operator_3.py for tasks to queue
[2023-01-21T23:46:23.631+0000] {logging_mixin.py:137} INFO - [2023-01-21T23:46:23.631+0000] {dagbag.py:538} INFO - Filling up the DagBag from /home/airflow/.local/lib/python3.7/site-packages/airflow/example_dags/example_branch_python_dop_operator_3.py
[2023-01-21T23:46:23.646+0000] {processor.py:753} INFO - DAG(s) dict_keys(['example_branch_dop_operator_v3']) retrieved from /home/airflow/.local/lib/python3.7/site-packages/airflow/example_dags/example_branch_python_dop_operator_3.py
[2023-01-21T23:46:23.665+0000] {logging_mixin.py:137} INFO - [2023-01-21T23:46:23.665+0000] {dag.py:2690} INFO - Sync 1 DAGs
[2023-01-21T23:46:23.682+0000] {logging_mixin.py:137} INFO - [2023-01-21T23:46:23.682+0000] {dag.py:3441} INFO - Setting next_dagrun for example_branch_dop_operator_v3 to 2023-01-21T23:45:00+00:00, run_after=2023-01-21T23:46:00+00:00
[2023-01-21T23:46:23.693+0000] {processor.py:175} INFO - Processing /home/airflow/.local/lib/python3.7/site-packages/airflow/example_dags/example_branch_python_dop_operator_3.py took 0.068 seconds
[2023-01-21T23:46:54.136+0000] {processor.py:153} INFO - Started process (PID=268) to work on /home/airflow/.local/lib/python3.7/site-packages/airflow/example_dags/example_branch_python_dop_operator_3.py
[2023-01-21T23:46:54.137+0000] {processor.py:743} INFO - Processing file /home/airflow/.local/lib/python3.7/site-packages/airflow/example_dags/example_branch_python_dop_operator_3.py for tasks to queue
[2023-01-21T23:46:54.138+0000] {logging_mixin.py:137} INFO - [2023-01-21T23:46:54.138+0000] {dagbag.py:538} INFO - Filling up the DagBag from /home/airflow/.local/lib/python3.7/site-packages/airflow/example_dags/example_branch_python_dop_operator_3.py
[2023-01-21T23:46:54.154+0000] {processor.py:753} INFO - DAG(s) dict_keys(['example_branch_dop_operator_v3']) retrieved from /home/airflow/.local/lib/python3.7/site-packages/airflow/example_dags/example_branch_python_dop_operator_3.py
[2023-01-21T23:46:54.171+0000] {logging_mixin.py:137} INFO - [2023-01-21T23:46:54.171+0000] {dag.py:2690} INFO - Sync 1 DAGs
[2023-01-21T23:46:54.188+0000] {logging_mixin.py:137} INFO - [2023-01-21T23:46:54.188+0000] {dag.py:3441} INFO - Setting next_dagrun for example_branch_dop_operator_v3 to 2023-01-21T23:45:00+00:00, run_after=2023-01-21T23:46:00+00:00
[2023-01-21T23:46:54.199+0000] {processor.py:175} INFO - Processing /home/airflow/.local/lib/python3.7/site-packages/airflow/example_dags/example_branch_python_dop_operator_3.py took 0.065 seconds
[2023-01-21T23:47:24.577+0000] {processor.py:153} INFO - Started process (PID=343) to work on /home/airflow/.local/lib/python3.7/site-packages/airflow/example_dags/example_branch_python_dop_operator_3.py
[2023-01-21T23:47:24.578+0000] {processor.py:743} INFO - Processing file /home/airflow/.local/lib/python3.7/site-packages/airflow/example_dags/example_branch_python_dop_operator_3.py for tasks to queue
[2023-01-21T23:47:24.579+0000] {logging_mixin.py:137} INFO - [2023-01-21T23:47:24.579+0000] {dagbag.py:538} INFO - Filling up the DagBag from /home/airflow/.local/lib/python3.7/site-packages/airflow/example_dags/example_branch_python_dop_operator_3.py
[2023-01-21T23:47:24.594+0000] {processor.py:753} INFO - DAG(s) dict_keys(['example_branch_dop_operator_v3']) retrieved from /home/airflow/.local/lib/python3.7/site-packages/airflow/example_dags/example_branch_python_dop_operator_3.py
[2023-01-21T23:47:24.617+0000] {logging_mixin.py:137} INFO - [2023-01-21T23:47:24.617+0000] {dag.py:2690} INFO - Sync 1 DAGs
[2023-01-21T23:47:24.634+0000] {logging_mixin.py:137} INFO - [2023-01-21T23:47:24.634+0000] {dag.py:3441} INFO - Setting next_dagrun for example_branch_dop_operator_v3 to 2023-01-21T23:46:00+00:00, run_after=2023-01-21T23:47:00+00:00
[2023-01-21T23:47:24.646+0000] {processor.py:175} INFO - Processing /home/airflow/.local/lib/python3.7/site-packages/airflow/example_dags/example_branch_python_dop_operator_3.py took 0.072 seconds
[2023-01-21T23:47:55.033+0000] {processor.py:153} INFO - Started process (PID=408) to work on /home/airflow/.local/lib/python3.7/site-packages/airflow/example_dags/example_branch_python_dop_operator_3.py
[2023-01-21T23:47:55.034+0000] {processor.py:743} INFO - Processing file /home/airflow/.local/lib/python3.7/site-packages/airflow/example_dags/example_branch_python_dop_operator_3.py for tasks to queue
[2023-01-21T23:47:55.034+0000] {logging_mixin.py:137} INFO - [2023-01-21T23:47:55.034+0000] {dagbag.py:538} INFO - Filling up the DagBag from /home/airflow/.local/lib/python3.7/site-packages/airflow/example_dags/example_branch_python_dop_operator_3.py
[2023-01-21T23:47:55.049+0000] {processor.py:753} INFO - DAG(s) dict_keys(['example_branch_dop_operator_v3']) retrieved from /home/airflow/.local/lib/python3.7/site-packages/airflow/example_dags/example_branch_python_dop_operator_3.py
[2023-01-21T23:47:55.068+0000] {logging_mixin.py:137} INFO - [2023-01-21T23:47:55.068+0000] {dag.py:2690} INFO - Sync 1 DAGs
[2023-01-21T23:47:55.086+0000] {logging_mixin.py:137} INFO - [2023-01-21T23:47:55.086+0000] {dag.py:3441} INFO - Setting next_dagrun for example_branch_dop_operator_v3 to 2023-01-21T23:46:00+00:00, run_after=2023-01-21T23:47:00+00:00
[2023-01-21T23:47:55.100+0000] {processor.py:175} INFO - Processing /home/airflow/.local/lib/python3.7/site-packages/airflow/example_dags/example_branch_python_dop_operator_3.py took 0.070 seconds
[2023-01-21T23:48:25.315+0000] {processor.py:153} INFO - Started process (PID=484) to work on /home/airflow/.local/lib/python3.7/site-packages/airflow/example_dags/example_branch_python_dop_operator_3.py
[2023-01-21T23:48:25.316+0000] {processor.py:743} INFO - Processing file /home/airflow/.local/lib/python3.7/site-packages/airflow/example_dags/example_branch_python_dop_operator_3.py for tasks to queue
[2023-01-21T23:48:25.317+0000] {logging_mixin.py:137} INFO - [2023-01-21T23:48:25.317+0000] {dagbag.py:538} INFO - Filling up the DagBag from /home/airflow/.local/lib/python3.7/site-packages/airflow/example_dags/example_branch_python_dop_operator_3.py
[2023-01-21T23:48:25.332+0000] {processor.py:753} INFO - DAG(s) dict_keys(['example_branch_dop_operator_v3']) retrieved from /home/airflow/.local/lib/python3.7/site-packages/airflow/example_dags/example_branch_python_dop_operator_3.py
[2023-01-21T23:48:25.351+0000] {logging_mixin.py:137} INFO - [2023-01-21T23:48:25.351+0000] {dag.py:2690} INFO - Sync 1 DAGs
[2023-01-21T23:48:25.367+0000] {logging_mixin.py:137} INFO - [2023-01-21T23:48:25.367+0000] {dag.py:3441} INFO - Setting next_dagrun for example_branch_dop_operator_v3 to 2023-01-21T23:47:00+00:00, run_after=2023-01-21T23:48:00+00:00
[2023-01-21T23:48:25.378+0000] {processor.py:175} INFO - Processing /home/airflow/.local/lib/python3.7/site-packages/airflow/example_dags/example_branch_python_dop_operator_3.py took 0.066 seconds
[2023-01-21T23:48:55.914+0000] {processor.py:153} INFO - Started process (PID=560) to work on /home/airflow/.local/lib/python3.7/site-packages/airflow/example_dags/example_branch_python_dop_operator_3.py
[2023-01-21T23:48:55.916+0000] {processor.py:743} INFO - Processing file /home/airflow/.local/lib/python3.7/site-packages/airflow/example_dags/example_branch_python_dop_operator_3.py for tasks to queue
[2023-01-21T23:48:55.920+0000] {logging_mixin.py:137} INFO - [2023-01-21T23:48:55.920+0000] {dagbag.py:538} INFO - Filling up the DagBag from /home/airflow/.local/lib/python3.7/site-packages/airflow/example_dags/example_branch_python_dop_operator_3.py
[2023-01-21T23:48:55.952+0000] {processor.py:753} INFO - DAG(s) dict_keys(['example_branch_dop_operator_v3']) retrieved from /home/airflow/.local/lib/python3.7/site-packages/airflow/example_dags/example_branch_python_dop_operator_3.py
[2023-01-21T23:48:55.975+0000] {logging_mixin.py:137} INFO - [2023-01-21T23:48:55.975+0000] {dag.py:2690} INFO - Sync 1 DAGs
[2023-01-21T23:48:55.994+0000] {logging_mixin.py:137} INFO - [2023-01-21T23:48:55.994+0000] {dag.py:3441} INFO - Setting next_dagrun for example_branch_dop_operator_v3 to 2023-01-21T23:47:00+00:00, run_after=2023-01-21T23:48:00+00:00
[2023-01-21T23:48:56.004+0000] {processor.py:175} INFO - Processing /home/airflow/.local/lib/python3.7/site-packages/airflow/example_dags/example_branch_python_dop_operator_3.py took 0.094 seconds
[2023-01-21T23:49:26.338+0000] {processor.py:153} INFO - Started process (PID=625) to work on /home/airflow/.local/lib/python3.7/site-packages/airflow/example_dags/example_branch_python_dop_operator_3.py
[2023-01-21T23:49:26.340+0000] {processor.py:743} INFO - Processing file /home/airflow/.local/lib/python3.7/site-packages/airflow/example_dags/example_branch_python_dop_operator_3.py for tasks to queue
[2023-01-21T23:49:26.340+0000] {logging_mixin.py:137} INFO - [2023-01-21T23:49:26.340+0000] {dagbag.py:538} INFO - Filling up the DagBag from /home/airflow/.local/lib/python3.7/site-packages/airflow/example_dags/example_branch_python_dop_operator_3.py
[2023-01-21T23:49:26.356+0000] {processor.py:753} INFO - DAG(s) dict_keys(['example_branch_dop_operator_v3']) retrieved from /home/airflow/.local/lib/python3.7/site-packages/airflow/example_dags/example_branch_python_dop_operator_3.py
[2023-01-21T23:49:26.376+0000] {logging_mixin.py:137} INFO - [2023-01-21T23:49:26.376+0000] {dag.py:2690} INFO - Sync 1 DAGs
[2023-01-21T23:49:26.393+0000] {logging_mixin.py:137} INFO - [2023-01-21T23:49:26.393+0000] {dag.py:3441} INFO - Setting next_dagrun for example_branch_dop_operator_v3 to 2023-01-21T23:48:00+00:00, run_after=2023-01-21T23:49:00+00:00
[2023-01-21T23:49:26.404+0000] {processor.py:175} INFO - Processing /home/airflow/.local/lib/python3.7/site-packages/airflow/example_dags/example_branch_python_dop_operator_3.py took 0.069 seconds
[2023-01-21T23:49:56.616+0000] {processor.py:153} INFO - Started process (PID=702) to work on /home/airflow/.local/lib/python3.7/site-packages/airflow/example_dags/example_branch_python_dop_operator_3.py
[2023-01-21T23:49:56.617+0000] {processor.py:743} INFO - Processing file /home/airflow/.local/lib/python3.7/site-packages/airflow/example_dags/example_branch_python_dop_operator_3.py for tasks to queue
[2023-01-21T23:49:56.618+0000] {logging_mixin.py:137} INFO - [2023-01-21T23:49:56.618+0000] {dagbag.py:538} INFO - Filling up the DagBag from /home/airflow/.local/lib/python3.7/site-packages/airflow/example_dags/example_branch_python_dop_operator_3.py
[2023-01-21T23:49:56.633+0000] {processor.py:753} INFO - DAG(s) dict_keys(['example_branch_dop_operator_v3']) retrieved from /home/airflow/.local/lib/python3.7/site-packages/airflow/example_dags/example_branch_python_dop_operator_3.py
[2023-01-21T23:49:56.652+0000] {logging_mixin.py:137} INFO - [2023-01-21T23:49:56.652+0000] {dag.py:2690} INFO - Sync 1 DAGs
[2023-01-21T23:49:56.669+0000] {logging_mixin.py:137} INFO - [2023-01-21T23:49:56.669+0000] {dag.py:3441} INFO - Setting next_dagrun for example_branch_dop_operator_v3 to 2023-01-21T23:48:00+00:00, run_after=2023-01-21T23:49:00+00:00
[2023-01-21T23:49:56.680+0000] {processor.py:175} INFO - Processing /home/airflow/.local/lib/python3.7/site-packages/airflow/example_dags/example_branch_python_dop_operator_3.py took 0.066 seconds
[2023-01-21T23:50:26.985+0000] {processor.py:153} INFO - Started process (PID=774) to work on /home/airflow/.local/lib/python3.7/site-packages/airflow/example_dags/example_branch_python_dop_operator_3.py
[2023-01-21T23:50:26.986+0000] {processor.py:743} INFO - Processing file /home/airflow/.local/lib/python3.7/site-packages/airflow/example_dags/example_branch_python_dop_operator_3.py for tasks to queue
[2023-01-21T23:50:26.987+0000] {logging_mixin.py:137} INFO - [2023-01-21T23:50:26.987+0000] {dagbag.py:538} INFO - Filling up the DagBag from /home/airflow/.local/lib/python3.7/site-packages/airflow/example_dags/example_branch_python_dop_operator_3.py
[2023-01-21T23:50:27.005+0000] {processor.py:753} INFO - DAG(s) dict_keys(['example_branch_dop_operator_v3']) retrieved from /home/airflow/.local/lib/python3.7/site-packages/airflow/example_dags/example_branch_python_dop_operator_3.py
[2023-01-21T23:50:27.030+0000] {logging_mixin.py:137} INFO - [2023-01-21T23:50:27.030+0000] {dag.py:2690} INFO - Sync 1 DAGs
[2023-01-21T23:50:27.052+0000] {logging_mixin.py:137} INFO - [2023-01-21T23:50:27.052+0000] {dag.py:3441} INFO - Setting next_dagrun for example_branch_dop_operator_v3 to 2023-01-21T23:49:00+00:00, run_after=2023-01-21T23:50:00+00:00
[2023-01-21T23:50:27.066+0000] {processor.py:175} INFO - Processing /home/airflow/.local/lib/python3.7/site-packages/airflow/example_dags/example_branch_python_dop_operator_3.py took 0.084 seconds
[2023-01-21T23:54:04.176+0000] {processor.py:153} INFO - Started process (PID=52) to work on /home/airflow/.local/lib/python3.7/site-packages/airflow/example_dags/example_branch_python_dop_operator_3.py
[2023-01-21T23:54:04.178+0000] {processor.py:743} INFO - Processing file /home/airflow/.local/lib/python3.7/site-packages/airflow/example_dags/example_branch_python_dop_operator_3.py for tasks to queue
[2023-01-21T23:54:04.179+0000] {logging_mixin.py:137} INFO - [2023-01-21T23:54:04.179+0000] {dagbag.py:538} INFO - Filling up the DagBag from /home/airflow/.local/lib/python3.7/site-packages/airflow/example_dags/example_branch_python_dop_operator_3.py
[2023-01-21T23:54:04.217+0000] {processor.py:753} INFO - DAG(s) dict_keys(['example_branch_dop_operator_v3']) retrieved from /home/airflow/.local/lib/python3.7/site-packages/airflow/example_dags/example_branch_python_dop_operator_3.py
[2023-01-21T23:54:04.256+0000] {logging_mixin.py:137} INFO - [2023-01-21T23:54:04.256+0000] {dag.py:2690} INFO - Sync 1 DAGs
[2023-01-21T23:54:04.331+0000] {logging_mixin.py:137} INFO - [2023-01-21T23:54:04.331+0000] {dag.py:3441} INFO - Setting next_dagrun for example_branch_dop_operator_v3 to 2023-01-21T23:53:00+00:00, run_after=2023-01-21T23:54:00+00:00
[2023-01-21T23:54:04.359+0000] {processor.py:175} INFO - Processing /home/airflow/.local/lib/python3.7/site-packages/airflow/example_dags/example_branch_python_dop_operator_3.py took 0.189 seconds
[2023-01-21T23:54:34.632+0000] {processor.py:153} INFO - Started process (PID=128) to work on /home/airflow/.local/lib/python3.7/site-packages/airflow/example_dags/example_branch_python_dop_operator_3.py
[2023-01-21T23:54:34.633+0000] {processor.py:743} INFO - Processing file /home/airflow/.local/lib/python3.7/site-packages/airflow/example_dags/example_branch_python_dop_operator_3.py for tasks to queue
[2023-01-21T23:54:34.634+0000] {logging_mixin.py:137} INFO - [2023-01-21T23:54:34.634+0000] {dagbag.py:538} INFO - Filling up the DagBag from /home/airflow/.local/lib/python3.7/site-packages/airflow/example_dags/example_branch_python_dop_operator_3.py
[2023-01-21T23:54:34.650+0000] {processor.py:753} INFO - DAG(s) dict_keys(['example_branch_dop_operator_v3']) retrieved from /home/airflow/.local/lib/python3.7/site-packages/airflow/example_dags/example_branch_python_dop_operator_3.py
[2023-01-21T23:54:34.668+0000] {logging_mixin.py:137} INFO - [2023-01-21T23:54:34.668+0000] {dag.py:2690} INFO - Sync 1 DAGs
[2023-01-21T23:54:34.686+0000] {logging_mixin.py:137} INFO - [2023-01-21T23:54:34.686+0000] {dag.py:3441} INFO - Setting next_dagrun for example_branch_dop_operator_v3 to 2023-01-21T23:53:00+00:00, run_after=2023-01-21T23:54:00+00:00
[2023-01-21T23:54:34.698+0000] {processor.py:175} INFO - Processing /home/airflow/.local/lib/python3.7/site-packages/airflow/example_dags/example_branch_python_dop_operator_3.py took 0.069 seconds
[2023-01-21T23:55:04.905+0000] {processor.py:153} INFO - Started process (PID=193) to work on /home/airflow/.local/lib/python3.7/site-packages/airflow/example_dags/example_branch_python_dop_operator_3.py
[2023-01-21T23:55:04.906+0000] {processor.py:743} INFO - Processing file /home/airflow/.local/lib/python3.7/site-packages/airflow/example_dags/example_branch_python_dop_operator_3.py for tasks to queue
[2023-01-21T23:55:04.907+0000] {logging_mixin.py:137} INFO - [2023-01-21T23:55:04.907+0000] {dagbag.py:538} INFO - Filling up the DagBag from /home/airflow/.local/lib/python3.7/site-packages/airflow/example_dags/example_branch_python_dop_operator_3.py
[2023-01-21T23:55:04.923+0000] {processor.py:753} INFO - DAG(s) dict_keys(['example_branch_dop_operator_v3']) retrieved from /home/airflow/.local/lib/python3.7/site-packages/airflow/example_dags/example_branch_python_dop_operator_3.py
[2023-01-21T23:55:04.943+0000] {logging_mixin.py:137} INFO - [2023-01-21T23:55:04.943+0000] {dag.py:2690} INFO - Sync 1 DAGs
[2023-01-21T23:55:04.962+0000] {logging_mixin.py:137} INFO - [2023-01-21T23:55:04.962+0000] {dag.py:3441} INFO - Setting next_dagrun for example_branch_dop_operator_v3 to 2023-01-21T23:54:00+00:00, run_after=2023-01-21T23:55:00+00:00
[2023-01-21T23:55:04.974+0000] {processor.py:175} INFO - Processing /home/airflow/.local/lib/python3.7/site-packages/airflow/example_dags/example_branch_python_dop_operator_3.py took 0.072 seconds
[2023-01-21T23:56:04.842+0000] {processor.py:153} INFO - Started process (PID=51) to work on /home/airflow/.local/lib/python3.7/site-packages/airflow/example_dags/example_branch_python_dop_operator_3.py
[2023-01-21T23:56:04.849+0000] {processor.py:743} INFO - Processing file /home/airflow/.local/lib/python3.7/site-packages/airflow/example_dags/example_branch_python_dop_operator_3.py for tasks to queue
[2023-01-21T23:56:04.851+0000] {logging_mixin.py:137} INFO - [2023-01-21T23:56:04.851+0000] {dagbag.py:538} INFO - Filling up the DagBag from /home/airflow/.local/lib/python3.7/site-packages/airflow/example_dags/example_branch_python_dop_operator_3.py
[2023-01-21T23:56:04.911+0000] {processor.py:753} INFO - DAG(s) dict_keys(['example_branch_dop_operator_v3']) retrieved from /home/airflow/.local/lib/python3.7/site-packages/airflow/example_dags/example_branch_python_dop_operator_3.py
[2023-01-21T23:56:04.944+0000] {logging_mixin.py:137} INFO - [2023-01-21T23:56:04.944+0000] {dag.py:2690} INFO - Sync 1 DAGs
[2023-01-21T23:56:04.983+0000] {logging_mixin.py:137} INFO - [2023-01-21T23:56:04.983+0000] {dag.py:3441} INFO - Setting next_dagrun for example_branch_dop_operator_v3 to 2023-01-21T23:55:00+00:00, run_after=2023-01-21T23:56:00+00:00
[2023-01-21T23:56:05.008+0000] {processor.py:175} INFO - Processing /home/airflow/.local/lib/python3.7/site-packages/airflow/example_dags/example_branch_python_dop_operator_3.py took 0.176 seconds
[2023-01-21T23:56:35.298+0000] {processor.py:153} INFO - Started process (PID=127) to work on /home/airflow/.local/lib/python3.7/site-packages/airflow/example_dags/example_branch_python_dop_operator_3.py
[2023-01-21T23:56:35.299+0000] {processor.py:743} INFO - Processing file /home/airflow/.local/lib/python3.7/site-packages/airflow/example_dags/example_branch_python_dop_operator_3.py for tasks to queue
[2023-01-21T23:56:35.301+0000] {logging_mixin.py:137} INFO - [2023-01-21T23:56:35.301+0000] {dagbag.py:538} INFO - Filling up the DagBag from /home/airflow/.local/lib/python3.7/site-packages/airflow/example_dags/example_branch_python_dop_operator_3.py
[2023-01-21T23:56:35.320+0000] {processor.py:753} INFO - DAG(s) dict_keys(['example_branch_dop_operator_v3']) retrieved from /home/airflow/.local/lib/python3.7/site-packages/airflow/example_dags/example_branch_python_dop_operator_3.py
[2023-01-21T23:56:35.343+0000] {logging_mixin.py:137} INFO - [2023-01-21T23:56:35.343+0000] {dag.py:2690} INFO - Sync 1 DAGs
[2023-01-21T23:56:35.365+0000] {logging_mixin.py:137} INFO - [2023-01-21T23:56:35.365+0000] {dag.py:3441} INFO - Setting next_dagrun for example_branch_dop_operator_v3 to 2023-01-21T23:55:00+00:00, run_after=2023-01-21T23:56:00+00:00
[2023-01-21T23:56:35.414+0000] {processor.py:175} INFO - Processing /home/airflow/.local/lib/python3.7/site-packages/airflow/example_dags/example_branch_python_dop_operator_3.py took 0.121 seconds
[2023-01-21T23:57:06.101+0000] {processor.py:153} INFO - Started process (PID=191) to work on /home/airflow/.local/lib/python3.7/site-packages/airflow/example_dags/example_branch_python_dop_operator_3.py
[2023-01-21T23:57:06.103+0000] {processor.py:743} INFO - Processing file /home/airflow/.local/lib/python3.7/site-packages/airflow/example_dags/example_branch_python_dop_operator_3.py for tasks to queue
[2023-01-21T23:57:06.103+0000] {logging_mixin.py:137} INFO - [2023-01-21T23:57:06.103+0000] {dagbag.py:538} INFO - Filling up the DagBag from /home/airflow/.local/lib/python3.7/site-packages/airflow/example_dags/example_branch_python_dop_operator_3.py
[2023-01-21T23:57:06.119+0000] {processor.py:753} INFO - DAG(s) dict_keys(['example_branch_dop_operator_v3']) retrieved from /home/airflow/.local/lib/python3.7/site-packages/airflow/example_dags/example_branch_python_dop_operator_3.py
[2023-01-21T23:57:06.138+0000] {logging_mixin.py:137} INFO - [2023-01-21T23:57:06.137+0000] {dag.py:2690} INFO - Sync 1 DAGs
[2023-01-21T23:57:06.156+0000] {logging_mixin.py:137} INFO - [2023-01-21T23:57:06.156+0000] {dag.py:3441} INFO - Setting next_dagrun for example_branch_dop_operator_v3 to 2023-01-21T23:56:00+00:00, run_after=2023-01-21T23:57:00+00:00
[2023-01-21T23:57:06.167+0000] {processor.py:175} INFO - Processing /home/airflow/.local/lib/python3.7/site-packages/airflow/example_dags/example_branch_python_dop_operator_3.py took 0.068 seconds
