[2023-01-21T23:45:23.409+0000] {processor.py:153} INFO - Started process (PID=57) to work on /home/airflow/.local/lib/python3.7/site-packages/airflow/example_dags/example_datasets.py
[2023-01-21T23:45:23.410+0000] {processor.py:743} INFO - Processing file /home/airflow/.local/lib/python3.7/site-packages/airflow/example_dags/example_datasets.py for tasks to queue
[2023-01-21T23:45:23.411+0000] {logging_mixin.py:137} INFO - [2023-01-21T23:45:23.411+0000] {dagbag.py:538} INFO - Filling up the DagBag from /home/airflow/.local/lib/python3.7/site-packages/airflow/example_dags/example_datasets.py
[2023-01-21T23:45:23.441+0000] {processor.py:753} INFO - DAG(s) dict_keys(['dataset_consumes_1', 'dataset_consumes_1_and_2', 'dataset_produces_1', 'dataset_consumes_unknown_never_scheduled', 'dataset_consumes_1_never_scheduled', 'dataset_produces_2']) retrieved from /home/airflow/.local/lib/python3.7/site-packages/airflow/example_dags/example_datasets.py
[2023-01-21T23:45:23.468+0000] {logging_mixin.py:137} INFO - [2023-01-21T23:45:23.468+0000] {dag.py:2690} INFO - Sync 6 DAGs
[2023-01-21T23:45:23.509+0000] {logging_mixin.py:137} INFO - [2023-01-21T23:45:23.508+0000] {dag.py:3441} INFO - Setting next_dagrun for dataset_consumes_1 to None, run_after=None
[2023-01-21T23:45:23.513+0000] {logging_mixin.py:137} INFO - [2023-01-21T23:45:23.513+0000] {dag.py:3441} INFO - Setting next_dagrun for dataset_consumes_1_and_2 to None, run_after=None
[2023-01-21T23:45:23.515+0000] {logging_mixin.py:137} INFO - [2023-01-21T23:45:23.515+0000] {dag.py:3441} INFO - Setting next_dagrun for dataset_consumes_1_never_scheduled to None, run_after=None
[2023-01-21T23:45:23.517+0000] {logging_mixin.py:137} INFO - [2023-01-21T23:45:23.517+0000] {dag.py:3441} INFO - Setting next_dagrun for dataset_consumes_unknown_never_scheduled to None, run_after=None
[2023-01-21T23:45:23.524+0000] {logging_mixin.py:137} INFO - [2023-01-21T23:45:23.524+0000] {dag.py:3441} INFO - Setting next_dagrun for dataset_produces_1 to 2023-01-20T00:00:00+00:00, run_after=2023-01-21T00:00:00+00:00
[2023-01-21T23:45:23.526+0000] {logging_mixin.py:137} INFO - [2023-01-21T23:45:23.526+0000] {dag.py:3441} INFO - Setting next_dagrun for dataset_produces_2 to None, run_after=None
[2023-01-21T23:45:23.562+0000] {processor.py:175} INFO - Processing /home/airflow/.local/lib/python3.7/site-packages/airflow/example_dags/example_datasets.py took 0.155 seconds
[2023-01-21T23:45:54.427+0000] {processor.py:153} INFO - Started process (PID=133) to work on /home/airflow/.local/lib/python3.7/site-packages/airflow/example_dags/example_datasets.py
[2023-01-21T23:45:54.429+0000] {processor.py:743} INFO - Processing file /home/airflow/.local/lib/python3.7/site-packages/airflow/example_dags/example_datasets.py for tasks to queue
[2023-01-21T23:45:54.430+0000] {logging_mixin.py:137} INFO - [2023-01-21T23:45:54.430+0000] {dagbag.py:538} INFO - Filling up the DagBag from /home/airflow/.local/lib/python3.7/site-packages/airflow/example_dags/example_datasets.py
[2023-01-21T23:45:54.448+0000] {processor.py:753} INFO - DAG(s) dict_keys(['dataset_produces_1', 'dataset_consumes_1_and_2', 'dataset_consumes_1', 'dataset_consumes_unknown_never_scheduled', 'dataset_consumes_1_never_scheduled', 'dataset_produces_2']) retrieved from /home/airflow/.local/lib/python3.7/site-packages/airflow/example_dags/example_datasets.py
[2023-01-21T23:45:54.523+0000] {logging_mixin.py:137} INFO - [2023-01-21T23:45:54.523+0000] {dag.py:2690} INFO - Sync 6 DAGs
[2023-01-21T23:45:54.540+0000] {logging_mixin.py:137} INFO - [2023-01-21T23:45:54.540+0000] {dag.py:3441} INFO - Setting next_dagrun for dataset_consumes_1 to None, run_after=None
[2023-01-21T23:45:54.543+0000] {logging_mixin.py:137} INFO - [2023-01-21T23:45:54.543+0000] {dag.py:3441} INFO - Setting next_dagrun for dataset_consumes_1_and_2 to None, run_after=None
[2023-01-21T23:45:54.545+0000] {logging_mixin.py:137} INFO - [2023-01-21T23:45:54.545+0000] {dag.py:3441} INFO - Setting next_dagrun for dataset_consumes_1_never_scheduled to None, run_after=None
[2023-01-21T23:45:54.546+0000] {logging_mixin.py:137} INFO - [2023-01-21T23:45:54.546+0000] {dag.py:3441} INFO - Setting next_dagrun for dataset_consumes_unknown_never_scheduled to None, run_after=None
[2023-01-21T23:45:54.548+0000] {logging_mixin.py:137} INFO - [2023-01-21T23:45:54.548+0000] {dag.py:3441} INFO - Setting next_dagrun for dataset_produces_1 to 2023-01-20T00:00:00+00:00, run_after=2023-01-21T00:00:00+00:00
[2023-01-21T23:45:54.549+0000] {logging_mixin.py:137} INFO - [2023-01-21T23:45:54.549+0000] {dag.py:3441} INFO - Setting next_dagrun for dataset_produces_2 to None, run_after=None
[2023-01-21T23:45:54.573+0000] {processor.py:175} INFO - Processing /home/airflow/.local/lib/python3.7/site-packages/airflow/example_dags/example_datasets.py took 0.149 seconds
[2023-01-21T23:46:24.858+0000] {processor.py:153} INFO - Started process (PID=198) to work on /home/airflow/.local/lib/python3.7/site-packages/airflow/example_dags/example_datasets.py
[2023-01-21T23:46:24.868+0000] {processor.py:743} INFO - Processing file /home/airflow/.local/lib/python3.7/site-packages/airflow/example_dags/example_datasets.py for tasks to queue
[2023-01-21T23:46:24.869+0000] {logging_mixin.py:137} INFO - [2023-01-21T23:46:24.869+0000] {dagbag.py:538} INFO - Filling up the DagBag from /home/airflow/.local/lib/python3.7/site-packages/airflow/example_dags/example_datasets.py
[2023-01-21T23:46:24.894+0000] {processor.py:753} INFO - DAG(s) dict_keys(['dataset_produces_1', 'dataset_consumes_1_and_2', 'dataset_consumes_1', 'dataset_consumes_unknown_never_scheduled', 'dataset_consumes_1_never_scheduled', 'dataset_produces_2']) retrieved from /home/airflow/.local/lib/python3.7/site-packages/airflow/example_dags/example_datasets.py
[2023-01-21T23:46:24.947+0000] {logging_mixin.py:137} INFO - [2023-01-21T23:46:24.947+0000] {dag.py:2690} INFO - Sync 6 DAGs
[2023-01-21T23:46:24.987+0000] {logging_mixin.py:137} INFO - [2023-01-21T23:46:24.986+0000] {dag.py:3441} INFO - Setting next_dagrun for dataset_consumes_1 to None, run_after=None
[2023-01-21T23:46:24.991+0000] {logging_mixin.py:137} INFO - [2023-01-21T23:46:24.990+0000] {dag.py:3441} INFO - Setting next_dagrun for dataset_consumes_1_and_2 to None, run_after=None
[2023-01-21T23:46:24.993+0000] {logging_mixin.py:137} INFO - [2023-01-21T23:46:24.993+0000] {dag.py:3441} INFO - Setting next_dagrun for dataset_consumes_1_never_scheduled to None, run_after=None
[2023-01-21T23:46:24.995+0000] {logging_mixin.py:137} INFO - [2023-01-21T23:46:24.995+0000] {dag.py:3441} INFO - Setting next_dagrun for dataset_consumes_unknown_never_scheduled to None, run_after=None
[2023-01-21T23:46:24.998+0000] {logging_mixin.py:137} INFO - [2023-01-21T23:46:24.998+0000] {dag.py:3441} INFO - Setting next_dagrun for dataset_produces_1 to 2023-01-20T00:00:00+00:00, run_after=2023-01-21T00:00:00+00:00
[2023-01-21T23:46:24.999+0000] {logging_mixin.py:137} INFO - [2023-01-21T23:46:24.999+0000] {dag.py:3441} INFO - Setting next_dagrun for dataset_produces_2 to None, run_after=None
[2023-01-21T23:46:25.021+0000] {processor.py:175} INFO - Processing /home/airflow/.local/lib/python3.7/site-packages/airflow/example_dags/example_datasets.py took 0.165 seconds
[2023-01-21T23:46:55.393+0000] {processor.py:153} INFO - Started process (PID=273) to work on /home/airflow/.local/lib/python3.7/site-packages/airflow/example_dags/example_datasets.py
[2023-01-21T23:46:55.394+0000] {processor.py:743} INFO - Processing file /home/airflow/.local/lib/python3.7/site-packages/airflow/example_dags/example_datasets.py for tasks to queue
[2023-01-21T23:46:55.395+0000] {logging_mixin.py:137} INFO - [2023-01-21T23:46:55.395+0000] {dagbag.py:538} INFO - Filling up the DagBag from /home/airflow/.local/lib/python3.7/site-packages/airflow/example_dags/example_datasets.py
[2023-01-21T23:46:55.405+0000] {processor.py:753} INFO - DAG(s) dict_keys(['dataset_consumes_1', 'dataset_produces_2', 'dataset_consumes_1_and_2', 'dataset_produces_1', 'dataset_consumes_unknown_never_scheduled', 'dataset_consumes_1_never_scheduled']) retrieved from /home/airflow/.local/lib/python3.7/site-packages/airflow/example_dags/example_datasets.py
[2023-01-21T23:46:55.434+0000] {logging_mixin.py:137} INFO - [2023-01-21T23:46:55.433+0000] {dag.py:2690} INFO - Sync 6 DAGs
[2023-01-21T23:46:55.451+0000] {logging_mixin.py:137} INFO - [2023-01-21T23:46:55.450+0000] {dag.py:3441} INFO - Setting next_dagrun for dataset_consumes_1 to None, run_after=None
[2023-01-21T23:46:55.453+0000] {logging_mixin.py:137} INFO - [2023-01-21T23:46:55.453+0000] {dag.py:3441} INFO - Setting next_dagrun for dataset_consumes_1_and_2 to None, run_after=None
[2023-01-21T23:46:55.454+0000] {logging_mixin.py:137} INFO - [2023-01-21T23:46:55.454+0000] {dag.py:3441} INFO - Setting next_dagrun for dataset_consumes_1_never_scheduled to None, run_after=None
[2023-01-21T23:46:55.455+0000] {logging_mixin.py:137} INFO - [2023-01-21T23:46:55.455+0000] {dag.py:3441} INFO - Setting next_dagrun for dataset_consumes_unknown_never_scheduled to None, run_after=None
[2023-01-21T23:46:55.457+0000] {logging_mixin.py:137} INFO - [2023-01-21T23:46:55.457+0000] {dag.py:3441} INFO - Setting next_dagrun for dataset_produces_1 to 2023-01-20T00:00:00+00:00, run_after=2023-01-21T00:00:00+00:00
[2023-01-21T23:46:55.458+0000] {logging_mixin.py:137} INFO - [2023-01-21T23:46:55.458+0000] {dag.py:3441} INFO - Setting next_dagrun for dataset_produces_2 to None, run_after=None
[2023-01-21T23:46:55.482+0000] {processor.py:175} INFO - Processing /home/airflow/.local/lib/python3.7/site-packages/airflow/example_dags/example_datasets.py took 0.091 seconds
[2023-01-21T23:47:25.874+0000] {processor.py:153} INFO - Started process (PID=348) to work on /home/airflow/.local/lib/python3.7/site-packages/airflow/example_dags/example_datasets.py
[2023-01-21T23:47:25.875+0000] {processor.py:743} INFO - Processing file /home/airflow/.local/lib/python3.7/site-packages/airflow/example_dags/example_datasets.py for tasks to queue
[2023-01-21T23:47:25.876+0000] {logging_mixin.py:137} INFO - [2023-01-21T23:47:25.876+0000] {dagbag.py:538} INFO - Filling up the DagBag from /home/airflow/.local/lib/python3.7/site-packages/airflow/example_dags/example_datasets.py
[2023-01-21T23:47:25.890+0000] {processor.py:753} INFO - DAG(s) dict_keys(['dataset_produces_1', 'dataset_consumes_1_never_scheduled', 'dataset_consumes_1', 'dataset_consumes_1_and_2', 'dataset_consumes_unknown_never_scheduled', 'dataset_produces_2']) retrieved from /home/airflow/.local/lib/python3.7/site-packages/airflow/example_dags/example_datasets.py
[2023-01-21T23:47:25.925+0000] {logging_mixin.py:137} INFO - [2023-01-21T23:47:25.925+0000] {dag.py:2690} INFO - Sync 6 DAGs
[2023-01-21T23:47:25.944+0000] {logging_mixin.py:137} INFO - [2023-01-21T23:47:25.944+0000] {dag.py:3441} INFO - Setting next_dagrun for dataset_consumes_1 to None, run_after=None
[2023-01-21T23:47:25.947+0000] {logging_mixin.py:137} INFO - [2023-01-21T23:47:25.947+0000] {dag.py:3441} INFO - Setting next_dagrun for dataset_consumes_1_and_2 to None, run_after=None
[2023-01-21T23:47:25.948+0000] {logging_mixin.py:137} INFO - [2023-01-21T23:47:25.948+0000] {dag.py:3441} INFO - Setting next_dagrun for dataset_consumes_1_never_scheduled to None, run_after=None
[2023-01-21T23:47:25.949+0000] {logging_mixin.py:137} INFO - [2023-01-21T23:47:25.949+0000] {dag.py:3441} INFO - Setting next_dagrun for dataset_consumes_unknown_never_scheduled to None, run_after=None
[2023-01-21T23:47:25.951+0000] {logging_mixin.py:137} INFO - [2023-01-21T23:47:25.951+0000] {dag.py:3441} INFO - Setting next_dagrun for dataset_produces_1 to 2023-01-20T00:00:00+00:00, run_after=2023-01-21T00:00:00+00:00
[2023-01-21T23:47:25.952+0000] {logging_mixin.py:137} INFO - [2023-01-21T23:47:25.952+0000] {dag.py:3441} INFO - Setting next_dagrun for dataset_produces_2 to None, run_after=None
[2023-01-21T23:47:25.973+0000] {processor.py:175} INFO - Processing /home/airflow/.local/lib/python3.7/site-packages/airflow/example_dags/example_datasets.py took 0.101 seconds
[2023-01-21T23:47:56.254+0000] {processor.py:153} INFO - Started process (PID=413) to work on /home/airflow/.local/lib/python3.7/site-packages/airflow/example_dags/example_datasets.py
[2023-01-21T23:47:56.256+0000] {processor.py:743} INFO - Processing file /home/airflow/.local/lib/python3.7/site-packages/airflow/example_dags/example_datasets.py for tasks to queue
[2023-01-21T23:47:56.257+0000] {logging_mixin.py:137} INFO - [2023-01-21T23:47:56.257+0000] {dagbag.py:538} INFO - Filling up the DagBag from /home/airflow/.local/lib/python3.7/site-packages/airflow/example_dags/example_datasets.py
[2023-01-21T23:47:56.269+0000] {processor.py:753} INFO - DAG(s) dict_keys(['dataset_consumes_1', 'dataset_consumes_1_and_2', 'dataset_produces_2', 'dataset_produces_1', 'dataset_consumes_1_never_scheduled', 'dataset_consumes_unknown_never_scheduled']) retrieved from /home/airflow/.local/lib/python3.7/site-packages/airflow/example_dags/example_datasets.py
[2023-01-21T23:47:56.297+0000] {logging_mixin.py:137} INFO - [2023-01-21T23:47:56.297+0000] {dag.py:2690} INFO - Sync 6 DAGs
[2023-01-21T23:47:56.315+0000] {logging_mixin.py:137} INFO - [2023-01-21T23:47:56.315+0000] {dag.py:3441} INFO - Setting next_dagrun for dataset_consumes_1 to None, run_after=None
[2023-01-21T23:47:56.318+0000] {logging_mixin.py:137} INFO - [2023-01-21T23:47:56.318+0000] {dag.py:3441} INFO - Setting next_dagrun for dataset_consumes_1_and_2 to None, run_after=None
[2023-01-21T23:47:56.320+0000] {logging_mixin.py:137} INFO - [2023-01-21T23:47:56.320+0000] {dag.py:3441} INFO - Setting next_dagrun for dataset_consumes_1_never_scheduled to None, run_after=None
[2023-01-21T23:47:56.321+0000] {logging_mixin.py:137} INFO - [2023-01-21T23:47:56.321+0000] {dag.py:3441} INFO - Setting next_dagrun for dataset_consumes_unknown_never_scheduled to None, run_after=None
[2023-01-21T23:47:56.322+0000] {logging_mixin.py:137} INFO - [2023-01-21T23:47:56.322+0000] {dag.py:3441} INFO - Setting next_dagrun for dataset_produces_1 to 2023-01-20T00:00:00+00:00, run_after=2023-01-21T00:00:00+00:00
[2023-01-21T23:47:56.323+0000] {logging_mixin.py:137} INFO - [2023-01-21T23:47:56.323+0000] {dag.py:3441} INFO - Setting next_dagrun for dataset_produces_2 to None, run_after=None
[2023-01-21T23:47:56.344+0000] {processor.py:175} INFO - Processing /home/airflow/.local/lib/python3.7/site-packages/airflow/example_dags/example_datasets.py took 0.093 seconds
[2023-01-21T23:48:26.506+0000] {processor.py:153} INFO - Started process (PID=489) to work on /home/airflow/.local/lib/python3.7/site-packages/airflow/example_dags/example_datasets.py
[2023-01-21T23:48:26.507+0000] {processor.py:743} INFO - Processing file /home/airflow/.local/lib/python3.7/site-packages/airflow/example_dags/example_datasets.py for tasks to queue
[2023-01-21T23:48:26.508+0000] {logging_mixin.py:137} INFO - [2023-01-21T23:48:26.508+0000] {dagbag.py:538} INFO - Filling up the DagBag from /home/airflow/.local/lib/python3.7/site-packages/airflow/example_dags/example_datasets.py
[2023-01-21T23:48:26.519+0000] {processor.py:753} INFO - DAG(s) dict_keys(['dataset_produces_2', 'dataset_produces_1', 'dataset_consumes_1_and_2', 'dataset_consumes_1', 'dataset_consumes_unknown_never_scheduled', 'dataset_consumes_1_never_scheduled']) retrieved from /home/airflow/.local/lib/python3.7/site-packages/airflow/example_dags/example_datasets.py
[2023-01-21T23:48:26.550+0000] {logging_mixin.py:137} INFO - [2023-01-21T23:48:26.549+0000] {dag.py:2690} INFO - Sync 6 DAGs
[2023-01-21T23:48:26.565+0000] {logging_mixin.py:137} INFO - [2023-01-21T23:48:26.565+0000] {dag.py:3441} INFO - Setting next_dagrun for dataset_consumes_1 to None, run_after=None
[2023-01-21T23:48:26.567+0000] {logging_mixin.py:137} INFO - [2023-01-21T23:48:26.567+0000] {dag.py:3441} INFO - Setting next_dagrun for dataset_consumes_1_and_2 to None, run_after=None
[2023-01-21T23:48:26.568+0000] {logging_mixin.py:137} INFO - [2023-01-21T23:48:26.568+0000] {dag.py:3441} INFO - Setting next_dagrun for dataset_consumes_1_never_scheduled to None, run_after=None
[2023-01-21T23:48:26.569+0000] {logging_mixin.py:137} INFO - [2023-01-21T23:48:26.569+0000] {dag.py:3441} INFO - Setting next_dagrun for dataset_consumes_unknown_never_scheduled to None, run_after=None
[2023-01-21T23:48:26.571+0000] {logging_mixin.py:137} INFO - [2023-01-21T23:48:26.571+0000] {dag.py:3441} INFO - Setting next_dagrun for dataset_produces_1 to 2023-01-20T00:00:00+00:00, run_after=2023-01-21T00:00:00+00:00
[2023-01-21T23:48:26.572+0000] {logging_mixin.py:137} INFO - [2023-01-21T23:48:26.572+0000] {dag.py:3441} INFO - Setting next_dagrun for dataset_produces_2 to None, run_after=None
[2023-01-21T23:48:26.591+0000] {processor.py:175} INFO - Processing /home/airflow/.local/lib/python3.7/site-packages/airflow/example_dags/example_datasets.py took 0.089 seconds
[2023-01-21T23:48:57.184+0000] {processor.py:153} INFO - Started process (PID=565) to work on /home/airflow/.local/lib/python3.7/site-packages/airflow/example_dags/example_datasets.py
[2023-01-21T23:48:57.186+0000] {processor.py:743} INFO - Processing file /home/airflow/.local/lib/python3.7/site-packages/airflow/example_dags/example_datasets.py for tasks to queue
[2023-01-21T23:48:57.186+0000] {logging_mixin.py:137} INFO - [2023-01-21T23:48:57.186+0000] {dagbag.py:538} INFO - Filling up the DagBag from /home/airflow/.local/lib/python3.7/site-packages/airflow/example_dags/example_datasets.py
[2023-01-21T23:48:57.200+0000] {processor.py:753} INFO - DAG(s) dict_keys(['dataset_produces_1', 'dataset_consumes_1_never_scheduled', 'dataset_consumes_1', 'dataset_consumes_1_and_2', 'dataset_produces_2', 'dataset_consumes_unknown_never_scheduled']) retrieved from /home/airflow/.local/lib/python3.7/site-packages/airflow/example_dags/example_datasets.py
[2023-01-21T23:48:57.227+0000] {logging_mixin.py:137} INFO - [2023-01-21T23:48:57.227+0000] {dag.py:2690} INFO - Sync 6 DAGs
[2023-01-21T23:48:57.242+0000] {logging_mixin.py:137} INFO - [2023-01-21T23:48:57.242+0000] {dag.py:3441} INFO - Setting next_dagrun for dataset_consumes_1 to None, run_after=None
[2023-01-21T23:48:57.245+0000] {logging_mixin.py:137} INFO - [2023-01-21T23:48:57.245+0000] {dag.py:3441} INFO - Setting next_dagrun for dataset_consumes_1_and_2 to None, run_after=None
[2023-01-21T23:48:57.246+0000] {logging_mixin.py:137} INFO - [2023-01-21T23:48:57.246+0000] {dag.py:3441} INFO - Setting next_dagrun for dataset_consumes_1_never_scheduled to None, run_after=None
[2023-01-21T23:48:57.248+0000] {logging_mixin.py:137} INFO - [2023-01-21T23:48:57.248+0000] {dag.py:3441} INFO - Setting next_dagrun for dataset_consumes_unknown_never_scheduled to None, run_after=None
[2023-01-21T23:48:57.250+0000] {logging_mixin.py:137} INFO - [2023-01-21T23:48:57.250+0000] {dag.py:3441} INFO - Setting next_dagrun for dataset_produces_1 to 2023-01-20T00:00:00+00:00, run_after=2023-01-21T00:00:00+00:00
[2023-01-21T23:48:57.251+0000] {logging_mixin.py:137} INFO - [2023-01-21T23:48:57.251+0000] {dag.py:3441} INFO - Setting next_dagrun for dataset_produces_2 to None, run_after=None
[2023-01-21T23:48:57.270+0000] {processor.py:175} INFO - Processing /home/airflow/.local/lib/python3.7/site-packages/airflow/example_dags/example_datasets.py took 0.088 seconds
[2023-01-21T23:49:27.576+0000] {processor.py:153} INFO - Started process (PID=630) to work on /home/airflow/.local/lib/python3.7/site-packages/airflow/example_dags/example_datasets.py
[2023-01-21T23:49:27.577+0000] {processor.py:743} INFO - Processing file /home/airflow/.local/lib/python3.7/site-packages/airflow/example_dags/example_datasets.py for tasks to queue
[2023-01-21T23:49:27.578+0000] {logging_mixin.py:137} INFO - [2023-01-21T23:49:27.578+0000] {dagbag.py:538} INFO - Filling up the DagBag from /home/airflow/.local/lib/python3.7/site-packages/airflow/example_dags/example_datasets.py
[2023-01-21T23:49:27.588+0000] {processor.py:753} INFO - DAG(s) dict_keys(['dataset_consumes_1_and_2', 'dataset_produces_1', 'dataset_consumes_1_never_scheduled', 'dataset_consumes_1', 'dataset_consumes_unknown_never_scheduled', 'dataset_produces_2']) retrieved from /home/airflow/.local/lib/python3.7/site-packages/airflow/example_dags/example_datasets.py
[2023-01-21T23:49:27.614+0000] {logging_mixin.py:137} INFO - [2023-01-21T23:49:27.614+0000] {dag.py:2690} INFO - Sync 6 DAGs
[2023-01-21T23:49:27.628+0000] {logging_mixin.py:137} INFO - [2023-01-21T23:49:27.628+0000] {dag.py:3441} INFO - Setting next_dagrun for dataset_consumes_1 to None, run_after=None
[2023-01-21T23:49:27.631+0000] {logging_mixin.py:137} INFO - [2023-01-21T23:49:27.631+0000] {dag.py:3441} INFO - Setting next_dagrun for dataset_consumes_1_and_2 to None, run_after=None
[2023-01-21T23:49:27.632+0000] {logging_mixin.py:137} INFO - [2023-01-21T23:49:27.632+0000] {dag.py:3441} INFO - Setting next_dagrun for dataset_consumes_1_never_scheduled to None, run_after=None
[2023-01-21T23:49:27.633+0000] {logging_mixin.py:137} INFO - [2023-01-21T23:49:27.633+0000] {dag.py:3441} INFO - Setting next_dagrun for dataset_consumes_unknown_never_scheduled to None, run_after=None
[2023-01-21T23:49:27.635+0000] {logging_mixin.py:137} INFO - [2023-01-21T23:49:27.635+0000] {dag.py:3441} INFO - Setting next_dagrun for dataset_produces_1 to 2023-01-20T00:00:00+00:00, run_after=2023-01-21T00:00:00+00:00
[2023-01-21T23:49:27.637+0000] {logging_mixin.py:137} INFO - [2023-01-21T23:49:27.637+0000] {dag.py:3441} INFO - Setting next_dagrun for dataset_produces_2 to None, run_after=None
[2023-01-21T23:49:27.655+0000] {processor.py:175} INFO - Processing /home/airflow/.local/lib/python3.7/site-packages/airflow/example_dags/example_datasets.py took 0.082 seconds
[2023-01-21T23:49:57.848+0000] {processor.py:153} INFO - Started process (PID=707) to work on /home/airflow/.local/lib/python3.7/site-packages/airflow/example_dags/example_datasets.py
[2023-01-21T23:49:57.849+0000] {processor.py:743} INFO - Processing file /home/airflow/.local/lib/python3.7/site-packages/airflow/example_dags/example_datasets.py for tasks to queue
[2023-01-21T23:49:57.850+0000] {logging_mixin.py:137} INFO - [2023-01-21T23:49:57.849+0000] {dagbag.py:538} INFO - Filling up the DagBag from /home/airflow/.local/lib/python3.7/site-packages/airflow/example_dags/example_datasets.py
[2023-01-21T23:49:57.864+0000] {processor.py:753} INFO - DAG(s) dict_keys(['dataset_produces_1', 'dataset_consumes_1_and_2', 'dataset_produces_2', 'dataset_consumes_1', 'dataset_consumes_unknown_never_scheduled', 'dataset_consumes_1_never_scheduled']) retrieved from /home/airflow/.local/lib/python3.7/site-packages/airflow/example_dags/example_datasets.py
[2023-01-21T23:49:57.891+0000] {logging_mixin.py:137} INFO - [2023-01-21T23:49:57.891+0000] {dag.py:2690} INFO - Sync 6 DAGs
[2023-01-21T23:49:57.907+0000] {logging_mixin.py:137} INFO - [2023-01-21T23:49:57.907+0000] {dag.py:3441} INFO - Setting next_dagrun for dataset_consumes_1 to None, run_after=None
[2023-01-21T23:49:57.910+0000] {logging_mixin.py:137} INFO - [2023-01-21T23:49:57.910+0000] {dag.py:3441} INFO - Setting next_dagrun for dataset_consumes_1_and_2 to None, run_after=None
[2023-01-21T23:49:57.911+0000] {logging_mixin.py:137} INFO - [2023-01-21T23:49:57.911+0000] {dag.py:3441} INFO - Setting next_dagrun for dataset_consumes_1_never_scheduled to None, run_after=None
[2023-01-21T23:49:57.912+0000] {logging_mixin.py:137} INFO - [2023-01-21T23:49:57.912+0000] {dag.py:3441} INFO - Setting next_dagrun for dataset_consumes_unknown_never_scheduled to None, run_after=None
[2023-01-21T23:49:57.914+0000] {logging_mixin.py:137} INFO - [2023-01-21T23:49:57.914+0000] {dag.py:3441} INFO - Setting next_dagrun for dataset_produces_1 to 2023-01-20T00:00:00+00:00, run_after=2023-01-21T00:00:00+00:00
[2023-01-21T23:49:57.915+0000] {logging_mixin.py:137} INFO - [2023-01-21T23:49:57.915+0000] {dag.py:3441} INFO - Setting next_dagrun for dataset_produces_2 to None, run_after=None
[2023-01-21T23:49:57.933+0000] {processor.py:175} INFO - Processing /home/airflow/.local/lib/python3.7/site-packages/airflow/example_dags/example_datasets.py took 0.088 seconds
[2023-01-21T23:50:28.349+0000] {processor.py:153} INFO - Started process (PID=782) to work on /home/airflow/.local/lib/python3.7/site-packages/airflow/example_dags/example_datasets.py
[2023-01-21T23:50:28.351+0000] {processor.py:743} INFO - Processing file /home/airflow/.local/lib/python3.7/site-packages/airflow/example_dags/example_datasets.py for tasks to queue
[2023-01-21T23:50:28.352+0000] {logging_mixin.py:137} INFO - [2023-01-21T23:50:28.352+0000] {dagbag.py:538} INFO - Filling up the DagBag from /home/airflow/.local/lib/python3.7/site-packages/airflow/example_dags/example_datasets.py
[2023-01-21T23:50:28.363+0000] {processor.py:753} INFO - DAG(s) dict_keys(['dataset_produces_1', 'dataset_produces_2', 'dataset_consumes_1_never_scheduled', 'dataset_consumes_1_and_2', 'dataset_consumes_1', 'dataset_consumes_unknown_never_scheduled']) retrieved from /home/airflow/.local/lib/python3.7/site-packages/airflow/example_dags/example_datasets.py
[2023-01-21T23:50:28.390+0000] {logging_mixin.py:137} INFO - [2023-01-21T23:50:28.390+0000] {dag.py:2690} INFO - Sync 6 DAGs
[2023-01-21T23:50:28.406+0000] {logging_mixin.py:137} INFO - [2023-01-21T23:50:28.406+0000] {dag.py:3441} INFO - Setting next_dagrun for dataset_consumes_1 to None, run_after=None
[2023-01-21T23:50:28.409+0000] {logging_mixin.py:137} INFO - [2023-01-21T23:50:28.409+0000] {dag.py:3441} INFO - Setting next_dagrun for dataset_consumes_1_and_2 to None, run_after=None
[2023-01-21T23:50:28.410+0000] {logging_mixin.py:137} INFO - [2023-01-21T23:50:28.410+0000] {dag.py:3441} INFO - Setting next_dagrun for dataset_consumes_1_never_scheduled to None, run_after=None
[2023-01-21T23:50:28.411+0000] {logging_mixin.py:137} INFO - [2023-01-21T23:50:28.410+0000] {dag.py:3441} INFO - Setting next_dagrun for dataset_consumes_unknown_never_scheduled to None, run_after=None
[2023-01-21T23:50:28.412+0000] {logging_mixin.py:137} INFO - [2023-01-21T23:50:28.412+0000] {dag.py:3441} INFO - Setting next_dagrun for dataset_produces_1 to 2023-01-20T00:00:00+00:00, run_after=2023-01-21T00:00:00+00:00
[2023-01-21T23:50:28.414+0000] {logging_mixin.py:137} INFO - [2023-01-21T23:50:28.414+0000] {dag.py:3441} INFO - Setting next_dagrun for dataset_produces_2 to None, run_after=None
[2023-01-21T23:50:28.431+0000] {processor.py:175} INFO - Processing /home/airflow/.local/lib/python3.7/site-packages/airflow/example_dags/example_datasets.py took 0.084 seconds
[2023-01-21T23:54:04.604+0000] {processor.py:153} INFO - Started process (PID=57) to work on /home/airflow/.local/lib/python3.7/site-packages/airflow/example_dags/example_datasets.py
[2023-01-21T23:54:04.606+0000] {processor.py:743} INFO - Processing file /home/airflow/.local/lib/python3.7/site-packages/airflow/example_dags/example_datasets.py for tasks to queue
[2023-01-21T23:54:04.607+0000] {logging_mixin.py:137} INFO - [2023-01-21T23:54:04.607+0000] {dagbag.py:538} INFO - Filling up the DagBag from /home/airflow/.local/lib/python3.7/site-packages/airflow/example_dags/example_datasets.py
[2023-01-21T23:54:04.646+0000] {processor.py:753} INFO - DAG(s) dict_keys(['dataset_consumes_1', 'dataset_consumes_unknown_never_scheduled', 'dataset_consumes_1_never_scheduled', 'dataset_produces_1', 'dataset_produces_2', 'dataset_consumes_1_and_2']) retrieved from /home/airflow/.local/lib/python3.7/site-packages/airflow/example_dags/example_datasets.py
[2023-01-21T23:54:04.695+0000] {logging_mixin.py:137} INFO - [2023-01-21T23:54:04.695+0000] {dag.py:2690} INFO - Sync 6 DAGs
[2023-01-21T23:54:04.743+0000] {logging_mixin.py:137} INFO - [2023-01-21T23:54:04.742+0000] {dag.py:3441} INFO - Setting next_dagrun for dataset_consumes_1 to None, run_after=None
[2023-01-21T23:54:04.747+0000] {logging_mixin.py:137} INFO - [2023-01-21T23:54:04.747+0000] {dag.py:3441} INFO - Setting next_dagrun for dataset_consumes_1_and_2 to None, run_after=None
[2023-01-21T23:54:04.749+0000] {logging_mixin.py:137} INFO - [2023-01-21T23:54:04.749+0000] {dag.py:3441} INFO - Setting next_dagrun for dataset_consumes_1_never_scheduled to None, run_after=None
[2023-01-21T23:54:04.751+0000] {logging_mixin.py:137} INFO - [2023-01-21T23:54:04.751+0000] {dag.py:3441} INFO - Setting next_dagrun for dataset_consumes_unknown_never_scheduled to None, run_after=None
[2023-01-21T23:54:04.764+0000] {logging_mixin.py:137} INFO - [2023-01-21T23:54:04.763+0000] {dag.py:3441} INFO - Setting next_dagrun for dataset_produces_1 to 2023-01-20T00:00:00+00:00, run_after=2023-01-21T00:00:00+00:00
[2023-01-21T23:54:04.774+0000] {logging_mixin.py:137} INFO - [2023-01-21T23:54:04.774+0000] {dag.py:3441} INFO - Setting next_dagrun for dataset_produces_2 to None, run_after=None
[2023-01-21T23:54:04.815+0000] {processor.py:175} INFO - Processing /home/airflow/.local/lib/python3.7/site-packages/airflow/example_dags/example_datasets.py took 0.214 seconds
[2023-01-21T23:54:34.881+0000] {processor.py:153} INFO - Started process (PID=133) to work on /home/airflow/.local/lib/python3.7/site-packages/airflow/example_dags/example_datasets.py
[2023-01-21T23:54:34.882+0000] {processor.py:743} INFO - Processing file /home/airflow/.local/lib/python3.7/site-packages/airflow/example_dags/example_datasets.py for tasks to queue
[2023-01-21T23:54:34.883+0000] {logging_mixin.py:137} INFO - [2023-01-21T23:54:34.883+0000] {dagbag.py:538} INFO - Filling up the DagBag from /home/airflow/.local/lib/python3.7/site-packages/airflow/example_dags/example_datasets.py
[2023-01-21T23:54:34.894+0000] {processor.py:753} INFO - DAG(s) dict_keys(['dataset_consumes_1_and_2', 'dataset_produces_2', 'dataset_consumes_1_never_scheduled', 'dataset_consumes_1', 'dataset_produces_1', 'dataset_consumes_unknown_never_scheduled']) retrieved from /home/airflow/.local/lib/python3.7/site-packages/airflow/example_dags/example_datasets.py
[2023-01-21T23:54:34.943+0000] {logging_mixin.py:137} INFO - [2023-01-21T23:54:34.943+0000] {dag.py:2690} INFO - Sync 6 DAGs
[2023-01-21T23:54:34.956+0000] {logging_mixin.py:137} INFO - [2023-01-21T23:54:34.956+0000] {dag.py:3441} INFO - Setting next_dagrun for dataset_consumes_1 to None, run_after=None
[2023-01-21T23:54:34.958+0000] {logging_mixin.py:137} INFO - [2023-01-21T23:54:34.958+0000] {dag.py:3441} INFO - Setting next_dagrun for dataset_consumes_1_and_2 to None, run_after=None
[2023-01-21T23:54:34.959+0000] {logging_mixin.py:137} INFO - [2023-01-21T23:54:34.959+0000] {dag.py:3441} INFO - Setting next_dagrun for dataset_consumes_1_never_scheduled to None, run_after=None
[2023-01-21T23:54:34.960+0000] {logging_mixin.py:137} INFO - [2023-01-21T23:54:34.960+0000] {dag.py:3441} INFO - Setting next_dagrun for dataset_consumes_unknown_never_scheduled to None, run_after=None
[2023-01-21T23:54:34.962+0000] {logging_mixin.py:137} INFO - [2023-01-21T23:54:34.962+0000] {dag.py:3441} INFO - Setting next_dagrun for dataset_produces_1 to 2023-01-20T00:00:00+00:00, run_after=2023-01-21T00:00:00+00:00
[2023-01-21T23:54:34.963+0000] {logging_mixin.py:137} INFO - [2023-01-21T23:54:34.963+0000] {dag.py:3441} INFO - Setting next_dagrun for dataset_produces_2 to None, run_after=None
[2023-01-21T23:54:34.981+0000] {processor.py:175} INFO - Processing /home/airflow/.local/lib/python3.7/site-packages/airflow/example_dags/example_datasets.py took 0.103 seconds
[2023-01-21T23:55:05.168+0000] {processor.py:153} INFO - Started process (PID=198) to work on /home/airflow/.local/lib/python3.7/site-packages/airflow/example_dags/example_datasets.py
[2023-01-21T23:55:05.170+0000] {processor.py:743} INFO - Processing file /home/airflow/.local/lib/python3.7/site-packages/airflow/example_dags/example_datasets.py for tasks to queue
[2023-01-21T23:55:05.171+0000] {logging_mixin.py:137} INFO - [2023-01-21T23:55:05.171+0000] {dagbag.py:538} INFO - Filling up the DagBag from /home/airflow/.local/lib/python3.7/site-packages/airflow/example_dags/example_datasets.py
[2023-01-21T23:55:05.183+0000] {processor.py:753} INFO - DAG(s) dict_keys(['dataset_consumes_1_never_scheduled', 'dataset_consumes_1_and_2', 'dataset_consumes_unknown_never_scheduled', 'dataset_produces_2', 'dataset_produces_1', 'dataset_consumes_1']) retrieved from /home/airflow/.local/lib/python3.7/site-packages/airflow/example_dags/example_datasets.py
[2023-01-21T23:55:05.211+0000] {logging_mixin.py:137} INFO - [2023-01-21T23:55:05.211+0000] {dag.py:2690} INFO - Sync 6 DAGs
[2023-01-21T23:55:05.228+0000] {logging_mixin.py:137} INFO - [2023-01-21T23:55:05.228+0000] {dag.py:3441} INFO - Setting next_dagrun for dataset_consumes_1 to None, run_after=None
[2023-01-21T23:55:05.231+0000] {logging_mixin.py:137} INFO - [2023-01-21T23:55:05.231+0000] {dag.py:3441} INFO - Setting next_dagrun for dataset_consumes_1_and_2 to None, run_after=None
[2023-01-21T23:55:05.233+0000] {logging_mixin.py:137} INFO - [2023-01-21T23:55:05.233+0000] {dag.py:3441} INFO - Setting next_dagrun for dataset_consumes_1_never_scheduled to None, run_after=None
[2023-01-21T23:55:05.234+0000] {logging_mixin.py:137} INFO - [2023-01-21T23:55:05.234+0000] {dag.py:3441} INFO - Setting next_dagrun for dataset_consumes_unknown_never_scheduled to None, run_after=None
[2023-01-21T23:55:05.236+0000] {logging_mixin.py:137} INFO - [2023-01-21T23:55:05.236+0000] {dag.py:3441} INFO - Setting next_dagrun for dataset_produces_1 to 2023-01-20T00:00:00+00:00, run_after=2023-01-21T00:00:00+00:00
[2023-01-21T23:55:05.237+0000] {logging_mixin.py:137} INFO - [2023-01-21T23:55:05.237+0000] {dag.py:3441} INFO - Setting next_dagrun for dataset_produces_2 to None, run_after=None
[2023-01-21T23:55:05.260+0000] {processor.py:175} INFO - Processing /home/airflow/.local/lib/python3.7/site-packages/airflow/example_dags/example_datasets.py took 0.092 seconds
[2023-01-21T23:56:05.438+0000] {processor.py:153} INFO - Started process (PID=56) to work on /home/airflow/.local/lib/python3.7/site-packages/airflow/example_dags/example_datasets.py
[2023-01-21T23:56:05.440+0000] {processor.py:743} INFO - Processing file /home/airflow/.local/lib/python3.7/site-packages/airflow/example_dags/example_datasets.py for tasks to queue
[2023-01-21T23:56:05.442+0000] {logging_mixin.py:137} INFO - [2023-01-21T23:56:05.442+0000] {dagbag.py:538} INFO - Filling up the DagBag from /home/airflow/.local/lib/python3.7/site-packages/airflow/example_dags/example_datasets.py
[2023-01-21T23:56:05.471+0000] {processor.py:753} INFO - DAG(s) dict_keys(['dataset_produces_2', 'dataset_consumes_1_never_scheduled', 'dataset_consumes_1_and_2', 'dataset_produces_1', 'dataset_consumes_unknown_never_scheduled', 'dataset_consumes_1']) retrieved from /home/airflow/.local/lib/python3.7/site-packages/airflow/example_dags/example_datasets.py
[2023-01-21T23:56:05.519+0000] {logging_mixin.py:137} INFO - [2023-01-21T23:56:05.518+0000] {dag.py:2690} INFO - Sync 6 DAGs
[2023-01-21T23:56:05.572+0000] {logging_mixin.py:137} INFO - [2023-01-21T23:56:05.572+0000] {dag.py:3441} INFO - Setting next_dagrun for dataset_consumes_1 to None, run_after=None
[2023-01-21T23:56:05.578+0000] {logging_mixin.py:137} INFO - [2023-01-21T23:56:05.578+0000] {dag.py:3441} INFO - Setting next_dagrun for dataset_consumes_1_and_2 to None, run_after=None
[2023-01-21T23:56:05.580+0000] {logging_mixin.py:137} INFO - [2023-01-21T23:56:05.580+0000] {dag.py:3441} INFO - Setting next_dagrun for dataset_consumes_1_never_scheduled to None, run_after=None
[2023-01-21T23:56:05.581+0000] {logging_mixin.py:137} INFO - [2023-01-21T23:56:05.581+0000] {dag.py:3441} INFO - Setting next_dagrun for dataset_consumes_unknown_never_scheduled to None, run_after=None
[2023-01-21T23:56:05.585+0000] {logging_mixin.py:137} INFO - [2023-01-21T23:56:05.585+0000] {dag.py:3441} INFO - Setting next_dagrun for dataset_produces_1 to 2023-01-20T00:00:00+00:00, run_after=2023-01-21T00:00:00+00:00
[2023-01-21T23:56:05.589+0000] {logging_mixin.py:137} INFO - [2023-01-21T23:56:05.589+0000] {dag.py:3441} INFO - Setting next_dagrun for dataset_produces_2 to None, run_after=None
[2023-01-21T23:56:05.628+0000] {processor.py:175} INFO - Processing /home/airflow/.local/lib/python3.7/site-packages/airflow/example_dags/example_datasets.py took 0.202 seconds
[2023-01-21T23:56:35.859+0000] {processor.py:153} INFO - Started process (PID=132) to work on /home/airflow/.local/lib/python3.7/site-packages/airflow/example_dags/example_datasets.py
[2023-01-21T23:56:35.870+0000] {processor.py:743} INFO - Processing file /home/airflow/.local/lib/python3.7/site-packages/airflow/example_dags/example_datasets.py for tasks to queue
[2023-01-21T23:56:35.871+0000] {logging_mixin.py:137} INFO - [2023-01-21T23:56:35.871+0000] {dagbag.py:538} INFO - Filling up the DagBag from /home/airflow/.local/lib/python3.7/site-packages/airflow/example_dags/example_datasets.py
[2023-01-21T23:56:35.905+0000] {processor.py:753} INFO - DAG(s) dict_keys(['dataset_produces_2', 'dataset_consumes_unknown_never_scheduled', 'dataset_consumes_1_and_2', 'dataset_consumes_1_never_scheduled', 'dataset_produces_1', 'dataset_consumes_1']) retrieved from /home/airflow/.local/lib/python3.7/site-packages/airflow/example_dags/example_datasets.py
[2023-01-21T23:56:35.973+0000] {logging_mixin.py:137} INFO - [2023-01-21T23:56:35.973+0000] {dag.py:2690} INFO - Sync 6 DAGs
[2023-01-21T23:56:35.990+0000] {logging_mixin.py:137} INFO - [2023-01-21T23:56:35.990+0000] {dag.py:3441} INFO - Setting next_dagrun for dataset_consumes_1 to None, run_after=None
[2023-01-21T23:56:35.993+0000] {logging_mixin.py:137} INFO - [2023-01-21T23:56:35.993+0000] {dag.py:3441} INFO - Setting next_dagrun for dataset_consumes_1_and_2 to None, run_after=None
[2023-01-21T23:56:35.997+0000] {logging_mixin.py:137} INFO - [2023-01-21T23:56:35.996+0000] {dag.py:3441} INFO - Setting next_dagrun for dataset_consumes_1_never_scheduled to None, run_after=None
[2023-01-21T23:56:35.999+0000] {logging_mixin.py:137} INFO - [2023-01-21T23:56:35.999+0000] {dag.py:3441} INFO - Setting next_dagrun for dataset_consumes_unknown_never_scheduled to None, run_after=None
[2023-01-21T23:56:36.001+0000] {logging_mixin.py:137} INFO - [2023-01-21T23:56:36.001+0000] {dag.py:3441} INFO - Setting next_dagrun for dataset_produces_1 to 2023-01-20T00:00:00+00:00, run_after=2023-01-21T00:00:00+00:00
[2023-01-21T23:56:36.004+0000] {logging_mixin.py:137} INFO - [2023-01-21T23:56:36.004+0000] {dag.py:3441} INFO - Setting next_dagrun for dataset_produces_2 to None, run_after=None
[2023-01-21T23:56:36.042+0000] {processor.py:175} INFO - Processing /home/airflow/.local/lib/python3.7/site-packages/airflow/example_dags/example_datasets.py took 0.185 seconds
[2023-01-21T23:57:06.358+0000] {processor.py:153} INFO - Started process (PID=196) to work on /home/airflow/.local/lib/python3.7/site-packages/airflow/example_dags/example_datasets.py
[2023-01-21T23:57:06.359+0000] {processor.py:743} INFO - Processing file /home/airflow/.local/lib/python3.7/site-packages/airflow/example_dags/example_datasets.py for tasks to queue
[2023-01-21T23:57:06.360+0000] {logging_mixin.py:137} INFO - [2023-01-21T23:57:06.360+0000] {dagbag.py:538} INFO - Filling up the DagBag from /home/airflow/.local/lib/python3.7/site-packages/airflow/example_dags/example_datasets.py
[2023-01-21T23:57:06.374+0000] {processor.py:753} INFO - DAG(s) dict_keys(['dataset_produces_1', 'dataset_consumes_unknown_never_scheduled', 'dataset_produces_2', 'dataset_consumes_1', 'dataset_consumes_1_and_2', 'dataset_consumes_1_never_scheduled']) retrieved from /home/airflow/.local/lib/python3.7/site-packages/airflow/example_dags/example_datasets.py
[2023-01-21T23:57:06.404+0000] {logging_mixin.py:137} INFO - [2023-01-21T23:57:06.404+0000] {dag.py:2690} INFO - Sync 6 DAGs
[2023-01-21T23:57:06.424+0000] {logging_mixin.py:137} INFO - [2023-01-21T23:57:06.424+0000] {dag.py:3441} INFO - Setting next_dagrun for dataset_consumes_1 to None, run_after=None
[2023-01-21T23:57:06.426+0000] {logging_mixin.py:137} INFO - [2023-01-21T23:57:06.426+0000] {dag.py:3441} INFO - Setting next_dagrun for dataset_consumes_1_and_2 to None, run_after=None
[2023-01-21T23:57:06.427+0000] {logging_mixin.py:137} INFO - [2023-01-21T23:57:06.427+0000] {dag.py:3441} INFO - Setting next_dagrun for dataset_consumes_1_never_scheduled to None, run_after=None
[2023-01-21T23:57:06.429+0000] {logging_mixin.py:137} INFO - [2023-01-21T23:57:06.429+0000] {dag.py:3441} INFO - Setting next_dagrun for dataset_consumes_unknown_never_scheduled to None, run_after=None
[2023-01-21T23:57:06.431+0000] {logging_mixin.py:137} INFO - [2023-01-21T23:57:06.431+0000] {dag.py:3441} INFO - Setting next_dagrun for dataset_produces_1 to 2023-01-20T00:00:00+00:00, run_after=2023-01-21T00:00:00+00:00
[2023-01-21T23:57:06.433+0000] {logging_mixin.py:137} INFO - [2023-01-21T23:57:06.432+0000] {dag.py:3441} INFO - Setting next_dagrun for dataset_produces_2 to None, run_after=None
[2023-01-21T23:57:06.464+0000] {processor.py:175} INFO - Processing /home/airflow/.local/lib/python3.7/site-packages/airflow/example_dags/example_datasets.py took 0.109 seconds
