[2023-01-21T23:45:23.776+0000] {processor.py:153} INFO - Started process (PID=61) to work on /home/airflow/.local/lib/python3.7/site-packages/airflow/example_dags/example_subdag_operator.py
[2023-01-21T23:45:23.778+0000] {processor.py:743} INFO - Processing file /home/airflow/.local/lib/python3.7/site-packages/airflow/example_dags/example_subdag_operator.py for tasks to queue
[2023-01-21T23:45:23.780+0000] {logging_mixin.py:137} INFO - [2023-01-21T23:45:23.779+0000] {dagbag.py:538} INFO - Filling up the DagBag from /home/airflow/.local/lib/python3.7/site-packages/airflow/example_dags/example_subdag_operator.py
[2023-01-21T23:45:23.868+0000] {processor.py:753} INFO - DAG(s) dict_keys(['example_subdag_operator.section-1', 'example_subdag_operator.section-2', 'example_subdag_operator']) retrieved from /home/airflow/.local/lib/python3.7/site-packages/airflow/example_dags/example_subdag_operator.py
[2023-01-21T23:45:23.874+0000] {logging_mixin.py:137} INFO - [2023-01-21T23:45:23.874+0000] {dag.py:2690} INFO - Sync 3 DAGs
[2023-01-21T23:45:23.910+0000] {logging_mixin.py:137} INFO - [2023-01-21T23:45:23.910+0000] {dag.py:3441} INFO - Setting next_dagrun for example_subdag_operator to 2022-01-01T00:00:00+00:00, run_after=2022-01-01T00:00:00+00:00
[2023-01-21T23:45:23.914+0000] {logging_mixin.py:137} INFO - [2023-01-21T23:45:23.914+0000] {dag.py:3441} INFO - Setting next_dagrun for example_subdag_operator.section-1 to None, run_after=None
[2023-01-21T23:45:23.916+0000] {logging_mixin.py:137} INFO - [2023-01-21T23:45:23.916+0000] {dag.py:3441} INFO - Setting next_dagrun for example_subdag_operator.section-2 to None, run_after=None
[2023-01-21T23:45:23.924+0000] {logging_mixin.py:137} INFO - [2023-01-21T23:45:23.924+0000] {dag.py:2690} INFO - Sync 2 DAGs
[2023-01-21T23:45:23.928+0000] {logging_mixin.py:137} INFO - [2023-01-21T23:45:23.928+0000] {dag.py:3441} INFO - Setting next_dagrun for example_subdag_operator.section-1 to None, run_after=None
[2023-01-21T23:45:23.929+0000] {logging_mixin.py:137} INFO - [2023-01-21T23:45:23.929+0000] {dag.py:3441} INFO - Setting next_dagrun for example_subdag_operator.section-2 to None, run_after=None
[2023-01-21T23:45:23.938+0000] {processor.py:175} INFO - Processing /home/airflow/.local/lib/python3.7/site-packages/airflow/example_dags/example_subdag_operator.py took 0.167 seconds
[2023-01-21T23:45:54.718+0000] {processor.py:153} INFO - Started process (PID=137) to work on /home/airflow/.local/lib/python3.7/site-packages/airflow/example_dags/example_subdag_operator.py
[2023-01-21T23:45:54.720+0000] {processor.py:743} INFO - Processing file /home/airflow/.local/lib/python3.7/site-packages/airflow/example_dags/example_subdag_operator.py for tasks to queue
[2023-01-21T23:45:54.721+0000] {logging_mixin.py:137} INFO - [2023-01-21T23:45:54.721+0000] {dagbag.py:538} INFO - Filling up the DagBag from /home/airflow/.local/lib/python3.7/site-packages/airflow/example_dags/example_subdag_operator.py
[2023-01-21T23:45:54.747+0000] {processor.py:753} INFO - DAG(s) dict_keys(['example_subdag_operator.section-1', 'example_subdag_operator.section-2', 'example_subdag_operator']) retrieved from /home/airflow/.local/lib/python3.7/site-packages/airflow/example_dags/example_subdag_operator.py
[2023-01-21T23:45:54.761+0000] {logging_mixin.py:137} INFO - [2023-01-21T23:45:54.761+0000] {dag.py:2690} INFO - Sync 3 DAGs
[2023-01-21T23:45:54.778+0000] {logging_mixin.py:137} INFO - [2023-01-21T23:45:54.778+0000] {dag.py:3441} INFO - Setting next_dagrun for example_subdag_operator to 2022-01-01T00:00:00+00:00, run_after=2022-01-01T00:00:00+00:00
[2023-01-21T23:45:54.781+0000] {logging_mixin.py:137} INFO - [2023-01-21T23:45:54.781+0000] {dag.py:3441} INFO - Setting next_dagrun for example_subdag_operator.section-1 to None, run_after=None
[2023-01-21T23:45:54.782+0000] {logging_mixin.py:137} INFO - [2023-01-21T23:45:54.782+0000] {dag.py:3441} INFO - Setting next_dagrun for example_subdag_operator.section-2 to None, run_after=None
[2023-01-21T23:45:54.790+0000] {logging_mixin.py:137} INFO - [2023-01-21T23:45:54.790+0000] {dag.py:2690} INFO - Sync 2 DAGs
[2023-01-21T23:45:54.800+0000] {logging_mixin.py:137} INFO - [2023-01-21T23:45:54.800+0000] {dag.py:3441} INFO - Setting next_dagrun for example_subdag_operator.section-1 to None, run_after=None
[2023-01-21T23:45:54.801+0000] {logging_mixin.py:137} INFO - [2023-01-21T23:45:54.801+0000] {dag.py:3441} INFO - Setting next_dagrun for example_subdag_operator.section-2 to None, run_after=None
[2023-01-21T23:45:54.810+0000] {processor.py:175} INFO - Processing /home/airflow/.local/lib/python3.7/site-packages/airflow/example_dags/example_subdag_operator.py took 0.095 seconds
[2023-01-21T23:46:25.182+0000] {processor.py:153} INFO - Started process (PID=208) to work on /home/airflow/.local/lib/python3.7/site-packages/airflow/example_dags/example_subdag_operator.py
[2023-01-21T23:46:25.184+0000] {processor.py:743} INFO - Processing file /home/airflow/.local/lib/python3.7/site-packages/airflow/example_dags/example_subdag_operator.py for tasks to queue
[2023-01-21T23:46:25.185+0000] {logging_mixin.py:137} INFO - [2023-01-21T23:46:25.184+0000] {dagbag.py:538} INFO - Filling up the DagBag from /home/airflow/.local/lib/python3.7/site-packages/airflow/example_dags/example_subdag_operator.py
[2023-01-21T23:46:25.223+0000] {processor.py:753} INFO - DAG(s) dict_keys(['example_subdag_operator.section-1', 'example_subdag_operator.section-2', 'example_subdag_operator']) retrieved from /home/airflow/.local/lib/python3.7/site-packages/airflow/example_dags/example_subdag_operator.py
[2023-01-21T23:46:25.244+0000] {logging_mixin.py:137} INFO - [2023-01-21T23:46:25.244+0000] {dag.py:2690} INFO - Sync 3 DAGs
[2023-01-21T23:46:25.271+0000] {logging_mixin.py:137} INFO - [2023-01-21T23:46:25.270+0000] {dag.py:3441} INFO - Setting next_dagrun for example_subdag_operator to 2022-01-01T00:00:00+00:00, run_after=2022-01-01T00:00:00+00:00
[2023-01-21T23:46:25.274+0000] {logging_mixin.py:137} INFO - [2023-01-21T23:46:25.274+0000] {dag.py:3441} INFO - Setting next_dagrun for example_subdag_operator.section-1 to None, run_after=None
[2023-01-21T23:46:25.276+0000] {logging_mixin.py:137} INFO - [2023-01-21T23:46:25.276+0000] {dag.py:3441} INFO - Setting next_dagrun for example_subdag_operator.section-2 to None, run_after=None
[2023-01-21T23:46:25.284+0000] {logging_mixin.py:137} INFO - [2023-01-21T23:46:25.284+0000] {dag.py:2690} INFO - Sync 2 DAGs
[2023-01-21T23:46:25.289+0000] {logging_mixin.py:137} INFO - [2023-01-21T23:46:25.289+0000] {dag.py:3441} INFO - Setting next_dagrun for example_subdag_operator.section-1 to None, run_after=None
[2023-01-21T23:46:25.290+0000] {logging_mixin.py:137} INFO - [2023-01-21T23:46:25.290+0000] {dag.py:3441} INFO - Setting next_dagrun for example_subdag_operator.section-2 to None, run_after=None
[2023-01-21T23:46:25.305+0000] {processor.py:175} INFO - Processing /home/airflow/.local/lib/python3.7/site-packages/airflow/example_dags/example_subdag_operator.py took 0.126 seconds
[2023-01-21T23:46:55.673+0000] {processor.py:153} INFO - Started process (PID=277) to work on /home/airflow/.local/lib/python3.7/site-packages/airflow/example_dags/example_subdag_operator.py
[2023-01-21T23:46:55.674+0000] {processor.py:743} INFO - Processing file /home/airflow/.local/lib/python3.7/site-packages/airflow/example_dags/example_subdag_operator.py for tasks to queue
[2023-01-21T23:46:55.675+0000] {logging_mixin.py:137} INFO - [2023-01-21T23:46:55.675+0000] {dagbag.py:538} INFO - Filling up the DagBag from /home/airflow/.local/lib/python3.7/site-packages/airflow/example_dags/example_subdag_operator.py
[2023-01-21T23:46:55.698+0000] {processor.py:753} INFO - DAG(s) dict_keys(['example_subdag_operator.section-1', 'example_subdag_operator.section-2', 'example_subdag_operator']) retrieved from /home/airflow/.local/lib/python3.7/site-packages/airflow/example_dags/example_subdag_operator.py
[2023-01-21T23:46:55.710+0000] {logging_mixin.py:137} INFO - [2023-01-21T23:46:55.710+0000] {dag.py:2690} INFO - Sync 3 DAGs
[2023-01-21T23:46:55.724+0000] {logging_mixin.py:137} INFO - [2023-01-21T23:46:55.724+0000] {dag.py:3441} INFO - Setting next_dagrun for example_subdag_operator to 2022-01-01T00:00:00+00:00, run_after=2022-01-01T00:00:00+00:00
[2023-01-21T23:46:55.730+0000] {logging_mixin.py:137} INFO - [2023-01-21T23:46:55.730+0000] {dag.py:3441} INFO - Setting next_dagrun for example_subdag_operator.section-1 to None, run_after=None
[2023-01-21T23:46:55.731+0000] {logging_mixin.py:137} INFO - [2023-01-21T23:46:55.731+0000] {dag.py:3441} INFO - Setting next_dagrun for example_subdag_operator.section-2 to None, run_after=None
[2023-01-21T23:46:55.737+0000] {logging_mixin.py:137} INFO - [2023-01-21T23:46:55.737+0000] {dag.py:2690} INFO - Sync 2 DAGs
[2023-01-21T23:46:55.741+0000] {logging_mixin.py:137} INFO - [2023-01-21T23:46:55.741+0000] {dag.py:3441} INFO - Setting next_dagrun for example_subdag_operator.section-1 to None, run_after=None
[2023-01-21T23:46:55.742+0000] {logging_mixin.py:137} INFO - [2023-01-21T23:46:55.742+0000] {dag.py:3441} INFO - Setting next_dagrun for example_subdag_operator.section-2 to None, run_after=None
[2023-01-21T23:46:55.749+0000] {processor.py:175} INFO - Processing /home/airflow/.local/lib/python3.7/site-packages/airflow/example_dags/example_subdag_operator.py took 0.079 seconds
[2023-01-21T23:47:26.070+0000] {processor.py:153} INFO - Started process (PID=352) to work on /home/airflow/.local/lib/python3.7/site-packages/airflow/example_dags/example_subdag_operator.py
[2023-01-21T23:47:26.071+0000] {processor.py:743} INFO - Processing file /home/airflow/.local/lib/python3.7/site-packages/airflow/example_dags/example_subdag_operator.py for tasks to queue
[2023-01-21T23:47:26.072+0000] {logging_mixin.py:137} INFO - [2023-01-21T23:47:26.072+0000] {dagbag.py:538} INFO - Filling up the DagBag from /home/airflow/.local/lib/python3.7/site-packages/airflow/example_dags/example_subdag_operator.py
[2023-01-21T23:47:26.097+0000] {processor.py:753} INFO - DAG(s) dict_keys(['example_subdag_operator.section-1', 'example_subdag_operator.section-2', 'example_subdag_operator']) retrieved from /home/airflow/.local/lib/python3.7/site-packages/airflow/example_dags/example_subdag_operator.py
[2023-01-21T23:47:26.107+0000] {logging_mixin.py:137} INFO - [2023-01-21T23:47:26.107+0000] {dag.py:2690} INFO - Sync 3 DAGs
[2023-01-21T23:47:26.122+0000] {logging_mixin.py:137} INFO - [2023-01-21T23:47:26.122+0000] {dag.py:3441} INFO - Setting next_dagrun for example_subdag_operator to 2022-01-01T00:00:00+00:00, run_after=2022-01-01T00:00:00+00:00
[2023-01-21T23:47:26.125+0000] {logging_mixin.py:137} INFO - [2023-01-21T23:47:26.125+0000] {dag.py:3441} INFO - Setting next_dagrun for example_subdag_operator.section-1 to None, run_after=None
[2023-01-21T23:47:26.126+0000] {logging_mixin.py:137} INFO - [2023-01-21T23:47:26.126+0000] {dag.py:3441} INFO - Setting next_dagrun for example_subdag_operator.section-2 to None, run_after=None
[2023-01-21T23:47:26.130+0000] {logging_mixin.py:137} INFO - [2023-01-21T23:47:26.130+0000] {dag.py:2690} INFO - Sync 2 DAGs
[2023-01-21T23:47:26.134+0000] {logging_mixin.py:137} INFO - [2023-01-21T23:47:26.134+0000] {dag.py:3441} INFO - Setting next_dagrun for example_subdag_operator.section-1 to None, run_after=None
[2023-01-21T23:47:26.135+0000] {logging_mixin.py:137} INFO - [2023-01-21T23:47:26.135+0000] {dag.py:3441} INFO - Setting next_dagrun for example_subdag_operator.section-2 to None, run_after=None
[2023-01-21T23:47:26.141+0000] {processor.py:175} INFO - Processing /home/airflow/.local/lib/python3.7/site-packages/airflow/example_dags/example_subdag_operator.py took 0.074 seconds
[2023-01-21T23:47:56.432+0000] {processor.py:153} INFO - Started process (PID=417) to work on /home/airflow/.local/lib/python3.7/site-packages/airflow/example_dags/example_subdag_operator.py
[2023-01-21T23:47:56.434+0000] {processor.py:743} INFO - Processing file /home/airflow/.local/lib/python3.7/site-packages/airflow/example_dags/example_subdag_operator.py for tasks to queue
[2023-01-21T23:47:56.434+0000] {logging_mixin.py:137} INFO - [2023-01-21T23:47:56.434+0000] {dagbag.py:538} INFO - Filling up the DagBag from /home/airflow/.local/lib/python3.7/site-packages/airflow/example_dags/example_subdag_operator.py
[2023-01-21T23:47:56.458+0000] {processor.py:753} INFO - DAG(s) dict_keys(['example_subdag_operator.section-1', 'example_subdag_operator.section-2', 'example_subdag_operator']) retrieved from /home/airflow/.local/lib/python3.7/site-packages/airflow/example_dags/example_subdag_operator.py
[2023-01-21T23:47:56.470+0000] {logging_mixin.py:137} INFO - [2023-01-21T23:47:56.470+0000] {dag.py:2690} INFO - Sync 3 DAGs
[2023-01-21T23:47:56.486+0000] {logging_mixin.py:137} INFO - [2023-01-21T23:47:56.485+0000] {dag.py:3441} INFO - Setting next_dagrun for example_subdag_operator to 2022-01-01T00:00:00+00:00, run_after=2022-01-01T00:00:00+00:00
[2023-01-21T23:47:56.488+0000] {logging_mixin.py:137} INFO - [2023-01-21T23:47:56.488+0000] {dag.py:3441} INFO - Setting next_dagrun for example_subdag_operator.section-1 to None, run_after=None
[2023-01-21T23:47:56.489+0000] {logging_mixin.py:137} INFO - [2023-01-21T23:47:56.489+0000] {dag.py:3441} INFO - Setting next_dagrun for example_subdag_operator.section-2 to None, run_after=None
[2023-01-21T23:47:56.494+0000] {logging_mixin.py:137} INFO - [2023-01-21T23:47:56.494+0000] {dag.py:2690} INFO - Sync 2 DAGs
[2023-01-21T23:47:56.498+0000] {logging_mixin.py:137} INFO - [2023-01-21T23:47:56.498+0000] {dag.py:3441} INFO - Setting next_dagrun for example_subdag_operator.section-1 to None, run_after=None
[2023-01-21T23:47:56.499+0000] {logging_mixin.py:137} INFO - [2023-01-21T23:47:56.499+0000] {dag.py:3441} INFO - Setting next_dagrun for example_subdag_operator.section-2 to None, run_after=None
[2023-01-21T23:47:56.505+0000] {processor.py:175} INFO - Processing /home/airflow/.local/lib/python3.7/site-packages/airflow/example_dags/example_subdag_operator.py took 0.076 seconds
[2023-01-21T23:48:26.683+0000] {processor.py:153} INFO - Started process (PID=493) to work on /home/airflow/.local/lib/python3.7/site-packages/airflow/example_dags/example_subdag_operator.py
[2023-01-21T23:48:26.684+0000] {processor.py:743} INFO - Processing file /home/airflow/.local/lib/python3.7/site-packages/airflow/example_dags/example_subdag_operator.py for tasks to queue
[2023-01-21T23:48:26.685+0000] {logging_mixin.py:137} INFO - [2023-01-21T23:48:26.685+0000] {dagbag.py:538} INFO - Filling up the DagBag from /home/airflow/.local/lib/python3.7/site-packages/airflow/example_dags/example_subdag_operator.py
[2023-01-21T23:48:26.710+0000] {processor.py:753} INFO - DAG(s) dict_keys(['example_subdag_operator.section-1', 'example_subdag_operator.section-2', 'example_subdag_operator']) retrieved from /home/airflow/.local/lib/python3.7/site-packages/airflow/example_dags/example_subdag_operator.py
[2023-01-21T23:48:26.721+0000] {logging_mixin.py:137} INFO - [2023-01-21T23:48:26.721+0000] {dag.py:2690} INFO - Sync 3 DAGs
[2023-01-21T23:48:26.737+0000] {logging_mixin.py:137} INFO - [2023-01-21T23:48:26.736+0000] {dag.py:3441} INFO - Setting next_dagrun for example_subdag_operator to 2022-01-01T00:00:00+00:00, run_after=2022-01-01T00:00:00+00:00
[2023-01-21T23:48:26.739+0000] {logging_mixin.py:137} INFO - [2023-01-21T23:48:26.739+0000] {dag.py:3441} INFO - Setting next_dagrun for example_subdag_operator.section-1 to None, run_after=None
[2023-01-21T23:48:26.740+0000] {logging_mixin.py:137} INFO - [2023-01-21T23:48:26.740+0000] {dag.py:3441} INFO - Setting next_dagrun for example_subdag_operator.section-2 to None, run_after=None
[2023-01-21T23:48:26.746+0000] {logging_mixin.py:137} INFO - [2023-01-21T23:48:26.746+0000] {dag.py:2690} INFO - Sync 2 DAGs
[2023-01-21T23:48:26.750+0000] {logging_mixin.py:137} INFO - [2023-01-21T23:48:26.750+0000] {dag.py:3441} INFO - Setting next_dagrun for example_subdag_operator.section-1 to None, run_after=None
[2023-01-21T23:48:26.751+0000] {logging_mixin.py:137} INFO - [2023-01-21T23:48:26.751+0000] {dag.py:3441} INFO - Setting next_dagrun for example_subdag_operator.section-2 to None, run_after=None
[2023-01-21T23:48:26.758+0000] {processor.py:175} INFO - Processing /home/airflow/.local/lib/python3.7/site-packages/airflow/example_dags/example_subdag_operator.py took 0.079 seconds
[2023-01-21T23:48:57.457+0000] {processor.py:153} INFO - Started process (PID=569) to work on /home/airflow/.local/lib/python3.7/site-packages/airflow/example_dags/example_subdag_operator.py
[2023-01-21T23:48:57.459+0000] {processor.py:743} INFO - Processing file /home/airflow/.local/lib/python3.7/site-packages/airflow/example_dags/example_subdag_operator.py for tasks to queue
[2023-01-21T23:48:57.460+0000] {logging_mixin.py:137} INFO - [2023-01-21T23:48:57.460+0000] {dagbag.py:538} INFO - Filling up the DagBag from /home/airflow/.local/lib/python3.7/site-packages/airflow/example_dags/example_subdag_operator.py
[2023-01-21T23:48:57.486+0000] {processor.py:753} INFO - DAG(s) dict_keys(['example_subdag_operator.section-1', 'example_subdag_operator.section-2', 'example_subdag_operator']) retrieved from /home/airflow/.local/lib/python3.7/site-packages/airflow/example_dags/example_subdag_operator.py
[2023-01-21T23:48:57.498+0000] {logging_mixin.py:137} INFO - [2023-01-21T23:48:57.498+0000] {dag.py:2690} INFO - Sync 3 DAGs
[2023-01-21T23:48:57.515+0000] {logging_mixin.py:137} INFO - [2023-01-21T23:48:57.515+0000] {dag.py:3441} INFO - Setting next_dagrun for example_subdag_operator to 2022-01-01T00:00:00+00:00, run_after=2022-01-01T00:00:00+00:00
[2023-01-21T23:48:57.518+0000] {logging_mixin.py:137} INFO - [2023-01-21T23:48:57.518+0000] {dag.py:3441} INFO - Setting next_dagrun for example_subdag_operator.section-1 to None, run_after=None
[2023-01-21T23:48:57.519+0000] {logging_mixin.py:137} INFO - [2023-01-21T23:48:57.519+0000] {dag.py:3441} INFO - Setting next_dagrun for example_subdag_operator.section-2 to None, run_after=None
[2023-01-21T23:48:57.525+0000] {logging_mixin.py:137} INFO - [2023-01-21T23:48:57.525+0000] {dag.py:2690} INFO - Sync 2 DAGs
[2023-01-21T23:48:57.528+0000] {logging_mixin.py:137} INFO - [2023-01-21T23:48:57.528+0000] {dag.py:3441} INFO - Setting next_dagrun for example_subdag_operator.section-1 to None, run_after=None
[2023-01-21T23:48:57.529+0000] {logging_mixin.py:137} INFO - [2023-01-21T23:48:57.529+0000] {dag.py:3441} INFO - Setting next_dagrun for example_subdag_operator.section-2 to None, run_after=None
[2023-01-21T23:48:57.536+0000] {processor.py:175} INFO - Processing /home/airflow/.local/lib/python3.7/site-packages/airflow/example_dags/example_subdag_operator.py took 0.083 seconds
[2023-01-21T23:49:27.788+0000] {processor.py:153} INFO - Started process (PID=634) to work on /home/airflow/.local/lib/python3.7/site-packages/airflow/example_dags/example_subdag_operator.py
[2023-01-21T23:49:27.789+0000] {processor.py:743} INFO - Processing file /home/airflow/.local/lib/python3.7/site-packages/airflow/example_dags/example_subdag_operator.py for tasks to queue
[2023-01-21T23:49:27.789+0000] {logging_mixin.py:137} INFO - [2023-01-21T23:49:27.789+0000] {dagbag.py:538} INFO - Filling up the DagBag from /home/airflow/.local/lib/python3.7/site-packages/airflow/example_dags/example_subdag_operator.py
[2023-01-21T23:49:27.811+0000] {processor.py:753} INFO - DAG(s) dict_keys(['example_subdag_operator.section-1', 'example_subdag_operator.section-2', 'example_subdag_operator']) retrieved from /home/airflow/.local/lib/python3.7/site-packages/airflow/example_dags/example_subdag_operator.py
[2023-01-21T23:49:27.823+0000] {logging_mixin.py:137} INFO - [2023-01-21T23:49:27.823+0000] {dag.py:2690} INFO - Sync 3 DAGs
[2023-01-21T23:49:27.838+0000] {logging_mixin.py:137} INFO - [2023-01-21T23:49:27.838+0000] {dag.py:3441} INFO - Setting next_dagrun for example_subdag_operator to 2022-01-01T00:00:00+00:00, run_after=2022-01-01T00:00:00+00:00
[2023-01-21T23:49:27.840+0000] {logging_mixin.py:137} INFO - [2023-01-21T23:49:27.840+0000] {dag.py:3441} INFO - Setting next_dagrun for example_subdag_operator.section-1 to None, run_after=None
[2023-01-21T23:49:27.843+0000] {logging_mixin.py:137} INFO - [2023-01-21T23:49:27.843+0000] {dag.py:3441} INFO - Setting next_dagrun for example_subdag_operator.section-2 to None, run_after=None
[2023-01-21T23:49:27.849+0000] {logging_mixin.py:137} INFO - [2023-01-21T23:49:27.848+0000] {dag.py:2690} INFO - Sync 2 DAGs
[2023-01-21T23:49:27.853+0000] {logging_mixin.py:137} INFO - [2023-01-21T23:49:27.853+0000] {dag.py:3441} INFO - Setting next_dagrun for example_subdag_operator.section-1 to None, run_after=None
[2023-01-21T23:49:27.853+0000] {logging_mixin.py:137} INFO - [2023-01-21T23:49:27.853+0000] {dag.py:3441} INFO - Setting next_dagrun for example_subdag_operator.section-2 to None, run_after=None
[2023-01-21T23:49:27.863+0000] {processor.py:175} INFO - Processing /home/airflow/.local/lib/python3.7/site-packages/airflow/example_dags/example_subdag_operator.py took 0.078 seconds
[2023-01-21T23:49:58.054+0000] {processor.py:153} INFO - Started process (PID=711) to work on /home/airflow/.local/lib/python3.7/site-packages/airflow/example_dags/example_subdag_operator.py
[2023-01-21T23:49:58.055+0000] {processor.py:743} INFO - Processing file /home/airflow/.local/lib/python3.7/site-packages/airflow/example_dags/example_subdag_operator.py for tasks to queue
[2023-01-21T23:49:58.056+0000] {logging_mixin.py:137} INFO - [2023-01-21T23:49:58.056+0000] {dagbag.py:538} INFO - Filling up the DagBag from /home/airflow/.local/lib/python3.7/site-packages/airflow/example_dags/example_subdag_operator.py
[2023-01-21T23:49:58.080+0000] {processor.py:753} INFO - DAG(s) dict_keys(['example_subdag_operator.section-1', 'example_subdag_operator.section-2', 'example_subdag_operator']) retrieved from /home/airflow/.local/lib/python3.7/site-packages/airflow/example_dags/example_subdag_operator.py
[2023-01-21T23:49:58.092+0000] {logging_mixin.py:137} INFO - [2023-01-21T23:49:58.092+0000] {dag.py:2690} INFO - Sync 3 DAGs
[2023-01-21T23:49:58.107+0000] {logging_mixin.py:137} INFO - [2023-01-21T23:49:58.107+0000] {dag.py:3441} INFO - Setting next_dagrun for example_subdag_operator to 2022-01-01T00:00:00+00:00, run_after=2022-01-01T00:00:00+00:00
[2023-01-21T23:49:58.110+0000] {logging_mixin.py:137} INFO - [2023-01-21T23:49:58.110+0000] {dag.py:3441} INFO - Setting next_dagrun for example_subdag_operator.section-1 to None, run_after=None
[2023-01-21T23:49:58.111+0000] {logging_mixin.py:137} INFO - [2023-01-21T23:49:58.111+0000] {dag.py:3441} INFO - Setting next_dagrun for example_subdag_operator.section-2 to None, run_after=None
[2023-01-21T23:49:58.116+0000] {logging_mixin.py:137} INFO - [2023-01-21T23:49:58.116+0000] {dag.py:2690} INFO - Sync 2 DAGs
[2023-01-21T23:49:58.122+0000] {logging_mixin.py:137} INFO - [2023-01-21T23:49:58.122+0000] {dag.py:3441} INFO - Setting next_dagrun for example_subdag_operator.section-1 to None, run_after=None
[2023-01-21T23:49:58.123+0000] {logging_mixin.py:137} INFO - [2023-01-21T23:49:58.123+0000] {dag.py:3441} INFO - Setting next_dagrun for example_subdag_operator.section-2 to None, run_after=None
[2023-01-21T23:49:58.130+0000] {processor.py:175} INFO - Processing /home/airflow/.local/lib/python3.7/site-packages/airflow/example_dags/example_subdag_operator.py took 0.079 seconds
[2023-01-21T23:50:28.550+0000] {processor.py:153} INFO - Started process (PID=786) to work on /home/airflow/.local/lib/python3.7/site-packages/airflow/example_dags/example_subdag_operator.py
[2023-01-21T23:50:28.552+0000] {processor.py:743} INFO - Processing file /home/airflow/.local/lib/python3.7/site-packages/airflow/example_dags/example_subdag_operator.py for tasks to queue
[2023-01-21T23:50:28.552+0000] {logging_mixin.py:137} INFO - [2023-01-21T23:50:28.552+0000] {dagbag.py:538} INFO - Filling up the DagBag from /home/airflow/.local/lib/python3.7/site-packages/airflow/example_dags/example_subdag_operator.py
[2023-01-21T23:50:28.574+0000] {processor.py:753} INFO - DAG(s) dict_keys(['example_subdag_operator.section-1', 'example_subdag_operator.section-2', 'example_subdag_operator']) retrieved from /home/airflow/.local/lib/python3.7/site-packages/airflow/example_dags/example_subdag_operator.py
[2023-01-21T23:50:28.586+0000] {logging_mixin.py:137} INFO - [2023-01-21T23:50:28.586+0000] {dag.py:2690} INFO - Sync 3 DAGs
[2023-01-21T23:50:28.601+0000] {logging_mixin.py:137} INFO - [2023-01-21T23:50:28.601+0000] {dag.py:3441} INFO - Setting next_dagrun for example_subdag_operator to 2022-01-01T00:00:00+00:00, run_after=2022-01-01T00:00:00+00:00
[2023-01-21T23:50:28.604+0000] {logging_mixin.py:137} INFO - [2023-01-21T23:50:28.604+0000] {dag.py:3441} INFO - Setting next_dagrun for example_subdag_operator.section-1 to None, run_after=None
[2023-01-21T23:50:28.605+0000] {logging_mixin.py:137} INFO - [2023-01-21T23:50:28.605+0000] {dag.py:3441} INFO - Setting next_dagrun for example_subdag_operator.section-2 to None, run_after=None
[2023-01-21T23:50:28.609+0000] {logging_mixin.py:137} INFO - [2023-01-21T23:50:28.609+0000] {dag.py:2690} INFO - Sync 2 DAGs
[2023-01-21T23:50:28.613+0000] {logging_mixin.py:137} INFO - [2023-01-21T23:50:28.613+0000] {dag.py:3441} INFO - Setting next_dagrun for example_subdag_operator.section-1 to None, run_after=None
[2023-01-21T23:50:28.614+0000] {logging_mixin.py:137} INFO - [2023-01-21T23:50:28.614+0000] {dag.py:3441} INFO - Setting next_dagrun for example_subdag_operator.section-2 to None, run_after=None
[2023-01-21T23:50:28.620+0000] {processor.py:175} INFO - Processing /home/airflow/.local/lib/python3.7/site-packages/airflow/example_dags/example_subdag_operator.py took 0.072 seconds
[2023-01-21T23:54:05.097+0000] {processor.py:153} INFO - Started process (PID=61) to work on /home/airflow/.local/lib/python3.7/site-packages/airflow/example_dags/example_subdag_operator.py
[2023-01-21T23:54:05.108+0000] {processor.py:743} INFO - Processing file /home/airflow/.local/lib/python3.7/site-packages/airflow/example_dags/example_subdag_operator.py for tasks to queue
[2023-01-21T23:54:05.109+0000] {logging_mixin.py:137} INFO - [2023-01-21T23:54:05.109+0000] {dagbag.py:538} INFO - Filling up the DagBag from /home/airflow/.local/lib/python3.7/site-packages/airflow/example_dags/example_subdag_operator.py
[2023-01-21T23:54:05.170+0000] {processor.py:753} INFO - DAG(s) dict_keys(['example_subdag_operator.section-1', 'example_subdag_operator.section-2', 'example_subdag_operator']) retrieved from /home/airflow/.local/lib/python3.7/site-packages/airflow/example_dags/example_subdag_operator.py
[2023-01-21T23:54:05.175+0000] {logging_mixin.py:137} INFO - [2023-01-21T23:54:05.175+0000] {dag.py:2690} INFO - Sync 3 DAGs
[2023-01-21T23:54:05.202+0000] {logging_mixin.py:137} INFO - [2023-01-21T23:54:05.202+0000] {dag.py:3441} INFO - Setting next_dagrun for example_subdag_operator to 2022-01-01T00:00:00+00:00, run_after=2022-01-01T00:00:00+00:00
[2023-01-21T23:54:05.205+0000] {logging_mixin.py:137} INFO - [2023-01-21T23:54:05.205+0000] {dag.py:3441} INFO - Setting next_dagrun for example_subdag_operator.section-1 to None, run_after=None
[2023-01-21T23:54:05.207+0000] {logging_mixin.py:137} INFO - [2023-01-21T23:54:05.207+0000] {dag.py:3441} INFO - Setting next_dagrun for example_subdag_operator.section-2 to None, run_after=None
[2023-01-21T23:54:05.219+0000] {logging_mixin.py:137} INFO - [2023-01-21T23:54:05.219+0000] {dag.py:2690} INFO - Sync 2 DAGs
[2023-01-21T23:54:05.224+0000] {logging_mixin.py:137} INFO - [2023-01-21T23:54:05.224+0000] {dag.py:3441} INFO - Setting next_dagrun for example_subdag_operator.section-1 to None, run_after=None
[2023-01-21T23:54:05.225+0000] {logging_mixin.py:137} INFO - [2023-01-21T23:54:05.225+0000] {dag.py:3441} INFO - Setting next_dagrun for example_subdag_operator.section-2 to None, run_after=None
[2023-01-21T23:54:05.235+0000] {processor.py:175} INFO - Processing /home/airflow/.local/lib/python3.7/site-packages/airflow/example_dags/example_subdag_operator.py took 0.161 seconds
[2023-01-21T23:54:36.114+0000] {processor.py:153} INFO - Started process (PID=137) to work on /home/airflow/.local/lib/python3.7/site-packages/airflow/example_dags/example_subdag_operator.py
[2023-01-21T23:54:36.116+0000] {processor.py:743} INFO - Processing file /home/airflow/.local/lib/python3.7/site-packages/airflow/example_dags/example_subdag_operator.py for tasks to queue
[2023-01-21T23:54:36.117+0000] {logging_mixin.py:137} INFO - [2023-01-21T23:54:36.117+0000] {dagbag.py:538} INFO - Filling up the DagBag from /home/airflow/.local/lib/python3.7/site-packages/airflow/example_dags/example_subdag_operator.py
[2023-01-21T23:54:36.146+0000] {processor.py:753} INFO - DAG(s) dict_keys(['example_subdag_operator.section-1', 'example_subdag_operator.section-2', 'example_subdag_operator']) retrieved from /home/airflow/.local/lib/python3.7/site-packages/airflow/example_dags/example_subdag_operator.py
[2023-01-21T23:54:36.158+0000] {logging_mixin.py:137} INFO - [2023-01-21T23:54:36.157+0000] {dag.py:2690} INFO - Sync 3 DAGs
[2023-01-21T23:54:36.172+0000] {logging_mixin.py:137} INFO - [2023-01-21T23:54:36.172+0000] {dag.py:3441} INFO - Setting next_dagrun for example_subdag_operator to 2022-01-01T00:00:00+00:00, run_after=2022-01-01T00:00:00+00:00
[2023-01-21T23:54:36.175+0000] {logging_mixin.py:137} INFO - [2023-01-21T23:54:36.175+0000] {dag.py:3441} INFO - Setting next_dagrun for example_subdag_operator.section-1 to None, run_after=None
[2023-01-21T23:54:36.176+0000] {logging_mixin.py:137} INFO - [2023-01-21T23:54:36.176+0000] {dag.py:3441} INFO - Setting next_dagrun for example_subdag_operator.section-2 to None, run_after=None
[2023-01-21T23:54:36.180+0000] {logging_mixin.py:137} INFO - [2023-01-21T23:54:36.180+0000] {dag.py:2690} INFO - Sync 2 DAGs
[2023-01-21T23:54:36.184+0000] {logging_mixin.py:137} INFO - [2023-01-21T23:54:36.184+0000] {dag.py:3441} INFO - Setting next_dagrun for example_subdag_operator.section-1 to None, run_after=None
[2023-01-21T23:54:36.185+0000] {logging_mixin.py:137} INFO - [2023-01-21T23:54:36.185+0000] {dag.py:3441} INFO - Setting next_dagrun for example_subdag_operator.section-2 to None, run_after=None
[2023-01-21T23:54:36.192+0000] {processor.py:175} INFO - Processing /home/airflow/.local/lib/python3.7/site-packages/airflow/example_dags/example_subdag_operator.py took 0.082 seconds
[2023-01-21T23:55:06.348+0000] {processor.py:153} INFO - Started process (PID=214) to work on /home/airflow/.local/lib/python3.7/site-packages/airflow/example_dags/example_subdag_operator.py
[2023-01-21T23:55:06.367+0000] {processor.py:743} INFO - Processing file /home/airflow/.local/lib/python3.7/site-packages/airflow/example_dags/example_subdag_operator.py for tasks to queue
[2023-01-21T23:55:06.368+0000] {logging_mixin.py:137} INFO - [2023-01-21T23:55:06.368+0000] {dagbag.py:538} INFO - Filling up the DagBag from /home/airflow/.local/lib/python3.7/site-packages/airflow/example_dags/example_subdag_operator.py
[2023-01-21T23:55:06.452+0000] {processor.py:753} INFO - DAG(s) dict_keys(['example_subdag_operator.section-1', 'example_subdag_operator.section-2', 'example_subdag_operator']) retrieved from /home/airflow/.local/lib/python3.7/site-packages/airflow/example_dags/example_subdag_operator.py
[2023-01-21T23:55:06.469+0000] {logging_mixin.py:137} INFO - [2023-01-21T23:55:06.469+0000] {dag.py:2690} INFO - Sync 3 DAGs
[2023-01-21T23:55:06.500+0000] {logging_mixin.py:137} INFO - [2023-01-21T23:55:06.500+0000] {dag.py:3441} INFO - Setting next_dagrun for example_subdag_operator to 2022-01-01T00:00:00+00:00, run_after=2022-01-01T00:00:00+00:00
[2023-01-21T23:55:06.507+0000] {logging_mixin.py:137} INFO - [2023-01-21T23:55:06.507+0000] {dag.py:3441} INFO - Setting next_dagrun for example_subdag_operator.section-1 to None, run_after=None
[2023-01-21T23:55:06.510+0000] {logging_mixin.py:137} INFO - [2023-01-21T23:55:06.510+0000] {dag.py:3441} INFO - Setting next_dagrun for example_subdag_operator.section-2 to None, run_after=None
[2023-01-21T23:55:06.517+0000] {logging_mixin.py:137} INFO - [2023-01-21T23:55:06.517+0000] {dag.py:2690} INFO - Sync 2 DAGs
[2023-01-21T23:55:06.521+0000] {logging_mixin.py:137} INFO - [2023-01-21T23:55:06.521+0000] {dag.py:3441} INFO - Setting next_dagrun for example_subdag_operator.section-1 to None, run_after=None
[2023-01-21T23:55:06.522+0000] {logging_mixin.py:137} INFO - [2023-01-21T23:55:06.522+0000] {dag.py:3441} INFO - Setting next_dagrun for example_subdag_operator.section-2 to None, run_after=None
[2023-01-21T23:55:06.529+0000] {processor.py:175} INFO - Processing /home/airflow/.local/lib/python3.7/site-packages/airflow/example_dags/example_subdag_operator.py took 0.193 seconds
[2023-01-21T23:56:05.864+0000] {processor.py:153} INFO - Started process (PID=60) to work on /home/airflow/.local/lib/python3.7/site-packages/airflow/example_dags/example_subdag_operator.py
[2023-01-21T23:56:05.866+0000] {processor.py:743} INFO - Processing file /home/airflow/.local/lib/python3.7/site-packages/airflow/example_dags/example_subdag_operator.py for tasks to queue
[2023-01-21T23:56:05.868+0000] {logging_mixin.py:137} INFO - [2023-01-21T23:56:05.868+0000] {dagbag.py:538} INFO - Filling up the DagBag from /home/airflow/.local/lib/python3.7/site-packages/airflow/example_dags/example_subdag_operator.py
[2023-01-21T23:56:05.988+0000] {processor.py:753} INFO - DAG(s) dict_keys(['example_subdag_operator.section-1', 'example_subdag_operator.section-2', 'example_subdag_operator']) retrieved from /home/airflow/.local/lib/python3.7/site-packages/airflow/example_dags/example_subdag_operator.py
[2023-01-21T23:56:06.030+0000] {logging_mixin.py:137} INFO - [2023-01-21T23:56:06.029+0000] {dag.py:2690} INFO - Sync 3 DAGs
[2023-01-21T23:56:06.093+0000] {logging_mixin.py:137} INFO - [2023-01-21T23:56:06.093+0000] {dag.py:3441} INFO - Setting next_dagrun for example_subdag_operator to 2022-01-01T00:00:00+00:00, run_after=2022-01-01T00:00:00+00:00
[2023-01-21T23:56:06.098+0000] {logging_mixin.py:137} INFO - [2023-01-21T23:56:06.098+0000] {dag.py:3441} INFO - Setting next_dagrun for example_subdag_operator.section-1 to None, run_after=None
[2023-01-21T23:56:06.106+0000] {logging_mixin.py:137} INFO - [2023-01-21T23:56:06.106+0000] {dag.py:3441} INFO - Setting next_dagrun for example_subdag_operator.section-2 to None, run_after=None
[2023-01-21T23:56:06.114+0000] {logging_mixin.py:137} INFO - [2023-01-21T23:56:06.114+0000] {dag.py:2690} INFO - Sync 2 DAGs
[2023-01-21T23:56:06.128+0000] {logging_mixin.py:137} INFO - [2023-01-21T23:56:06.128+0000] {dag.py:3441} INFO - Setting next_dagrun for example_subdag_operator.section-1 to None, run_after=None
[2023-01-21T23:56:06.129+0000] {logging_mixin.py:137} INFO - [2023-01-21T23:56:06.129+0000] {dag.py:3441} INFO - Setting next_dagrun for example_subdag_operator.section-2 to None, run_after=None
[2023-01-21T23:56:06.142+0000] {processor.py:175} INFO - Processing /home/airflow/.local/lib/python3.7/site-packages/airflow/example_dags/example_subdag_operator.py took 0.283 seconds
[2023-01-21T23:56:37.100+0000] {processor.py:153} INFO - Started process (PID=136) to work on /home/airflow/.local/lib/python3.7/site-packages/airflow/example_dags/example_subdag_operator.py
[2023-01-21T23:56:37.103+0000] {processor.py:743} INFO - Processing file /home/airflow/.local/lib/python3.7/site-packages/airflow/example_dags/example_subdag_operator.py for tasks to queue
[2023-01-21T23:56:37.104+0000] {logging_mixin.py:137} INFO - [2023-01-21T23:56:37.104+0000] {dagbag.py:538} INFO - Filling up the DagBag from /home/airflow/.local/lib/python3.7/site-packages/airflow/example_dags/example_subdag_operator.py
[2023-01-21T23:56:37.138+0000] {processor.py:753} INFO - DAG(s) dict_keys(['example_subdag_operator.section-1', 'example_subdag_operator.section-2', 'example_subdag_operator']) retrieved from /home/airflow/.local/lib/python3.7/site-packages/airflow/example_dags/example_subdag_operator.py
[2023-01-21T23:56:37.152+0000] {logging_mixin.py:137} INFO - [2023-01-21T23:56:37.152+0000] {dag.py:2690} INFO - Sync 3 DAGs
[2023-01-21T23:56:37.172+0000] {logging_mixin.py:137} INFO - [2023-01-21T23:56:37.171+0000] {dag.py:3441} INFO - Setting next_dagrun for example_subdag_operator to 2022-01-01T00:00:00+00:00, run_after=2022-01-01T00:00:00+00:00
[2023-01-21T23:56:37.175+0000] {logging_mixin.py:137} INFO - [2023-01-21T23:56:37.175+0000] {dag.py:3441} INFO - Setting next_dagrun for example_subdag_operator.section-1 to None, run_after=None
[2023-01-21T23:56:37.177+0000] {logging_mixin.py:137} INFO - [2023-01-21T23:56:37.177+0000] {dag.py:3441} INFO - Setting next_dagrun for example_subdag_operator.section-2 to None, run_after=None
[2023-01-21T23:56:37.186+0000] {logging_mixin.py:137} INFO - [2023-01-21T23:56:37.186+0000] {dag.py:2690} INFO - Sync 2 DAGs
[2023-01-21T23:56:37.204+0000] {logging_mixin.py:137} INFO - [2023-01-21T23:56:37.204+0000] {dag.py:3441} INFO - Setting next_dagrun for example_subdag_operator.section-1 to None, run_after=None
[2023-01-21T23:56:37.234+0000] {logging_mixin.py:137} INFO - [2023-01-21T23:56:37.234+0000] {dag.py:3441} INFO - Setting next_dagrun for example_subdag_operator.section-2 to None, run_after=None
[2023-01-21T23:56:37.241+0000] {processor.py:175} INFO - Processing /home/airflow/.local/lib/python3.7/site-packages/airflow/example_dags/example_subdag_operator.py took 0.146 seconds
[2023-01-21T23:57:07.535+0000] {processor.py:153} INFO - Started process (PID=209) to work on /home/airflow/.local/lib/python3.7/site-packages/airflow/example_dags/example_subdag_operator.py
[2023-01-21T23:57:07.544+0000] {processor.py:743} INFO - Processing file /home/airflow/.local/lib/python3.7/site-packages/airflow/example_dags/example_subdag_operator.py for tasks to queue
[2023-01-21T23:57:07.546+0000] {logging_mixin.py:137} INFO - [2023-01-21T23:57:07.546+0000] {dagbag.py:538} INFO - Filling up the DagBag from /home/airflow/.local/lib/python3.7/site-packages/airflow/example_dags/example_subdag_operator.py
[2023-01-21T23:57:07.615+0000] {processor.py:753} INFO - DAG(s) dict_keys(['example_subdag_operator.section-1', 'example_subdag_operator.section-2', 'example_subdag_operator']) retrieved from /home/airflow/.local/lib/python3.7/site-packages/airflow/example_dags/example_subdag_operator.py
[2023-01-21T23:57:07.638+0000] {logging_mixin.py:137} INFO - [2023-01-21T23:57:07.638+0000] {dag.py:2690} INFO - Sync 3 DAGs
[2023-01-21T23:57:07.665+0000] {logging_mixin.py:137} INFO - [2023-01-21T23:57:07.665+0000] {dag.py:3441} INFO - Setting next_dagrun for example_subdag_operator to 2022-01-01T00:00:00+00:00, run_after=2022-01-01T00:00:00+00:00
[2023-01-21T23:57:07.669+0000] {logging_mixin.py:137} INFO - [2023-01-21T23:57:07.669+0000] {dag.py:3441} INFO - Setting next_dagrun for example_subdag_operator.section-1 to None, run_after=None
[2023-01-21T23:57:07.672+0000] {logging_mixin.py:137} INFO - [2023-01-21T23:57:07.672+0000] {dag.py:3441} INFO - Setting next_dagrun for example_subdag_operator.section-2 to None, run_after=None
[2023-01-21T23:57:07.681+0000] {logging_mixin.py:137} INFO - [2023-01-21T23:57:07.681+0000] {dag.py:2690} INFO - Sync 2 DAGs
[2023-01-21T23:57:07.688+0000] {logging_mixin.py:137} INFO - [2023-01-21T23:57:07.688+0000] {dag.py:3441} INFO - Setting next_dagrun for example_subdag_operator.section-1 to None, run_after=None
[2023-01-21T23:57:07.700+0000] {logging_mixin.py:137} INFO - [2023-01-21T23:57:07.700+0000] {dag.py:3441} INFO - Setting next_dagrun for example_subdag_operator.section-2 to None, run_after=None
[2023-01-21T23:57:07.763+0000] {processor.py:175} INFO - Processing /home/airflow/.local/lib/python3.7/site-packages/airflow/example_dags/example_subdag_operator.py took 0.241 seconds
