[2023-01-21T23:45:21.961+0000] {processor.py:153} INFO - Started process (PID=44) to work on /home/airflow/.local/lib/python3.7/site-packages/airflow/example_dags/example_python_operator.py
[2023-01-21T23:45:21.963+0000] {processor.py:743} INFO - Processing file /home/airflow/.local/lib/python3.7/site-packages/airflow/example_dags/example_python_operator.py for tasks to queue
[2023-01-21T23:45:21.964+0000] {logging_mixin.py:137} INFO - [2023-01-21T23:45:21.964+0000] {dagbag.py:538} INFO - Filling up the DagBag from /home/airflow/.local/lib/python3.7/site-packages/airflow/example_dags/example_python_operator.py
[2023-01-21T23:45:22.015+0000] {logging_mixin.py:137} INFO - [2023-01-21T23:45:22.015+0000] {taskmixin.py:205} WARNING - Dependency <Task(_PythonDecoratedOperator): print_the_context>, log_sql_query already registered for DAG: example_python_operator
[2023-01-21T23:45:22.016+0000] {logging_mixin.py:137} INFO - [2023-01-21T23:45:22.016+0000] {taskmixin.py:205} WARNING - Dependency <Task(_PythonDecoratedOperator): log_sql_query>, print_the_context already registered for DAG: example_python_operator
[2023-01-21T23:45:22.017+0000] {logging_mixin.py:137} INFO - [2023-01-21T23:45:22.017+0000] {taskmixin.py:205} WARNING - Dependency <Task(_PythonDecoratedOperator): print_the_context>, log_sql_query already registered for DAG: example_python_operator
[2023-01-21T23:45:22.018+0000] {logging_mixin.py:137} INFO - [2023-01-21T23:45:22.017+0000] {taskmixin.py:205} WARNING - Dependency <Task(_PythonDecoratedOperator): log_sql_query>, print_the_context already registered for DAG: example_python_operator
[2023-01-21T23:45:22.018+0000] {logging_mixin.py:137} INFO - [2023-01-21T23:45:22.018+0000] {taskmixin.py:205} WARNING - Dependency <Task(_PythonDecoratedOperator): print_the_context>, log_sql_query already registered for DAG: example_python_operator
[2023-01-21T23:45:22.025+0000] {logging_mixin.py:137} INFO - [2023-01-21T23:45:22.025+0000] {taskmixin.py:205} WARNING - Dependency <Task(_PythonDecoratedOperator): log_sql_query>, print_the_context already registered for DAG: example_python_operator
[2023-01-21T23:45:22.026+0000] {logging_mixin.py:137} INFO - [2023-01-21T23:45:22.026+0000] {taskmixin.py:205} WARNING - Dependency <Task(_PythonDecoratedOperator): print_the_context>, log_sql_query already registered for DAG: example_python_operator
[2023-01-21T23:45:22.028+0000] {logging_mixin.py:137} INFO - [2023-01-21T23:45:22.028+0000] {taskmixin.py:205} WARNING - Dependency <Task(_PythonDecoratedOperator): log_sql_query>, print_the_context already registered for DAG: example_python_operator
[2023-01-21T23:45:22.046+0000] {processor.py:753} INFO - DAG(s) dict_keys(['example_python_operator']) retrieved from /home/airflow/.local/lib/python3.7/site-packages/airflow/example_dags/example_python_operator.py
[2023-01-21T23:45:22.070+0000] {logging_mixin.py:137} INFO - [2023-01-21T23:45:22.070+0000] {dag.py:2690} INFO - Sync 1 DAGs
[2023-01-21T23:45:22.104+0000] {logging_mixin.py:137} INFO - [2023-01-21T23:45:22.104+0000] {dag.py:3441} INFO - Setting next_dagrun for example_python_operator to None, run_after=None
[2023-01-21T23:45:22.130+0000] {processor.py:175} INFO - Processing /home/airflow/.local/lib/python3.7/site-packages/airflow/example_dags/example_python_operator.py took 0.175 seconds
[2023-01-21T23:45:52.706+0000] {processor.py:153} INFO - Started process (PID=120) to work on /home/airflow/.local/lib/python3.7/site-packages/airflow/example_dags/example_python_operator.py
[2023-01-21T23:45:52.707+0000] {processor.py:743} INFO - Processing file /home/airflow/.local/lib/python3.7/site-packages/airflow/example_dags/example_python_operator.py for tasks to queue
[2023-01-21T23:45:52.708+0000] {logging_mixin.py:137} INFO - [2023-01-21T23:45:52.708+0000] {dagbag.py:538} INFO - Filling up the DagBag from /home/airflow/.local/lib/python3.7/site-packages/airflow/example_dags/example_python_operator.py
[2023-01-21T23:45:52.721+0000] {logging_mixin.py:137} INFO - [2023-01-21T23:45:52.720+0000] {taskmixin.py:205} WARNING - Dependency <Task(_PythonDecoratedOperator): print_the_context>, log_sql_query already registered for DAG: example_python_operator
[2023-01-21T23:45:52.722+0000] {logging_mixin.py:137} INFO - [2023-01-21T23:45:52.721+0000] {taskmixin.py:205} WARNING - Dependency <Task(_PythonDecoratedOperator): log_sql_query>, print_the_context already registered for DAG: example_python_operator
[2023-01-21T23:45:52.722+0000] {logging_mixin.py:137} INFO - [2023-01-21T23:45:52.722+0000] {taskmixin.py:205} WARNING - Dependency <Task(_PythonDecoratedOperator): print_the_context>, log_sql_query already registered for DAG: example_python_operator
[2023-01-21T23:45:52.723+0000] {logging_mixin.py:137} INFO - [2023-01-21T23:45:52.722+0000] {taskmixin.py:205} WARNING - Dependency <Task(_PythonDecoratedOperator): log_sql_query>, print_the_context already registered for DAG: example_python_operator
[2023-01-21T23:45:52.723+0000] {logging_mixin.py:137} INFO - [2023-01-21T23:45:52.723+0000] {taskmixin.py:205} WARNING - Dependency <Task(_PythonDecoratedOperator): print_the_context>, log_sql_query already registered for DAG: example_python_operator
[2023-01-21T23:45:52.723+0000] {logging_mixin.py:137} INFO - [2023-01-21T23:45:52.723+0000] {taskmixin.py:205} WARNING - Dependency <Task(_PythonDecoratedOperator): log_sql_query>, print_the_context already registered for DAG: example_python_operator
[2023-01-21T23:45:52.724+0000] {logging_mixin.py:137} INFO - [2023-01-21T23:45:52.724+0000] {taskmixin.py:205} WARNING - Dependency <Task(_PythonDecoratedOperator): print_the_context>, log_sql_query already registered for DAG: example_python_operator
[2023-01-21T23:45:52.724+0000] {logging_mixin.py:137} INFO - [2023-01-21T23:45:52.724+0000] {taskmixin.py:205} WARNING - Dependency <Task(_PythonDecoratedOperator): log_sql_query>, print_the_context already registered for DAG: example_python_operator
[2023-01-21T23:45:52.729+0000] {processor.py:753} INFO - DAG(s) dict_keys(['example_python_operator']) retrieved from /home/airflow/.local/lib/python3.7/site-packages/airflow/example_dags/example_python_operator.py
[2023-01-21T23:45:52.770+0000] {logging_mixin.py:137} INFO - [2023-01-21T23:45:52.769+0000] {dag.py:2690} INFO - Sync 1 DAGs
[2023-01-21T23:45:52.786+0000] {logging_mixin.py:137} INFO - [2023-01-21T23:45:52.785+0000] {dag.py:3441} INFO - Setting next_dagrun for example_python_operator to None, run_after=None
[2023-01-21T23:45:52.798+0000] {processor.py:175} INFO - Processing /home/airflow/.local/lib/python3.7/site-packages/airflow/example_dags/example_python_operator.py took 0.095 seconds
[2023-01-21T23:46:23.169+0000] {processor.py:153} INFO - Started process (PID=185) to work on /home/airflow/.local/lib/python3.7/site-packages/airflow/example_dags/example_python_operator.py
[2023-01-21T23:46:23.171+0000] {processor.py:743} INFO - Processing file /home/airflow/.local/lib/python3.7/site-packages/airflow/example_dags/example_python_operator.py for tasks to queue
[2023-01-21T23:46:23.171+0000] {logging_mixin.py:137} INFO - [2023-01-21T23:46:23.171+0000] {dagbag.py:538} INFO - Filling up the DagBag from /home/airflow/.local/lib/python3.7/site-packages/airflow/example_dags/example_python_operator.py
[2023-01-21T23:46:23.183+0000] {logging_mixin.py:137} INFO - [2023-01-21T23:46:23.183+0000] {taskmixin.py:205} WARNING - Dependency <Task(_PythonDecoratedOperator): print_the_context>, log_sql_query already registered for DAG: example_python_operator
[2023-01-21T23:46:23.184+0000] {logging_mixin.py:137} INFO - [2023-01-21T23:46:23.184+0000] {taskmixin.py:205} WARNING - Dependency <Task(_PythonDecoratedOperator): log_sql_query>, print_the_context already registered for DAG: example_python_operator
[2023-01-21T23:46:23.185+0000] {logging_mixin.py:137} INFO - [2023-01-21T23:46:23.185+0000] {taskmixin.py:205} WARNING - Dependency <Task(_PythonDecoratedOperator): print_the_context>, log_sql_query already registered for DAG: example_python_operator
[2023-01-21T23:46:23.185+0000] {logging_mixin.py:137} INFO - [2023-01-21T23:46:23.185+0000] {taskmixin.py:205} WARNING - Dependency <Task(_PythonDecoratedOperator): log_sql_query>, print_the_context already registered for DAG: example_python_operator
[2023-01-21T23:46:23.186+0000] {logging_mixin.py:137} INFO - [2023-01-21T23:46:23.186+0000] {taskmixin.py:205} WARNING - Dependency <Task(_PythonDecoratedOperator): print_the_context>, log_sql_query already registered for DAG: example_python_operator
[2023-01-21T23:46:23.187+0000] {logging_mixin.py:137} INFO - [2023-01-21T23:46:23.187+0000] {taskmixin.py:205} WARNING - Dependency <Task(_PythonDecoratedOperator): log_sql_query>, print_the_context already registered for DAG: example_python_operator
[2023-01-21T23:46:23.187+0000] {logging_mixin.py:137} INFO - [2023-01-21T23:46:23.187+0000] {taskmixin.py:205} WARNING - Dependency <Task(_PythonDecoratedOperator): print_the_context>, log_sql_query already registered for DAG: example_python_operator
[2023-01-21T23:46:23.188+0000] {logging_mixin.py:137} INFO - [2023-01-21T23:46:23.188+0000] {taskmixin.py:205} WARNING - Dependency <Task(_PythonDecoratedOperator): log_sql_query>, print_the_context already registered for DAG: example_python_operator
[2023-01-21T23:46:23.192+0000] {processor.py:753} INFO - DAG(s) dict_keys(['example_python_operator']) retrieved from /home/airflow/.local/lib/python3.7/site-packages/airflow/example_dags/example_python_operator.py
[2023-01-21T23:46:23.213+0000] {logging_mixin.py:137} INFO - [2023-01-21T23:46:23.213+0000] {dag.py:2690} INFO - Sync 1 DAGs
[2023-01-21T23:46:23.231+0000] {logging_mixin.py:137} INFO - [2023-01-21T23:46:23.231+0000] {dag.py:3441} INFO - Setting next_dagrun for example_python_operator to None, run_after=None
[2023-01-21T23:46:23.244+0000] {processor.py:175} INFO - Processing /home/airflow/.local/lib/python3.7/site-packages/airflow/example_dags/example_python_operator.py took 0.078 seconds
[2023-01-21T23:46:53.692+0000] {processor.py:153} INFO - Started process (PID=260) to work on /home/airflow/.local/lib/python3.7/site-packages/airflow/example_dags/example_python_operator.py
[2023-01-21T23:46:53.693+0000] {processor.py:743} INFO - Processing file /home/airflow/.local/lib/python3.7/site-packages/airflow/example_dags/example_python_operator.py for tasks to queue
[2023-01-21T23:46:53.694+0000] {logging_mixin.py:137} INFO - [2023-01-21T23:46:53.694+0000] {dagbag.py:538} INFO - Filling up the DagBag from /home/airflow/.local/lib/python3.7/site-packages/airflow/example_dags/example_python_operator.py
[2023-01-21T23:46:53.708+0000] {logging_mixin.py:137} INFO - [2023-01-21T23:46:53.708+0000] {taskmixin.py:205} WARNING - Dependency <Task(_PythonDecoratedOperator): print_the_context>, log_sql_query already registered for DAG: example_python_operator
[2023-01-21T23:46:53.709+0000] {logging_mixin.py:137} INFO - [2023-01-21T23:46:53.709+0000] {taskmixin.py:205} WARNING - Dependency <Task(_PythonDecoratedOperator): log_sql_query>, print_the_context already registered for DAG: example_python_operator
[2023-01-21T23:46:53.710+0000] {logging_mixin.py:137} INFO - [2023-01-21T23:46:53.710+0000] {taskmixin.py:205} WARNING - Dependency <Task(_PythonDecoratedOperator): print_the_context>, log_sql_query already registered for DAG: example_python_operator
[2023-01-21T23:46:53.710+0000] {logging_mixin.py:137} INFO - [2023-01-21T23:46:53.710+0000] {taskmixin.py:205} WARNING - Dependency <Task(_PythonDecoratedOperator): log_sql_query>, print_the_context already registered for DAG: example_python_operator
[2023-01-21T23:46:53.711+0000] {logging_mixin.py:137} INFO - [2023-01-21T23:46:53.711+0000] {taskmixin.py:205} WARNING - Dependency <Task(_PythonDecoratedOperator): print_the_context>, log_sql_query already registered for DAG: example_python_operator
[2023-01-21T23:46:53.711+0000] {logging_mixin.py:137} INFO - [2023-01-21T23:46:53.711+0000] {taskmixin.py:205} WARNING - Dependency <Task(_PythonDecoratedOperator): log_sql_query>, print_the_context already registered for DAG: example_python_operator
[2023-01-21T23:46:53.712+0000] {logging_mixin.py:137} INFO - [2023-01-21T23:46:53.712+0000] {taskmixin.py:205} WARNING - Dependency <Task(_PythonDecoratedOperator): print_the_context>, log_sql_query already registered for DAG: example_python_operator
[2023-01-21T23:46:53.713+0000] {logging_mixin.py:137} INFO - [2023-01-21T23:46:53.713+0000] {taskmixin.py:205} WARNING - Dependency <Task(_PythonDecoratedOperator): log_sql_query>, print_the_context already registered for DAG: example_python_operator
[2023-01-21T23:46:53.718+0000] {processor.py:753} INFO - DAG(s) dict_keys(['example_python_operator']) retrieved from /home/airflow/.local/lib/python3.7/site-packages/airflow/example_dags/example_python_operator.py
[2023-01-21T23:46:53.740+0000] {logging_mixin.py:137} INFO - [2023-01-21T23:46:53.740+0000] {dag.py:2690} INFO - Sync 1 DAGs
[2023-01-21T23:46:53.756+0000] {logging_mixin.py:137} INFO - [2023-01-21T23:46:53.756+0000] {dag.py:3441} INFO - Setting next_dagrun for example_python_operator to None, run_after=None
[2023-01-21T23:46:53.768+0000] {processor.py:175} INFO - Processing /home/airflow/.local/lib/python3.7/site-packages/airflow/example_dags/example_python_operator.py took 0.079 seconds
[2023-01-21T23:47:24.214+0000] {processor.py:153} INFO - Started process (PID=335) to work on /home/airflow/.local/lib/python3.7/site-packages/airflow/example_dags/example_python_operator.py
[2023-01-21T23:47:24.215+0000] {processor.py:743} INFO - Processing file /home/airflow/.local/lib/python3.7/site-packages/airflow/example_dags/example_python_operator.py for tasks to queue
[2023-01-21T23:47:24.216+0000] {logging_mixin.py:137} INFO - [2023-01-21T23:47:24.216+0000] {dagbag.py:538} INFO - Filling up the DagBag from /home/airflow/.local/lib/python3.7/site-packages/airflow/example_dags/example_python_operator.py
[2023-01-21T23:47:24.228+0000] {logging_mixin.py:137} INFO - [2023-01-21T23:47:24.227+0000] {taskmixin.py:205} WARNING - Dependency <Task(_PythonDecoratedOperator): print_the_context>, log_sql_query already registered for DAG: example_python_operator
[2023-01-21T23:47:24.228+0000] {logging_mixin.py:137} INFO - [2023-01-21T23:47:24.228+0000] {taskmixin.py:205} WARNING - Dependency <Task(_PythonDecoratedOperator): log_sql_query>, print_the_context already registered for DAG: example_python_operator
[2023-01-21T23:47:24.229+0000] {logging_mixin.py:137} INFO - [2023-01-21T23:47:24.229+0000] {taskmixin.py:205} WARNING - Dependency <Task(_PythonDecoratedOperator): print_the_context>, log_sql_query already registered for DAG: example_python_operator
[2023-01-21T23:47:24.230+0000] {logging_mixin.py:137} INFO - [2023-01-21T23:47:24.230+0000] {taskmixin.py:205} WARNING - Dependency <Task(_PythonDecoratedOperator): log_sql_query>, print_the_context already registered for DAG: example_python_operator
[2023-01-21T23:47:24.230+0000] {logging_mixin.py:137} INFO - [2023-01-21T23:47:24.230+0000] {taskmixin.py:205} WARNING - Dependency <Task(_PythonDecoratedOperator): print_the_context>, log_sql_query already registered for DAG: example_python_operator
[2023-01-21T23:47:24.231+0000] {logging_mixin.py:137} INFO - [2023-01-21T23:47:24.231+0000] {taskmixin.py:205} WARNING - Dependency <Task(_PythonDecoratedOperator): log_sql_query>, print_the_context already registered for DAG: example_python_operator
[2023-01-21T23:47:24.231+0000] {logging_mixin.py:137} INFO - [2023-01-21T23:47:24.231+0000] {taskmixin.py:205} WARNING - Dependency <Task(_PythonDecoratedOperator): print_the_context>, log_sql_query already registered for DAG: example_python_operator
[2023-01-21T23:47:24.232+0000] {logging_mixin.py:137} INFO - [2023-01-21T23:47:24.232+0000] {taskmixin.py:205} WARNING - Dependency <Task(_PythonDecoratedOperator): log_sql_query>, print_the_context already registered for DAG: example_python_operator
[2023-01-21T23:47:24.236+0000] {processor.py:753} INFO - DAG(s) dict_keys(['example_python_operator']) retrieved from /home/airflow/.local/lib/python3.7/site-packages/airflow/example_dags/example_python_operator.py
[2023-01-21T23:47:24.255+0000] {logging_mixin.py:137} INFO - [2023-01-21T23:47:24.255+0000] {dag.py:2690} INFO - Sync 1 DAGs
[2023-01-21T23:47:24.269+0000] {logging_mixin.py:137} INFO - [2023-01-21T23:47:24.269+0000] {dag.py:3441} INFO - Setting next_dagrun for example_python_operator to None, run_after=None
[2023-01-21T23:47:24.282+0000] {processor.py:175} INFO - Processing /home/airflow/.local/lib/python3.7/site-packages/airflow/example_dags/example_python_operator.py took 0.071 seconds
[2023-01-21T23:47:54.418+0000] {processor.py:153} INFO - Started process (PID=400) to work on /home/airflow/.local/lib/python3.7/site-packages/airflow/example_dags/example_python_operator.py
[2023-01-21T23:47:54.420+0000] {processor.py:743} INFO - Processing file /home/airflow/.local/lib/python3.7/site-packages/airflow/example_dags/example_python_operator.py for tasks to queue
[2023-01-21T23:47:54.420+0000] {logging_mixin.py:137} INFO - [2023-01-21T23:47:54.420+0000] {dagbag.py:538} INFO - Filling up the DagBag from /home/airflow/.local/lib/python3.7/site-packages/airflow/example_dags/example_python_operator.py
[2023-01-21T23:47:54.434+0000] {logging_mixin.py:137} INFO - [2023-01-21T23:47:54.433+0000] {taskmixin.py:205} WARNING - Dependency <Task(_PythonDecoratedOperator): print_the_context>, log_sql_query already registered for DAG: example_python_operator
[2023-01-21T23:47:54.434+0000] {logging_mixin.py:137} INFO - [2023-01-21T23:47:54.434+0000] {taskmixin.py:205} WARNING - Dependency <Task(_PythonDecoratedOperator): log_sql_query>, print_the_context already registered for DAG: example_python_operator
[2023-01-21T23:47:54.435+0000] {logging_mixin.py:137} INFO - [2023-01-21T23:47:54.435+0000] {taskmixin.py:205} WARNING - Dependency <Task(_PythonDecoratedOperator): print_the_context>, log_sql_query already registered for DAG: example_python_operator
[2023-01-21T23:47:54.436+0000] {logging_mixin.py:137} INFO - [2023-01-21T23:47:54.436+0000] {taskmixin.py:205} WARNING - Dependency <Task(_PythonDecoratedOperator): log_sql_query>, print_the_context already registered for DAG: example_python_operator
[2023-01-21T23:47:54.437+0000] {logging_mixin.py:137} INFO - [2023-01-21T23:47:54.437+0000] {taskmixin.py:205} WARNING - Dependency <Task(_PythonDecoratedOperator): print_the_context>, log_sql_query already registered for DAG: example_python_operator
[2023-01-21T23:47:54.438+0000] {logging_mixin.py:137} INFO - [2023-01-21T23:47:54.438+0000] {taskmixin.py:205} WARNING - Dependency <Task(_PythonDecoratedOperator): log_sql_query>, print_the_context already registered for DAG: example_python_operator
[2023-01-21T23:47:54.438+0000] {logging_mixin.py:137} INFO - [2023-01-21T23:47:54.438+0000] {taskmixin.py:205} WARNING - Dependency <Task(_PythonDecoratedOperator): print_the_context>, log_sql_query already registered for DAG: example_python_operator
[2023-01-21T23:47:54.440+0000] {logging_mixin.py:137} INFO - [2023-01-21T23:47:54.440+0000] {taskmixin.py:205} WARNING - Dependency <Task(_PythonDecoratedOperator): log_sql_query>, print_the_context already registered for DAG: example_python_operator
[2023-01-21T23:47:54.445+0000] {processor.py:753} INFO - DAG(s) dict_keys(['example_python_operator']) retrieved from /home/airflow/.local/lib/python3.7/site-packages/airflow/example_dags/example_python_operator.py
[2023-01-21T23:47:54.466+0000] {logging_mixin.py:137} INFO - [2023-01-21T23:47:54.466+0000] {dag.py:2690} INFO - Sync 1 DAGs
[2023-01-21T23:47:54.483+0000] {logging_mixin.py:137} INFO - [2023-01-21T23:47:54.483+0000] {dag.py:3441} INFO - Setting next_dagrun for example_python_operator to None, run_after=None
[2023-01-21T23:47:54.495+0000] {processor.py:175} INFO - Processing /home/airflow/.local/lib/python3.7/site-packages/airflow/example_dags/example_python_operator.py took 0.081 seconds
[2023-01-21T23:48:24.791+0000] {processor.py:153} INFO - Started process (PID=476) to work on /home/airflow/.local/lib/python3.7/site-packages/airflow/example_dags/example_python_operator.py
[2023-01-21T23:48:24.792+0000] {processor.py:743} INFO - Processing file /home/airflow/.local/lib/python3.7/site-packages/airflow/example_dags/example_python_operator.py for tasks to queue
[2023-01-21T23:48:24.793+0000] {logging_mixin.py:137} INFO - [2023-01-21T23:48:24.793+0000] {dagbag.py:538} INFO - Filling up the DagBag from /home/airflow/.local/lib/python3.7/site-packages/airflow/example_dags/example_python_operator.py
[2023-01-21T23:48:24.804+0000] {logging_mixin.py:137} INFO - [2023-01-21T23:48:24.804+0000] {taskmixin.py:205} WARNING - Dependency <Task(_PythonDecoratedOperator): print_the_context>, log_sql_query already registered for DAG: example_python_operator
[2023-01-21T23:48:24.805+0000] {logging_mixin.py:137} INFO - [2023-01-21T23:48:24.805+0000] {taskmixin.py:205} WARNING - Dependency <Task(_PythonDecoratedOperator): log_sql_query>, print_the_context already registered for DAG: example_python_operator
[2023-01-21T23:48:24.806+0000] {logging_mixin.py:137} INFO - [2023-01-21T23:48:24.806+0000] {taskmixin.py:205} WARNING - Dependency <Task(_PythonDecoratedOperator): print_the_context>, log_sql_query already registered for DAG: example_python_operator
[2023-01-21T23:48:24.807+0000] {logging_mixin.py:137} INFO - [2023-01-21T23:48:24.806+0000] {taskmixin.py:205} WARNING - Dependency <Task(_PythonDecoratedOperator): log_sql_query>, print_the_context already registered for DAG: example_python_operator
[2023-01-21T23:48:24.807+0000] {logging_mixin.py:137} INFO - [2023-01-21T23:48:24.807+0000] {taskmixin.py:205} WARNING - Dependency <Task(_PythonDecoratedOperator): print_the_context>, log_sql_query already registered for DAG: example_python_operator
[2023-01-21T23:48:24.808+0000] {logging_mixin.py:137} INFO - [2023-01-21T23:48:24.808+0000] {taskmixin.py:205} WARNING - Dependency <Task(_PythonDecoratedOperator): log_sql_query>, print_the_context already registered for DAG: example_python_operator
[2023-01-21T23:48:24.808+0000] {logging_mixin.py:137} INFO - [2023-01-21T23:48:24.808+0000] {taskmixin.py:205} WARNING - Dependency <Task(_PythonDecoratedOperator): print_the_context>, log_sql_query already registered for DAG: example_python_operator
[2023-01-21T23:48:24.809+0000] {logging_mixin.py:137} INFO - [2023-01-21T23:48:24.809+0000] {taskmixin.py:205} WARNING - Dependency <Task(_PythonDecoratedOperator): log_sql_query>, print_the_context already registered for DAG: example_python_operator
[2023-01-21T23:48:24.813+0000] {processor.py:753} INFO - DAG(s) dict_keys(['example_python_operator']) retrieved from /home/airflow/.local/lib/python3.7/site-packages/airflow/example_dags/example_python_operator.py
[2023-01-21T23:48:24.834+0000] {logging_mixin.py:137} INFO - [2023-01-21T23:48:24.834+0000] {dag.py:2690} INFO - Sync 1 DAGs
[2023-01-21T23:48:24.848+0000] {logging_mixin.py:137} INFO - [2023-01-21T23:48:24.848+0000] {dag.py:3441} INFO - Setting next_dagrun for example_python_operator to None, run_after=None
[2023-01-21T23:48:24.860+0000] {processor.py:175} INFO - Processing /home/airflow/.local/lib/python3.7/site-packages/airflow/example_dags/example_python_operator.py took 0.072 seconds
[2023-01-21T23:48:55.134+0000] {processor.py:153} INFO - Started process (PID=552) to work on /home/airflow/.local/lib/python3.7/site-packages/airflow/example_dags/example_python_operator.py
[2023-01-21T23:48:55.135+0000] {processor.py:743} INFO - Processing file /home/airflow/.local/lib/python3.7/site-packages/airflow/example_dags/example_python_operator.py for tasks to queue
[2023-01-21T23:48:55.137+0000] {logging_mixin.py:137} INFO - [2023-01-21T23:48:55.137+0000] {dagbag.py:538} INFO - Filling up the DagBag from /home/airflow/.local/lib/python3.7/site-packages/airflow/example_dags/example_python_operator.py
[2023-01-21T23:48:55.151+0000] {logging_mixin.py:137} INFO - [2023-01-21T23:48:55.151+0000] {taskmixin.py:205} WARNING - Dependency <Task(_PythonDecoratedOperator): print_the_context>, log_sql_query already registered for DAG: example_python_operator
[2023-01-21T23:48:55.152+0000] {logging_mixin.py:137} INFO - [2023-01-21T23:48:55.152+0000] {taskmixin.py:205} WARNING - Dependency <Task(_PythonDecoratedOperator): log_sql_query>, print_the_context already registered for DAG: example_python_operator
[2023-01-21T23:48:55.153+0000] {logging_mixin.py:137} INFO - [2023-01-21T23:48:55.153+0000] {taskmixin.py:205} WARNING - Dependency <Task(_PythonDecoratedOperator): print_the_context>, log_sql_query already registered for DAG: example_python_operator
[2023-01-21T23:48:55.154+0000] {logging_mixin.py:137} INFO - [2023-01-21T23:48:55.154+0000] {taskmixin.py:205} WARNING - Dependency <Task(_PythonDecoratedOperator): log_sql_query>, print_the_context already registered for DAG: example_python_operator
[2023-01-21T23:48:55.155+0000] {logging_mixin.py:137} INFO - [2023-01-21T23:48:55.155+0000] {taskmixin.py:205} WARNING - Dependency <Task(_PythonDecoratedOperator): print_the_context>, log_sql_query already registered for DAG: example_python_operator
[2023-01-21T23:48:55.156+0000] {logging_mixin.py:137} INFO - [2023-01-21T23:48:55.156+0000] {taskmixin.py:205} WARNING - Dependency <Task(_PythonDecoratedOperator): log_sql_query>, print_the_context already registered for DAG: example_python_operator
[2023-01-21T23:48:55.157+0000] {logging_mixin.py:137} INFO - [2023-01-21T23:48:55.157+0000] {taskmixin.py:205} WARNING - Dependency <Task(_PythonDecoratedOperator): print_the_context>, log_sql_query already registered for DAG: example_python_operator
[2023-01-21T23:48:55.158+0000] {logging_mixin.py:137} INFO - [2023-01-21T23:48:55.158+0000] {taskmixin.py:205} WARNING - Dependency <Task(_PythonDecoratedOperator): log_sql_query>, print_the_context already registered for DAG: example_python_operator
[2023-01-21T23:48:55.163+0000] {processor.py:753} INFO - DAG(s) dict_keys(['example_python_operator']) retrieved from /home/airflow/.local/lib/python3.7/site-packages/airflow/example_dags/example_python_operator.py
[2023-01-21T23:48:55.195+0000] {logging_mixin.py:137} INFO - [2023-01-21T23:48:55.195+0000] {dag.py:2690} INFO - Sync 1 DAGs
[2023-01-21T23:48:55.236+0000] {logging_mixin.py:137} INFO - [2023-01-21T23:48:55.235+0000] {dag.py:3441} INFO - Setting next_dagrun for example_python_operator to None, run_after=None
[2023-01-21T23:48:55.261+0000] {processor.py:175} INFO - Processing /home/airflow/.local/lib/python3.7/site-packages/airflow/example_dags/example_python_operator.py took 0.130 seconds
[2023-01-21T23:49:25.779+0000] {processor.py:153} INFO - Started process (PID=617) to work on /home/airflow/.local/lib/python3.7/site-packages/airflow/example_dags/example_python_operator.py
[2023-01-21T23:49:25.780+0000] {processor.py:743} INFO - Processing file /home/airflow/.local/lib/python3.7/site-packages/airflow/example_dags/example_python_operator.py for tasks to queue
[2023-01-21T23:49:25.781+0000] {logging_mixin.py:137} INFO - [2023-01-21T23:49:25.781+0000] {dagbag.py:538} INFO - Filling up the DagBag from /home/airflow/.local/lib/python3.7/site-packages/airflow/example_dags/example_python_operator.py
[2023-01-21T23:49:25.793+0000] {logging_mixin.py:137} INFO - [2023-01-21T23:49:25.793+0000] {taskmixin.py:205} WARNING - Dependency <Task(_PythonDecoratedOperator): print_the_context>, log_sql_query already registered for DAG: example_python_operator
[2023-01-21T23:49:25.794+0000] {logging_mixin.py:137} INFO - [2023-01-21T23:49:25.794+0000] {taskmixin.py:205} WARNING - Dependency <Task(_PythonDecoratedOperator): log_sql_query>, print_the_context already registered for DAG: example_python_operator
[2023-01-21T23:49:25.795+0000] {logging_mixin.py:137} INFO - [2023-01-21T23:49:25.795+0000] {taskmixin.py:205} WARNING - Dependency <Task(_PythonDecoratedOperator): print_the_context>, log_sql_query already registered for DAG: example_python_operator
[2023-01-21T23:49:25.795+0000] {logging_mixin.py:137} INFO - [2023-01-21T23:49:25.795+0000] {taskmixin.py:205} WARNING - Dependency <Task(_PythonDecoratedOperator): log_sql_query>, print_the_context already registered for DAG: example_python_operator
[2023-01-21T23:49:25.796+0000] {logging_mixin.py:137} INFO - [2023-01-21T23:49:25.796+0000] {taskmixin.py:205} WARNING - Dependency <Task(_PythonDecoratedOperator): print_the_context>, log_sql_query already registered for DAG: example_python_operator
[2023-01-21T23:49:25.796+0000] {logging_mixin.py:137} INFO - [2023-01-21T23:49:25.796+0000] {taskmixin.py:205} WARNING - Dependency <Task(_PythonDecoratedOperator): log_sql_query>, print_the_context already registered for DAG: example_python_operator
[2023-01-21T23:49:25.798+0000] {logging_mixin.py:137} INFO - [2023-01-21T23:49:25.797+0000] {taskmixin.py:205} WARNING - Dependency <Task(_PythonDecoratedOperator): print_the_context>, log_sql_query already registered for DAG: example_python_operator
[2023-01-21T23:49:25.798+0000] {logging_mixin.py:137} INFO - [2023-01-21T23:49:25.798+0000] {taskmixin.py:205} WARNING - Dependency <Task(_PythonDecoratedOperator): log_sql_query>, print_the_context already registered for DAG: example_python_operator
[2023-01-21T23:49:25.802+0000] {processor.py:753} INFO - DAG(s) dict_keys(['example_python_operator']) retrieved from /home/airflow/.local/lib/python3.7/site-packages/airflow/example_dags/example_python_operator.py
[2023-01-21T23:49:25.822+0000] {logging_mixin.py:137} INFO - [2023-01-21T23:49:25.822+0000] {dag.py:2690} INFO - Sync 1 DAGs
[2023-01-21T23:49:25.837+0000] {logging_mixin.py:137} INFO - [2023-01-21T23:49:25.837+0000] {dag.py:3441} INFO - Setting next_dagrun for example_python_operator to None, run_after=None
[2023-01-21T23:49:25.849+0000] {processor.py:175} INFO - Processing /home/airflow/.local/lib/python3.7/site-packages/airflow/example_dags/example_python_operator.py took 0.074 seconds
[2023-01-21T23:49:56.175+0000] {processor.py:153} INFO - Started process (PID=694) to work on /home/airflow/.local/lib/python3.7/site-packages/airflow/example_dags/example_python_operator.py
[2023-01-21T23:49:56.176+0000] {processor.py:743} INFO - Processing file /home/airflow/.local/lib/python3.7/site-packages/airflow/example_dags/example_python_operator.py for tasks to queue
[2023-01-21T23:49:56.177+0000] {logging_mixin.py:137} INFO - [2023-01-21T23:49:56.177+0000] {dagbag.py:538} INFO - Filling up the DagBag from /home/airflow/.local/lib/python3.7/site-packages/airflow/example_dags/example_python_operator.py
[2023-01-21T23:49:56.189+0000] {logging_mixin.py:137} INFO - [2023-01-21T23:49:56.189+0000] {taskmixin.py:205} WARNING - Dependency <Task(_PythonDecoratedOperator): print_the_context>, log_sql_query already registered for DAG: example_python_operator
[2023-01-21T23:49:56.189+0000] {logging_mixin.py:137} INFO - [2023-01-21T23:49:56.189+0000] {taskmixin.py:205} WARNING - Dependency <Task(_PythonDecoratedOperator): log_sql_query>, print_the_context already registered for DAG: example_python_operator
[2023-01-21T23:49:56.190+0000] {logging_mixin.py:137} INFO - [2023-01-21T23:49:56.190+0000] {taskmixin.py:205} WARNING - Dependency <Task(_PythonDecoratedOperator): print_the_context>, log_sql_query already registered for DAG: example_python_operator
[2023-01-21T23:49:56.190+0000] {logging_mixin.py:137} INFO - [2023-01-21T23:49:56.190+0000] {taskmixin.py:205} WARNING - Dependency <Task(_PythonDecoratedOperator): log_sql_query>, print_the_context already registered for DAG: example_python_operator
[2023-01-21T23:49:56.191+0000] {logging_mixin.py:137} INFO - [2023-01-21T23:49:56.191+0000] {taskmixin.py:205} WARNING - Dependency <Task(_PythonDecoratedOperator): print_the_context>, log_sql_query already registered for DAG: example_python_operator
[2023-01-21T23:49:56.192+0000] {logging_mixin.py:137} INFO - [2023-01-21T23:49:56.192+0000] {taskmixin.py:205} WARNING - Dependency <Task(_PythonDecoratedOperator): log_sql_query>, print_the_context already registered for DAG: example_python_operator
[2023-01-21T23:49:56.192+0000] {logging_mixin.py:137} INFO - [2023-01-21T23:49:56.192+0000] {taskmixin.py:205} WARNING - Dependency <Task(_PythonDecoratedOperator): print_the_context>, log_sql_query already registered for DAG: example_python_operator
[2023-01-21T23:49:56.193+0000] {logging_mixin.py:137} INFO - [2023-01-21T23:49:56.193+0000] {taskmixin.py:205} WARNING - Dependency <Task(_PythonDecoratedOperator): log_sql_query>, print_the_context already registered for DAG: example_python_operator
[2023-01-21T23:49:56.197+0000] {processor.py:753} INFO - DAG(s) dict_keys(['example_python_operator']) retrieved from /home/airflow/.local/lib/python3.7/site-packages/airflow/example_dags/example_python_operator.py
[2023-01-21T23:49:56.217+0000] {logging_mixin.py:137} INFO - [2023-01-21T23:49:56.217+0000] {dag.py:2690} INFO - Sync 1 DAGs
[2023-01-21T23:49:56.232+0000] {logging_mixin.py:137} INFO - [2023-01-21T23:49:56.232+0000] {dag.py:3441} INFO - Setting next_dagrun for example_python_operator to None, run_after=None
[2023-01-21T23:49:56.245+0000] {processor.py:175} INFO - Processing /home/airflow/.local/lib/python3.7/site-packages/airflow/example_dags/example_python_operator.py took 0.072 seconds
[2023-01-21T23:50:26.449+0000] {processor.py:153} INFO - Started process (PID=757) to work on /home/airflow/.local/lib/python3.7/site-packages/airflow/example_dags/example_python_operator.py
[2023-01-21T23:50:26.451+0000] {processor.py:743} INFO - Processing file /home/airflow/.local/lib/python3.7/site-packages/airflow/example_dags/example_python_operator.py for tasks to queue
[2023-01-21T23:50:26.452+0000] {logging_mixin.py:137} INFO - [2023-01-21T23:50:26.451+0000] {dagbag.py:538} INFO - Filling up the DagBag from /home/airflow/.local/lib/python3.7/site-packages/airflow/example_dags/example_python_operator.py
[2023-01-21T23:50:26.464+0000] {logging_mixin.py:137} INFO - [2023-01-21T23:50:26.464+0000] {taskmixin.py:205} WARNING - Dependency <Task(_PythonDecoratedOperator): print_the_context>, log_sql_query already registered for DAG: example_python_operator
[2023-01-21T23:50:26.465+0000] {logging_mixin.py:137} INFO - [2023-01-21T23:50:26.465+0000] {taskmixin.py:205} WARNING - Dependency <Task(_PythonDecoratedOperator): log_sql_query>, print_the_context already registered for DAG: example_python_operator
[2023-01-21T23:50:26.465+0000] {logging_mixin.py:137} INFO - [2023-01-21T23:50:26.465+0000] {taskmixin.py:205} WARNING - Dependency <Task(_PythonDecoratedOperator): print_the_context>, log_sql_query already registered for DAG: example_python_operator
[2023-01-21T23:50:26.466+0000] {logging_mixin.py:137} INFO - [2023-01-21T23:50:26.466+0000] {taskmixin.py:205} WARNING - Dependency <Task(_PythonDecoratedOperator): log_sql_query>, print_the_context already registered for DAG: example_python_operator
[2023-01-21T23:50:26.467+0000] {logging_mixin.py:137} INFO - [2023-01-21T23:50:26.467+0000] {taskmixin.py:205} WARNING - Dependency <Task(_PythonDecoratedOperator): print_the_context>, log_sql_query already registered for DAG: example_python_operator
[2023-01-21T23:50:26.467+0000] {logging_mixin.py:137} INFO - [2023-01-21T23:50:26.467+0000] {taskmixin.py:205} WARNING - Dependency <Task(_PythonDecoratedOperator): log_sql_query>, print_the_context already registered for DAG: example_python_operator
[2023-01-21T23:50:26.468+0000] {logging_mixin.py:137} INFO - [2023-01-21T23:50:26.468+0000] {taskmixin.py:205} WARNING - Dependency <Task(_PythonDecoratedOperator): print_the_context>, log_sql_query already registered for DAG: example_python_operator
[2023-01-21T23:50:26.468+0000] {logging_mixin.py:137} INFO - [2023-01-21T23:50:26.468+0000] {taskmixin.py:205} WARNING - Dependency <Task(_PythonDecoratedOperator): log_sql_query>, print_the_context already registered for DAG: example_python_operator
[2023-01-21T23:50:26.473+0000] {processor.py:753} INFO - DAG(s) dict_keys(['example_python_operator']) retrieved from /home/airflow/.local/lib/python3.7/site-packages/airflow/example_dags/example_python_operator.py
[2023-01-21T23:50:26.494+0000] {logging_mixin.py:137} INFO - [2023-01-21T23:50:26.494+0000] {dag.py:2690} INFO - Sync 1 DAGs
[2023-01-21T23:50:26.509+0000] {logging_mixin.py:137} INFO - [2023-01-21T23:50:26.509+0000] {dag.py:3441} INFO - Setting next_dagrun for example_python_operator to None, run_after=None
[2023-01-21T23:50:26.523+0000] {processor.py:175} INFO - Processing /home/airflow/.local/lib/python3.7/site-packages/airflow/example_dags/example_python_operator.py took 0.077 seconds
[2023-01-21T23:54:03.251+0000] {processor.py:153} INFO - Started process (PID=44) to work on /home/airflow/.local/lib/python3.7/site-packages/airflow/example_dags/example_python_operator.py
[2023-01-21T23:54:03.253+0000] {processor.py:743} INFO - Processing file /home/airflow/.local/lib/python3.7/site-packages/airflow/example_dags/example_python_operator.py for tasks to queue
[2023-01-21T23:54:03.255+0000] {logging_mixin.py:137} INFO - [2023-01-21T23:54:03.255+0000] {dagbag.py:538} INFO - Filling up the DagBag from /home/airflow/.local/lib/python3.7/site-packages/airflow/example_dags/example_python_operator.py
[2023-01-21T23:54:03.288+0000] {logging_mixin.py:137} INFO - [2023-01-21T23:54:03.287+0000] {taskmixin.py:205} WARNING - Dependency <Task(_PythonDecoratedOperator): print_the_context>, log_sql_query already registered for DAG: example_python_operator
[2023-01-21T23:54:03.289+0000] {logging_mixin.py:137} INFO - [2023-01-21T23:54:03.288+0000] {taskmixin.py:205} WARNING - Dependency <Task(_PythonDecoratedOperator): log_sql_query>, print_the_context already registered for DAG: example_python_operator
[2023-01-21T23:54:03.290+0000] {logging_mixin.py:137} INFO - [2023-01-21T23:54:03.290+0000] {taskmixin.py:205} WARNING - Dependency <Task(_PythonDecoratedOperator): print_the_context>, log_sql_query already registered for DAG: example_python_operator
[2023-01-21T23:54:03.290+0000] {logging_mixin.py:137} INFO - [2023-01-21T23:54:03.290+0000] {taskmixin.py:205} WARNING - Dependency <Task(_PythonDecoratedOperator): log_sql_query>, print_the_context already registered for DAG: example_python_operator
[2023-01-21T23:54:03.292+0000] {logging_mixin.py:137} INFO - [2023-01-21T23:54:03.292+0000] {taskmixin.py:205} WARNING - Dependency <Task(_PythonDecoratedOperator): print_the_context>, log_sql_query already registered for DAG: example_python_operator
[2023-01-21T23:54:03.292+0000] {logging_mixin.py:137} INFO - [2023-01-21T23:54:03.292+0000] {taskmixin.py:205} WARNING - Dependency <Task(_PythonDecoratedOperator): log_sql_query>, print_the_context already registered for DAG: example_python_operator
[2023-01-21T23:54:03.294+0000] {logging_mixin.py:137} INFO - [2023-01-21T23:54:03.293+0000] {taskmixin.py:205} WARNING - Dependency <Task(_PythonDecoratedOperator): print_the_context>, log_sql_query already registered for DAG: example_python_operator
[2023-01-21T23:54:03.294+0000] {logging_mixin.py:137} INFO - [2023-01-21T23:54:03.294+0000] {taskmixin.py:205} WARNING - Dependency <Task(_PythonDecoratedOperator): log_sql_query>, print_the_context already registered for DAG: example_python_operator
[2023-01-21T23:54:03.305+0000] {processor.py:753} INFO - DAG(s) dict_keys(['example_python_operator']) retrieved from /home/airflow/.local/lib/python3.7/site-packages/airflow/example_dags/example_python_operator.py
[2023-01-21T23:54:03.327+0000] {logging_mixin.py:137} INFO - [2023-01-21T23:54:03.327+0000] {dag.py:2690} INFO - Sync 1 DAGs
[2023-01-21T23:54:03.355+0000] {logging_mixin.py:137} INFO - [2023-01-21T23:54:03.355+0000] {dag.py:3441} INFO - Setting next_dagrun for example_python_operator to None, run_after=None
[2023-01-21T23:54:03.381+0000] {processor.py:175} INFO - Processing /home/airflow/.local/lib/python3.7/site-packages/airflow/example_dags/example_python_operator.py took 0.135 seconds
[2023-01-21T23:54:34.185+0000] {processor.py:153} INFO - Started process (PID=120) to work on /home/airflow/.local/lib/python3.7/site-packages/airflow/example_dags/example_python_operator.py
[2023-01-21T23:54:34.186+0000] {processor.py:743} INFO - Processing file /home/airflow/.local/lib/python3.7/site-packages/airflow/example_dags/example_python_operator.py for tasks to queue
[2023-01-21T23:54:34.187+0000] {logging_mixin.py:137} INFO - [2023-01-21T23:54:34.187+0000] {dagbag.py:538} INFO - Filling up the DagBag from /home/airflow/.local/lib/python3.7/site-packages/airflow/example_dags/example_python_operator.py
[2023-01-21T23:54:34.202+0000] {logging_mixin.py:137} INFO - [2023-01-21T23:54:34.202+0000] {taskmixin.py:205} WARNING - Dependency <Task(_PythonDecoratedOperator): print_the_context>, log_sql_query already registered for DAG: example_python_operator
[2023-01-21T23:54:34.202+0000] {logging_mixin.py:137} INFO - [2023-01-21T23:54:34.202+0000] {taskmixin.py:205} WARNING - Dependency <Task(_PythonDecoratedOperator): log_sql_query>, print_the_context already registered for DAG: example_python_operator
[2023-01-21T23:54:34.204+0000] {logging_mixin.py:137} INFO - [2023-01-21T23:54:34.204+0000] {taskmixin.py:205} WARNING - Dependency <Task(_PythonDecoratedOperator): print_the_context>, log_sql_query already registered for DAG: example_python_operator
[2023-01-21T23:54:34.205+0000] {logging_mixin.py:137} INFO - [2023-01-21T23:54:34.205+0000] {taskmixin.py:205} WARNING - Dependency <Task(_PythonDecoratedOperator): log_sql_query>, print_the_context already registered for DAG: example_python_operator
[2023-01-21T23:54:34.207+0000] {logging_mixin.py:137} INFO - [2023-01-21T23:54:34.207+0000] {taskmixin.py:205} WARNING - Dependency <Task(_PythonDecoratedOperator): print_the_context>, log_sql_query already registered for DAG: example_python_operator
[2023-01-21T23:54:34.209+0000] {logging_mixin.py:137} INFO - [2023-01-21T23:54:34.209+0000] {taskmixin.py:205} WARNING - Dependency <Task(_PythonDecoratedOperator): log_sql_query>, print_the_context already registered for DAG: example_python_operator
[2023-01-21T23:54:34.210+0000] {logging_mixin.py:137} INFO - [2023-01-21T23:54:34.210+0000] {taskmixin.py:205} WARNING - Dependency <Task(_PythonDecoratedOperator): print_the_context>, log_sql_query already registered for DAG: example_python_operator
[2023-01-21T23:54:34.211+0000] {logging_mixin.py:137} INFO - [2023-01-21T23:54:34.210+0000] {taskmixin.py:205} WARNING - Dependency <Task(_PythonDecoratedOperator): log_sql_query>, print_the_context already registered for DAG: example_python_operator
[2023-01-21T23:54:34.215+0000] {processor.py:753} INFO - DAG(s) dict_keys(['example_python_operator']) retrieved from /home/airflow/.local/lib/python3.7/site-packages/airflow/example_dags/example_python_operator.py
[2023-01-21T23:54:34.279+0000] {logging_mixin.py:137} INFO - [2023-01-21T23:54:34.279+0000] {dag.py:2690} INFO - Sync 1 DAGs
[2023-01-21T23:54:34.297+0000] {logging_mixin.py:137} INFO - [2023-01-21T23:54:34.297+0000] {dag.py:3441} INFO - Setting next_dagrun for example_python_operator to None, run_after=None
[2023-01-21T23:54:34.311+0000] {processor.py:175} INFO - Processing /home/airflow/.local/lib/python3.7/site-packages/airflow/example_dags/example_python_operator.py took 0.130 seconds
[2023-01-21T23:55:04.485+0000] {processor.py:153} INFO - Started process (PID=185) to work on /home/airflow/.local/lib/python3.7/site-packages/airflow/example_dags/example_python_operator.py
[2023-01-21T23:55:04.486+0000] {processor.py:743} INFO - Processing file /home/airflow/.local/lib/python3.7/site-packages/airflow/example_dags/example_python_operator.py for tasks to queue
[2023-01-21T23:55:04.487+0000] {logging_mixin.py:137} INFO - [2023-01-21T23:55:04.487+0000] {dagbag.py:538} INFO - Filling up the DagBag from /home/airflow/.local/lib/python3.7/site-packages/airflow/example_dags/example_python_operator.py
[2023-01-21T23:55:04.499+0000] {logging_mixin.py:137} INFO - [2023-01-21T23:55:04.499+0000] {taskmixin.py:205} WARNING - Dependency <Task(_PythonDecoratedOperator): print_the_context>, log_sql_query already registered for DAG: example_python_operator
[2023-01-21T23:55:04.500+0000] {logging_mixin.py:137} INFO - [2023-01-21T23:55:04.500+0000] {taskmixin.py:205} WARNING - Dependency <Task(_PythonDecoratedOperator): log_sql_query>, print_the_context already registered for DAG: example_python_operator
[2023-01-21T23:55:04.501+0000] {logging_mixin.py:137} INFO - [2023-01-21T23:55:04.501+0000] {taskmixin.py:205} WARNING - Dependency <Task(_PythonDecoratedOperator): print_the_context>, log_sql_query already registered for DAG: example_python_operator
[2023-01-21T23:55:04.501+0000] {logging_mixin.py:137} INFO - [2023-01-21T23:55:04.501+0000] {taskmixin.py:205} WARNING - Dependency <Task(_PythonDecoratedOperator): log_sql_query>, print_the_context already registered for DAG: example_python_operator
[2023-01-21T23:55:04.502+0000] {logging_mixin.py:137} INFO - [2023-01-21T23:55:04.502+0000] {taskmixin.py:205} WARNING - Dependency <Task(_PythonDecoratedOperator): print_the_context>, log_sql_query already registered for DAG: example_python_operator
[2023-01-21T23:55:04.503+0000] {logging_mixin.py:137} INFO - [2023-01-21T23:55:04.503+0000] {taskmixin.py:205} WARNING - Dependency <Task(_PythonDecoratedOperator): log_sql_query>, print_the_context already registered for DAG: example_python_operator
[2023-01-21T23:55:04.504+0000] {logging_mixin.py:137} INFO - [2023-01-21T23:55:04.504+0000] {taskmixin.py:205} WARNING - Dependency <Task(_PythonDecoratedOperator): print_the_context>, log_sql_query already registered for DAG: example_python_operator
[2023-01-21T23:55:04.504+0000] {logging_mixin.py:137} INFO - [2023-01-21T23:55:04.504+0000] {taskmixin.py:205} WARNING - Dependency <Task(_PythonDecoratedOperator): log_sql_query>, print_the_context already registered for DAG: example_python_operator
[2023-01-21T23:55:04.509+0000] {processor.py:753} INFO - DAG(s) dict_keys(['example_python_operator']) retrieved from /home/airflow/.local/lib/python3.7/site-packages/airflow/example_dags/example_python_operator.py
[2023-01-21T23:55:04.535+0000] {logging_mixin.py:137} INFO - [2023-01-21T23:55:04.535+0000] {dag.py:2690} INFO - Sync 1 DAGs
[2023-01-21T23:55:04.557+0000] {logging_mixin.py:137} INFO - [2023-01-21T23:55:04.557+0000] {dag.py:3441} INFO - Setting next_dagrun for example_python_operator to None, run_after=None
[2023-01-21T23:55:04.571+0000] {processor.py:175} INFO - Processing /home/airflow/.local/lib/python3.7/site-packages/airflow/example_dags/example_python_operator.py took 0.090 seconds
[2023-01-21T23:56:04.066+0000] {processor.py:153} INFO - Started process (PID=43) to work on /home/airflow/.local/lib/python3.7/site-packages/airflow/example_dags/example_python_operator.py
[2023-01-21T23:56:04.069+0000] {processor.py:743} INFO - Processing file /home/airflow/.local/lib/python3.7/site-packages/airflow/example_dags/example_python_operator.py for tasks to queue
[2023-01-21T23:56:04.075+0000] {logging_mixin.py:137} INFO - [2023-01-21T23:56:04.074+0000] {dagbag.py:538} INFO - Filling up the DagBag from /home/airflow/.local/lib/python3.7/site-packages/airflow/example_dags/example_python_operator.py
[2023-01-21T23:56:04.118+0000] {logging_mixin.py:137} INFO - [2023-01-21T23:56:04.118+0000] {taskmixin.py:205} WARNING - Dependency <Task(_PythonDecoratedOperator): print_the_context>, log_sql_query already registered for DAG: example_python_operator
[2023-01-21T23:56:04.121+0000] {logging_mixin.py:137} INFO - [2023-01-21T23:56:04.121+0000] {taskmixin.py:205} WARNING - Dependency <Task(_PythonDecoratedOperator): log_sql_query>, print_the_context already registered for DAG: example_python_operator
[2023-01-21T23:56:04.122+0000] {logging_mixin.py:137} INFO - [2023-01-21T23:56:04.122+0000] {taskmixin.py:205} WARNING - Dependency <Task(_PythonDecoratedOperator): print_the_context>, log_sql_query already registered for DAG: example_python_operator
[2023-01-21T23:56:04.123+0000] {logging_mixin.py:137} INFO - [2023-01-21T23:56:04.123+0000] {taskmixin.py:205} WARNING - Dependency <Task(_PythonDecoratedOperator): log_sql_query>, print_the_context already registered for DAG: example_python_operator
[2023-01-21T23:56:04.124+0000] {logging_mixin.py:137} INFO - [2023-01-21T23:56:04.124+0000] {taskmixin.py:205} WARNING - Dependency <Task(_PythonDecoratedOperator): print_the_context>, log_sql_query already registered for DAG: example_python_operator
[2023-01-21T23:56:04.124+0000] {logging_mixin.py:137} INFO - [2023-01-21T23:56:04.124+0000] {taskmixin.py:205} WARNING - Dependency <Task(_PythonDecoratedOperator): log_sql_query>, print_the_context already registered for DAG: example_python_operator
[2023-01-21T23:56:04.125+0000] {logging_mixin.py:137} INFO - [2023-01-21T23:56:04.125+0000] {taskmixin.py:205} WARNING - Dependency <Task(_PythonDecoratedOperator): print_the_context>, log_sql_query already registered for DAG: example_python_operator
[2023-01-21T23:56:04.126+0000] {logging_mixin.py:137} INFO - [2023-01-21T23:56:04.125+0000] {taskmixin.py:205} WARNING - Dependency <Task(_PythonDecoratedOperator): log_sql_query>, print_the_context already registered for DAG: example_python_operator
[2023-01-21T23:56:04.136+0000] {processor.py:753} INFO - DAG(s) dict_keys(['example_python_operator']) retrieved from /home/airflow/.local/lib/python3.7/site-packages/airflow/example_dags/example_python_operator.py
[2023-01-21T23:56:04.168+0000] {logging_mixin.py:137} INFO - [2023-01-21T23:56:04.168+0000] {dag.py:2690} INFO - Sync 1 DAGs
[2023-01-21T23:56:04.203+0000] {logging_mixin.py:137} INFO - [2023-01-21T23:56:04.203+0000] {dag.py:3441} INFO - Setting next_dagrun for example_python_operator to None, run_after=None
[2023-01-21T23:56:04.235+0000] {processor.py:175} INFO - Processing /home/airflow/.local/lib/python3.7/site-packages/airflow/example_dags/example_python_operator.py took 0.177 seconds
[2023-01-21T23:56:34.798+0000] {processor.py:153} INFO - Started process (PID=119) to work on /home/airflow/.local/lib/python3.7/site-packages/airflow/example_dags/example_python_operator.py
[2023-01-21T23:56:34.799+0000] {processor.py:743} INFO - Processing file /home/airflow/.local/lib/python3.7/site-packages/airflow/example_dags/example_python_operator.py for tasks to queue
[2023-01-21T23:56:34.800+0000] {logging_mixin.py:137} INFO - [2023-01-21T23:56:34.800+0000] {dagbag.py:538} INFO - Filling up the DagBag from /home/airflow/.local/lib/python3.7/site-packages/airflow/example_dags/example_python_operator.py
[2023-01-21T23:56:34.813+0000] {logging_mixin.py:137} INFO - [2023-01-21T23:56:34.813+0000] {taskmixin.py:205} WARNING - Dependency <Task(_PythonDecoratedOperator): print_the_context>, log_sql_query already registered for DAG: example_python_operator
[2023-01-21T23:56:34.814+0000] {logging_mixin.py:137} INFO - [2023-01-21T23:56:34.814+0000] {taskmixin.py:205} WARNING - Dependency <Task(_PythonDecoratedOperator): log_sql_query>, print_the_context already registered for DAG: example_python_operator
[2023-01-21T23:56:34.815+0000] {logging_mixin.py:137} INFO - [2023-01-21T23:56:34.815+0000] {taskmixin.py:205} WARNING - Dependency <Task(_PythonDecoratedOperator): print_the_context>, log_sql_query already registered for DAG: example_python_operator
[2023-01-21T23:56:34.815+0000] {logging_mixin.py:137} INFO - [2023-01-21T23:56:34.815+0000] {taskmixin.py:205} WARNING - Dependency <Task(_PythonDecoratedOperator): log_sql_query>, print_the_context already registered for DAG: example_python_operator
[2023-01-21T23:56:34.816+0000] {logging_mixin.py:137} INFO - [2023-01-21T23:56:34.816+0000] {taskmixin.py:205} WARNING - Dependency <Task(_PythonDecoratedOperator): print_the_context>, log_sql_query already registered for DAG: example_python_operator
[2023-01-21T23:56:34.816+0000] {logging_mixin.py:137} INFO - [2023-01-21T23:56:34.816+0000] {taskmixin.py:205} WARNING - Dependency <Task(_PythonDecoratedOperator): log_sql_query>, print_the_context already registered for DAG: example_python_operator
[2023-01-21T23:56:34.817+0000] {logging_mixin.py:137} INFO - [2023-01-21T23:56:34.817+0000] {taskmixin.py:205} WARNING - Dependency <Task(_PythonDecoratedOperator): print_the_context>, log_sql_query already registered for DAG: example_python_operator
[2023-01-21T23:56:34.817+0000] {logging_mixin.py:137} INFO - [2023-01-21T23:56:34.817+0000] {taskmixin.py:205} WARNING - Dependency <Task(_PythonDecoratedOperator): log_sql_query>, print_the_context already registered for DAG: example_python_operator
[2023-01-21T23:56:34.822+0000] {processor.py:753} INFO - DAG(s) dict_keys(['example_python_operator']) retrieved from /home/airflow/.local/lib/python3.7/site-packages/airflow/example_dags/example_python_operator.py
[2023-01-21T23:56:34.870+0000] {logging_mixin.py:137} INFO - [2023-01-21T23:56:34.869+0000] {dag.py:2690} INFO - Sync 1 DAGs
[2023-01-21T23:56:34.884+0000] {logging_mixin.py:137} INFO - [2023-01-21T23:56:34.884+0000] {dag.py:3441} INFO - Setting next_dagrun for example_python_operator to None, run_after=None
[2023-01-21T23:56:34.901+0000] {processor.py:175} INFO - Processing /home/airflow/.local/lib/python3.7/site-packages/airflow/example_dags/example_python_operator.py took 0.106 seconds
[2023-01-21T23:57:05.597+0000] {processor.py:153} INFO - Started process (PID=183) to work on /home/airflow/.local/lib/python3.7/site-packages/airflow/example_dags/example_python_operator.py
[2023-01-21T23:57:05.598+0000] {processor.py:743} INFO - Processing file /home/airflow/.local/lib/python3.7/site-packages/airflow/example_dags/example_python_operator.py for tasks to queue
[2023-01-21T23:57:05.599+0000] {logging_mixin.py:137} INFO - [2023-01-21T23:57:05.599+0000] {dagbag.py:538} INFO - Filling up the DagBag from /home/airflow/.local/lib/python3.7/site-packages/airflow/example_dags/example_python_operator.py
[2023-01-21T23:57:05.613+0000] {logging_mixin.py:137} INFO - [2023-01-21T23:57:05.613+0000] {taskmixin.py:205} WARNING - Dependency <Task(_PythonDecoratedOperator): print_the_context>, log_sql_query already registered for DAG: example_python_operator
[2023-01-21T23:57:05.614+0000] {logging_mixin.py:137} INFO - [2023-01-21T23:57:05.614+0000] {taskmixin.py:205} WARNING - Dependency <Task(_PythonDecoratedOperator): log_sql_query>, print_the_context already registered for DAG: example_python_operator
[2023-01-21T23:57:05.615+0000] {logging_mixin.py:137} INFO - [2023-01-21T23:57:05.615+0000] {taskmixin.py:205} WARNING - Dependency <Task(_PythonDecoratedOperator): print_the_context>, log_sql_query already registered for DAG: example_python_operator
[2023-01-21T23:57:05.616+0000] {logging_mixin.py:137} INFO - [2023-01-21T23:57:05.616+0000] {taskmixin.py:205} WARNING - Dependency <Task(_PythonDecoratedOperator): log_sql_query>, print_the_context already registered for DAG: example_python_operator
[2023-01-21T23:57:05.617+0000] {logging_mixin.py:137} INFO - [2023-01-21T23:57:05.617+0000] {taskmixin.py:205} WARNING - Dependency <Task(_PythonDecoratedOperator): print_the_context>, log_sql_query already registered for DAG: example_python_operator
[2023-01-21T23:57:05.617+0000] {logging_mixin.py:137} INFO - [2023-01-21T23:57:05.617+0000] {taskmixin.py:205} WARNING - Dependency <Task(_PythonDecoratedOperator): log_sql_query>, print_the_context already registered for DAG: example_python_operator
[2023-01-21T23:57:05.618+0000] {logging_mixin.py:137} INFO - [2023-01-21T23:57:05.618+0000] {taskmixin.py:205} WARNING - Dependency <Task(_PythonDecoratedOperator): print_the_context>, log_sql_query already registered for DAG: example_python_operator
[2023-01-21T23:57:05.618+0000] {logging_mixin.py:137} INFO - [2023-01-21T23:57:05.618+0000] {taskmixin.py:205} WARNING - Dependency <Task(_PythonDecoratedOperator): log_sql_query>, print_the_context already registered for DAG: example_python_operator
[2023-01-21T23:57:05.623+0000] {processor.py:753} INFO - DAG(s) dict_keys(['example_python_operator']) retrieved from /home/airflow/.local/lib/python3.7/site-packages/airflow/example_dags/example_python_operator.py
[2023-01-21T23:57:05.643+0000] {logging_mixin.py:137} INFO - [2023-01-21T23:57:05.643+0000] {dag.py:2690} INFO - Sync 1 DAGs
[2023-01-21T23:57:05.667+0000] {logging_mixin.py:137} INFO - [2023-01-21T23:57:05.667+0000] {dag.py:3441} INFO - Setting next_dagrun for example_python_operator to None, run_after=None
[2023-01-21T23:57:05.697+0000] {processor.py:175} INFO - Processing /home/airflow/.local/lib/python3.7/site-packages/airflow/example_dags/example_python_operator.py took 0.103 seconds
