[2023-01-21T23:45:21.527+0000] {processor.py:153} INFO - Started process (PID=39) to work on /home/airflow/.local/lib/python3.7/site-packages/airflow/example_dags/example_branch_datetime_operator.py
[2023-01-21T23:45:21.531+0000] {processor.py:743} INFO - Processing file /home/airflow/.local/lib/python3.7/site-packages/airflow/example_dags/example_branch_datetime_operator.py for tasks to queue
[2023-01-21T23:45:21.535+0000] {logging_mixin.py:137} INFO - [2023-01-21T23:45:21.534+0000] {dagbag.py:538} INFO - Filling up the DagBag from /home/airflow/.local/lib/python3.7/site-packages/airflow/example_dags/example_branch_datetime_operator.py
[2023-01-21T23:45:21.585+0000] {processor.py:753} INFO - DAG(s) dict_keys(['example_branch_datetime_operator_2', 'example_branch_datetime_operator', 'example_branch_datetime_operator_3']) retrieved from /home/airflow/.local/lib/python3.7/site-packages/airflow/example_dags/example_branch_datetime_operator.py
[2023-01-21T23:45:21.603+0000] {logging_mixin.py:137} INFO - [2023-01-21T23:45:21.603+0000] {dag.py:2690} INFO - Sync 3 DAGs
[2023-01-21T23:45:21.632+0000] {logging_mixin.py:137} INFO - [2023-01-21T23:45:21.632+0000] {dag.py:3441} INFO - Setting next_dagrun for example_branch_datetime_operator to 2023-01-20T00:00:00+00:00, run_after=2023-01-21T00:00:00+00:00
[2023-01-21T23:45:21.638+0000] {logging_mixin.py:137} INFO - [2023-01-21T23:45:21.637+0000] {dag.py:3441} INFO - Setting next_dagrun for example_branch_datetime_operator_2 to 2023-01-20T00:00:00+00:00, run_after=2023-01-21T00:00:00+00:00
[2023-01-21T23:45:21.641+0000] {logging_mixin.py:137} INFO - [2023-01-21T23:45:21.641+0000] {dag.py:3441} INFO - Setting next_dagrun for example_branch_datetime_operator_3 to 2023-01-20T00:00:00+00:00, run_after=2023-01-21T00:00:00+00:00
[2023-01-21T23:45:21.670+0000] {processor.py:175} INFO - Processing /home/airflow/.local/lib/python3.7/site-packages/airflow/example_dags/example_branch_datetime_operator.py took 0.148 seconds
[2023-01-21T23:45:52.456+0000] {processor.py:153} INFO - Started process (PID=115) to work on /home/airflow/.local/lib/python3.7/site-packages/airflow/example_dags/example_branch_datetime_operator.py
[2023-01-21T23:45:52.457+0000] {processor.py:743} INFO - Processing file /home/airflow/.local/lib/python3.7/site-packages/airflow/example_dags/example_branch_datetime_operator.py for tasks to queue
[2023-01-21T23:45:52.458+0000] {logging_mixin.py:137} INFO - [2023-01-21T23:45:52.458+0000] {dagbag.py:538} INFO - Filling up the DagBag from /home/airflow/.local/lib/python3.7/site-packages/airflow/example_dags/example_branch_datetime_operator.py
[2023-01-21T23:45:52.472+0000] {processor.py:753} INFO - DAG(s) dict_keys(['example_branch_datetime_operator', 'example_branch_datetime_operator_3', 'example_branch_datetime_operator_2']) retrieved from /home/airflow/.local/lib/python3.7/site-packages/airflow/example_dags/example_branch_datetime_operator.py
[2023-01-21T23:45:52.499+0000] {logging_mixin.py:137} INFO - [2023-01-21T23:45:52.499+0000] {dag.py:2690} INFO - Sync 3 DAGs
[2023-01-21T23:45:52.519+0000] {logging_mixin.py:137} INFO - [2023-01-21T23:45:52.519+0000] {dag.py:3441} INFO - Setting next_dagrun for example_branch_datetime_operator to 2023-01-20T00:00:00+00:00, run_after=2023-01-21T00:00:00+00:00
[2023-01-21T23:45:52.522+0000] {logging_mixin.py:137} INFO - [2023-01-21T23:45:52.522+0000] {dag.py:3441} INFO - Setting next_dagrun for example_branch_datetime_operator_2 to 2023-01-20T00:00:00+00:00, run_after=2023-01-21T00:00:00+00:00
[2023-01-21T23:45:52.524+0000] {logging_mixin.py:137} INFO - [2023-01-21T23:45:52.524+0000] {dag.py:3441} INFO - Setting next_dagrun for example_branch_datetime_operator_3 to 2023-01-20T00:00:00+00:00, run_after=2023-01-21T00:00:00+00:00
[2023-01-21T23:45:52.535+0000] {processor.py:175} INFO - Processing /home/airflow/.local/lib/python3.7/site-packages/airflow/example_dags/example_branch_datetime_operator.py took 0.083 seconds
[2023-01-21T23:46:22.942+0000] {processor.py:153} INFO - Started process (PID=180) to work on /home/airflow/.local/lib/python3.7/site-packages/airflow/example_dags/example_branch_datetime_operator.py
[2023-01-21T23:46:22.943+0000] {processor.py:743} INFO - Processing file /home/airflow/.local/lib/python3.7/site-packages/airflow/example_dags/example_branch_datetime_operator.py for tasks to queue
[2023-01-21T23:46:22.944+0000] {logging_mixin.py:137} INFO - [2023-01-21T23:46:22.944+0000] {dagbag.py:538} INFO - Filling up the DagBag from /home/airflow/.local/lib/python3.7/site-packages/airflow/example_dags/example_branch_datetime_operator.py
[2023-01-21T23:46:22.956+0000] {processor.py:753} INFO - DAG(s) dict_keys(['example_branch_datetime_operator_2', 'example_branch_datetime_operator', 'example_branch_datetime_operator_3']) retrieved from /home/airflow/.local/lib/python3.7/site-packages/airflow/example_dags/example_branch_datetime_operator.py
[2023-01-21T23:46:22.980+0000] {logging_mixin.py:137} INFO - [2023-01-21T23:46:22.980+0000] {dag.py:2690} INFO - Sync 3 DAGs
[2023-01-21T23:46:22.997+0000] {logging_mixin.py:137} INFO - [2023-01-21T23:46:22.997+0000] {dag.py:3441} INFO - Setting next_dagrun for example_branch_datetime_operator to 2023-01-20T00:00:00+00:00, run_after=2023-01-21T00:00:00+00:00
[2023-01-21T23:46:23.000+0000] {logging_mixin.py:137} INFO - [2023-01-21T23:46:22.999+0000] {dag.py:3441} INFO - Setting next_dagrun for example_branch_datetime_operator_2 to 2023-01-20T00:00:00+00:00, run_after=2023-01-21T00:00:00+00:00
[2023-01-21T23:46:23.001+0000] {logging_mixin.py:137} INFO - [2023-01-21T23:46:23.001+0000] {dag.py:3441} INFO - Setting next_dagrun for example_branch_datetime_operator_3 to 2023-01-20T00:00:00+00:00, run_after=2023-01-21T00:00:00+00:00
[2023-01-21T23:46:23.011+0000] {processor.py:175} INFO - Processing /home/airflow/.local/lib/python3.7/site-packages/airflow/example_dags/example_branch_datetime_operator.py took 0.072 seconds
[2023-01-21T23:46:53.464+0000] {processor.py:153} INFO - Started process (PID=255) to work on /home/airflow/.local/lib/python3.7/site-packages/airflow/example_dags/example_branch_datetime_operator.py
[2023-01-21T23:46:53.465+0000] {processor.py:743} INFO - Processing file /home/airflow/.local/lib/python3.7/site-packages/airflow/example_dags/example_branch_datetime_operator.py for tasks to queue
[2023-01-21T23:46:53.466+0000] {logging_mixin.py:137} INFO - [2023-01-21T23:46:53.466+0000] {dagbag.py:538} INFO - Filling up the DagBag from /home/airflow/.local/lib/python3.7/site-packages/airflow/example_dags/example_branch_datetime_operator.py
[2023-01-21T23:46:53.478+0000] {processor.py:753} INFO - DAG(s) dict_keys(['example_branch_datetime_operator_3', 'example_branch_datetime_operator', 'example_branch_datetime_operator_2']) retrieved from /home/airflow/.local/lib/python3.7/site-packages/airflow/example_dags/example_branch_datetime_operator.py
[2023-01-21T23:46:53.503+0000] {logging_mixin.py:137} INFO - [2023-01-21T23:46:53.503+0000] {dag.py:2690} INFO - Sync 3 DAGs
[2023-01-21T23:46:53.520+0000] {logging_mixin.py:137} INFO - [2023-01-21T23:46:53.520+0000] {dag.py:3441} INFO - Setting next_dagrun for example_branch_datetime_operator to 2023-01-20T00:00:00+00:00, run_after=2023-01-21T00:00:00+00:00
[2023-01-21T23:46:53.523+0000] {logging_mixin.py:137} INFO - [2023-01-21T23:46:53.523+0000] {dag.py:3441} INFO - Setting next_dagrun for example_branch_datetime_operator_2 to 2023-01-20T00:00:00+00:00, run_after=2023-01-21T00:00:00+00:00
[2023-01-21T23:46:53.525+0000] {logging_mixin.py:137} INFO - [2023-01-21T23:46:53.525+0000] {dag.py:3441} INFO - Setting next_dagrun for example_branch_datetime_operator_3 to 2023-01-20T00:00:00+00:00, run_after=2023-01-21T00:00:00+00:00
[2023-01-21T23:46:53.535+0000] {processor.py:175} INFO - Processing /home/airflow/.local/lib/python3.7/site-packages/airflow/example_dags/example_branch_datetime_operator.py took 0.074 seconds
[2023-01-21T23:47:23.919+0000] {processor.py:153} INFO - Started process (PID=330) to work on /home/airflow/.local/lib/python3.7/site-packages/airflow/example_dags/example_branch_datetime_operator.py
[2023-01-21T23:47:23.921+0000] {processor.py:743} INFO - Processing file /home/airflow/.local/lib/python3.7/site-packages/airflow/example_dags/example_branch_datetime_operator.py for tasks to queue
[2023-01-21T23:47:23.922+0000] {logging_mixin.py:137} INFO - [2023-01-21T23:47:23.922+0000] {dagbag.py:538} INFO - Filling up the DagBag from /home/airflow/.local/lib/python3.7/site-packages/airflow/example_dags/example_branch_datetime_operator.py
[2023-01-21T23:47:23.936+0000] {processor.py:753} INFO - DAG(s) dict_keys(['example_branch_datetime_operator_2', 'example_branch_datetime_operator_3', 'example_branch_datetime_operator']) retrieved from /home/airflow/.local/lib/python3.7/site-packages/airflow/example_dags/example_branch_datetime_operator.py
[2023-01-21T23:47:23.958+0000] {logging_mixin.py:137} INFO - [2023-01-21T23:47:23.958+0000] {dag.py:2690} INFO - Sync 3 DAGs
[2023-01-21T23:47:23.973+0000] {logging_mixin.py:137} INFO - [2023-01-21T23:47:23.973+0000] {dag.py:3441} INFO - Setting next_dagrun for example_branch_datetime_operator to 2023-01-20T00:00:00+00:00, run_after=2023-01-21T00:00:00+00:00
[2023-01-21T23:47:23.977+0000] {logging_mixin.py:137} INFO - [2023-01-21T23:47:23.976+0000] {dag.py:3441} INFO - Setting next_dagrun for example_branch_datetime_operator_2 to 2023-01-20T00:00:00+00:00, run_after=2023-01-21T00:00:00+00:00
[2023-01-21T23:47:23.978+0000] {logging_mixin.py:137} INFO - [2023-01-21T23:47:23.978+0000] {dag.py:3441} INFO - Setting next_dagrun for example_branch_datetime_operator_3 to 2023-01-20T00:00:00+00:00, run_after=2023-01-21T00:00:00+00:00
[2023-01-21T23:47:23.988+0000] {processor.py:175} INFO - Processing /home/airflow/.local/lib/python3.7/site-packages/airflow/example_dags/example_branch_datetime_operator.py took 0.071 seconds
[2023-01-21T23:47:54.186+0000] {processor.py:153} INFO - Started process (PID=395) to work on /home/airflow/.local/lib/python3.7/site-packages/airflow/example_dags/example_branch_datetime_operator.py
[2023-01-21T23:47:54.188+0000] {processor.py:743} INFO - Processing file /home/airflow/.local/lib/python3.7/site-packages/airflow/example_dags/example_branch_datetime_operator.py for tasks to queue
[2023-01-21T23:47:54.189+0000] {logging_mixin.py:137} INFO - [2023-01-21T23:47:54.189+0000] {dagbag.py:538} INFO - Filling up the DagBag from /home/airflow/.local/lib/python3.7/site-packages/airflow/example_dags/example_branch_datetime_operator.py
[2023-01-21T23:47:54.202+0000] {processor.py:753} INFO - DAG(s) dict_keys(['example_branch_datetime_operator_3', 'example_branch_datetime_operator', 'example_branch_datetime_operator_2']) retrieved from /home/airflow/.local/lib/python3.7/site-packages/airflow/example_dags/example_branch_datetime_operator.py
[2023-01-21T23:47:54.226+0000] {logging_mixin.py:137} INFO - [2023-01-21T23:47:54.226+0000] {dag.py:2690} INFO - Sync 3 DAGs
[2023-01-21T23:47:54.243+0000] {logging_mixin.py:137} INFO - [2023-01-21T23:47:54.243+0000] {dag.py:3441} INFO - Setting next_dagrun for example_branch_datetime_operator to 2023-01-20T00:00:00+00:00, run_after=2023-01-21T00:00:00+00:00
[2023-01-21T23:47:54.247+0000] {logging_mixin.py:137} INFO - [2023-01-21T23:47:54.247+0000] {dag.py:3441} INFO - Setting next_dagrun for example_branch_datetime_operator_2 to 2023-01-20T00:00:00+00:00, run_after=2023-01-21T00:00:00+00:00
[2023-01-21T23:47:54.249+0000] {logging_mixin.py:137} INFO - [2023-01-21T23:47:54.249+0000] {dag.py:3441} INFO - Setting next_dagrun for example_branch_datetime_operator_3 to 2023-01-20T00:00:00+00:00, run_after=2023-01-21T00:00:00+00:00
[2023-01-21T23:47:54.260+0000] {processor.py:175} INFO - Processing /home/airflow/.local/lib/python3.7/site-packages/airflow/example_dags/example_branch_datetime_operator.py took 0.077 seconds
[2023-01-21T23:48:24.580+0000] {processor.py:153} INFO - Started process (PID=471) to work on /home/airflow/.local/lib/python3.7/site-packages/airflow/example_dags/example_branch_datetime_operator.py
[2023-01-21T23:48:24.581+0000] {processor.py:743} INFO - Processing file /home/airflow/.local/lib/python3.7/site-packages/airflow/example_dags/example_branch_datetime_operator.py for tasks to queue
[2023-01-21T23:48:24.582+0000] {logging_mixin.py:137} INFO - [2023-01-21T23:48:24.582+0000] {dagbag.py:538} INFO - Filling up the DagBag from /home/airflow/.local/lib/python3.7/site-packages/airflow/example_dags/example_branch_datetime_operator.py
[2023-01-21T23:48:24.593+0000] {processor.py:753} INFO - DAG(s) dict_keys(['example_branch_datetime_operator_3', 'example_branch_datetime_operator', 'example_branch_datetime_operator_2']) retrieved from /home/airflow/.local/lib/python3.7/site-packages/airflow/example_dags/example_branch_datetime_operator.py
[2023-01-21T23:48:24.616+0000] {logging_mixin.py:137} INFO - [2023-01-21T23:48:24.616+0000] {dag.py:2690} INFO - Sync 3 DAGs
[2023-01-21T23:48:24.633+0000] {logging_mixin.py:137} INFO - [2023-01-21T23:48:24.633+0000] {dag.py:3441} INFO - Setting next_dagrun for example_branch_datetime_operator to 2023-01-20T00:00:00+00:00, run_after=2023-01-21T00:00:00+00:00
[2023-01-21T23:48:24.637+0000] {logging_mixin.py:137} INFO - [2023-01-21T23:48:24.636+0000] {dag.py:3441} INFO - Setting next_dagrun for example_branch_datetime_operator_2 to 2023-01-20T00:00:00+00:00, run_after=2023-01-21T00:00:00+00:00
[2023-01-21T23:48:24.638+0000] {logging_mixin.py:137} INFO - [2023-01-21T23:48:24.638+0000] {dag.py:3441} INFO - Setting next_dagrun for example_branch_datetime_operator_3 to 2023-01-20T00:00:00+00:00, run_after=2023-01-21T00:00:00+00:00
[2023-01-21T23:48:24.648+0000] {processor.py:175} INFO - Processing /home/airflow/.local/lib/python3.7/site-packages/airflow/example_dags/example_branch_datetime_operator.py took 0.071 seconds
[2023-01-21T23:48:54.815+0000] {processor.py:153} INFO - Started process (PID=547) to work on /home/airflow/.local/lib/python3.7/site-packages/airflow/example_dags/example_branch_datetime_operator.py
[2023-01-21T23:48:54.819+0000] {processor.py:743} INFO - Processing file /home/airflow/.local/lib/python3.7/site-packages/airflow/example_dags/example_branch_datetime_operator.py for tasks to queue
[2023-01-21T23:48:54.820+0000] {logging_mixin.py:137} INFO - [2023-01-21T23:48:54.820+0000] {dagbag.py:538} INFO - Filling up the DagBag from /home/airflow/.local/lib/python3.7/site-packages/airflow/example_dags/example_branch_datetime_operator.py
[2023-01-21T23:48:54.836+0000] {processor.py:753} INFO - DAG(s) dict_keys(['example_branch_datetime_operator_3', 'example_branch_datetime_operator_2', 'example_branch_datetime_operator']) retrieved from /home/airflow/.local/lib/python3.7/site-packages/airflow/example_dags/example_branch_datetime_operator.py
[2023-01-21T23:48:54.877+0000] {logging_mixin.py:137} INFO - [2023-01-21T23:48:54.877+0000] {dag.py:2690} INFO - Sync 3 DAGs
[2023-01-21T23:48:54.906+0000] {logging_mixin.py:137} INFO - [2023-01-21T23:48:54.906+0000] {dag.py:3441} INFO - Setting next_dagrun for example_branch_datetime_operator to 2023-01-20T00:00:00+00:00, run_after=2023-01-21T00:00:00+00:00
[2023-01-21T23:48:54.914+0000] {logging_mixin.py:137} INFO - [2023-01-21T23:48:54.913+0000] {dag.py:3441} INFO - Setting next_dagrun for example_branch_datetime_operator_2 to 2023-01-20T00:00:00+00:00, run_after=2023-01-21T00:00:00+00:00
[2023-01-21T23:48:54.918+0000] {logging_mixin.py:137} INFO - [2023-01-21T23:48:54.918+0000] {dag.py:3441} INFO - Setting next_dagrun for example_branch_datetime_operator_3 to 2023-01-20T00:00:00+00:00, run_after=2023-01-21T00:00:00+00:00
[2023-01-21T23:48:54.939+0000] {processor.py:175} INFO - Processing /home/airflow/.local/lib/python3.7/site-packages/airflow/example_dags/example_branch_datetime_operator.py took 0.135 seconds
[2023-01-21T23:49:25.561+0000] {processor.py:153} INFO - Started process (PID=612) to work on /home/airflow/.local/lib/python3.7/site-packages/airflow/example_dags/example_branch_datetime_operator.py
[2023-01-21T23:49:25.562+0000] {processor.py:743} INFO - Processing file /home/airflow/.local/lib/python3.7/site-packages/airflow/example_dags/example_branch_datetime_operator.py for tasks to queue
[2023-01-21T23:49:25.563+0000] {logging_mixin.py:137} INFO - [2023-01-21T23:49:25.563+0000] {dagbag.py:538} INFO - Filling up the DagBag from /home/airflow/.local/lib/python3.7/site-packages/airflow/example_dags/example_branch_datetime_operator.py
[2023-01-21T23:49:25.575+0000] {processor.py:753} INFO - DAG(s) dict_keys(['example_branch_datetime_operator_2', 'example_branch_datetime_operator_3', 'example_branch_datetime_operator']) retrieved from /home/airflow/.local/lib/python3.7/site-packages/airflow/example_dags/example_branch_datetime_operator.py
[2023-01-21T23:49:25.598+0000] {logging_mixin.py:137} INFO - [2023-01-21T23:49:25.598+0000] {dag.py:2690} INFO - Sync 3 DAGs
[2023-01-21T23:49:25.614+0000] {logging_mixin.py:137} INFO - [2023-01-21T23:49:25.614+0000] {dag.py:3441} INFO - Setting next_dagrun for example_branch_datetime_operator to 2023-01-20T00:00:00+00:00, run_after=2023-01-21T00:00:00+00:00
[2023-01-21T23:49:25.618+0000] {logging_mixin.py:137} INFO - [2023-01-21T23:49:25.618+0000] {dag.py:3441} INFO - Setting next_dagrun for example_branch_datetime_operator_2 to 2023-01-20T00:00:00+00:00, run_after=2023-01-21T00:00:00+00:00
[2023-01-21T23:49:25.619+0000] {logging_mixin.py:137} INFO - [2023-01-21T23:49:25.619+0000] {dag.py:3441} INFO - Setting next_dagrun for example_branch_datetime_operator_3 to 2023-01-20T00:00:00+00:00, run_after=2023-01-21T00:00:00+00:00
[2023-01-21T23:49:25.629+0000] {processor.py:175} INFO - Processing /home/airflow/.local/lib/python3.7/site-packages/airflow/example_dags/example_branch_datetime_operator.py took 0.071 seconds
[2023-01-21T23:49:55.943+0000] {processor.py:153} INFO - Started process (PID=689) to work on /home/airflow/.local/lib/python3.7/site-packages/airflow/example_dags/example_branch_datetime_operator.py
[2023-01-21T23:49:55.944+0000] {processor.py:743} INFO - Processing file /home/airflow/.local/lib/python3.7/site-packages/airflow/example_dags/example_branch_datetime_operator.py for tasks to queue
[2023-01-21T23:49:55.945+0000] {logging_mixin.py:137} INFO - [2023-01-21T23:49:55.944+0000] {dagbag.py:538} INFO - Filling up the DagBag from /home/airflow/.local/lib/python3.7/site-packages/airflow/example_dags/example_branch_datetime_operator.py
[2023-01-21T23:49:55.956+0000] {processor.py:753} INFO - DAG(s) dict_keys(['example_branch_datetime_operator_3', 'example_branch_datetime_operator_2', 'example_branch_datetime_operator']) retrieved from /home/airflow/.local/lib/python3.7/site-packages/airflow/example_dags/example_branch_datetime_operator.py
[2023-01-21T23:49:55.978+0000] {logging_mixin.py:137} INFO - [2023-01-21T23:49:55.978+0000] {dag.py:2690} INFO - Sync 3 DAGs
[2023-01-21T23:49:55.995+0000] {logging_mixin.py:137} INFO - [2023-01-21T23:49:55.995+0000] {dag.py:3441} INFO - Setting next_dagrun for example_branch_datetime_operator to 2023-01-20T00:00:00+00:00, run_after=2023-01-21T00:00:00+00:00
[2023-01-21T23:49:56.000+0000] {logging_mixin.py:137} INFO - [2023-01-21T23:49:56.000+0000] {dag.py:3441} INFO - Setting next_dagrun for example_branch_datetime_operator_2 to 2023-01-20T00:00:00+00:00, run_after=2023-01-21T00:00:00+00:00
[2023-01-21T23:49:56.001+0000] {logging_mixin.py:137} INFO - [2023-01-21T23:49:56.001+0000] {dag.py:3441} INFO - Setting next_dagrun for example_branch_datetime_operator_3 to 2023-01-20T00:00:00+00:00, run_after=2023-01-21T00:00:00+00:00
[2023-01-21T23:49:56.011+0000] {processor.py:175} INFO - Processing /home/airflow/.local/lib/python3.7/site-packages/airflow/example_dags/example_branch_datetime_operator.py took 0.071 seconds
[2023-01-21T23:50:26.203+0000] {processor.py:153} INFO - Started process (PID=752) to work on /home/airflow/.local/lib/python3.7/site-packages/airflow/example_dags/example_branch_datetime_operator.py
[2023-01-21T23:50:26.204+0000] {processor.py:743} INFO - Processing file /home/airflow/.local/lib/python3.7/site-packages/airflow/example_dags/example_branch_datetime_operator.py for tasks to queue
[2023-01-21T23:50:26.205+0000] {logging_mixin.py:137} INFO - [2023-01-21T23:50:26.205+0000] {dagbag.py:538} INFO - Filling up the DagBag from /home/airflow/.local/lib/python3.7/site-packages/airflow/example_dags/example_branch_datetime_operator.py
[2023-01-21T23:50:26.221+0000] {processor.py:753} INFO - DAG(s) dict_keys(['example_branch_datetime_operator', 'example_branch_datetime_operator_3', 'example_branch_datetime_operator_2']) retrieved from /home/airflow/.local/lib/python3.7/site-packages/airflow/example_dags/example_branch_datetime_operator.py
[2023-01-21T23:50:26.249+0000] {logging_mixin.py:137} INFO - [2023-01-21T23:50:26.249+0000] {dag.py:2690} INFO - Sync 3 DAGs
[2023-01-21T23:50:26.268+0000] {logging_mixin.py:137} INFO - [2023-01-21T23:50:26.268+0000] {dag.py:3441} INFO - Setting next_dagrun for example_branch_datetime_operator to 2023-01-20T00:00:00+00:00, run_after=2023-01-21T00:00:00+00:00
[2023-01-21T23:50:26.271+0000] {logging_mixin.py:137} INFO - [2023-01-21T23:50:26.271+0000] {dag.py:3441} INFO - Setting next_dagrun for example_branch_datetime_operator_2 to 2023-01-20T00:00:00+00:00, run_after=2023-01-21T00:00:00+00:00
[2023-01-21T23:50:26.273+0000] {logging_mixin.py:137} INFO - [2023-01-21T23:50:26.273+0000] {dag.py:3441} INFO - Setting next_dagrun for example_branch_datetime_operator_3 to 2023-01-20T00:00:00+00:00, run_after=2023-01-21T00:00:00+00:00
[2023-01-21T23:50:26.284+0000] {processor.py:175} INFO - Processing /home/airflow/.local/lib/python3.7/site-packages/airflow/example_dags/example_branch_datetime_operator.py took 0.084 seconds
[2023-01-21T23:54:02.940+0000] {processor.py:153} INFO - Started process (PID=39) to work on /home/airflow/.local/lib/python3.7/site-packages/airflow/example_dags/example_branch_datetime_operator.py
[2023-01-21T23:54:02.943+0000] {processor.py:743} INFO - Processing file /home/airflow/.local/lib/python3.7/site-packages/airflow/example_dags/example_branch_datetime_operator.py for tasks to queue
[2023-01-21T23:54:02.945+0000] {logging_mixin.py:137} INFO - [2023-01-21T23:54:02.944+0000] {dagbag.py:538} INFO - Filling up the DagBag from /home/airflow/.local/lib/python3.7/site-packages/airflow/example_dags/example_branch_datetime_operator.py
[2023-01-21T23:54:02.969+0000] {processor.py:753} INFO - DAG(s) dict_keys(['example_branch_datetime_operator', 'example_branch_datetime_operator_2', 'example_branch_datetime_operator_3']) retrieved from /home/airflow/.local/lib/python3.7/site-packages/airflow/example_dags/example_branch_datetime_operator.py
[2023-01-21T23:54:02.984+0000] {logging_mixin.py:137} INFO - [2023-01-21T23:54:02.984+0000] {dag.py:2690} INFO - Sync 3 DAGs
[2023-01-21T23:54:03.004+0000] {logging_mixin.py:137} INFO - [2023-01-21T23:54:03.004+0000] {dag.py:3441} INFO - Setting next_dagrun for example_branch_datetime_operator to 2023-01-20T00:00:00+00:00, run_after=2023-01-21T00:00:00+00:00
[2023-01-21T23:54:03.007+0000] {logging_mixin.py:137} INFO - [2023-01-21T23:54:03.007+0000] {dag.py:3441} INFO - Setting next_dagrun for example_branch_datetime_operator_2 to 2023-01-20T00:00:00+00:00, run_after=2023-01-21T00:00:00+00:00
[2023-01-21T23:54:03.009+0000] {logging_mixin.py:137} INFO - [2023-01-21T23:54:03.009+0000] {dag.py:3441} INFO - Setting next_dagrun for example_branch_datetime_operator_3 to 2023-01-20T00:00:00+00:00, run_after=2023-01-21T00:00:00+00:00
[2023-01-21T23:54:03.022+0000] {processor.py:175} INFO - Processing /home/airflow/.local/lib/python3.7/site-packages/airflow/example_dags/example_branch_datetime_operator.py took 0.084 seconds
[2023-01-21T23:54:33.966+0000] {processor.py:153} INFO - Started process (PID=115) to work on /home/airflow/.local/lib/python3.7/site-packages/airflow/example_dags/example_branch_datetime_operator.py
[2023-01-21T23:54:33.967+0000] {processor.py:743} INFO - Processing file /home/airflow/.local/lib/python3.7/site-packages/airflow/example_dags/example_branch_datetime_operator.py for tasks to queue
[2023-01-21T23:54:33.968+0000] {logging_mixin.py:137} INFO - [2023-01-21T23:54:33.968+0000] {dagbag.py:538} INFO - Filling up the DagBag from /home/airflow/.local/lib/python3.7/site-packages/airflow/example_dags/example_branch_datetime_operator.py
[2023-01-21T23:54:33.980+0000] {processor.py:753} INFO - DAG(s) dict_keys(['example_branch_datetime_operator_2', 'example_branch_datetime_operator_3', 'example_branch_datetime_operator']) retrieved from /home/airflow/.local/lib/python3.7/site-packages/airflow/example_dags/example_branch_datetime_operator.py
[2023-01-21T23:54:34.004+0000] {logging_mixin.py:137} INFO - [2023-01-21T23:54:34.004+0000] {dag.py:2690} INFO - Sync 3 DAGs
[2023-01-21T23:54:34.021+0000] {logging_mixin.py:137} INFO - [2023-01-21T23:54:34.020+0000] {dag.py:3441} INFO - Setting next_dagrun for example_branch_datetime_operator to 2023-01-20T00:00:00+00:00, run_after=2023-01-21T00:00:00+00:00
[2023-01-21T23:54:34.024+0000] {logging_mixin.py:137} INFO - [2023-01-21T23:54:34.023+0000] {dag.py:3441} INFO - Setting next_dagrun for example_branch_datetime_operator_2 to 2023-01-20T00:00:00+00:00, run_after=2023-01-21T00:00:00+00:00
[2023-01-21T23:54:34.025+0000] {logging_mixin.py:137} INFO - [2023-01-21T23:54:34.025+0000] {dag.py:3441} INFO - Setting next_dagrun for example_branch_datetime_operator_3 to 2023-01-20T00:00:00+00:00, run_after=2023-01-21T00:00:00+00:00
[2023-01-21T23:54:34.036+0000] {processor.py:175} INFO - Processing /home/airflow/.local/lib/python3.7/site-packages/airflow/example_dags/example_branch_datetime_operator.py took 0.073 seconds
[2023-01-21T23:55:04.253+0000] {processor.py:153} INFO - Started process (PID=180) to work on /home/airflow/.local/lib/python3.7/site-packages/airflow/example_dags/example_branch_datetime_operator.py
[2023-01-21T23:55:04.254+0000] {processor.py:743} INFO - Processing file /home/airflow/.local/lib/python3.7/site-packages/airflow/example_dags/example_branch_datetime_operator.py for tasks to queue
[2023-01-21T23:55:04.255+0000] {logging_mixin.py:137} INFO - [2023-01-21T23:55:04.255+0000] {dagbag.py:538} INFO - Filling up the DagBag from /home/airflow/.local/lib/python3.7/site-packages/airflow/example_dags/example_branch_datetime_operator.py
[2023-01-21T23:55:04.266+0000] {processor.py:753} INFO - DAG(s) dict_keys(['example_branch_datetime_operator_3', 'example_branch_datetime_operator_2', 'example_branch_datetime_operator']) retrieved from /home/airflow/.local/lib/python3.7/site-packages/airflow/example_dags/example_branch_datetime_operator.py
[2023-01-21T23:55:04.291+0000] {logging_mixin.py:137} INFO - [2023-01-21T23:55:04.291+0000] {dag.py:2690} INFO - Sync 3 DAGs
[2023-01-21T23:55:04.309+0000] {logging_mixin.py:137} INFO - [2023-01-21T23:55:04.309+0000] {dag.py:3441} INFO - Setting next_dagrun for example_branch_datetime_operator to 2023-01-20T00:00:00+00:00, run_after=2023-01-21T00:00:00+00:00
[2023-01-21T23:55:04.312+0000] {logging_mixin.py:137} INFO - [2023-01-21T23:55:04.311+0000] {dag.py:3441} INFO - Setting next_dagrun for example_branch_datetime_operator_2 to 2023-01-20T00:00:00+00:00, run_after=2023-01-21T00:00:00+00:00
[2023-01-21T23:55:04.313+0000] {logging_mixin.py:137} INFO - [2023-01-21T23:55:04.313+0000] {dag.py:3441} INFO - Setting next_dagrun for example_branch_datetime_operator_3 to 2023-01-20T00:00:00+00:00, run_after=2023-01-21T00:00:00+00:00
[2023-01-21T23:55:04.323+0000] {processor.py:175} INFO - Processing /home/airflow/.local/lib/python3.7/site-packages/airflow/example_dags/example_branch_datetime_operator.py took 0.072 seconds
[2023-01-21T23:56:03.689+0000] {processor.py:153} INFO - Started process (PID=38) to work on /home/airflow/.local/lib/python3.7/site-packages/airflow/example_dags/example_branch_datetime_operator.py
[2023-01-21T23:56:03.691+0000] {processor.py:743} INFO - Processing file /home/airflow/.local/lib/python3.7/site-packages/airflow/example_dags/example_branch_datetime_operator.py for tasks to queue
[2023-01-21T23:56:03.691+0000] {logging_mixin.py:137} INFO - [2023-01-21T23:56:03.691+0000] {dagbag.py:538} INFO - Filling up the DagBag from /home/airflow/.local/lib/python3.7/site-packages/airflow/example_dags/example_branch_datetime_operator.py
[2023-01-21T23:56:03.709+0000] {processor.py:753} INFO - DAG(s) dict_keys(['example_branch_datetime_operator_3', 'example_branch_datetime_operator_2', 'example_branch_datetime_operator']) retrieved from /home/airflow/.local/lib/python3.7/site-packages/airflow/example_dags/example_branch_datetime_operator.py
[2023-01-21T23:56:03.723+0000] {logging_mixin.py:137} INFO - [2023-01-21T23:56:03.722+0000] {dag.py:2690} INFO - Sync 3 DAGs
[2023-01-21T23:56:03.751+0000] {logging_mixin.py:137} INFO - [2023-01-21T23:56:03.751+0000] {dag.py:3441} INFO - Setting next_dagrun for example_branch_datetime_operator to 2023-01-20T00:00:00+00:00, run_after=2023-01-21T00:00:00+00:00
[2023-01-21T23:56:03.756+0000] {logging_mixin.py:137} INFO - [2023-01-21T23:56:03.756+0000] {dag.py:3441} INFO - Setting next_dagrun for example_branch_datetime_operator_2 to 2023-01-20T00:00:00+00:00, run_after=2023-01-21T00:00:00+00:00
[2023-01-21T23:56:03.759+0000] {logging_mixin.py:137} INFO - [2023-01-21T23:56:03.759+0000] {dag.py:3441} INFO - Setting next_dagrun for example_branch_datetime_operator_3 to 2023-01-20T00:00:00+00:00, run_after=2023-01-21T00:00:00+00:00
[2023-01-21T23:56:03.777+0000] {processor.py:175} INFO - Processing /home/airflow/.local/lib/python3.7/site-packages/airflow/example_dags/example_branch_datetime_operator.py took 0.091 seconds
[2023-01-21T23:56:34.584+0000] {processor.py:153} INFO - Started process (PID=114) to work on /home/airflow/.local/lib/python3.7/site-packages/airflow/example_dags/example_branch_datetime_operator.py
[2023-01-21T23:56:34.585+0000] {processor.py:743} INFO - Processing file /home/airflow/.local/lib/python3.7/site-packages/airflow/example_dags/example_branch_datetime_operator.py for tasks to queue
[2023-01-21T23:56:34.586+0000] {logging_mixin.py:137} INFO - [2023-01-21T23:56:34.586+0000] {dagbag.py:538} INFO - Filling up the DagBag from /home/airflow/.local/lib/python3.7/site-packages/airflow/example_dags/example_branch_datetime_operator.py
[2023-01-21T23:56:34.599+0000] {processor.py:753} INFO - DAG(s) dict_keys(['example_branch_datetime_operator_3', 'example_branch_datetime_operator', 'example_branch_datetime_operator_2']) retrieved from /home/airflow/.local/lib/python3.7/site-packages/airflow/example_dags/example_branch_datetime_operator.py
[2023-01-21T23:56:34.625+0000] {logging_mixin.py:137} INFO - [2023-01-21T23:56:34.624+0000] {dag.py:2690} INFO - Sync 3 DAGs
[2023-01-21T23:56:34.642+0000] {logging_mixin.py:137} INFO - [2023-01-21T23:56:34.642+0000] {dag.py:3441} INFO - Setting next_dagrun for example_branch_datetime_operator to 2023-01-20T00:00:00+00:00, run_after=2023-01-21T00:00:00+00:00
[2023-01-21T23:56:34.646+0000] {logging_mixin.py:137} INFO - [2023-01-21T23:56:34.645+0000] {dag.py:3441} INFO - Setting next_dagrun for example_branch_datetime_operator_2 to 2023-01-20T00:00:00+00:00, run_after=2023-01-21T00:00:00+00:00
[2023-01-21T23:56:34.648+0000] {logging_mixin.py:137} INFO - [2023-01-21T23:56:34.648+0000] {dag.py:3441} INFO - Setting next_dagrun for example_branch_datetime_operator_3 to 2023-01-20T00:00:00+00:00, run_after=2023-01-21T00:00:00+00:00
[2023-01-21T23:56:34.659+0000] {processor.py:175} INFO - Processing /home/airflow/.local/lib/python3.7/site-packages/airflow/example_dags/example_branch_datetime_operator.py took 0.078 seconds
[2023-01-21T23:57:05.376+0000] {processor.py:153} INFO - Started process (PID=178) to work on /home/airflow/.local/lib/python3.7/site-packages/airflow/example_dags/example_branch_datetime_operator.py
[2023-01-21T23:57:05.377+0000] {processor.py:743} INFO - Processing file /home/airflow/.local/lib/python3.7/site-packages/airflow/example_dags/example_branch_datetime_operator.py for tasks to queue
[2023-01-21T23:57:05.378+0000] {logging_mixin.py:137} INFO - [2023-01-21T23:57:05.378+0000] {dagbag.py:538} INFO - Filling up the DagBag from /home/airflow/.local/lib/python3.7/site-packages/airflow/example_dags/example_branch_datetime_operator.py
[2023-01-21T23:57:05.390+0000] {processor.py:753} INFO - DAG(s) dict_keys(['example_branch_datetime_operator', 'example_branch_datetime_operator_2', 'example_branch_datetime_operator_3']) retrieved from /home/airflow/.local/lib/python3.7/site-packages/airflow/example_dags/example_branch_datetime_operator.py
[2023-01-21T23:57:05.416+0000] {logging_mixin.py:137} INFO - [2023-01-21T23:57:05.415+0000] {dag.py:2690} INFO - Sync 3 DAGs
[2023-01-21T23:57:05.433+0000] {logging_mixin.py:137} INFO - [2023-01-21T23:57:05.433+0000] {dag.py:3441} INFO - Setting next_dagrun for example_branch_datetime_operator to 2023-01-20T00:00:00+00:00, run_after=2023-01-21T00:00:00+00:00
[2023-01-21T23:57:05.436+0000] {logging_mixin.py:137} INFO - [2023-01-21T23:57:05.436+0000] {dag.py:3441} INFO - Setting next_dagrun for example_branch_datetime_operator_2 to 2023-01-20T00:00:00+00:00, run_after=2023-01-21T00:00:00+00:00
[2023-01-21T23:57:05.438+0000] {logging_mixin.py:137} INFO - [2023-01-21T23:57:05.438+0000] {dag.py:3441} INFO - Setting next_dagrun for example_branch_datetime_operator_3 to 2023-01-20T00:00:00+00:00, run_after=2023-01-21T00:00:00+00:00
[2023-01-21T23:57:05.448+0000] {processor.py:175} INFO - Processing /home/airflow/.local/lib/python3.7/site-packages/airflow/example_dags/example_branch_datetime_operator.py took 0.075 seconds
