[2023-01-21T23:45:25.070+0000] {processor.py:153} INFO - Started process (PID=78) to work on /home/airflow/.local/lib/python3.7/site-packages/airflow/example_dags/tutorial.py
[2023-01-21T23:45:25.074+0000] {processor.py:743} INFO - Processing file /home/airflow/.local/lib/python3.7/site-packages/airflow/example_dags/tutorial.py for tasks to queue
[2023-01-21T23:45:25.076+0000] {logging_mixin.py:137} INFO - [2023-01-21T23:45:25.076+0000] {dagbag.py:538} INFO - Filling up the DagBag from /home/airflow/.local/lib/python3.7/site-packages/airflow/example_dags/tutorial.py
[2023-01-21T23:45:25.112+0000] {processor.py:753} INFO - DAG(s) dict_keys(['tutorial']) retrieved from /home/airflow/.local/lib/python3.7/site-packages/airflow/example_dags/tutorial.py
[2023-01-21T23:45:25.135+0000] {logging_mixin.py:137} INFO - [2023-01-21T23:45:25.135+0000] {dag.py:2690} INFO - Sync 1 DAGs
[2023-01-21T23:45:25.205+0000] {logging_mixin.py:137} INFO - [2023-01-21T23:45:25.205+0000] {dag.py:3441} INFO - Setting next_dagrun for tutorial to 2023-01-20T23:45:25.205060+00:00, run_after=2023-01-21T23:45:25.205060+00:00
[2023-01-21T23:45:25.241+0000] {processor.py:175} INFO - Processing /home/airflow/.local/lib/python3.7/site-packages/airflow/example_dags/tutorial.py took 0.176 seconds
[2023-01-21T23:45:56.177+0000] {processor.py:153} INFO - Started process (PID=145) to work on /home/airflow/.local/lib/python3.7/site-packages/airflow/example_dags/tutorial.py
[2023-01-21T23:45:56.180+0000] {processor.py:743} INFO - Processing file /home/airflow/.local/lib/python3.7/site-packages/airflow/example_dags/tutorial.py for tasks to queue
[2023-01-21T23:45:56.182+0000] {logging_mixin.py:137} INFO - [2023-01-21T23:45:56.181+0000] {dagbag.py:538} INFO - Filling up the DagBag from /home/airflow/.local/lib/python3.7/site-packages/airflow/example_dags/tutorial.py
[2023-01-21T23:45:56.200+0000] {processor.py:753} INFO - DAG(s) dict_keys(['tutorial']) retrieved from /home/airflow/.local/lib/python3.7/site-packages/airflow/example_dags/tutorial.py
[2023-01-21T23:45:56.222+0000] {logging_mixin.py:137} INFO - [2023-01-21T23:45:56.222+0000] {dag.py:2690} INFO - Sync 1 DAGs
[2023-01-21T23:45:56.239+0000] {logging_mixin.py:137} INFO - [2023-01-21T23:45:56.239+0000] {dag.py:3441} INFO - Setting next_dagrun for tutorial to 2023-01-20T23:45:56.238877+00:00, run_after=2023-01-21T23:45:56.238877+00:00
[2023-01-21T23:45:56.250+0000] {processor.py:175} INFO - Processing /home/airflow/.local/lib/python3.7/site-packages/airflow/example_dags/tutorial.py took 0.080 seconds
[2023-01-21T23:46:26.849+0000] {processor.py:153} INFO - Started process (PID=221) to work on /home/airflow/.local/lib/python3.7/site-packages/airflow/example_dags/tutorial.py
[2023-01-21T23:46:26.851+0000] {processor.py:743} INFO - Processing file /home/airflow/.local/lib/python3.7/site-packages/airflow/example_dags/tutorial.py for tasks to queue
[2023-01-21T23:46:26.852+0000] {logging_mixin.py:137} INFO - [2023-01-21T23:46:26.852+0000] {dagbag.py:538} INFO - Filling up the DagBag from /home/airflow/.local/lib/python3.7/site-packages/airflow/example_dags/tutorial.py
[2023-01-21T23:46:26.870+0000] {processor.py:753} INFO - DAG(s) dict_keys(['tutorial']) retrieved from /home/airflow/.local/lib/python3.7/site-packages/airflow/example_dags/tutorial.py
[2023-01-21T23:46:26.891+0000] {logging_mixin.py:137} INFO - [2023-01-21T23:46:26.891+0000] {dag.py:2690} INFO - Sync 1 DAGs
[2023-01-21T23:46:26.907+0000] {logging_mixin.py:137} INFO - [2023-01-21T23:46:26.907+0000] {dag.py:3441} INFO - Setting next_dagrun for tutorial to 2023-01-20T23:46:26.907438+00:00, run_after=2023-01-21T23:46:26.907438+00:00
[2023-01-21T23:46:26.919+0000] {processor.py:175} INFO - Processing /home/airflow/.local/lib/python3.7/site-packages/airflow/example_dags/tutorial.py took 0.075 seconds
[2023-01-21T23:46:57.075+0000] {processor.py:153} INFO - Started process (PID=285) to work on /home/airflow/.local/lib/python3.7/site-packages/airflow/example_dags/tutorial.py
[2023-01-21T23:46:57.077+0000] {processor.py:743} INFO - Processing file /home/airflow/.local/lib/python3.7/site-packages/airflow/example_dags/tutorial.py for tasks to queue
[2023-01-21T23:46:57.079+0000] {logging_mixin.py:137} INFO - [2023-01-21T23:46:57.079+0000] {dagbag.py:538} INFO - Filling up the DagBag from /home/airflow/.local/lib/python3.7/site-packages/airflow/example_dags/tutorial.py
[2023-01-21T23:46:57.096+0000] {processor.py:753} INFO - DAG(s) dict_keys(['tutorial']) retrieved from /home/airflow/.local/lib/python3.7/site-packages/airflow/example_dags/tutorial.py
[2023-01-21T23:46:57.120+0000] {logging_mixin.py:137} INFO - [2023-01-21T23:46:57.120+0000] {dag.py:2690} INFO - Sync 1 DAGs
[2023-01-21T23:46:57.137+0000] {logging_mixin.py:137} INFO - [2023-01-21T23:46:57.137+0000] {dag.py:3441} INFO - Setting next_dagrun for tutorial to 2023-01-20T23:46:57.137182+00:00, run_after=2023-01-21T23:46:57.137182+00:00
[2023-01-21T23:46:57.149+0000] {processor.py:175} INFO - Processing /home/airflow/.local/lib/python3.7/site-packages/airflow/example_dags/tutorial.py took 0.081 seconds
[2023-01-21T23:47:27.452+0000] {processor.py:153} INFO - Started process (PID=360) to work on /home/airflow/.local/lib/python3.7/site-packages/airflow/example_dags/tutorial.py
[2023-01-21T23:47:27.455+0000] {processor.py:743} INFO - Processing file /home/airflow/.local/lib/python3.7/site-packages/airflow/example_dags/tutorial.py for tasks to queue
[2023-01-21T23:47:27.456+0000] {logging_mixin.py:137} INFO - [2023-01-21T23:47:27.456+0000] {dagbag.py:538} INFO - Filling up the DagBag from /home/airflow/.local/lib/python3.7/site-packages/airflow/example_dags/tutorial.py
[2023-01-21T23:47:27.477+0000] {processor.py:753} INFO - DAG(s) dict_keys(['tutorial']) retrieved from /home/airflow/.local/lib/python3.7/site-packages/airflow/example_dags/tutorial.py
[2023-01-21T23:47:27.503+0000] {logging_mixin.py:137} INFO - [2023-01-21T23:47:27.503+0000] {dag.py:2690} INFO - Sync 1 DAGs
[2023-01-21T23:47:27.519+0000] {logging_mixin.py:137} INFO - [2023-01-21T23:47:27.519+0000] {dag.py:3441} INFO - Setting next_dagrun for tutorial to 2023-01-20T23:47:27.519410+00:00, run_after=2023-01-21T23:47:27.519410+00:00
[2023-01-21T23:47:27.531+0000] {processor.py:175} INFO - Processing /home/airflow/.local/lib/python3.7/site-packages/airflow/example_dags/tutorial.py took 0.086 seconds
[2023-01-21T23:47:57.858+0000] {processor.py:153} INFO - Started process (PID=437) to work on /home/airflow/.local/lib/python3.7/site-packages/airflow/example_dags/tutorial.py
[2023-01-21T23:47:57.860+0000] {processor.py:743} INFO - Processing file /home/airflow/.local/lib/python3.7/site-packages/airflow/example_dags/tutorial.py for tasks to queue
[2023-01-21T23:47:57.861+0000] {logging_mixin.py:137} INFO - [2023-01-21T23:47:57.861+0000] {dagbag.py:538} INFO - Filling up the DagBag from /home/airflow/.local/lib/python3.7/site-packages/airflow/example_dags/tutorial.py
[2023-01-21T23:47:57.879+0000] {processor.py:753} INFO - DAG(s) dict_keys(['tutorial']) retrieved from /home/airflow/.local/lib/python3.7/site-packages/airflow/example_dags/tutorial.py
[2023-01-21T23:47:57.910+0000] {logging_mixin.py:137} INFO - [2023-01-21T23:47:57.910+0000] {dag.py:2690} INFO - Sync 1 DAGs
[2023-01-21T23:47:57.958+0000] {logging_mixin.py:137} INFO - [2023-01-21T23:47:57.958+0000] {dag.py:3441} INFO - Setting next_dagrun for tutorial to 2023-01-20T23:47:57.957799+00:00, run_after=2023-01-21T23:47:57.957799+00:00
[2023-01-21T23:47:57.976+0000] {processor.py:175} INFO - Processing /home/airflow/.local/lib/python3.7/site-packages/airflow/example_dags/tutorial.py took 0.124 seconds
[2023-01-21T23:48:28.039+0000] {processor.py:153} INFO - Started process (PID=501) to work on /home/airflow/.local/lib/python3.7/site-packages/airflow/example_dags/tutorial.py
[2023-01-21T23:48:28.040+0000] {processor.py:743} INFO - Processing file /home/airflow/.local/lib/python3.7/site-packages/airflow/example_dags/tutorial.py for tasks to queue
[2023-01-21T23:48:28.041+0000] {logging_mixin.py:137} INFO - [2023-01-21T23:48:28.041+0000] {dagbag.py:538} INFO - Filling up the DagBag from /home/airflow/.local/lib/python3.7/site-packages/airflow/example_dags/tutorial.py
[2023-01-21T23:48:28.054+0000] {processor.py:753} INFO - DAG(s) dict_keys(['tutorial']) retrieved from /home/airflow/.local/lib/python3.7/site-packages/airflow/example_dags/tutorial.py
[2023-01-21T23:48:28.076+0000] {logging_mixin.py:137} INFO - [2023-01-21T23:48:28.076+0000] {dag.py:2690} INFO - Sync 1 DAGs
[2023-01-21T23:48:28.093+0000] {logging_mixin.py:137} INFO - [2023-01-21T23:48:28.093+0000] {dag.py:3441} INFO - Setting next_dagrun for tutorial to 2023-01-20T23:48:28.093117+00:00, run_after=2023-01-21T23:48:28.093117+00:00
[2023-01-21T23:48:28.105+0000] {processor.py:175} INFO - Processing /home/airflow/.local/lib/python3.7/site-packages/airflow/example_dags/tutorial.py took 0.069 seconds
[2023-01-21T23:48:58.878+0000] {processor.py:153} INFO - Started process (PID=577) to work on /home/airflow/.local/lib/python3.7/site-packages/airflow/example_dags/tutorial.py
[2023-01-21T23:48:58.881+0000] {processor.py:743} INFO - Processing file /home/airflow/.local/lib/python3.7/site-packages/airflow/example_dags/tutorial.py for tasks to queue
[2023-01-21T23:48:58.882+0000] {logging_mixin.py:137} INFO - [2023-01-21T23:48:58.882+0000] {dagbag.py:538} INFO - Filling up the DagBag from /home/airflow/.local/lib/python3.7/site-packages/airflow/example_dags/tutorial.py
[2023-01-21T23:48:58.900+0000] {processor.py:753} INFO - DAG(s) dict_keys(['tutorial']) retrieved from /home/airflow/.local/lib/python3.7/site-packages/airflow/example_dags/tutorial.py
[2023-01-21T23:48:58.924+0000] {logging_mixin.py:137} INFO - [2023-01-21T23:48:58.924+0000] {dag.py:2690} INFO - Sync 1 DAGs
[2023-01-21T23:48:58.941+0000] {logging_mixin.py:137} INFO - [2023-01-21T23:48:58.940+0000] {dag.py:3441} INFO - Setting next_dagrun for tutorial to 2023-01-20T23:48:58.940389+00:00, run_after=2023-01-21T23:48:58.940389+00:00
[2023-01-21T23:48:58.954+0000] {processor.py:175} INFO - Processing /home/airflow/.local/lib/python3.7/site-packages/airflow/example_dags/tutorial.py took 0.083 seconds
[2023-01-21T23:49:29.149+0000] {processor.py:153} INFO - Started process (PID=652) to work on /home/airflow/.local/lib/python3.7/site-packages/airflow/example_dags/tutorial.py
[2023-01-21T23:49:29.151+0000] {processor.py:743} INFO - Processing file /home/airflow/.local/lib/python3.7/site-packages/airflow/example_dags/tutorial.py for tasks to queue
[2023-01-21T23:49:29.152+0000] {logging_mixin.py:137} INFO - [2023-01-21T23:49:29.152+0000] {dagbag.py:538} INFO - Filling up the DagBag from /home/airflow/.local/lib/python3.7/site-packages/airflow/example_dags/tutorial.py
[2023-01-21T23:49:29.167+0000] {processor.py:753} INFO - DAG(s) dict_keys(['tutorial']) retrieved from /home/airflow/.local/lib/python3.7/site-packages/airflow/example_dags/tutorial.py
[2023-01-21T23:49:29.205+0000] {logging_mixin.py:137} INFO - [2023-01-21T23:49:29.205+0000] {dag.py:2690} INFO - Sync 1 DAGs
[2023-01-21T23:49:29.228+0000] {logging_mixin.py:137} INFO - [2023-01-21T23:49:29.228+0000] {dag.py:3441} INFO - Setting next_dagrun for tutorial to 2023-01-20T23:49:29.227842+00:00, run_after=2023-01-21T23:49:29.227842+00:00
[2023-01-21T23:49:29.251+0000] {processor.py:175} INFO - Processing /home/airflow/.local/lib/python3.7/site-packages/airflow/example_dags/tutorial.py took 0.106 seconds
[2023-01-21T23:49:59.437+0000] {processor.py:153} INFO - Started process (PID=719) to work on /home/airflow/.local/lib/python3.7/site-packages/airflow/example_dags/tutorial.py
[2023-01-21T23:49:59.439+0000] {processor.py:743} INFO - Processing file /home/airflow/.local/lib/python3.7/site-packages/airflow/example_dags/tutorial.py for tasks to queue
[2023-01-21T23:49:59.441+0000] {logging_mixin.py:137} INFO - [2023-01-21T23:49:59.441+0000] {dagbag.py:538} INFO - Filling up the DagBag from /home/airflow/.local/lib/python3.7/site-packages/airflow/example_dags/tutorial.py
[2023-01-21T23:49:59.453+0000] {processor.py:753} INFO - DAG(s) dict_keys(['tutorial']) retrieved from /home/airflow/.local/lib/python3.7/site-packages/airflow/example_dags/tutorial.py
[2023-01-21T23:49:59.472+0000] {logging_mixin.py:137} INFO - [2023-01-21T23:49:59.472+0000] {dag.py:2690} INFO - Sync 1 DAGs
[2023-01-21T23:49:59.488+0000] {logging_mixin.py:137} INFO - [2023-01-21T23:49:59.488+0000] {dag.py:3441} INFO - Setting next_dagrun for tutorial to 2023-01-20T23:49:59.487904+00:00, run_after=2023-01-21T23:49:59.487904+00:00
[2023-01-21T23:49:59.501+0000] {processor.py:175} INFO - Processing /home/airflow/.local/lib/python3.7/site-packages/airflow/example_dags/tutorial.py took 0.068 seconds
[2023-01-21T23:50:29.929+0000] {processor.py:153} INFO - Started process (PID=794) to work on /home/airflow/.local/lib/python3.7/site-packages/airflow/example_dags/tutorial.py
[2023-01-21T23:50:29.931+0000] {processor.py:743} INFO - Processing file /home/airflow/.local/lib/python3.7/site-packages/airflow/example_dags/tutorial.py for tasks to queue
[2023-01-21T23:50:29.932+0000] {logging_mixin.py:137} INFO - [2023-01-21T23:50:29.932+0000] {dagbag.py:538} INFO - Filling up the DagBag from /home/airflow/.local/lib/python3.7/site-packages/airflow/example_dags/tutorial.py
[2023-01-21T23:50:29.946+0000] {processor.py:753} INFO - DAG(s) dict_keys(['tutorial']) retrieved from /home/airflow/.local/lib/python3.7/site-packages/airflow/example_dags/tutorial.py
[2023-01-21T23:50:29.970+0000] {logging_mixin.py:137} INFO - [2023-01-21T23:50:29.970+0000] {dag.py:2690} INFO - Sync 1 DAGs
[2023-01-21T23:50:29.988+0000] {logging_mixin.py:137} INFO - [2023-01-21T23:50:29.988+0000] {dag.py:3441} INFO - Setting next_dagrun for tutorial to 2023-01-20T23:50:29.988281+00:00, run_after=2023-01-21T23:50:29.988281+00:00
[2023-01-21T23:50:30.000+0000] {processor.py:175} INFO - Processing /home/airflow/.local/lib/python3.7/site-packages/airflow/example_dags/tutorial.py took 0.076 seconds
[2023-01-21T23:54:05.833+0000] {processor.py:153} INFO - Started process (PID=69) to work on /home/airflow/.local/lib/python3.7/site-packages/airflow/example_dags/tutorial.py
[2023-01-21T23:54:05.835+0000] {processor.py:743} INFO - Processing file /home/airflow/.local/lib/python3.7/site-packages/airflow/example_dags/tutorial.py for tasks to queue
[2023-01-21T23:54:05.836+0000] {logging_mixin.py:137} INFO - [2023-01-21T23:54:05.835+0000] {dagbag.py:538} INFO - Filling up the DagBag from /home/airflow/.local/lib/python3.7/site-packages/airflow/example_dags/tutorial.py
[2023-01-21T23:54:05.895+0000] {processor.py:753} INFO - DAG(s) dict_keys(['tutorial']) retrieved from /home/airflow/.local/lib/python3.7/site-packages/airflow/example_dags/tutorial.py
[2023-01-21T23:54:05.923+0000] {logging_mixin.py:137} INFO - [2023-01-21T23:54:05.923+0000] {dag.py:2690} INFO - Sync 1 DAGs
[2023-01-21T23:54:05.964+0000] {logging_mixin.py:137} INFO - [2023-01-21T23:54:05.964+0000] {dag.py:3441} INFO - Setting next_dagrun for tutorial to 2023-01-20T23:54:05.961467+00:00, run_after=2023-01-21T23:54:05.961467+00:00
[2023-01-21T23:54:05.993+0000] {processor.py:175} INFO - Processing /home/airflow/.local/lib/python3.7/site-packages/airflow/example_dags/tutorial.py took 0.165 seconds
[2023-01-21T23:54:36.470+0000] {processor.py:153} INFO - Started process (PID=145) to work on /home/airflow/.local/lib/python3.7/site-packages/airflow/example_dags/tutorial.py
[2023-01-21T23:54:36.471+0000] {processor.py:743} INFO - Processing file /home/airflow/.local/lib/python3.7/site-packages/airflow/example_dags/tutorial.py for tasks to queue
[2023-01-21T23:54:36.472+0000] {logging_mixin.py:137} INFO - [2023-01-21T23:54:36.472+0000] {dagbag.py:538} INFO - Filling up the DagBag from /home/airflow/.local/lib/python3.7/site-packages/airflow/example_dags/tutorial.py
[2023-01-21T23:54:36.482+0000] {processor.py:753} INFO - DAG(s) dict_keys(['tutorial']) retrieved from /home/airflow/.local/lib/python3.7/site-packages/airflow/example_dags/tutorial.py
[2023-01-21T23:54:36.500+0000] {logging_mixin.py:137} INFO - [2023-01-21T23:54:36.500+0000] {dag.py:2690} INFO - Sync 1 DAGs
[2023-01-21T23:54:36.516+0000] {logging_mixin.py:137} INFO - [2023-01-21T23:54:36.516+0000] {dag.py:3441} INFO - Setting next_dagrun for tutorial to 2023-01-20T23:54:36.516308+00:00, run_after=2023-01-21T23:54:36.516308+00:00
[2023-01-21T23:54:36.527+0000] {processor.py:175} INFO - Processing /home/airflow/.local/lib/python3.7/site-packages/airflow/example_dags/tutorial.py took 0.060 seconds
[2023-01-21T23:55:07.077+0000] {processor.py:153} INFO - Started process (PID=222) to work on /home/airflow/.local/lib/python3.7/site-packages/airflow/example_dags/tutorial.py
[2023-01-21T23:55:07.079+0000] {processor.py:743} INFO - Processing file /home/airflow/.local/lib/python3.7/site-packages/airflow/example_dags/tutorial.py for tasks to queue
[2023-01-21T23:55:07.081+0000] {logging_mixin.py:137} INFO - [2023-01-21T23:55:07.081+0000] {dagbag.py:538} INFO - Filling up the DagBag from /home/airflow/.local/lib/python3.7/site-packages/airflow/example_dags/tutorial.py
[2023-01-21T23:55:07.098+0000] {processor.py:753} INFO - DAG(s) dict_keys(['tutorial']) retrieved from /home/airflow/.local/lib/python3.7/site-packages/airflow/example_dags/tutorial.py
[2023-01-21T23:55:07.138+0000] {logging_mixin.py:137} INFO - [2023-01-21T23:55:07.137+0000] {dag.py:2690} INFO - Sync 1 DAGs
[2023-01-21T23:55:07.164+0000] {logging_mixin.py:137} INFO - [2023-01-21T23:55:07.164+0000] {dag.py:3441} INFO - Setting next_dagrun for tutorial to 2023-01-20T23:55:07.164468+00:00, run_after=2023-01-21T23:55:07.164468+00:00
[2023-01-21T23:55:07.186+0000] {processor.py:175} INFO - Processing /home/airflow/.local/lib/python3.7/site-packages/airflow/example_dags/tutorial.py took 0.115 seconds
[2023-01-21T23:56:06.741+0000] {processor.py:153} INFO - Started process (PID=68) to work on /home/airflow/.local/lib/python3.7/site-packages/airflow/example_dags/tutorial.py
[2023-01-21T23:56:06.743+0000] {processor.py:743} INFO - Processing file /home/airflow/.local/lib/python3.7/site-packages/airflow/example_dags/tutorial.py for tasks to queue
[2023-01-21T23:56:06.744+0000] {logging_mixin.py:137} INFO - [2023-01-21T23:56:06.744+0000] {dagbag.py:538} INFO - Filling up the DagBag from /home/airflow/.local/lib/python3.7/site-packages/airflow/example_dags/tutorial.py
[2023-01-21T23:56:06.768+0000] {processor.py:753} INFO - DAG(s) dict_keys(['tutorial']) retrieved from /home/airflow/.local/lib/python3.7/site-packages/airflow/example_dags/tutorial.py
[2023-01-21T23:56:06.797+0000] {logging_mixin.py:137} INFO - [2023-01-21T23:56:06.797+0000] {dag.py:2690} INFO - Sync 1 DAGs
[2023-01-21T23:56:06.835+0000] {logging_mixin.py:137} INFO - [2023-01-21T23:56:06.835+0000] {dag.py:3441} INFO - Setting next_dagrun for tutorial to 2023-01-20T23:56:06.835422+00:00, run_after=2023-01-21T23:56:06.835422+00:00
[2023-01-21T23:56:06.861+0000] {processor.py:175} INFO - Processing /home/airflow/.local/lib/python3.7/site-packages/airflow/example_dags/tutorial.py took 0.124 seconds
[2023-01-21T23:56:37.563+0000] {processor.py:153} INFO - Started process (PID=144) to work on /home/airflow/.local/lib/python3.7/site-packages/airflow/example_dags/tutorial.py
[2023-01-21T23:56:37.565+0000] {processor.py:743} INFO - Processing file /home/airflow/.local/lib/python3.7/site-packages/airflow/example_dags/tutorial.py for tasks to queue
[2023-01-21T23:56:37.566+0000] {logging_mixin.py:137} INFO - [2023-01-21T23:56:37.566+0000] {dagbag.py:538} INFO - Filling up the DagBag from /home/airflow/.local/lib/python3.7/site-packages/airflow/example_dags/tutorial.py
[2023-01-21T23:56:37.577+0000] {processor.py:753} INFO - DAG(s) dict_keys(['tutorial']) retrieved from /home/airflow/.local/lib/python3.7/site-packages/airflow/example_dags/tutorial.py
[2023-01-21T23:56:37.600+0000] {logging_mixin.py:137} INFO - [2023-01-21T23:56:37.600+0000] {dag.py:2690} INFO - Sync 1 DAGs
[2023-01-21T23:56:37.618+0000] {logging_mixin.py:137} INFO - [2023-01-21T23:56:37.617+0000] {dag.py:3441} INFO - Setting next_dagrun for tutorial to 2023-01-20T23:56:37.617779+00:00, run_after=2023-01-21T23:56:37.617779+00:00
[2023-01-21T23:56:37.631+0000] {processor.py:175} INFO - Processing /home/airflow/.local/lib/python3.7/site-packages/airflow/example_dags/tutorial.py took 0.071 seconds
[2023-01-21T23:57:08.478+0000] {processor.py:153} INFO - Started process (PID=220) to work on /home/airflow/.local/lib/python3.7/site-packages/airflow/example_dags/tutorial.py
[2023-01-21T23:57:08.480+0000] {processor.py:743} INFO - Processing file /home/airflow/.local/lib/python3.7/site-packages/airflow/example_dags/tutorial.py for tasks to queue
[2023-01-21T23:57:08.481+0000] {logging_mixin.py:137} INFO - [2023-01-21T23:57:08.481+0000] {dagbag.py:538} INFO - Filling up the DagBag from /home/airflow/.local/lib/python3.7/site-packages/airflow/example_dags/tutorial.py
[2023-01-21T23:57:08.497+0000] {processor.py:753} INFO - DAG(s) dict_keys(['tutorial']) retrieved from /home/airflow/.local/lib/python3.7/site-packages/airflow/example_dags/tutorial.py
[2023-01-21T23:57:08.517+0000] {logging_mixin.py:137} INFO - [2023-01-21T23:57:08.517+0000] {dag.py:2690} INFO - Sync 1 DAGs
[2023-01-21T23:57:08.537+0000] {logging_mixin.py:137} INFO - [2023-01-21T23:57:08.536+0000] {dag.py:3441} INFO - Setting next_dagrun for tutorial to 2023-01-20T23:57:08.536766+00:00, run_after=2023-01-21T23:57:08.536766+00:00
[2023-01-21T23:57:08.550+0000] {processor.py:175} INFO - Processing /home/airflow/.local/lib/python3.7/site-packages/airflow/example_dags/tutorial.py took 0.076 seconds
