[2023-01-21T23:45:23.092+0000] {processor.py:153} INFO - Started process (PID=54) to work on /home/airflow/.local/lib/python3.7/site-packages/airflow/example_dags/example_latest_only.py
[2023-01-21T23:45:23.094+0000] {processor.py:743} INFO - Processing file /home/airflow/.local/lib/python3.7/site-packages/airflow/example_dags/example_latest_only.py for tasks to queue
[2023-01-21T23:45:23.095+0000] {logging_mixin.py:137} INFO - [2023-01-21T23:45:23.095+0000] {dagbag.py:538} INFO - Filling up the DagBag from /home/airflow/.local/lib/python3.7/site-packages/airflow/example_dags/example_latest_only.py
[2023-01-21T23:45:23.112+0000] {processor.py:753} INFO - DAG(s) dict_keys(['latest_only']) retrieved from /home/airflow/.local/lib/python3.7/site-packages/airflow/example_dags/example_latest_only.py
[2023-01-21T23:45:23.127+0000] {logging_mixin.py:137} INFO - [2023-01-21T23:45:23.127+0000] {dag.py:2690} INFO - Sync 1 DAGs
[2023-01-21T23:45:23.159+0000] {logging_mixin.py:137} INFO - [2023-01-21T23:45:23.159+0000] {dag.py:3441} INFO - Setting next_dagrun for latest_only to 2023-01-21T19:45:23.158674+00:00, run_after=2023-01-21T23:45:23.158674+00:00
[2023-01-21T23:45:23.182+0000] {processor.py:175} INFO - Processing /home/airflow/.local/lib/python3.7/site-packages/airflow/example_dags/example_latest_only.py took 0.093 seconds
[2023-01-21T23:45:53.272+0000] {processor.py:153} INFO - Started process (PID=130) to work on /home/airflow/.local/lib/python3.7/site-packages/airflow/example_dags/example_latest_only.py
[2023-01-21T23:45:53.273+0000] {processor.py:743} INFO - Processing file /home/airflow/.local/lib/python3.7/site-packages/airflow/example_dags/example_latest_only.py for tasks to queue
[2023-01-21T23:45:53.274+0000] {logging_mixin.py:137} INFO - [2023-01-21T23:45:53.274+0000] {dagbag.py:538} INFO - Filling up the DagBag from /home/airflow/.local/lib/python3.7/site-packages/airflow/example_dags/example_latest_only.py
[2023-01-21T23:45:53.284+0000] {processor.py:753} INFO - DAG(s) dict_keys(['latest_only']) retrieved from /home/airflow/.local/lib/python3.7/site-packages/airflow/example_dags/example_latest_only.py
[2023-01-21T23:45:53.301+0000] {logging_mixin.py:137} INFO - [2023-01-21T23:45:53.301+0000] {dag.py:2690} INFO - Sync 1 DAGs
[2023-01-21T23:45:53.316+0000] {logging_mixin.py:137} INFO - [2023-01-21T23:45:53.315+0000] {dag.py:3441} INFO - Setting next_dagrun for latest_only to 2023-01-21T19:45:53.315774+00:00, run_after=2023-01-21T23:45:53.315774+00:00
[2023-01-21T23:45:53.326+0000] {processor.py:175} INFO - Processing /home/airflow/.local/lib/python3.7/site-packages/airflow/example_dags/example_latest_only.py took 0.056 seconds
[2023-01-21T23:46:23.714+0000] {processor.py:153} INFO - Started process (PID=195) to work on /home/airflow/.local/lib/python3.7/site-packages/airflow/example_dags/example_latest_only.py
[2023-01-21T23:46:23.715+0000] {processor.py:743} INFO - Processing file /home/airflow/.local/lib/python3.7/site-packages/airflow/example_dags/example_latest_only.py for tasks to queue
[2023-01-21T23:46:23.716+0000] {logging_mixin.py:137} INFO - [2023-01-21T23:46:23.716+0000] {dagbag.py:538} INFO - Filling up the DagBag from /home/airflow/.local/lib/python3.7/site-packages/airflow/example_dags/example_latest_only.py
[2023-01-21T23:46:23.725+0000] {processor.py:753} INFO - DAG(s) dict_keys(['latest_only']) retrieved from /home/airflow/.local/lib/python3.7/site-packages/airflow/example_dags/example_latest_only.py
[2023-01-21T23:46:23.743+0000] {logging_mixin.py:137} INFO - [2023-01-21T23:46:23.743+0000] {dag.py:2690} INFO - Sync 1 DAGs
[2023-01-21T23:46:23.758+0000] {logging_mixin.py:137} INFO - [2023-01-21T23:46:23.758+0000] {dag.py:3441} INFO - Setting next_dagrun for latest_only to 2023-01-21T19:46:23.758098+00:00, run_after=2023-01-21T23:46:23.758098+00:00
[2023-01-21T23:46:23.768+0000] {processor.py:175} INFO - Processing /home/airflow/.local/lib/python3.7/site-packages/airflow/example_dags/example_latest_only.py took 0.056 seconds
[2023-01-21T23:46:54.222+0000] {processor.py:153} INFO - Started process (PID=270) to work on /home/airflow/.local/lib/python3.7/site-packages/airflow/example_dags/example_latest_only.py
[2023-01-21T23:46:54.224+0000] {processor.py:743} INFO - Processing file /home/airflow/.local/lib/python3.7/site-packages/airflow/example_dags/example_latest_only.py for tasks to queue
[2023-01-21T23:46:54.224+0000] {logging_mixin.py:137} INFO - [2023-01-21T23:46:54.224+0000] {dagbag.py:538} INFO - Filling up the DagBag from /home/airflow/.local/lib/python3.7/site-packages/airflow/example_dags/example_latest_only.py
[2023-01-21T23:46:54.234+0000] {processor.py:753} INFO - DAG(s) dict_keys(['latest_only']) retrieved from /home/airflow/.local/lib/python3.7/site-packages/airflow/example_dags/example_latest_only.py
[2023-01-21T23:46:54.250+0000] {logging_mixin.py:137} INFO - [2023-01-21T23:46:54.250+0000] {dag.py:2690} INFO - Sync 1 DAGs
[2023-01-21T23:46:54.264+0000] {logging_mixin.py:137} INFO - [2023-01-21T23:46:54.264+0000] {dag.py:3441} INFO - Setting next_dagrun for latest_only to 2023-01-21T19:46:54.264413+00:00, run_after=2023-01-21T23:46:54.264413+00:00
[2023-01-21T23:46:54.274+0000] {processor.py:175} INFO - Processing /home/airflow/.local/lib/python3.7/site-packages/airflow/example_dags/example_latest_only.py took 0.055 seconds
[2023-01-21T23:47:24.671+0000] {processor.py:153} INFO - Started process (PID=345) to work on /home/airflow/.local/lib/python3.7/site-packages/airflow/example_dags/example_latest_only.py
[2023-01-21T23:47:24.672+0000] {processor.py:743} INFO - Processing file /home/airflow/.local/lib/python3.7/site-packages/airflow/example_dags/example_latest_only.py for tasks to queue
[2023-01-21T23:47:24.673+0000] {logging_mixin.py:137} INFO - [2023-01-21T23:47:24.673+0000] {dagbag.py:538} INFO - Filling up the DagBag from /home/airflow/.local/lib/python3.7/site-packages/airflow/example_dags/example_latest_only.py
[2023-01-21T23:47:24.683+0000] {processor.py:753} INFO - DAG(s) dict_keys(['latest_only']) retrieved from /home/airflow/.local/lib/python3.7/site-packages/airflow/example_dags/example_latest_only.py
[2023-01-21T23:47:24.702+0000] {logging_mixin.py:137} INFO - [2023-01-21T23:47:24.702+0000] {dag.py:2690} INFO - Sync 1 DAGs
[2023-01-21T23:47:24.717+0000] {logging_mixin.py:137} INFO - [2023-01-21T23:47:24.717+0000] {dag.py:3441} INFO - Setting next_dagrun for latest_only to 2023-01-21T19:47:24.717152+00:00, run_after=2023-01-21T23:47:24.717152+00:00
[2023-01-21T23:47:24.729+0000] {processor.py:175} INFO - Processing /home/airflow/.local/lib/python3.7/site-packages/airflow/example_dags/example_latest_only.py took 0.061 seconds
[2023-01-21T23:47:55.132+0000] {processor.py:153} INFO - Started process (PID=410) to work on /home/airflow/.local/lib/python3.7/site-packages/airflow/example_dags/example_latest_only.py
[2023-01-21T23:47:55.133+0000] {processor.py:743} INFO - Processing file /home/airflow/.local/lib/python3.7/site-packages/airflow/example_dags/example_latest_only.py for tasks to queue
[2023-01-21T23:47:55.134+0000] {logging_mixin.py:137} INFO - [2023-01-21T23:47:55.134+0000] {dagbag.py:538} INFO - Filling up the DagBag from /home/airflow/.local/lib/python3.7/site-packages/airflow/example_dags/example_latest_only.py
[2023-01-21T23:47:55.145+0000] {processor.py:753} INFO - DAG(s) dict_keys(['latest_only']) retrieved from /home/airflow/.local/lib/python3.7/site-packages/airflow/example_dags/example_latest_only.py
[2023-01-21T23:47:55.168+0000] {logging_mixin.py:137} INFO - [2023-01-21T23:47:55.168+0000] {dag.py:2690} INFO - Sync 1 DAGs
[2023-01-21T23:47:55.186+0000] {logging_mixin.py:137} INFO - [2023-01-21T23:47:55.186+0000] {dag.py:3441} INFO - Setting next_dagrun for latest_only to 2023-01-21T19:47:55.186624+00:00, run_after=2023-01-21T23:47:55.186624+00:00
[2023-01-21T23:47:55.200+0000] {processor.py:175} INFO - Processing /home/airflow/.local/lib/python3.7/site-packages/airflow/example_dags/example_latest_only.py took 0.072 seconds
[2023-01-21T23:48:25.319+0000] {processor.py:153} INFO - Started process (PID=485) to work on /home/airflow/.local/lib/python3.7/site-packages/airflow/example_dags/example_latest_only.py
[2023-01-21T23:48:25.321+0000] {processor.py:743} INFO - Processing file /home/airflow/.local/lib/python3.7/site-packages/airflow/example_dags/example_latest_only.py for tasks to queue
[2023-01-21T23:48:25.322+0000] {logging_mixin.py:137} INFO - [2023-01-21T23:48:25.322+0000] {dagbag.py:538} INFO - Filling up the DagBag from /home/airflow/.local/lib/python3.7/site-packages/airflow/example_dags/example_latest_only.py
[2023-01-21T23:48:25.331+0000] {processor.py:753} INFO - DAG(s) dict_keys(['latest_only']) retrieved from /home/airflow/.local/lib/python3.7/site-packages/airflow/example_dags/example_latest_only.py
[2023-01-21T23:48:25.350+0000] {logging_mixin.py:137} INFO - [2023-01-21T23:48:25.350+0000] {dag.py:2690} INFO - Sync 1 DAGs
[2023-01-21T23:48:25.365+0000] {logging_mixin.py:137} INFO - [2023-01-21T23:48:25.365+0000] {dag.py:3441} INFO - Setting next_dagrun for latest_only to 2023-01-21T19:48:25.365420+00:00, run_after=2023-01-21T23:48:25.365420+00:00
[2023-01-21T23:48:25.376+0000] {processor.py:175} INFO - Processing /home/airflow/.local/lib/python3.7/site-packages/airflow/example_dags/example_latest_only.py took 0.060 seconds
[2023-01-21T23:48:56.027+0000] {processor.py:153} INFO - Started process (PID=562) to work on /home/airflow/.local/lib/python3.7/site-packages/airflow/example_dags/example_latest_only.py
[2023-01-21T23:48:56.028+0000] {processor.py:743} INFO - Processing file /home/airflow/.local/lib/python3.7/site-packages/airflow/example_dags/example_latest_only.py for tasks to queue
[2023-01-21T23:48:56.029+0000] {logging_mixin.py:137} INFO - [2023-01-21T23:48:56.028+0000] {dagbag.py:538} INFO - Filling up the DagBag from /home/airflow/.local/lib/python3.7/site-packages/airflow/example_dags/example_latest_only.py
[2023-01-21T23:48:56.038+0000] {processor.py:753} INFO - DAG(s) dict_keys(['latest_only']) retrieved from /home/airflow/.local/lib/python3.7/site-packages/airflow/example_dags/example_latest_only.py
[2023-01-21T23:48:56.058+0000] {logging_mixin.py:137} INFO - [2023-01-21T23:48:56.058+0000] {dag.py:2690} INFO - Sync 1 DAGs
[2023-01-21T23:48:56.074+0000] {logging_mixin.py:137} INFO - [2023-01-21T23:48:56.074+0000] {dag.py:3441} INFO - Setting next_dagrun for latest_only to 2023-01-21T19:48:56.074127+00:00, run_after=2023-01-21T23:48:56.074127+00:00
[2023-01-21T23:48:56.087+0000] {processor.py:175} INFO - Processing /home/airflow/.local/lib/python3.7/site-packages/airflow/example_dags/example_latest_only.py took 0.063 seconds
[2023-01-21T23:49:26.426+0000] {processor.py:153} INFO - Started process (PID=627) to work on /home/airflow/.local/lib/python3.7/site-packages/airflow/example_dags/example_latest_only.py
[2023-01-21T23:49:26.427+0000] {processor.py:743} INFO - Processing file /home/airflow/.local/lib/python3.7/site-packages/airflow/example_dags/example_latest_only.py for tasks to queue
[2023-01-21T23:49:26.427+0000] {logging_mixin.py:137} INFO - [2023-01-21T23:49:26.427+0000] {dagbag.py:538} INFO - Filling up the DagBag from /home/airflow/.local/lib/python3.7/site-packages/airflow/example_dags/example_latest_only.py
[2023-01-21T23:49:26.437+0000] {processor.py:753} INFO - DAG(s) dict_keys(['latest_only']) retrieved from /home/airflow/.local/lib/python3.7/site-packages/airflow/example_dags/example_latest_only.py
[2023-01-21T23:49:26.456+0000] {logging_mixin.py:137} INFO - [2023-01-21T23:49:26.456+0000] {dag.py:2690} INFO - Sync 1 DAGs
[2023-01-21T23:49:26.473+0000] {logging_mixin.py:137} INFO - [2023-01-21T23:49:26.473+0000] {dag.py:3441} INFO - Setting next_dagrun for latest_only to 2023-01-21T19:49:26.473473+00:00, run_after=2023-01-21T23:49:26.473473+00:00
[2023-01-21T23:49:26.483+0000] {processor.py:175} INFO - Processing /home/airflow/.local/lib/python3.7/site-packages/airflow/example_dags/example_latest_only.py took 0.060 seconds
[2023-01-21T23:49:56.701+0000] {processor.py:153} INFO - Started process (PID=704) to work on /home/airflow/.local/lib/python3.7/site-packages/airflow/example_dags/example_latest_only.py
[2023-01-21T23:49:56.702+0000] {processor.py:743} INFO - Processing file /home/airflow/.local/lib/python3.7/site-packages/airflow/example_dags/example_latest_only.py for tasks to queue
[2023-01-21T23:49:56.703+0000] {logging_mixin.py:137} INFO - [2023-01-21T23:49:56.703+0000] {dagbag.py:538} INFO - Filling up the DagBag from /home/airflow/.local/lib/python3.7/site-packages/airflow/example_dags/example_latest_only.py
[2023-01-21T23:49:56.712+0000] {processor.py:753} INFO - DAG(s) dict_keys(['latest_only']) retrieved from /home/airflow/.local/lib/python3.7/site-packages/airflow/example_dags/example_latest_only.py
[2023-01-21T23:49:56.729+0000] {logging_mixin.py:137} INFO - [2023-01-21T23:49:56.729+0000] {dag.py:2690} INFO - Sync 1 DAGs
[2023-01-21T23:49:56.743+0000] {logging_mixin.py:137} INFO - [2023-01-21T23:49:56.743+0000] {dag.py:3441} INFO - Setting next_dagrun for latest_only to 2023-01-21T19:49:56.743513+00:00, run_after=2023-01-21T23:49:56.743513+00:00
[2023-01-21T23:49:56.753+0000] {processor.py:175} INFO - Processing /home/airflow/.local/lib/python3.7/site-packages/airflow/example_dags/example_latest_only.py took 0.055 seconds
[2023-01-21T23:50:27.109+0000] {processor.py:153} INFO - Started process (PID=776) to work on /home/airflow/.local/lib/python3.7/site-packages/airflow/example_dags/example_latest_only.py
[2023-01-21T23:50:27.113+0000] {processor.py:743} INFO - Processing file /home/airflow/.local/lib/python3.7/site-packages/airflow/example_dags/example_latest_only.py for tasks to queue
[2023-01-21T23:50:27.114+0000] {logging_mixin.py:137} INFO - [2023-01-21T23:50:27.114+0000] {dagbag.py:538} INFO - Filling up the DagBag from /home/airflow/.local/lib/python3.7/site-packages/airflow/example_dags/example_latest_only.py
[2023-01-21T23:50:27.130+0000] {processor.py:753} INFO - DAG(s) dict_keys(['latest_only']) retrieved from /home/airflow/.local/lib/python3.7/site-packages/airflow/example_dags/example_latest_only.py
[2023-01-21T23:50:27.171+0000] {logging_mixin.py:137} INFO - [2023-01-21T23:50:27.171+0000] {dag.py:2690} INFO - Sync 1 DAGs
[2023-01-21T23:50:27.190+0000] {logging_mixin.py:137} INFO - [2023-01-21T23:50:27.190+0000] {dag.py:3441} INFO - Setting next_dagrun for latest_only to 2023-01-21T19:50:27.190183+00:00, run_after=2023-01-21T23:50:27.190183+00:00
[2023-01-21T23:50:27.206+0000] {processor.py:175} INFO - Processing /home/airflow/.local/lib/python3.7/site-packages/airflow/example_dags/example_latest_only.py took 0.100 seconds
[2023-01-21T23:54:04.396+0000] {processor.py:153} INFO - Started process (PID=54) to work on /home/airflow/.local/lib/python3.7/site-packages/airflow/example_dags/example_latest_only.py
[2023-01-21T23:54:04.398+0000] {processor.py:743} INFO - Processing file /home/airflow/.local/lib/python3.7/site-packages/airflow/example_dags/example_latest_only.py for tasks to queue
[2023-01-21T23:54:04.400+0000] {logging_mixin.py:137} INFO - [2023-01-21T23:54:04.400+0000] {dagbag.py:538} INFO - Filling up the DagBag from /home/airflow/.local/lib/python3.7/site-packages/airflow/example_dags/example_latest_only.py
[2023-01-21T23:54:04.419+0000] {processor.py:753} INFO - DAG(s) dict_keys(['latest_only']) retrieved from /home/airflow/.local/lib/python3.7/site-packages/airflow/example_dags/example_latest_only.py
[2023-01-21T23:54:04.458+0000] {logging_mixin.py:137} INFO - [2023-01-21T23:54:04.458+0000] {dag.py:2690} INFO - Sync 1 DAGs
[2023-01-21T23:54:04.532+0000] {logging_mixin.py:137} INFO - [2023-01-21T23:54:04.532+0000] {dag.py:3441} INFO - Setting next_dagrun for latest_only to 2023-01-21T19:54:04.531893+00:00, run_after=2023-01-21T23:54:04.531893+00:00
[2023-01-21T23:54:04.569+0000] {processor.py:175} INFO - Processing /home/airflow/.local/lib/python3.7/site-packages/airflow/example_dags/example_latest_only.py took 0.178 seconds
[2023-01-21T23:54:34.724+0000] {processor.py:153} INFO - Started process (PID=130) to work on /home/airflow/.local/lib/python3.7/site-packages/airflow/example_dags/example_latest_only.py
[2023-01-21T23:54:34.726+0000] {processor.py:743} INFO - Processing file /home/airflow/.local/lib/python3.7/site-packages/airflow/example_dags/example_latest_only.py for tasks to queue
[2023-01-21T23:54:34.727+0000] {logging_mixin.py:137} INFO - [2023-01-21T23:54:34.727+0000] {dagbag.py:538} INFO - Filling up the DagBag from /home/airflow/.local/lib/python3.7/site-packages/airflow/example_dags/example_latest_only.py
[2023-01-21T23:54:34.737+0000] {processor.py:753} INFO - DAG(s) dict_keys(['latest_only']) retrieved from /home/airflow/.local/lib/python3.7/site-packages/airflow/example_dags/example_latest_only.py
[2023-01-21T23:54:34.755+0000] {logging_mixin.py:137} INFO - [2023-01-21T23:54:34.755+0000] {dag.py:2690} INFO - Sync 1 DAGs
[2023-01-21T23:54:34.771+0000] {logging_mixin.py:137} INFO - [2023-01-21T23:54:34.771+0000] {dag.py:3441} INFO - Setting next_dagrun for latest_only to 2023-01-21T19:54:34.771709+00:00, run_after=2023-01-21T23:54:34.771709+00:00
[2023-01-21T23:54:34.783+0000] {processor.py:175} INFO - Processing /home/airflow/.local/lib/python3.7/site-packages/airflow/example_dags/example_latest_only.py took 0.062 seconds
[2023-01-21T23:55:04.998+0000] {processor.py:153} INFO - Started process (PID=195) to work on /home/airflow/.local/lib/python3.7/site-packages/airflow/example_dags/example_latest_only.py
[2023-01-21T23:55:04.999+0000] {processor.py:743} INFO - Processing file /home/airflow/.local/lib/python3.7/site-packages/airflow/example_dags/example_latest_only.py for tasks to queue
[2023-01-21T23:55:05.000+0000] {logging_mixin.py:137} INFO - [2023-01-21T23:55:05.000+0000] {dagbag.py:538} INFO - Filling up the DagBag from /home/airflow/.local/lib/python3.7/site-packages/airflow/example_dags/example_latest_only.py
[2023-01-21T23:55:05.010+0000] {processor.py:753} INFO - DAG(s) dict_keys(['latest_only']) retrieved from /home/airflow/.local/lib/python3.7/site-packages/airflow/example_dags/example_latest_only.py
[2023-01-21T23:55:05.029+0000] {logging_mixin.py:137} INFO - [2023-01-21T23:55:05.029+0000] {dag.py:2690} INFO - Sync 1 DAGs
[2023-01-21T23:55:05.047+0000] {logging_mixin.py:137} INFO - [2023-01-21T23:55:05.047+0000] {dag.py:3441} INFO - Setting next_dagrun for latest_only to 2023-01-21T19:55:05.047254+00:00, run_after=2023-01-21T23:55:05.047254+00:00
[2023-01-21T23:55:05.059+0000] {processor.py:175} INFO - Processing /home/airflow/.local/lib/python3.7/site-packages/airflow/example_dags/example_latest_only.py took 0.064 seconds
[2023-01-21T23:56:05.055+0000] {processor.py:153} INFO - Started process (PID=53) to work on /home/airflow/.local/lib/python3.7/site-packages/airflow/example_dags/example_latest_only.py
[2023-01-21T23:56:05.062+0000] {processor.py:743} INFO - Processing file /home/airflow/.local/lib/python3.7/site-packages/airflow/example_dags/example_latest_only.py for tasks to queue
[2023-01-21T23:56:05.063+0000] {logging_mixin.py:137} INFO - [2023-01-21T23:56:05.063+0000] {dagbag.py:538} INFO - Filling up the DagBag from /home/airflow/.local/lib/python3.7/site-packages/airflow/example_dags/example_latest_only.py
[2023-01-21T23:56:05.108+0000] {processor.py:753} INFO - DAG(s) dict_keys(['latest_only']) retrieved from /home/airflow/.local/lib/python3.7/site-packages/airflow/example_dags/example_latest_only.py
[2023-01-21T23:56:05.132+0000] {logging_mixin.py:137} INFO - [2023-01-21T23:56:05.131+0000] {dag.py:2690} INFO - Sync 1 DAGs
[2023-01-21T23:56:05.168+0000] {logging_mixin.py:137} INFO - [2023-01-21T23:56:05.168+0000] {dag.py:3441} INFO - Setting next_dagrun for latest_only to 2023-01-21T19:56:05.168434+00:00, run_after=2023-01-21T23:56:05.168434+00:00
[2023-01-21T23:56:05.207+0000] {processor.py:175} INFO - Processing /home/airflow/.local/lib/python3.7/site-packages/airflow/example_dags/example_latest_only.py took 0.157 seconds
[2023-01-21T23:56:35.550+0000] {processor.py:153} INFO - Started process (PID=129) to work on /home/airflow/.local/lib/python3.7/site-packages/airflow/example_dags/example_latest_only.py
[2023-01-21T23:56:35.553+0000] {processor.py:743} INFO - Processing file /home/airflow/.local/lib/python3.7/site-packages/airflow/example_dags/example_latest_only.py for tasks to queue
[2023-01-21T23:56:35.554+0000] {logging_mixin.py:137} INFO - [2023-01-21T23:56:35.554+0000] {dagbag.py:538} INFO - Filling up the DagBag from /home/airflow/.local/lib/python3.7/site-packages/airflow/example_dags/example_latest_only.py
[2023-01-21T23:56:35.574+0000] {processor.py:753} INFO - DAG(s) dict_keys(['latest_only']) retrieved from /home/airflow/.local/lib/python3.7/site-packages/airflow/example_dags/example_latest_only.py
[2023-01-21T23:56:35.597+0000] {logging_mixin.py:137} INFO - [2023-01-21T23:56:35.597+0000] {dag.py:2690} INFO - Sync 1 DAGs
[2023-01-21T23:56:35.619+0000] {logging_mixin.py:137} INFO - [2023-01-21T23:56:35.619+0000] {dag.py:3441} INFO - Setting next_dagrun for latest_only to 2023-01-21T19:56:35.619345+00:00, run_after=2023-01-21T23:56:35.619345+00:00
[2023-01-21T23:56:35.634+0000] {processor.py:175} INFO - Processing /home/airflow/.local/lib/python3.7/site-packages/airflow/example_dags/example_latest_only.py took 0.087 seconds
[2023-01-21T23:57:06.192+0000] {processor.py:153} INFO - Started process (PID=193) to work on /home/airflow/.local/lib/python3.7/site-packages/airflow/example_dags/example_latest_only.py
[2023-01-21T23:57:06.194+0000] {processor.py:743} INFO - Processing file /home/airflow/.local/lib/python3.7/site-packages/airflow/example_dags/example_latest_only.py for tasks to queue
[2023-01-21T23:57:06.194+0000] {logging_mixin.py:137} INFO - [2023-01-21T23:57:06.194+0000] {dagbag.py:538} INFO - Filling up the DagBag from /home/airflow/.local/lib/python3.7/site-packages/airflow/example_dags/example_latest_only.py
[2023-01-21T23:57:06.204+0000] {processor.py:753} INFO - DAG(s) dict_keys(['latest_only']) retrieved from /home/airflow/.local/lib/python3.7/site-packages/airflow/example_dags/example_latest_only.py
[2023-01-21T23:57:06.222+0000] {logging_mixin.py:137} INFO - [2023-01-21T23:57:06.222+0000] {dag.py:2690} INFO - Sync 1 DAGs
[2023-01-21T23:57:06.236+0000] {logging_mixin.py:137} INFO - [2023-01-21T23:57:06.236+0000] {dag.py:3441} INFO - Setting next_dagrun for latest_only to 2023-01-21T19:57:06.236712+00:00, run_after=2023-01-21T23:57:06.236712+00:00
[2023-01-21T23:57:06.247+0000] {processor.py:175} INFO - Processing /home/airflow/.local/lib/python3.7/site-packages/airflow/example_dags/example_latest_only.py took 0.057 seconds
