[2023-01-21T23:45:22.102+0000] {processor.py:153} INFO - Started process (PID=45) to work on /home/airflow/.local/lib/python3.7/site-packages/airflow/example_dags/example_bash_operator.py
[2023-01-21T23:45:22.104+0000] {processor.py:743} INFO - Processing file /home/airflow/.local/lib/python3.7/site-packages/airflow/example_dags/example_bash_operator.py for tasks to queue
[2023-01-21T23:45:22.110+0000] {logging_mixin.py:137} INFO - [2023-01-21T23:45:22.110+0000] {dagbag.py:538} INFO - Filling up the DagBag from /home/airflow/.local/lib/python3.7/site-packages/airflow/example_dags/example_bash_operator.py
[2023-01-21T23:45:22.152+0000] {processor.py:753} INFO - DAG(s) dict_keys(['example_bash_operator']) retrieved from /home/airflow/.local/lib/python3.7/site-packages/airflow/example_dags/example_bash_operator.py
[2023-01-21T23:45:22.175+0000] {logging_mixin.py:137} INFO - [2023-01-21T23:45:22.175+0000] {dag.py:2690} INFO - Sync 1 DAGs
[2023-01-21T23:45:22.198+0000] {logging_mixin.py:137} INFO - [2023-01-21T23:45:22.198+0000] {dag.py:3441} INFO - Setting next_dagrun for example_bash_operator to 2023-01-20T00:00:00+00:00, run_after=2023-01-21T00:00:00+00:00
[2023-01-21T23:45:22.223+0000] {processor.py:175} INFO - Processing /home/airflow/.local/lib/python3.7/site-packages/airflow/example_dags/example_bash_operator.py took 0.130 seconds
[2023-01-21T23:45:52.802+0000] {processor.py:153} INFO - Started process (PID=121) to work on /home/airflow/.local/lib/python3.7/site-packages/airflow/example_dags/example_bash_operator.py
[2023-01-21T23:45:52.803+0000] {processor.py:743} INFO - Processing file /home/airflow/.local/lib/python3.7/site-packages/airflow/example_dags/example_bash_operator.py for tasks to queue
[2023-01-21T23:45:52.804+0000] {logging_mixin.py:137} INFO - [2023-01-21T23:45:52.804+0000] {dagbag.py:538} INFO - Filling up the DagBag from /home/airflow/.local/lib/python3.7/site-packages/airflow/example_dags/example_bash_operator.py
[2023-01-21T23:45:52.821+0000] {processor.py:753} INFO - DAG(s) dict_keys(['example_bash_operator']) retrieved from /home/airflow/.local/lib/python3.7/site-packages/airflow/example_dags/example_bash_operator.py
[2023-01-21T23:45:52.844+0000] {logging_mixin.py:137} INFO - [2023-01-21T23:45:52.844+0000] {dag.py:2690} INFO - Sync 1 DAGs
[2023-01-21T23:45:52.862+0000] {logging_mixin.py:137} INFO - [2023-01-21T23:45:52.862+0000] {dag.py:3441} INFO - Setting next_dagrun for example_bash_operator to 2023-01-20T00:00:00+00:00, run_after=2023-01-21T00:00:00+00:00
[2023-01-21T23:45:52.874+0000] {processor.py:175} INFO - Processing /home/airflow/.local/lib/python3.7/site-packages/airflow/example_dags/example_bash_operator.py took 0.075 seconds
[2023-01-21T23:46:23.259+0000] {processor.py:153} INFO - Started process (PID=186) to work on /home/airflow/.local/lib/python3.7/site-packages/airflow/example_dags/example_bash_operator.py
[2023-01-21T23:46:23.260+0000] {processor.py:743} INFO - Processing file /home/airflow/.local/lib/python3.7/site-packages/airflow/example_dags/example_bash_operator.py for tasks to queue
[2023-01-21T23:46:23.261+0000] {logging_mixin.py:137} INFO - [2023-01-21T23:46:23.261+0000] {dagbag.py:538} INFO - Filling up the DagBag from /home/airflow/.local/lib/python3.7/site-packages/airflow/example_dags/example_bash_operator.py
[2023-01-21T23:46:23.278+0000] {processor.py:753} INFO - DAG(s) dict_keys(['example_bash_operator']) retrieved from /home/airflow/.local/lib/python3.7/site-packages/airflow/example_dags/example_bash_operator.py
[2023-01-21T23:46:23.305+0000] {logging_mixin.py:137} INFO - [2023-01-21T23:46:23.305+0000] {dag.py:2690} INFO - Sync 1 DAGs
[2023-01-21T23:46:23.325+0000] {logging_mixin.py:137} INFO - [2023-01-21T23:46:23.325+0000] {dag.py:3441} INFO - Setting next_dagrun for example_bash_operator to 2023-01-20T00:00:00+00:00, run_after=2023-01-21T00:00:00+00:00
[2023-01-21T23:46:23.336+0000] {processor.py:175} INFO - Processing /home/airflow/.local/lib/python3.7/site-packages/airflow/example_dags/example_bash_operator.py took 0.080 seconds
[2023-01-21T23:46:53.791+0000] {processor.py:153} INFO - Started process (PID=261) to work on /home/airflow/.local/lib/python3.7/site-packages/airflow/example_dags/example_bash_operator.py
[2023-01-21T23:46:53.793+0000] {processor.py:743} INFO - Processing file /home/airflow/.local/lib/python3.7/site-packages/airflow/example_dags/example_bash_operator.py for tasks to queue
[2023-01-21T23:46:53.794+0000] {logging_mixin.py:137} INFO - [2023-01-21T23:46:53.793+0000] {dagbag.py:538} INFO - Filling up the DagBag from /home/airflow/.local/lib/python3.7/site-packages/airflow/example_dags/example_bash_operator.py
[2023-01-21T23:46:53.808+0000] {processor.py:753} INFO - DAG(s) dict_keys(['example_bash_operator']) retrieved from /home/airflow/.local/lib/python3.7/site-packages/airflow/example_dags/example_bash_operator.py
[2023-01-21T23:46:53.832+0000] {logging_mixin.py:137} INFO - [2023-01-21T23:46:53.832+0000] {dag.py:2690} INFO - Sync 1 DAGs
[2023-01-21T23:46:53.848+0000] {logging_mixin.py:137} INFO - [2023-01-21T23:46:53.848+0000] {dag.py:3441} INFO - Setting next_dagrun for example_bash_operator to 2023-01-20T00:00:00+00:00, run_after=2023-01-21T00:00:00+00:00
[2023-01-21T23:46:53.860+0000] {processor.py:175} INFO - Processing /home/airflow/.local/lib/python3.7/site-packages/airflow/example_dags/example_bash_operator.py took 0.072 seconds
[2023-01-21T23:47:24.218+0000] {processor.py:153} INFO - Started process (PID=336) to work on /home/airflow/.local/lib/python3.7/site-packages/airflow/example_dags/example_bash_operator.py
[2023-01-21T23:47:24.219+0000] {processor.py:743} INFO - Processing file /home/airflow/.local/lib/python3.7/site-packages/airflow/example_dags/example_bash_operator.py for tasks to queue
[2023-01-21T23:47:24.220+0000] {logging_mixin.py:137} INFO - [2023-01-21T23:47:24.220+0000] {dagbag.py:538} INFO - Filling up the DagBag from /home/airflow/.local/lib/python3.7/site-packages/airflow/example_dags/example_bash_operator.py
[2023-01-21T23:47:24.235+0000] {processor.py:753} INFO - DAG(s) dict_keys(['example_bash_operator']) retrieved from /home/airflow/.local/lib/python3.7/site-packages/airflow/example_dags/example_bash_operator.py
[2023-01-21T23:47:24.258+0000] {logging_mixin.py:137} INFO - [2023-01-21T23:47:24.257+0000] {dag.py:2690} INFO - Sync 1 DAGs
[2023-01-21T23:47:24.272+0000] {logging_mixin.py:137} INFO - [2023-01-21T23:47:24.272+0000] {dag.py:3441} INFO - Setting next_dagrun for example_bash_operator to 2023-01-20T00:00:00+00:00, run_after=2023-01-21T00:00:00+00:00
[2023-01-21T23:47:24.283+0000] {processor.py:175} INFO - Processing /home/airflow/.local/lib/python3.7/site-packages/airflow/example_dags/example_bash_operator.py took 0.068 seconds
[2023-01-21T23:47:54.524+0000] {processor.py:153} INFO - Started process (PID=401) to work on /home/airflow/.local/lib/python3.7/site-packages/airflow/example_dags/example_bash_operator.py
[2023-01-21T23:47:54.556+0000] {processor.py:743} INFO - Processing file /home/airflow/.local/lib/python3.7/site-packages/airflow/example_dags/example_bash_operator.py for tasks to queue
[2023-01-21T23:47:54.557+0000] {logging_mixin.py:137} INFO - [2023-01-21T23:47:54.556+0000] {dagbag.py:538} INFO - Filling up the DagBag from /home/airflow/.local/lib/python3.7/site-packages/airflow/example_dags/example_bash_operator.py
[2023-01-21T23:47:54.575+0000] {processor.py:753} INFO - DAG(s) dict_keys(['example_bash_operator']) retrieved from /home/airflow/.local/lib/python3.7/site-packages/airflow/example_dags/example_bash_operator.py
[2023-01-21T23:47:54.600+0000] {logging_mixin.py:137} INFO - [2023-01-21T23:47:54.600+0000] {dag.py:2690} INFO - Sync 1 DAGs
[2023-01-21T23:47:54.620+0000] {logging_mixin.py:137} INFO - [2023-01-21T23:47:54.620+0000] {dag.py:3441} INFO - Setting next_dagrun for example_bash_operator to 2023-01-20T00:00:00+00:00, run_after=2023-01-21T00:00:00+00:00
[2023-01-21T23:47:54.632+0000] {processor.py:175} INFO - Processing /home/airflow/.local/lib/python3.7/site-packages/airflow/example_dags/example_bash_operator.py took 0.112 seconds
[2023-01-21T23:48:24.882+0000] {processor.py:153} INFO - Started process (PID=477) to work on /home/airflow/.local/lib/python3.7/site-packages/airflow/example_dags/example_bash_operator.py
[2023-01-21T23:48:24.884+0000] {processor.py:743} INFO - Processing file /home/airflow/.local/lib/python3.7/site-packages/airflow/example_dags/example_bash_operator.py for tasks to queue
[2023-01-21T23:48:24.884+0000] {logging_mixin.py:137} INFO - [2023-01-21T23:48:24.884+0000] {dagbag.py:538} INFO - Filling up the DagBag from /home/airflow/.local/lib/python3.7/site-packages/airflow/example_dags/example_bash_operator.py
[2023-01-21T23:48:24.899+0000] {processor.py:753} INFO - DAG(s) dict_keys(['example_bash_operator']) retrieved from /home/airflow/.local/lib/python3.7/site-packages/airflow/example_dags/example_bash_operator.py
[2023-01-21T23:48:24.922+0000] {logging_mixin.py:137} INFO - [2023-01-21T23:48:24.922+0000] {dag.py:2690} INFO - Sync 1 DAGs
[2023-01-21T23:48:24.937+0000] {logging_mixin.py:137} INFO - [2023-01-21T23:48:24.936+0000] {dag.py:3441} INFO - Setting next_dagrun for example_bash_operator to 2023-01-20T00:00:00+00:00, run_after=2023-01-21T00:00:00+00:00
[2023-01-21T23:48:24.947+0000] {processor.py:175} INFO - Processing /home/airflow/.local/lib/python3.7/site-packages/airflow/example_dags/example_bash_operator.py took 0.068 seconds
[2023-01-21T23:48:55.280+0000] {processor.py:153} INFO - Started process (PID=553) to work on /home/airflow/.local/lib/python3.7/site-packages/airflow/example_dags/example_bash_operator.py
[2023-01-21T23:48:55.282+0000] {processor.py:743} INFO - Processing file /home/airflow/.local/lib/python3.7/site-packages/airflow/example_dags/example_bash_operator.py for tasks to queue
[2023-01-21T23:48:55.283+0000] {logging_mixin.py:137} INFO - [2023-01-21T23:48:55.282+0000] {dagbag.py:538} INFO - Filling up the DagBag from /home/airflow/.local/lib/python3.7/site-packages/airflow/example_dags/example_bash_operator.py
[2023-01-21T23:48:55.302+0000] {processor.py:753} INFO - DAG(s) dict_keys(['example_bash_operator']) retrieved from /home/airflow/.local/lib/python3.7/site-packages/airflow/example_dags/example_bash_operator.py
[2023-01-21T23:48:55.335+0000] {logging_mixin.py:137} INFO - [2023-01-21T23:48:55.335+0000] {dag.py:2690} INFO - Sync 1 DAGs
[2023-01-21T23:48:55.366+0000] {logging_mixin.py:137} INFO - [2023-01-21T23:48:55.366+0000] {dag.py:3441} INFO - Setting next_dagrun for example_bash_operator to 2023-01-20T00:00:00+00:00, run_after=2023-01-21T00:00:00+00:00
[2023-01-21T23:48:55.391+0000] {processor.py:175} INFO - Processing /home/airflow/.local/lib/python3.7/site-packages/airflow/example_dags/example_bash_operator.py took 0.114 seconds
[2023-01-21T23:49:25.871+0000] {processor.py:153} INFO - Started process (PID=618) to work on /home/airflow/.local/lib/python3.7/site-packages/airflow/example_dags/example_bash_operator.py
[2023-01-21T23:49:25.872+0000] {processor.py:743} INFO - Processing file /home/airflow/.local/lib/python3.7/site-packages/airflow/example_dags/example_bash_operator.py for tasks to queue
[2023-01-21T23:49:25.873+0000] {logging_mixin.py:137} INFO - [2023-01-21T23:49:25.873+0000] {dagbag.py:538} INFO - Filling up the DagBag from /home/airflow/.local/lib/python3.7/site-packages/airflow/example_dags/example_bash_operator.py
[2023-01-21T23:49:25.887+0000] {processor.py:753} INFO - DAG(s) dict_keys(['example_bash_operator']) retrieved from /home/airflow/.local/lib/python3.7/site-packages/airflow/example_dags/example_bash_operator.py
[2023-01-21T23:49:25.910+0000] {logging_mixin.py:137} INFO - [2023-01-21T23:49:25.910+0000] {dag.py:2690} INFO - Sync 1 DAGs
[2023-01-21T23:49:25.924+0000] {logging_mixin.py:137} INFO - [2023-01-21T23:49:25.924+0000] {dag.py:3441} INFO - Setting next_dagrun for example_bash_operator to 2023-01-20T00:00:00+00:00, run_after=2023-01-21T00:00:00+00:00
[2023-01-21T23:49:25.935+0000] {processor.py:175} INFO - Processing /home/airflow/.local/lib/python3.7/site-packages/airflow/example_dags/example_bash_operator.py took 0.067 seconds
[2023-01-21T23:49:56.256+0000] {processor.py:153} INFO - Started process (PID=695) to work on /home/airflow/.local/lib/python3.7/site-packages/airflow/example_dags/example_bash_operator.py
[2023-01-21T23:49:56.258+0000] {processor.py:743} INFO - Processing file /home/airflow/.local/lib/python3.7/site-packages/airflow/example_dags/example_bash_operator.py for tasks to queue
[2023-01-21T23:49:56.259+0000] {logging_mixin.py:137} INFO - [2023-01-21T23:49:56.259+0000] {dagbag.py:538} INFO - Filling up the DagBag from /home/airflow/.local/lib/python3.7/site-packages/airflow/example_dags/example_bash_operator.py
[2023-01-21T23:49:56.273+0000] {processor.py:753} INFO - DAG(s) dict_keys(['example_bash_operator']) retrieved from /home/airflow/.local/lib/python3.7/site-packages/airflow/example_dags/example_bash_operator.py
[2023-01-21T23:49:56.301+0000] {logging_mixin.py:137} INFO - [2023-01-21T23:49:56.301+0000] {dag.py:2690} INFO - Sync 1 DAGs
[2023-01-21T23:49:56.320+0000] {logging_mixin.py:137} INFO - [2023-01-21T23:49:56.320+0000] {dag.py:3441} INFO - Setting next_dagrun for example_bash_operator to 2023-01-20T00:00:00+00:00, run_after=2023-01-21T00:00:00+00:00
[2023-01-21T23:49:56.330+0000] {processor.py:175} INFO - Processing /home/airflow/.local/lib/python3.7/site-packages/airflow/example_dags/example_bash_operator.py took 0.077 seconds
[2023-01-21T23:50:26.550+0000] {processor.py:153} INFO - Started process (PID=758) to work on /home/airflow/.local/lib/python3.7/site-packages/airflow/example_dags/example_bash_operator.py
[2023-01-21T23:50:26.552+0000] {processor.py:743} INFO - Processing file /home/airflow/.local/lib/python3.7/site-packages/airflow/example_dags/example_bash_operator.py for tasks to queue
[2023-01-21T23:50:26.552+0000] {logging_mixin.py:137} INFO - [2023-01-21T23:50:26.552+0000] {dagbag.py:538} INFO - Filling up the DagBag from /home/airflow/.local/lib/python3.7/site-packages/airflow/example_dags/example_bash_operator.py
[2023-01-21T23:50:26.569+0000] {processor.py:753} INFO - DAG(s) dict_keys(['example_bash_operator']) retrieved from /home/airflow/.local/lib/python3.7/site-packages/airflow/example_dags/example_bash_operator.py
[2023-01-21T23:50:26.597+0000] {logging_mixin.py:137} INFO - [2023-01-21T23:50:26.597+0000] {dag.py:2690} INFO - Sync 1 DAGs
[2023-01-21T23:50:26.613+0000] {logging_mixin.py:137} INFO - [2023-01-21T23:50:26.613+0000] {dag.py:3441} INFO - Setting next_dagrun for example_bash_operator to 2023-01-20T00:00:00+00:00, run_after=2023-01-21T00:00:00+00:00
[2023-01-21T23:50:26.624+0000] {processor.py:175} INFO - Processing /home/airflow/.local/lib/python3.7/site-packages/airflow/example_dags/example_bash_operator.py took 0.077 seconds
[2023-01-21T23:54:03.415+0000] {processor.py:153} INFO - Started process (PID=45) to work on /home/airflow/.local/lib/python3.7/site-packages/airflow/example_dags/example_bash_operator.py
[2023-01-21T23:54:03.417+0000] {processor.py:743} INFO - Processing file /home/airflow/.local/lib/python3.7/site-packages/airflow/example_dags/example_bash_operator.py for tasks to queue
[2023-01-21T23:54:03.422+0000] {logging_mixin.py:137} INFO - [2023-01-21T23:54:03.421+0000] {dagbag.py:538} INFO - Filling up the DagBag from /home/airflow/.local/lib/python3.7/site-packages/airflow/example_dags/example_bash_operator.py
[2023-01-21T23:54:03.475+0000] {processor.py:753} INFO - DAG(s) dict_keys(['example_bash_operator']) retrieved from /home/airflow/.local/lib/python3.7/site-packages/airflow/example_dags/example_bash_operator.py
[2023-01-21T23:54:03.507+0000] {logging_mixin.py:137} INFO - [2023-01-21T23:54:03.506+0000] {dag.py:2690} INFO - Sync 1 DAGs
[2023-01-21T23:54:03.547+0000] {logging_mixin.py:137} INFO - [2023-01-21T23:54:03.547+0000] {dag.py:3441} INFO - Setting next_dagrun for example_bash_operator to 2023-01-20T00:00:00+00:00, run_after=2023-01-21T00:00:00+00:00
[2023-01-21T23:54:03.569+0000] {processor.py:175} INFO - Processing /home/airflow/.local/lib/python3.7/site-packages/airflow/example_dags/example_bash_operator.py took 0.158 seconds
[2023-01-21T23:54:34.319+0000] {processor.py:153} INFO - Started process (PID=121) to work on /home/airflow/.local/lib/python3.7/site-packages/airflow/example_dags/example_bash_operator.py
[2023-01-21T23:54:34.321+0000] {processor.py:743} INFO - Processing file /home/airflow/.local/lib/python3.7/site-packages/airflow/example_dags/example_bash_operator.py for tasks to queue
[2023-01-21T23:54:34.322+0000] {logging_mixin.py:137} INFO - [2023-01-21T23:54:34.322+0000] {dagbag.py:538} INFO - Filling up the DagBag from /home/airflow/.local/lib/python3.7/site-packages/airflow/example_dags/example_bash_operator.py
[2023-01-21T23:54:34.346+0000] {processor.py:753} INFO - DAG(s) dict_keys(['example_bash_operator']) retrieved from /home/airflow/.local/lib/python3.7/site-packages/airflow/example_dags/example_bash_operator.py
[2023-01-21T23:54:34.375+0000] {logging_mixin.py:137} INFO - [2023-01-21T23:54:34.375+0000] {dag.py:2690} INFO - Sync 1 DAGs
[2023-01-21T23:54:34.397+0000] {logging_mixin.py:137} INFO - [2023-01-21T23:54:34.396+0000] {dag.py:3441} INFO - Setting next_dagrun for example_bash_operator to 2023-01-20T00:00:00+00:00, run_after=2023-01-21T00:00:00+00:00
[2023-01-21T23:54:34.411+0000] {processor.py:175} INFO - Processing /home/airflow/.local/lib/python3.7/site-packages/airflow/example_dags/example_bash_operator.py took 0.095 seconds
[2023-01-21T23:55:04.588+0000] {processor.py:153} INFO - Started process (PID=186) to work on /home/airflow/.local/lib/python3.7/site-packages/airflow/example_dags/example_bash_operator.py
[2023-01-21T23:55:04.589+0000] {processor.py:743} INFO - Processing file /home/airflow/.local/lib/python3.7/site-packages/airflow/example_dags/example_bash_operator.py for tasks to queue
[2023-01-21T23:55:04.590+0000] {logging_mixin.py:137} INFO - [2023-01-21T23:55:04.590+0000] {dagbag.py:538} INFO - Filling up the DagBag from /home/airflow/.local/lib/python3.7/site-packages/airflow/example_dags/example_bash_operator.py
[2023-01-21T23:55:04.605+0000] {processor.py:753} INFO - DAG(s) dict_keys(['example_bash_operator']) retrieved from /home/airflow/.local/lib/python3.7/site-packages/airflow/example_dags/example_bash_operator.py
[2023-01-21T23:55:04.628+0000] {logging_mixin.py:137} INFO - [2023-01-21T23:55:04.628+0000] {dag.py:2690} INFO - Sync 1 DAGs
[2023-01-21T23:55:04.644+0000] {logging_mixin.py:137} INFO - [2023-01-21T23:55:04.644+0000] {dag.py:3441} INFO - Setting next_dagrun for example_bash_operator to 2023-01-20T00:00:00+00:00, run_after=2023-01-21T00:00:00+00:00
[2023-01-21T23:55:04.655+0000] {processor.py:175} INFO - Processing /home/airflow/.local/lib/python3.7/site-packages/airflow/example_dags/example_bash_operator.py took 0.069 seconds
[2023-01-21T23:56:04.183+0000] {processor.py:153} INFO - Started process (PID=44) to work on /home/airflow/.local/lib/python3.7/site-packages/airflow/example_dags/example_bash_operator.py
[2023-01-21T23:56:04.184+0000] {processor.py:743} INFO - Processing file /home/airflow/.local/lib/python3.7/site-packages/airflow/example_dags/example_bash_operator.py for tasks to queue
[2023-01-21T23:56:04.185+0000] {logging_mixin.py:137} INFO - [2023-01-21T23:56:04.185+0000] {dagbag.py:538} INFO - Filling up the DagBag from /home/airflow/.local/lib/python3.7/site-packages/airflow/example_dags/example_bash_operator.py
[2023-01-21T23:56:04.231+0000] {processor.py:753} INFO - DAG(s) dict_keys(['example_bash_operator']) retrieved from /home/airflow/.local/lib/python3.7/site-packages/airflow/example_dags/example_bash_operator.py
[2023-01-21T23:56:04.248+0000] {logging_mixin.py:137} INFO - [2023-01-21T23:56:04.248+0000] {dag.py:2690} INFO - Sync 1 DAGs
[2023-01-21T23:56:04.272+0000] {logging_mixin.py:137} INFO - [2023-01-21T23:56:04.272+0000] {dag.py:3441} INFO - Setting next_dagrun for example_bash_operator to 2023-01-20T00:00:00+00:00, run_after=2023-01-21T00:00:00+00:00
[2023-01-21T23:56:04.287+0000] {processor.py:175} INFO - Processing /home/airflow/.local/lib/python3.7/site-packages/airflow/example_dags/example_bash_operator.py took 0.108 seconds
[2023-01-21T23:56:34.913+0000] {processor.py:153} INFO - Started process (PID=120) to work on /home/airflow/.local/lib/python3.7/site-packages/airflow/example_dags/example_bash_operator.py
[2023-01-21T23:56:34.914+0000] {processor.py:743} INFO - Processing file /home/airflow/.local/lib/python3.7/site-packages/airflow/example_dags/example_bash_operator.py for tasks to queue
[2023-01-21T23:56:34.915+0000] {logging_mixin.py:137} INFO - [2023-01-21T23:56:34.915+0000] {dagbag.py:538} INFO - Filling up the DagBag from /home/airflow/.local/lib/python3.7/site-packages/airflow/example_dags/example_bash_operator.py
[2023-01-21T23:56:34.932+0000] {processor.py:753} INFO - DAG(s) dict_keys(['example_bash_operator']) retrieved from /home/airflow/.local/lib/python3.7/site-packages/airflow/example_dags/example_bash_operator.py
[2023-01-21T23:56:34.959+0000] {logging_mixin.py:137} INFO - [2023-01-21T23:56:34.958+0000] {dag.py:2690} INFO - Sync 1 DAGs
[2023-01-21T23:56:34.976+0000] {logging_mixin.py:137} INFO - [2023-01-21T23:56:34.976+0000] {dag.py:3441} INFO - Setting next_dagrun for example_bash_operator to 2023-01-20T00:00:00+00:00, run_after=2023-01-21T00:00:00+00:00
[2023-01-21T23:56:34.987+0000] {processor.py:175} INFO - Processing /home/airflow/.local/lib/python3.7/site-packages/airflow/example_dags/example_bash_operator.py took 0.077 seconds
[2023-01-21T23:57:05.746+0000] {processor.py:153} INFO - Started process (PID=184) to work on /home/airflow/.local/lib/python3.7/site-packages/airflow/example_dags/example_bash_operator.py
[2023-01-21T23:57:05.748+0000] {processor.py:743} INFO - Processing file /home/airflow/.local/lib/python3.7/site-packages/airflow/example_dags/example_bash_operator.py for tasks to queue
[2023-01-21T23:57:05.749+0000] {logging_mixin.py:137} INFO - [2023-01-21T23:57:05.749+0000] {dagbag.py:538} INFO - Filling up the DagBag from /home/airflow/.local/lib/python3.7/site-packages/airflow/example_dags/example_bash_operator.py
[2023-01-21T23:57:05.765+0000] {processor.py:753} INFO - DAG(s) dict_keys(['example_bash_operator']) retrieved from /home/airflow/.local/lib/python3.7/site-packages/airflow/example_dags/example_bash_operator.py
[2023-01-21T23:57:05.789+0000] {logging_mixin.py:137} INFO - [2023-01-21T23:57:05.789+0000] {dag.py:2690} INFO - Sync 1 DAGs
[2023-01-21T23:57:05.805+0000] {logging_mixin.py:137} INFO - [2023-01-21T23:57:05.805+0000] {dag.py:3441} INFO - Setting next_dagrun for example_bash_operator to 2023-01-20T00:00:00+00:00, run_after=2023-01-21T00:00:00+00:00
[2023-01-21T23:57:05.820+0000] {processor.py:175} INFO - Processing /home/airflow/.local/lib/python3.7/site-packages/airflow/example_dags/example_bash_operator.py took 0.077 seconds
