[2023-01-21T23:45:24.385+0000] {processor.py:153} INFO - Started process (PID=66) to work on /home/airflow/.local/lib/python3.7/site-packages/airflow/example_dags/example_nested_branch_dag.py
[2023-01-21T23:45:24.387+0000] {processor.py:743} INFO - Processing file /home/airflow/.local/lib/python3.7/site-packages/airflow/example_dags/example_nested_branch_dag.py for tasks to queue
[2023-01-21T23:45:24.388+0000] {logging_mixin.py:137} INFO - [2023-01-21T23:45:24.387+0000] {dagbag.py:538} INFO - Filling up the DagBag from /home/airflow/.local/lib/python3.7/site-packages/airflow/example_dags/example_nested_branch_dag.py
[2023-01-21T23:45:24.428+0000] {processor.py:753} INFO - DAG(s) dict_keys(['example_nested_branch_dag']) retrieved from /home/airflow/.local/lib/python3.7/site-packages/airflow/example_dags/example_nested_branch_dag.py
[2023-01-21T23:45:24.489+0000] {logging_mixin.py:137} INFO - [2023-01-21T23:45:24.489+0000] {dag.py:2690} INFO - Sync 1 DAGs
[2023-01-21T23:45:24.526+0000] {logging_mixin.py:137} INFO - [2023-01-21T23:45:24.526+0000] {dag.py:3441} INFO - Setting next_dagrun for example_nested_branch_dag to 2023-01-20T00:00:00+00:00, run_after=2023-01-21T00:00:00+00:00
[2023-01-21T23:45:24.572+0000] {processor.py:175} INFO - Processing /home/airflow/.local/lib/python3.7/site-packages/airflow/example_dags/example_nested_branch_dag.py took 0.190 seconds
[2023-01-21T23:45:55.030+0000] {processor.py:153} INFO - Started process (PID=142) to work on /home/airflow/.local/lib/python3.7/site-packages/airflow/example_dags/example_nested_branch_dag.py
[2023-01-21T23:45:55.031+0000] {processor.py:743} INFO - Processing file /home/airflow/.local/lib/python3.7/site-packages/airflow/example_dags/example_nested_branch_dag.py for tasks to queue
[2023-01-21T23:45:55.032+0000] {logging_mixin.py:137} INFO - [2023-01-21T23:45:55.031+0000] {dagbag.py:538} INFO - Filling up the DagBag from /home/airflow/.local/lib/python3.7/site-packages/airflow/example_dags/example_nested_branch_dag.py
[2023-01-21T23:45:55.049+0000] {processor.py:753} INFO - DAG(s) dict_keys(['example_nested_branch_dag']) retrieved from /home/airflow/.local/lib/python3.7/site-packages/airflow/example_dags/example_nested_branch_dag.py
[2023-01-21T23:45:55.067+0000] {logging_mixin.py:137} INFO - [2023-01-21T23:45:55.067+0000] {dag.py:2690} INFO - Sync 1 DAGs
[2023-01-21T23:45:55.083+0000] {logging_mixin.py:137} INFO - [2023-01-21T23:45:55.083+0000] {dag.py:3441} INFO - Setting next_dagrun for example_nested_branch_dag to 2023-01-20T00:00:00+00:00, run_after=2023-01-21T00:00:00+00:00
[2023-01-21T23:45:55.094+0000] {processor.py:175} INFO - Processing /home/airflow/.local/lib/python3.7/site-packages/airflow/example_dags/example_nested_branch_dag.py took 0.067 seconds
[2023-01-21T23:46:25.603+0000] {processor.py:153} INFO - Started process (PID=215) to work on /home/airflow/.local/lib/python3.7/site-packages/airflow/example_dags/example_nested_branch_dag.py
[2023-01-21T23:46:25.604+0000] {processor.py:743} INFO - Processing file /home/airflow/.local/lib/python3.7/site-packages/airflow/example_dags/example_nested_branch_dag.py for tasks to queue
[2023-01-21T23:46:25.605+0000] {logging_mixin.py:137} INFO - [2023-01-21T23:46:25.605+0000] {dagbag.py:538} INFO - Filling up the DagBag from /home/airflow/.local/lib/python3.7/site-packages/airflow/example_dags/example_nested_branch_dag.py
[2023-01-21T23:46:25.624+0000] {processor.py:753} INFO - DAG(s) dict_keys(['example_nested_branch_dag']) retrieved from /home/airflow/.local/lib/python3.7/site-packages/airflow/example_dags/example_nested_branch_dag.py
[2023-01-21T23:46:25.652+0000] {logging_mixin.py:137} INFO - [2023-01-21T23:46:25.652+0000] {dag.py:2690} INFO - Sync 1 DAGs
[2023-01-21T23:46:25.675+0000] {logging_mixin.py:137} INFO - [2023-01-21T23:46:25.675+0000] {dag.py:3441} INFO - Setting next_dagrun for example_nested_branch_dag to 2023-01-20T00:00:00+00:00, run_after=2023-01-21T00:00:00+00:00
[2023-01-21T23:46:25.689+0000] {processor.py:175} INFO - Processing /home/airflow/.local/lib/python3.7/site-packages/airflow/example_dags/example_nested_branch_dag.py took 0.090 seconds
[2023-01-21T23:46:55.871+0000] {processor.py:153} INFO - Started process (PID=282) to work on /home/airflow/.local/lib/python3.7/site-packages/airflow/example_dags/example_nested_branch_dag.py
[2023-01-21T23:46:55.875+0000] {processor.py:743} INFO - Processing file /home/airflow/.local/lib/python3.7/site-packages/airflow/example_dags/example_nested_branch_dag.py for tasks to queue
[2023-01-21T23:46:55.876+0000] {logging_mixin.py:137} INFO - [2023-01-21T23:46:55.876+0000] {dagbag.py:538} INFO - Filling up the DagBag from /home/airflow/.local/lib/python3.7/site-packages/airflow/example_dags/example_nested_branch_dag.py
[2023-01-21T23:46:55.892+0000] {processor.py:753} INFO - DAG(s) dict_keys(['example_nested_branch_dag']) retrieved from /home/airflow/.local/lib/python3.7/site-packages/airflow/example_dags/example_nested_branch_dag.py
[2023-01-21T23:46:55.912+0000] {logging_mixin.py:137} INFO - [2023-01-21T23:46:55.912+0000] {dag.py:2690} INFO - Sync 1 DAGs
[2023-01-21T23:46:55.929+0000] {logging_mixin.py:137} INFO - [2023-01-21T23:46:55.929+0000] {dag.py:3441} INFO - Setting next_dagrun for example_nested_branch_dag to 2023-01-20T00:00:00+00:00, run_after=2023-01-21T00:00:00+00:00
[2023-01-21T23:46:55.940+0000] {processor.py:175} INFO - Processing /home/airflow/.local/lib/python3.7/site-packages/airflow/example_dags/example_nested_branch_dag.py took 0.072 seconds
[2023-01-21T23:47:26.271+0000] {processor.py:153} INFO - Started process (PID=357) to work on /home/airflow/.local/lib/python3.7/site-packages/airflow/example_dags/example_nested_branch_dag.py
[2023-01-21T23:47:26.272+0000] {processor.py:743} INFO - Processing file /home/airflow/.local/lib/python3.7/site-packages/airflow/example_dags/example_nested_branch_dag.py for tasks to queue
[2023-01-21T23:47:26.273+0000] {logging_mixin.py:137} INFO - [2023-01-21T23:47:26.273+0000] {dagbag.py:538} INFO - Filling up the DagBag from /home/airflow/.local/lib/python3.7/site-packages/airflow/example_dags/example_nested_branch_dag.py
[2023-01-21T23:47:26.288+0000] {processor.py:753} INFO - DAG(s) dict_keys(['example_nested_branch_dag']) retrieved from /home/airflow/.local/lib/python3.7/site-packages/airflow/example_dags/example_nested_branch_dag.py
[2023-01-21T23:47:26.308+0000] {logging_mixin.py:137} INFO - [2023-01-21T23:47:26.308+0000] {dag.py:2690} INFO - Sync 1 DAGs
[2023-01-21T23:47:26.325+0000] {logging_mixin.py:137} INFO - [2023-01-21T23:47:26.325+0000] {dag.py:3441} INFO - Setting next_dagrun for example_nested_branch_dag to 2023-01-20T00:00:00+00:00, run_after=2023-01-21T00:00:00+00:00
[2023-01-21T23:47:26.340+0000] {processor.py:175} INFO - Processing /home/airflow/.local/lib/python3.7/site-packages/airflow/example_dags/example_nested_branch_dag.py took 0.072 seconds
[2023-01-21T23:47:56.665+0000] {processor.py:153} INFO - Started process (PID=422) to work on /home/airflow/.local/lib/python3.7/site-packages/airflow/example_dags/example_nested_branch_dag.py
[2023-01-21T23:47:56.667+0000] {processor.py:743} INFO - Processing file /home/airflow/.local/lib/python3.7/site-packages/airflow/example_dags/example_nested_branch_dag.py for tasks to queue
[2023-01-21T23:47:56.668+0000] {logging_mixin.py:137} INFO - [2023-01-21T23:47:56.668+0000] {dagbag.py:538} INFO - Filling up the DagBag from /home/airflow/.local/lib/python3.7/site-packages/airflow/example_dags/example_nested_branch_dag.py
[2023-01-21T23:47:56.698+0000] {processor.py:753} INFO - DAG(s) dict_keys(['example_nested_branch_dag']) retrieved from /home/airflow/.local/lib/python3.7/site-packages/airflow/example_dags/example_nested_branch_dag.py
[2023-01-21T23:47:56.726+0000] {logging_mixin.py:137} INFO - [2023-01-21T23:47:56.726+0000] {dag.py:2690} INFO - Sync 1 DAGs
[2023-01-21T23:47:56.751+0000] {logging_mixin.py:137} INFO - [2023-01-21T23:47:56.751+0000] {dag.py:3441} INFO - Setting next_dagrun for example_nested_branch_dag to 2023-01-20T00:00:00+00:00, run_after=2023-01-21T00:00:00+00:00
[2023-01-21T23:47:56.766+0000] {processor.py:175} INFO - Processing /home/airflow/.local/lib/python3.7/site-packages/airflow/example_dags/example_nested_branch_dag.py took 0.104 seconds
[2023-01-21T23:48:26.890+0000] {processor.py:153} INFO - Started process (PID=498) to work on /home/airflow/.local/lib/python3.7/site-packages/airflow/example_dags/example_nested_branch_dag.py
[2023-01-21T23:48:26.892+0000] {processor.py:743} INFO - Processing file /home/airflow/.local/lib/python3.7/site-packages/airflow/example_dags/example_nested_branch_dag.py for tasks to queue
[2023-01-21T23:48:26.892+0000] {logging_mixin.py:137} INFO - [2023-01-21T23:48:26.892+0000] {dagbag.py:538} INFO - Filling up the DagBag from /home/airflow/.local/lib/python3.7/site-packages/airflow/example_dags/example_nested_branch_dag.py
[2023-01-21T23:48:26.908+0000] {processor.py:753} INFO - DAG(s) dict_keys(['example_nested_branch_dag']) retrieved from /home/airflow/.local/lib/python3.7/site-packages/airflow/example_dags/example_nested_branch_dag.py
[2023-01-21T23:48:26.928+0000] {logging_mixin.py:137} INFO - [2023-01-21T23:48:26.928+0000] {dag.py:2690} INFO - Sync 1 DAGs
[2023-01-21T23:48:26.944+0000] {logging_mixin.py:137} INFO - [2023-01-21T23:48:26.944+0000] {dag.py:3441} INFO - Setting next_dagrun for example_nested_branch_dag to 2023-01-20T00:00:00+00:00, run_after=2023-01-21T00:00:00+00:00
[2023-01-21T23:48:26.956+0000] {processor.py:175} INFO - Processing /home/airflow/.local/lib/python3.7/site-packages/airflow/example_dags/example_nested_branch_dag.py took 0.068 seconds
[2023-01-21T23:48:57.731+0000] {processor.py:153} INFO - Started process (PID=574) to work on /home/airflow/.local/lib/python3.7/site-packages/airflow/example_dags/example_nested_branch_dag.py
[2023-01-21T23:48:57.732+0000] {processor.py:743} INFO - Processing file /home/airflow/.local/lib/python3.7/site-packages/airflow/example_dags/example_nested_branch_dag.py for tasks to queue
[2023-01-21T23:48:57.733+0000] {logging_mixin.py:137} INFO - [2023-01-21T23:48:57.733+0000] {dagbag.py:538} INFO - Filling up the DagBag from /home/airflow/.local/lib/python3.7/site-packages/airflow/example_dags/example_nested_branch_dag.py
[2023-01-21T23:48:57.752+0000] {processor.py:753} INFO - DAG(s) dict_keys(['example_nested_branch_dag']) retrieved from /home/airflow/.local/lib/python3.7/site-packages/airflow/example_dags/example_nested_branch_dag.py
[2023-01-21T23:48:57.770+0000] {logging_mixin.py:137} INFO - [2023-01-21T23:48:57.770+0000] {dag.py:2690} INFO - Sync 1 DAGs
[2023-01-21T23:48:57.786+0000] {logging_mixin.py:137} INFO - [2023-01-21T23:48:57.785+0000] {dag.py:3441} INFO - Setting next_dagrun for example_nested_branch_dag to 2023-01-20T00:00:00+00:00, run_after=2023-01-21T00:00:00+00:00
[2023-01-21T23:48:57.803+0000] {processor.py:175} INFO - Processing /home/airflow/.local/lib/python3.7/site-packages/airflow/example_dags/example_nested_branch_dag.py took 0.075 seconds
[2023-01-21T23:49:28.038+0000] {processor.py:153} INFO - Started process (PID=639) to work on /home/airflow/.local/lib/python3.7/site-packages/airflow/example_dags/example_nested_branch_dag.py
[2023-01-21T23:49:28.040+0000] {processor.py:743} INFO - Processing file /home/airflow/.local/lib/python3.7/site-packages/airflow/example_dags/example_nested_branch_dag.py for tasks to queue
[2023-01-21T23:49:28.041+0000] {logging_mixin.py:137} INFO - [2023-01-21T23:49:28.041+0000] {dagbag.py:538} INFO - Filling up the DagBag from /home/airflow/.local/lib/python3.7/site-packages/airflow/example_dags/example_nested_branch_dag.py
[2023-01-21T23:49:28.058+0000] {processor.py:753} INFO - DAG(s) dict_keys(['example_nested_branch_dag']) retrieved from /home/airflow/.local/lib/python3.7/site-packages/airflow/example_dags/example_nested_branch_dag.py
[2023-01-21T23:49:28.077+0000] {logging_mixin.py:137} INFO - [2023-01-21T23:49:28.077+0000] {dag.py:2690} INFO - Sync 1 DAGs
[2023-01-21T23:49:28.094+0000] {logging_mixin.py:137} INFO - [2023-01-21T23:49:28.093+0000] {dag.py:3441} INFO - Setting next_dagrun for example_nested_branch_dag to 2023-01-20T00:00:00+00:00, run_after=2023-01-21T00:00:00+00:00
[2023-01-21T23:49:28.105+0000] {processor.py:175} INFO - Processing /home/airflow/.local/lib/python3.7/site-packages/airflow/example_dags/example_nested_branch_dag.py took 0.070 seconds
[2023-01-21T23:49:58.324+0000] {processor.py:153} INFO - Started process (PID=716) to work on /home/airflow/.local/lib/python3.7/site-packages/airflow/example_dags/example_nested_branch_dag.py
[2023-01-21T23:49:58.325+0000] {processor.py:743} INFO - Processing file /home/airflow/.local/lib/python3.7/site-packages/airflow/example_dags/example_nested_branch_dag.py for tasks to queue
[2023-01-21T23:49:58.326+0000] {logging_mixin.py:137} INFO - [2023-01-21T23:49:58.326+0000] {dagbag.py:538} INFO - Filling up the DagBag from /home/airflow/.local/lib/python3.7/site-packages/airflow/example_dags/example_nested_branch_dag.py
[2023-01-21T23:49:58.343+0000] {processor.py:753} INFO - DAG(s) dict_keys(['example_nested_branch_dag']) retrieved from /home/airflow/.local/lib/python3.7/site-packages/airflow/example_dags/example_nested_branch_dag.py
[2023-01-21T23:49:58.363+0000] {logging_mixin.py:137} INFO - [2023-01-21T23:49:58.363+0000] {dag.py:2690} INFO - Sync 1 DAGs
[2023-01-21T23:49:58.379+0000] {logging_mixin.py:137} INFO - [2023-01-21T23:49:58.379+0000] {dag.py:3441} INFO - Setting next_dagrun for example_nested_branch_dag to 2023-01-20T00:00:00+00:00, run_after=2023-01-21T00:00:00+00:00
[2023-01-21T23:49:58.391+0000] {processor.py:175} INFO - Processing /home/airflow/.local/lib/python3.7/site-packages/airflow/example_dags/example_nested_branch_dag.py took 0.070 seconds
[2023-01-21T23:50:28.802+0000] {processor.py:153} INFO - Started process (PID=791) to work on /home/airflow/.local/lib/python3.7/site-packages/airflow/example_dags/example_nested_branch_dag.py
[2023-01-21T23:50:28.803+0000] {processor.py:743} INFO - Processing file /home/airflow/.local/lib/python3.7/site-packages/airflow/example_dags/example_nested_branch_dag.py for tasks to queue
[2023-01-21T23:50:28.804+0000] {logging_mixin.py:137} INFO - [2023-01-21T23:50:28.804+0000] {dagbag.py:538} INFO - Filling up the DagBag from /home/airflow/.local/lib/python3.7/site-packages/airflow/example_dags/example_nested_branch_dag.py
[2023-01-21T23:50:28.821+0000] {processor.py:753} INFO - DAG(s) dict_keys(['example_nested_branch_dag']) retrieved from /home/airflow/.local/lib/python3.7/site-packages/airflow/example_dags/example_nested_branch_dag.py
[2023-01-21T23:50:28.840+0000] {logging_mixin.py:137} INFO - [2023-01-21T23:50:28.840+0000] {dag.py:2690} INFO - Sync 1 DAGs
[2023-01-21T23:50:28.856+0000] {logging_mixin.py:137} INFO - [2023-01-21T23:50:28.856+0000] {dag.py:3441} INFO - Setting next_dagrun for example_nested_branch_dag to 2023-01-20T00:00:00+00:00, run_after=2023-01-21T00:00:00+00:00
[2023-01-21T23:50:28.866+0000] {processor.py:175} INFO - Processing /home/airflow/.local/lib/python3.7/site-packages/airflow/example_dags/example_nested_branch_dag.py took 0.067 seconds
[2023-01-21T23:54:05.611+0000] {processor.py:153} INFO - Started process (PID=66) to work on /home/airflow/.local/lib/python3.7/site-packages/airflow/example_dags/example_nested_branch_dag.py
[2023-01-21T23:54:05.613+0000] {processor.py:743} INFO - Processing file /home/airflow/.local/lib/python3.7/site-packages/airflow/example_dags/example_nested_branch_dag.py for tasks to queue
[2023-01-21T23:54:05.614+0000] {logging_mixin.py:137} INFO - [2023-01-21T23:54:05.614+0000] {dagbag.py:538} INFO - Filling up the DagBag from /home/airflow/.local/lib/python3.7/site-packages/airflow/example_dags/example_nested_branch_dag.py
[2023-01-21T23:54:05.639+0000] {processor.py:753} INFO - DAG(s) dict_keys(['example_nested_branch_dag']) retrieved from /home/airflow/.local/lib/python3.7/site-packages/airflow/example_dags/example_nested_branch_dag.py
[2023-01-21T23:54:05.665+0000] {logging_mixin.py:137} INFO - [2023-01-21T23:54:05.665+0000] {dag.py:2690} INFO - Sync 1 DAGs
[2023-01-21T23:54:05.724+0000] {logging_mixin.py:137} INFO - [2023-01-21T23:54:05.723+0000] {dag.py:3441} INFO - Setting next_dagrun for example_nested_branch_dag to 2023-01-20T00:00:00+00:00, run_after=2023-01-21T00:00:00+00:00
[2023-01-21T23:54:05.756+0000] {processor.py:175} INFO - Processing /home/airflow/.local/lib/python3.7/site-packages/airflow/example_dags/example_nested_branch_dag.py took 0.149 seconds
[2023-01-21T23:54:36.374+0000] {processor.py:153} INFO - Started process (PID=142) to work on /home/airflow/.local/lib/python3.7/site-packages/airflow/example_dags/example_nested_branch_dag.py
[2023-01-21T23:54:36.375+0000] {processor.py:743} INFO - Processing file /home/airflow/.local/lib/python3.7/site-packages/airflow/example_dags/example_nested_branch_dag.py for tasks to queue
[2023-01-21T23:54:36.375+0000] {logging_mixin.py:137} INFO - [2023-01-21T23:54:36.375+0000] {dagbag.py:538} INFO - Filling up the DagBag from /home/airflow/.local/lib/python3.7/site-packages/airflow/example_dags/example_nested_branch_dag.py
[2023-01-21T23:54:36.392+0000] {processor.py:753} INFO - DAG(s) dict_keys(['example_nested_branch_dag']) retrieved from /home/airflow/.local/lib/python3.7/site-packages/airflow/example_dags/example_nested_branch_dag.py
[2023-01-21T23:54:36.410+0000] {logging_mixin.py:137} INFO - [2023-01-21T23:54:36.410+0000] {dag.py:2690} INFO - Sync 1 DAGs
[2023-01-21T23:54:36.426+0000] {logging_mixin.py:137} INFO - [2023-01-21T23:54:36.426+0000] {dag.py:3441} INFO - Setting next_dagrun for example_nested_branch_dag to 2023-01-20T00:00:00+00:00, run_after=2023-01-21T00:00:00+00:00
[2023-01-21T23:54:36.436+0000] {processor.py:175} INFO - Processing /home/airflow/.local/lib/python3.7/site-packages/airflow/example_dags/example_nested_branch_dag.py took 0.065 seconds
[2023-01-21T23:55:06.857+0000] {processor.py:153} INFO - Started process (PID=219) to work on /home/airflow/.local/lib/python3.7/site-packages/airflow/example_dags/example_nested_branch_dag.py
[2023-01-21T23:55:06.858+0000] {processor.py:743} INFO - Processing file /home/airflow/.local/lib/python3.7/site-packages/airflow/example_dags/example_nested_branch_dag.py for tasks to queue
[2023-01-21T23:55:06.859+0000] {logging_mixin.py:137} INFO - [2023-01-21T23:55:06.859+0000] {dagbag.py:538} INFO - Filling up the DagBag from /home/airflow/.local/lib/python3.7/site-packages/airflow/example_dags/example_nested_branch_dag.py
[2023-01-21T23:55:06.875+0000] {processor.py:753} INFO - DAG(s) dict_keys(['example_nested_branch_dag']) retrieved from /home/airflow/.local/lib/python3.7/site-packages/airflow/example_dags/example_nested_branch_dag.py
[2023-01-21T23:55:06.896+0000] {logging_mixin.py:137} INFO - [2023-01-21T23:55:06.896+0000] {dag.py:2690} INFO - Sync 1 DAGs
[2023-01-21T23:55:06.913+0000] {logging_mixin.py:137} INFO - [2023-01-21T23:55:06.913+0000] {dag.py:3441} INFO - Setting next_dagrun for example_nested_branch_dag to 2023-01-20T00:00:00+00:00, run_after=2023-01-21T00:00:00+00:00
[2023-01-21T23:55:06.926+0000] {processor.py:175} INFO - Processing /home/airflow/.local/lib/python3.7/site-packages/airflow/example_dags/example_nested_branch_dag.py took 0.072 seconds
[2023-01-21T23:56:06.530+0000] {processor.py:153} INFO - Started process (PID=65) to work on /home/airflow/.local/lib/python3.7/site-packages/airflow/example_dags/example_nested_branch_dag.py
[2023-01-21T23:56:06.534+0000] {processor.py:743} INFO - Processing file /home/airflow/.local/lib/python3.7/site-packages/airflow/example_dags/example_nested_branch_dag.py for tasks to queue
[2023-01-21T23:56:06.535+0000] {logging_mixin.py:137} INFO - [2023-01-21T23:56:06.535+0000] {dagbag.py:538} INFO - Filling up the DagBag from /home/airflow/.local/lib/python3.7/site-packages/airflow/example_dags/example_nested_branch_dag.py
[2023-01-21T23:56:06.564+0000] {processor.py:753} INFO - DAG(s) dict_keys(['example_nested_branch_dag']) retrieved from /home/airflow/.local/lib/python3.7/site-packages/airflow/example_dags/example_nested_branch_dag.py
[2023-01-21T23:56:06.580+0000] {logging_mixin.py:137} INFO - [2023-01-21T23:56:06.579+0000] {dag.py:2690} INFO - Sync 1 DAGs
[2023-01-21T23:56:06.635+0000] {logging_mixin.py:137} INFO - [2023-01-21T23:56:06.635+0000] {dag.py:3441} INFO - Setting next_dagrun for example_nested_branch_dag to 2023-01-20T00:00:00+00:00, run_after=2023-01-21T00:00:00+00:00
[2023-01-21T23:56:06.661+0000] {processor.py:175} INFO - Processing /home/airflow/.local/lib/python3.7/site-packages/airflow/example_dags/example_nested_branch_dag.py took 0.135 seconds
[2023-01-21T23:56:37.439+0000] {processor.py:153} INFO - Started process (PID=141) to work on /home/airflow/.local/lib/python3.7/site-packages/airflow/example_dags/example_nested_branch_dag.py
[2023-01-21T23:56:37.441+0000] {processor.py:743} INFO - Processing file /home/airflow/.local/lib/python3.7/site-packages/airflow/example_dags/example_nested_branch_dag.py for tasks to queue
[2023-01-21T23:56:37.441+0000] {logging_mixin.py:137} INFO - [2023-01-21T23:56:37.441+0000] {dagbag.py:538} INFO - Filling up the DagBag from /home/airflow/.local/lib/python3.7/site-packages/airflow/example_dags/example_nested_branch_dag.py
[2023-01-21T23:56:37.459+0000] {processor.py:753} INFO - DAG(s) dict_keys(['example_nested_branch_dag']) retrieved from /home/airflow/.local/lib/python3.7/site-packages/airflow/example_dags/example_nested_branch_dag.py
[2023-01-21T23:56:37.481+0000] {logging_mixin.py:137} INFO - [2023-01-21T23:56:37.481+0000] {dag.py:2690} INFO - Sync 1 DAGs
[2023-01-21T23:56:37.500+0000] {logging_mixin.py:137} INFO - [2023-01-21T23:56:37.500+0000] {dag.py:3441} INFO - Setting next_dagrun for example_nested_branch_dag to 2023-01-20T00:00:00+00:00, run_after=2023-01-21T00:00:00+00:00
[2023-01-21T23:56:37.513+0000] {processor.py:175} INFO - Processing /home/airflow/.local/lib/python3.7/site-packages/airflow/example_dags/example_nested_branch_dag.py took 0.076 seconds
[2023-01-21T23:57:08.311+0000] {processor.py:153} INFO - Started process (PID=217) to work on /home/airflow/.local/lib/python3.7/site-packages/airflow/example_dags/example_nested_branch_dag.py
[2023-01-21T23:57:08.313+0000] {processor.py:743} INFO - Processing file /home/airflow/.local/lib/python3.7/site-packages/airflow/example_dags/example_nested_branch_dag.py for tasks to queue
[2023-01-21T23:57:08.314+0000] {logging_mixin.py:137} INFO - [2023-01-21T23:57:08.314+0000] {dagbag.py:538} INFO - Filling up the DagBag from /home/airflow/.local/lib/python3.7/site-packages/airflow/example_dags/example_nested_branch_dag.py
[2023-01-21T23:57:08.335+0000] {processor.py:753} INFO - DAG(s) dict_keys(['example_nested_branch_dag']) retrieved from /home/airflow/.local/lib/python3.7/site-packages/airflow/example_dags/example_nested_branch_dag.py
[2023-01-21T23:57:08.359+0000] {logging_mixin.py:137} INFO - [2023-01-21T23:57:08.359+0000] {dag.py:2690} INFO - Sync 1 DAGs
[2023-01-21T23:57:08.380+0000] {logging_mixin.py:137} INFO - [2023-01-21T23:57:08.379+0000] {dag.py:3441} INFO - Setting next_dagrun for example_nested_branch_dag to 2023-01-20T00:00:00+00:00, run_after=2023-01-21T00:00:00+00:00
[2023-01-21T23:57:08.394+0000] {processor.py:175} INFO - Processing /home/airflow/.local/lib/python3.7/site-packages/airflow/example_dags/example_nested_branch_dag.py took 0.087 seconds
