[2023-01-21T23:45:24.646+0000] {processor.py:153} INFO - Started process (PID=74) to work on /home/airflow/.local/lib/python3.7/site-packages/airflow/example_dags/example_external_task_marker_dag.py
[2023-01-21T23:45:24.653+0000] {processor.py:743} INFO - Processing file /home/airflow/.local/lib/python3.7/site-packages/airflow/example_dags/example_external_task_marker_dag.py for tasks to queue
[2023-01-21T23:45:24.662+0000] {logging_mixin.py:137} INFO - [2023-01-21T23:45:24.662+0000] {dagbag.py:538} INFO - Filling up the DagBag from /home/airflow/.local/lib/python3.7/site-packages/airflow/example_dags/example_external_task_marker_dag.py
[2023-01-21T23:45:24.757+0000] {processor.py:753} INFO - DAG(s) dict_keys(['example_external_task_marker_parent', 'example_external_task_marker_child']) retrieved from /home/airflow/.local/lib/python3.7/site-packages/airflow/example_dags/example_external_task_marker_dag.py
[2023-01-21T23:45:24.824+0000] {logging_mixin.py:137} INFO - [2023-01-21T23:45:24.824+0000] {dag.py:2690} INFO - Sync 2 DAGs
[2023-01-21T23:45:24.917+0000] {logging_mixin.py:137} INFO - [2023-01-21T23:45:24.917+0000] {dag.py:3441} INFO - Setting next_dagrun for example_external_task_marker_child to None, run_after=None
[2023-01-21T23:45:24.931+0000] {logging_mixin.py:137} INFO - [2023-01-21T23:45:24.931+0000] {dag.py:3441} INFO - Setting next_dagrun for example_external_task_marker_parent to None, run_after=None
[2023-01-21T23:45:24.981+0000] {processor.py:175} INFO - Processing /home/airflow/.local/lib/python3.7/site-packages/airflow/example_dags/example_external_task_marker_dag.py took 0.338 seconds
[2023-01-21T23:45:55.054+0000] {processor.py:153} INFO - Started process (PID=143) to work on /home/airflow/.local/lib/python3.7/site-packages/airflow/example_dags/example_external_task_marker_dag.py
[2023-01-21T23:45:55.055+0000] {processor.py:743} INFO - Processing file /home/airflow/.local/lib/python3.7/site-packages/airflow/example_dags/example_external_task_marker_dag.py for tasks to queue
[2023-01-21T23:45:55.056+0000] {logging_mixin.py:137} INFO - [2023-01-21T23:45:55.056+0000] {dagbag.py:538} INFO - Filling up the DagBag from /home/airflow/.local/lib/python3.7/site-packages/airflow/example_dags/example_external_task_marker_dag.py
[2023-01-21T23:45:55.065+0000] {processor.py:753} INFO - DAG(s) dict_keys(['example_external_task_marker_parent', 'example_external_task_marker_child']) retrieved from /home/airflow/.local/lib/python3.7/site-packages/airflow/example_dags/example_external_task_marker_dag.py
[2023-01-21T23:45:55.086+0000] {logging_mixin.py:137} INFO - [2023-01-21T23:45:55.086+0000] {dag.py:2690} INFO - Sync 2 DAGs
[2023-01-21T23:45:55.102+0000] {logging_mixin.py:137} INFO - [2023-01-21T23:45:55.102+0000] {dag.py:3441} INFO - Setting next_dagrun for example_external_task_marker_child to None, run_after=None
[2023-01-21T23:45:55.106+0000] {logging_mixin.py:137} INFO - [2023-01-21T23:45:55.106+0000] {dag.py:3441} INFO - Setting next_dagrun for example_external_task_marker_parent to None, run_after=None
[2023-01-21T23:45:55.116+0000] {processor.py:175} INFO - Processing /home/airflow/.local/lib/python3.7/site-packages/airflow/example_dags/example_external_task_marker_dag.py took 0.065 seconds
[2023-01-21T23:46:25.730+0000] {processor.py:153} INFO - Started process (PID=217) to work on /home/airflow/.local/lib/python3.7/site-packages/airflow/example_dags/example_external_task_marker_dag.py
[2023-01-21T23:46:25.733+0000] {processor.py:743} INFO - Processing file /home/airflow/.local/lib/python3.7/site-packages/airflow/example_dags/example_external_task_marker_dag.py for tasks to queue
[2023-01-21T23:46:25.734+0000] {logging_mixin.py:137} INFO - [2023-01-21T23:46:25.734+0000] {dagbag.py:538} INFO - Filling up the DagBag from /home/airflow/.local/lib/python3.7/site-packages/airflow/example_dags/example_external_task_marker_dag.py
[2023-01-21T23:46:25.755+0000] {processor.py:753} INFO - DAG(s) dict_keys(['example_external_task_marker_parent', 'example_external_task_marker_child']) retrieved from /home/airflow/.local/lib/python3.7/site-packages/airflow/example_dags/example_external_task_marker_dag.py
[2023-01-21T23:46:25.791+0000] {logging_mixin.py:137} INFO - [2023-01-21T23:46:25.790+0000] {dag.py:2690} INFO - Sync 2 DAGs
[2023-01-21T23:46:25.814+0000] {logging_mixin.py:137} INFO - [2023-01-21T23:46:25.814+0000] {dag.py:3441} INFO - Setting next_dagrun for example_external_task_marker_child to None, run_after=None
[2023-01-21T23:46:25.817+0000] {logging_mixin.py:137} INFO - [2023-01-21T23:46:25.817+0000] {dag.py:3441} INFO - Setting next_dagrun for example_external_task_marker_parent to None, run_after=None
[2023-01-21T23:46:25.827+0000] {processor.py:175} INFO - Processing /home/airflow/.local/lib/python3.7/site-packages/airflow/example_dags/example_external_task_marker_dag.py took 0.099 seconds
[2023-01-21T23:46:55.965+0000] {processor.py:153} INFO - Started process (PID=284) to work on /home/airflow/.local/lib/python3.7/site-packages/airflow/example_dags/example_external_task_marker_dag.py
[2023-01-21T23:46:55.966+0000] {processor.py:743} INFO - Processing file /home/airflow/.local/lib/python3.7/site-packages/airflow/example_dags/example_external_task_marker_dag.py for tasks to queue
[2023-01-21T23:46:55.967+0000] {logging_mixin.py:137} INFO - [2023-01-21T23:46:55.967+0000] {dagbag.py:538} INFO - Filling up the DagBag from /home/airflow/.local/lib/python3.7/site-packages/airflow/example_dags/example_external_task_marker_dag.py
[2023-01-21T23:46:55.977+0000] {processor.py:753} INFO - DAG(s) dict_keys(['example_external_task_marker_parent', 'example_external_task_marker_child']) retrieved from /home/airflow/.local/lib/python3.7/site-packages/airflow/example_dags/example_external_task_marker_dag.py
[2023-01-21T23:46:55.999+0000] {logging_mixin.py:137} INFO - [2023-01-21T23:46:55.999+0000] {dag.py:2690} INFO - Sync 2 DAGs
[2023-01-21T23:46:56.016+0000] {logging_mixin.py:137} INFO - [2023-01-21T23:46:56.016+0000] {dag.py:3441} INFO - Setting next_dagrun for example_external_task_marker_child to None, run_after=None
[2023-01-21T23:46:56.019+0000] {logging_mixin.py:137} INFO - [2023-01-21T23:46:56.019+0000] {dag.py:3441} INFO - Setting next_dagrun for example_external_task_marker_parent to None, run_after=None
[2023-01-21T23:46:56.027+0000] {processor.py:175} INFO - Processing /home/airflow/.local/lib/python3.7/site-packages/airflow/example_dags/example_external_task_marker_dag.py took 0.065 seconds
[2023-01-21T23:47:26.364+0000] {processor.py:153} INFO - Started process (PID=359) to work on /home/airflow/.local/lib/python3.7/site-packages/airflow/example_dags/example_external_task_marker_dag.py
[2023-01-21T23:47:26.365+0000] {processor.py:743} INFO - Processing file /home/airflow/.local/lib/python3.7/site-packages/airflow/example_dags/example_external_task_marker_dag.py for tasks to queue
[2023-01-21T23:47:26.366+0000] {logging_mixin.py:137} INFO - [2023-01-21T23:47:26.366+0000] {dagbag.py:538} INFO - Filling up the DagBag from /home/airflow/.local/lib/python3.7/site-packages/airflow/example_dags/example_external_task_marker_dag.py
[2023-01-21T23:47:26.375+0000] {processor.py:753} INFO - DAG(s) dict_keys(['example_external_task_marker_child', 'example_external_task_marker_parent']) retrieved from /home/airflow/.local/lib/python3.7/site-packages/airflow/example_dags/example_external_task_marker_dag.py
[2023-01-21T23:47:26.396+0000] {logging_mixin.py:137} INFO - [2023-01-21T23:47:26.396+0000] {dag.py:2690} INFO - Sync 2 DAGs
[2023-01-21T23:47:26.412+0000] {logging_mixin.py:137} INFO - [2023-01-21T23:47:26.412+0000] {dag.py:3441} INFO - Setting next_dagrun for example_external_task_marker_child to None, run_after=None
[2023-01-21T23:47:26.414+0000] {logging_mixin.py:137} INFO - [2023-01-21T23:47:26.414+0000] {dag.py:3441} INFO - Setting next_dagrun for example_external_task_marker_parent to None, run_after=None
[2023-01-21T23:47:26.422+0000] {processor.py:175} INFO - Processing /home/airflow/.local/lib/python3.7/site-packages/airflow/example_dags/example_external_task_marker_dag.py took 0.061 seconds
[2023-01-21T23:47:56.800+0000] {processor.py:153} INFO - Started process (PID=431) to work on /home/airflow/.local/lib/python3.7/site-packages/airflow/example_dags/example_external_task_marker_dag.py
[2023-01-21T23:47:56.802+0000] {processor.py:743} INFO - Processing file /home/airflow/.local/lib/python3.7/site-packages/airflow/example_dags/example_external_task_marker_dag.py for tasks to queue
[2023-01-21T23:47:56.803+0000] {logging_mixin.py:137} INFO - [2023-01-21T23:47:56.803+0000] {dagbag.py:538} INFO - Filling up the DagBag from /home/airflow/.local/lib/python3.7/site-packages/airflow/example_dags/example_external_task_marker_dag.py
[2023-01-21T23:47:56.814+0000] {processor.py:753} INFO - DAG(s) dict_keys(['example_external_task_marker_child', 'example_external_task_marker_parent']) retrieved from /home/airflow/.local/lib/python3.7/site-packages/airflow/example_dags/example_external_task_marker_dag.py
[2023-01-21T23:47:56.846+0000] {logging_mixin.py:137} INFO - [2023-01-21T23:47:56.846+0000] {dag.py:2690} INFO - Sync 2 DAGs
[2023-01-21T23:47:56.863+0000] {logging_mixin.py:137} INFO - [2023-01-21T23:47:56.863+0000] {dag.py:3441} INFO - Setting next_dagrun for example_external_task_marker_child to None, run_after=None
[2023-01-21T23:47:56.867+0000] {logging_mixin.py:137} INFO - [2023-01-21T23:47:56.866+0000] {dag.py:3441} INFO - Setting next_dagrun for example_external_task_marker_parent to None, run_after=None
[2023-01-21T23:47:56.878+0000] {processor.py:175} INFO - Processing /home/airflow/.local/lib/python3.7/site-packages/airflow/example_dags/example_external_task_marker_dag.py took 0.082 seconds
[2023-01-21T23:48:26.980+0000] {processor.py:153} INFO - Started process (PID=500) to work on /home/airflow/.local/lib/python3.7/site-packages/airflow/example_dags/example_external_task_marker_dag.py
[2023-01-21T23:48:26.981+0000] {processor.py:743} INFO - Processing file /home/airflow/.local/lib/python3.7/site-packages/airflow/example_dags/example_external_task_marker_dag.py for tasks to queue
[2023-01-21T23:48:26.982+0000] {logging_mixin.py:137} INFO - [2023-01-21T23:48:26.982+0000] {dagbag.py:538} INFO - Filling up the DagBag from /home/airflow/.local/lib/python3.7/site-packages/airflow/example_dags/example_external_task_marker_dag.py
[2023-01-21T23:48:26.992+0000] {processor.py:753} INFO - DAG(s) dict_keys(['example_external_task_marker_parent', 'example_external_task_marker_child']) retrieved from /home/airflow/.local/lib/python3.7/site-packages/airflow/example_dags/example_external_task_marker_dag.py
[2023-01-21T23:48:27.013+0000] {logging_mixin.py:137} INFO - [2023-01-21T23:48:27.013+0000] {dag.py:2690} INFO - Sync 2 DAGs
[2023-01-21T23:48:27.028+0000] {logging_mixin.py:137} INFO - [2023-01-21T23:48:27.028+0000] {dag.py:3441} INFO - Setting next_dagrun for example_external_task_marker_child to None, run_after=None
[2023-01-21T23:48:27.031+0000] {logging_mixin.py:137} INFO - [2023-01-21T23:48:27.030+0000] {dag.py:3441} INFO - Setting next_dagrun for example_external_task_marker_parent to None, run_after=None
[2023-01-21T23:48:27.039+0000] {processor.py:175} INFO - Processing /home/airflow/.local/lib/python3.7/site-packages/airflow/example_dags/example_external_task_marker_dag.py took 0.062 seconds
[2023-01-21T23:48:57.831+0000] {processor.py:153} INFO - Started process (PID=576) to work on /home/airflow/.local/lib/python3.7/site-packages/airflow/example_dags/example_external_task_marker_dag.py
[2023-01-21T23:48:57.834+0000] {processor.py:743} INFO - Processing file /home/airflow/.local/lib/python3.7/site-packages/airflow/example_dags/example_external_task_marker_dag.py for tasks to queue
[2023-01-21T23:48:57.835+0000] {logging_mixin.py:137} INFO - [2023-01-21T23:48:57.835+0000] {dagbag.py:538} INFO - Filling up the DagBag from /home/airflow/.local/lib/python3.7/site-packages/airflow/example_dags/example_external_task_marker_dag.py
[2023-01-21T23:48:57.849+0000] {processor.py:753} INFO - DAG(s) dict_keys(['example_external_task_marker_child', 'example_external_task_marker_parent']) retrieved from /home/airflow/.local/lib/python3.7/site-packages/airflow/example_dags/example_external_task_marker_dag.py
[2023-01-21T23:48:57.884+0000] {logging_mixin.py:137} INFO - [2023-01-21T23:48:57.884+0000] {dag.py:2690} INFO - Sync 2 DAGs
[2023-01-21T23:48:57.903+0000] {logging_mixin.py:137} INFO - [2023-01-21T23:48:57.903+0000] {dag.py:3441} INFO - Setting next_dagrun for example_external_task_marker_child to None, run_after=None
[2023-01-21T23:48:57.906+0000] {logging_mixin.py:137} INFO - [2023-01-21T23:48:57.906+0000] {dag.py:3441} INFO - Setting next_dagrun for example_external_task_marker_parent to None, run_after=None
[2023-01-21T23:48:57.917+0000] {processor.py:175} INFO - Processing /home/airflow/.local/lib/python3.7/site-packages/airflow/example_dags/example_external_task_marker_dag.py took 0.089 seconds
[2023-01-21T23:49:28.129+0000] {processor.py:153} INFO - Started process (PID=641) to work on /home/airflow/.local/lib/python3.7/site-packages/airflow/example_dags/example_external_task_marker_dag.py
[2023-01-21T23:49:28.130+0000] {processor.py:743} INFO - Processing file /home/airflow/.local/lib/python3.7/site-packages/airflow/example_dags/example_external_task_marker_dag.py for tasks to queue
[2023-01-21T23:49:28.131+0000] {logging_mixin.py:137} INFO - [2023-01-21T23:49:28.131+0000] {dagbag.py:538} INFO - Filling up the DagBag from /home/airflow/.local/lib/python3.7/site-packages/airflow/example_dags/example_external_task_marker_dag.py
[2023-01-21T23:49:28.140+0000] {processor.py:753} INFO - DAG(s) dict_keys(['example_external_task_marker_parent', 'example_external_task_marker_child']) retrieved from /home/airflow/.local/lib/python3.7/site-packages/airflow/example_dags/example_external_task_marker_dag.py
[2023-01-21T23:49:28.158+0000] {logging_mixin.py:137} INFO - [2023-01-21T23:49:28.158+0000] {dag.py:2690} INFO - Sync 2 DAGs
[2023-01-21T23:49:28.172+0000] {logging_mixin.py:137} INFO - [2023-01-21T23:49:28.172+0000] {dag.py:3441} INFO - Setting next_dagrun for example_external_task_marker_child to None, run_after=None
[2023-01-21T23:49:28.174+0000] {logging_mixin.py:137} INFO - [2023-01-21T23:49:28.174+0000] {dag.py:3441} INFO - Setting next_dagrun for example_external_task_marker_parent to None, run_after=None
[2023-01-21T23:49:28.182+0000] {processor.py:175} INFO - Processing /home/airflow/.local/lib/python3.7/site-packages/airflow/example_dags/example_external_task_marker_dag.py took 0.056 seconds
[2023-01-21T23:49:58.415+0000] {processor.py:153} INFO - Started process (PID=718) to work on /home/airflow/.local/lib/python3.7/site-packages/airflow/example_dags/example_external_task_marker_dag.py
[2023-01-21T23:49:58.417+0000] {processor.py:743} INFO - Processing file /home/airflow/.local/lib/python3.7/site-packages/airflow/example_dags/example_external_task_marker_dag.py for tasks to queue
[2023-01-21T23:49:58.417+0000] {logging_mixin.py:137} INFO - [2023-01-21T23:49:58.417+0000] {dagbag.py:538} INFO - Filling up the DagBag from /home/airflow/.local/lib/python3.7/site-packages/airflow/example_dags/example_external_task_marker_dag.py
[2023-01-21T23:49:58.427+0000] {processor.py:753} INFO - DAG(s) dict_keys(['example_external_task_marker_child', 'example_external_task_marker_parent']) retrieved from /home/airflow/.local/lib/python3.7/site-packages/airflow/example_dags/example_external_task_marker_dag.py
[2023-01-21T23:49:58.446+0000] {logging_mixin.py:137} INFO - [2023-01-21T23:49:58.446+0000] {dag.py:2690} INFO - Sync 2 DAGs
[2023-01-21T23:49:58.463+0000] {logging_mixin.py:137} INFO - [2023-01-21T23:49:58.463+0000] {dag.py:3441} INFO - Setting next_dagrun for example_external_task_marker_child to None, run_after=None
[2023-01-21T23:49:58.466+0000] {logging_mixin.py:137} INFO - [2023-01-21T23:49:58.466+0000] {dag.py:3441} INFO - Setting next_dagrun for example_external_task_marker_parent to None, run_after=None
[2023-01-21T23:49:58.478+0000] {processor.py:175} INFO - Processing /home/airflow/.local/lib/python3.7/site-packages/airflow/example_dags/example_external_task_marker_dag.py took 0.065 seconds
[2023-01-21T23:50:28.888+0000] {processor.py:153} INFO - Started process (PID=793) to work on /home/airflow/.local/lib/python3.7/site-packages/airflow/example_dags/example_external_task_marker_dag.py
[2023-01-21T23:50:28.890+0000] {processor.py:743} INFO - Processing file /home/airflow/.local/lib/python3.7/site-packages/airflow/example_dags/example_external_task_marker_dag.py for tasks to queue
[2023-01-21T23:50:28.890+0000] {logging_mixin.py:137} INFO - [2023-01-21T23:50:28.890+0000] {dagbag.py:538} INFO - Filling up the DagBag from /home/airflow/.local/lib/python3.7/site-packages/airflow/example_dags/example_external_task_marker_dag.py
[2023-01-21T23:50:28.899+0000] {processor.py:753} INFO - DAG(s) dict_keys(['example_external_task_marker_child', 'example_external_task_marker_parent']) retrieved from /home/airflow/.local/lib/python3.7/site-packages/airflow/example_dags/example_external_task_marker_dag.py
[2023-01-21T23:50:28.917+0000] {logging_mixin.py:137} INFO - [2023-01-21T23:50:28.917+0000] {dag.py:2690} INFO - Sync 2 DAGs
[2023-01-21T23:50:28.931+0000] {logging_mixin.py:137} INFO - [2023-01-21T23:50:28.931+0000] {dag.py:3441} INFO - Setting next_dagrun for example_external_task_marker_child to None, run_after=None
[2023-01-21T23:50:28.933+0000] {logging_mixin.py:137} INFO - [2023-01-21T23:50:28.933+0000] {dag.py:3441} INFO - Setting next_dagrun for example_external_task_marker_parent to None, run_after=None
[2023-01-21T23:50:28.942+0000] {processor.py:175} INFO - Processing /home/airflow/.local/lib/python3.7/site-packages/airflow/example_dags/example_external_task_marker_dag.py took 0.055 seconds
[2023-01-21T23:54:05.827+0000] {processor.py:153} INFO - Started process (PID=68) to work on /home/airflow/.local/lib/python3.7/site-packages/airflow/example_dags/example_external_task_marker_dag.py
[2023-01-21T23:54:05.834+0000] {processor.py:743} INFO - Processing file /home/airflow/.local/lib/python3.7/site-packages/airflow/example_dags/example_external_task_marker_dag.py for tasks to queue
[2023-01-21T23:54:05.836+0000] {logging_mixin.py:137} INFO - [2023-01-21T23:54:05.836+0000] {dagbag.py:538} INFO - Filling up the DagBag from /home/airflow/.local/lib/python3.7/site-packages/airflow/example_dags/example_external_task_marker_dag.py
[2023-01-21T23:54:05.891+0000] {processor.py:753} INFO - DAG(s) dict_keys(['example_external_task_marker_parent', 'example_external_task_marker_child']) retrieved from /home/airflow/.local/lib/python3.7/site-packages/airflow/example_dags/example_external_task_marker_dag.py
[2023-01-21T23:54:05.920+0000] {logging_mixin.py:137} INFO - [2023-01-21T23:54:05.919+0000] {dag.py:2690} INFO - Sync 2 DAGs
[2023-01-21T23:54:05.961+0000] {logging_mixin.py:137} INFO - [2023-01-21T23:54:05.961+0000] {dag.py:3441} INFO - Setting next_dagrun for example_external_task_marker_child to None, run_after=None
[2023-01-21T23:54:05.969+0000] {logging_mixin.py:137} INFO - [2023-01-21T23:54:05.969+0000] {dag.py:3441} INFO - Setting next_dagrun for example_external_task_marker_parent to None, run_after=None
[2023-01-21T23:54:06.000+0000] {processor.py:175} INFO - Processing /home/airflow/.local/lib/python3.7/site-packages/airflow/example_dags/example_external_task_marker_dag.py took 0.182 seconds
[2023-01-21T23:54:36.459+0000] {processor.py:153} INFO - Started process (PID=144) to work on /home/airflow/.local/lib/python3.7/site-packages/airflow/example_dags/example_external_task_marker_dag.py
[2023-01-21T23:54:36.460+0000] {processor.py:743} INFO - Processing file /home/airflow/.local/lib/python3.7/site-packages/airflow/example_dags/example_external_task_marker_dag.py for tasks to queue
[2023-01-21T23:54:36.461+0000] {logging_mixin.py:137} INFO - [2023-01-21T23:54:36.461+0000] {dagbag.py:538} INFO - Filling up the DagBag from /home/airflow/.local/lib/python3.7/site-packages/airflow/example_dags/example_external_task_marker_dag.py
[2023-01-21T23:54:36.471+0000] {processor.py:753} INFO - DAG(s) dict_keys(['example_external_task_marker_parent', 'example_external_task_marker_child']) retrieved from /home/airflow/.local/lib/python3.7/site-packages/airflow/example_dags/example_external_task_marker_dag.py
[2023-01-21T23:54:36.511+0000] {logging_mixin.py:137} INFO - [2023-01-21T23:54:36.511+0000] {dag.py:2690} INFO - Sync 2 DAGs
[2023-01-21T23:54:36.524+0000] {logging_mixin.py:137} INFO - [2023-01-21T23:54:36.524+0000] {dag.py:3441} INFO - Setting next_dagrun for example_external_task_marker_child to None, run_after=None
[2023-01-21T23:54:36.526+0000] {logging_mixin.py:137} INFO - [2023-01-21T23:54:36.526+0000] {dag.py:3441} INFO - Setting next_dagrun for example_external_task_marker_parent to None, run_after=None
[2023-01-21T23:54:36.537+0000] {processor.py:175} INFO - Processing /home/airflow/.local/lib/python3.7/site-packages/airflow/example_dags/example_external_task_marker_dag.py took 0.081 seconds
[2023-01-21T23:55:06.968+0000] {processor.py:153} INFO - Started process (PID=221) to work on /home/airflow/.local/lib/python3.7/site-packages/airflow/example_dags/example_external_task_marker_dag.py
[2023-01-21T23:55:06.969+0000] {processor.py:743} INFO - Processing file /home/airflow/.local/lib/python3.7/site-packages/airflow/example_dags/example_external_task_marker_dag.py for tasks to queue
[2023-01-21T23:55:06.970+0000] {logging_mixin.py:137} INFO - [2023-01-21T23:55:06.970+0000] {dagbag.py:538} INFO - Filling up the DagBag from /home/airflow/.local/lib/python3.7/site-packages/airflow/example_dags/example_external_task_marker_dag.py
[2023-01-21T23:55:06.983+0000] {processor.py:753} INFO - DAG(s) dict_keys(['example_external_task_marker_child', 'example_external_task_marker_parent']) retrieved from /home/airflow/.local/lib/python3.7/site-packages/airflow/example_dags/example_external_task_marker_dag.py
[2023-01-21T23:55:07.012+0000] {logging_mixin.py:137} INFO - [2023-01-21T23:55:07.012+0000] {dag.py:2690} INFO - Sync 2 DAGs
[2023-01-21T23:55:07.035+0000] {logging_mixin.py:137} INFO - [2023-01-21T23:55:07.035+0000] {dag.py:3441} INFO - Setting next_dagrun for example_external_task_marker_child to None, run_after=None
[2023-01-21T23:55:07.039+0000] {logging_mixin.py:137} INFO - [2023-01-21T23:55:07.039+0000] {dag.py:3441} INFO - Setting next_dagrun for example_external_task_marker_parent to None, run_after=None
[2023-01-21T23:55:07.063+0000] {processor.py:175} INFO - Processing /home/airflow/.local/lib/python3.7/site-packages/airflow/example_dags/example_external_task_marker_dag.py took 0.099 seconds
[2023-01-21T23:56:06.703+0000] {processor.py:153} INFO - Started process (PID=67) to work on /home/airflow/.local/lib/python3.7/site-packages/airflow/example_dags/example_external_task_marker_dag.py
[2023-01-21T23:56:06.705+0000] {processor.py:743} INFO - Processing file /home/airflow/.local/lib/python3.7/site-packages/airflow/example_dags/example_external_task_marker_dag.py for tasks to queue
[2023-01-21T23:56:06.709+0000] {logging_mixin.py:137} INFO - [2023-01-21T23:56:06.709+0000] {dagbag.py:538} INFO - Filling up the DagBag from /home/airflow/.local/lib/python3.7/site-packages/airflow/example_dags/example_external_task_marker_dag.py
[2023-01-21T23:56:06.744+0000] {processor.py:753} INFO - DAG(s) dict_keys(['example_external_task_marker_child', 'example_external_task_marker_parent']) retrieved from /home/airflow/.local/lib/python3.7/site-packages/airflow/example_dags/example_external_task_marker_dag.py
[2023-01-21T23:56:06.765+0000] {logging_mixin.py:137} INFO - [2023-01-21T23:56:06.765+0000] {dag.py:2690} INFO - Sync 2 DAGs
[2023-01-21T23:56:06.816+0000] {logging_mixin.py:137} INFO - [2023-01-21T23:56:06.816+0000] {dag.py:3441} INFO - Setting next_dagrun for example_external_task_marker_child to None, run_after=None
[2023-01-21T23:56:06.820+0000] {logging_mixin.py:137} INFO - [2023-01-21T23:56:06.819+0000] {dag.py:3441} INFO - Setting next_dagrun for example_external_task_marker_parent to None, run_after=None
[2023-01-21T23:56:06.851+0000] {processor.py:175} INFO - Processing /home/airflow/.local/lib/python3.7/site-packages/airflow/example_dags/example_external_task_marker_dag.py took 0.157 seconds
[2023-01-21T23:56:37.540+0000] {processor.py:153} INFO - Started process (PID=143) to work on /home/airflow/.local/lib/python3.7/site-packages/airflow/example_dags/example_external_task_marker_dag.py
[2023-01-21T23:56:37.541+0000] {processor.py:743} INFO - Processing file /home/airflow/.local/lib/python3.7/site-packages/airflow/example_dags/example_external_task_marker_dag.py for tasks to queue
[2023-01-21T23:56:37.542+0000] {logging_mixin.py:137} INFO - [2023-01-21T23:56:37.542+0000] {dagbag.py:538} INFO - Filling up the DagBag from /home/airflow/.local/lib/python3.7/site-packages/airflow/example_dags/example_external_task_marker_dag.py
[2023-01-21T23:56:37.554+0000] {processor.py:753} INFO - DAG(s) dict_keys(['example_external_task_marker_child', 'example_external_task_marker_parent']) retrieved from /home/airflow/.local/lib/python3.7/site-packages/airflow/example_dags/example_external_task_marker_dag.py
[2023-01-21T23:56:37.603+0000] {logging_mixin.py:137} INFO - [2023-01-21T23:56:37.603+0000] {dag.py:2690} INFO - Sync 2 DAGs
[2023-01-21T23:56:37.617+0000] {logging_mixin.py:137} INFO - [2023-01-21T23:56:37.617+0000] {dag.py:3441} INFO - Setting next_dagrun for example_external_task_marker_child to None, run_after=None
[2023-01-21T23:56:37.620+0000] {logging_mixin.py:137} INFO - [2023-01-21T23:56:37.620+0000] {dag.py:3441} INFO - Setting next_dagrun for example_external_task_marker_parent to None, run_after=None
[2023-01-21T23:56:37.634+0000] {processor.py:175} INFO - Processing /home/airflow/.local/lib/python3.7/site-packages/airflow/example_dags/example_external_task_marker_dag.py took 0.097 seconds
[2023-01-21T23:57:08.438+0000] {processor.py:153} INFO - Started process (PID=219) to work on /home/airflow/.local/lib/python3.7/site-packages/airflow/example_dags/example_external_task_marker_dag.py
[2023-01-21T23:57:08.441+0000] {processor.py:743} INFO - Processing file /home/airflow/.local/lib/python3.7/site-packages/airflow/example_dags/example_external_task_marker_dag.py for tasks to queue
[2023-01-21T23:57:08.442+0000] {logging_mixin.py:137} INFO - [2023-01-21T23:57:08.442+0000] {dagbag.py:538} INFO - Filling up the DagBag from /home/airflow/.local/lib/python3.7/site-packages/airflow/example_dags/example_external_task_marker_dag.py
[2023-01-21T23:57:08.458+0000] {processor.py:753} INFO - DAG(s) dict_keys(['example_external_task_marker_child', 'example_external_task_marker_parent']) retrieved from /home/airflow/.local/lib/python3.7/site-packages/airflow/example_dags/example_external_task_marker_dag.py
[2023-01-21T23:57:08.484+0000] {logging_mixin.py:137} INFO - [2023-01-21T23:57:08.483+0000] {dag.py:2690} INFO - Sync 2 DAGs
[2023-01-21T23:57:08.504+0000] {logging_mixin.py:137} INFO - [2023-01-21T23:57:08.504+0000] {dag.py:3441} INFO - Setting next_dagrun for example_external_task_marker_child to None, run_after=None
[2023-01-21T23:57:08.507+0000] {logging_mixin.py:137} INFO - [2023-01-21T23:57:08.507+0000] {dag.py:3441} INFO - Setting next_dagrun for example_external_task_marker_parent to None, run_after=None
[2023-01-21T23:57:08.518+0000] {processor.py:175} INFO - Processing /home/airflow/.local/lib/python3.7/site-packages/airflow/example_dags/example_external_task_marker_dag.py took 0.083 seconds
