[2023-01-21T23:45:23.604+0000] {processor.py:153} INFO - Started process (PID=59) to work on /home/airflow/.local/lib/python3.7/site-packages/airflow/example_dags/example_branch_labels.py
[2023-01-21T23:45:23.605+0000] {processor.py:743} INFO - Processing file /home/airflow/.local/lib/python3.7/site-packages/airflow/example_dags/example_branch_labels.py for tasks to queue
[2023-01-21T23:45:23.606+0000] {logging_mixin.py:137} INFO - [2023-01-21T23:45:23.606+0000] {dagbag.py:538} INFO - Filling up the DagBag from /home/airflow/.local/lib/python3.7/site-packages/airflow/example_dags/example_branch_labels.py
[2023-01-21T23:45:23.637+0000] {processor.py:753} INFO - DAG(s) dict_keys(['example_branch_labels']) retrieved from /home/airflow/.local/lib/python3.7/site-packages/airflow/example_dags/example_branch_labels.py
[2023-01-21T23:45:23.670+0000] {logging_mixin.py:137} INFO - [2023-01-21T23:45:23.670+0000] {dag.py:2690} INFO - Sync 1 DAGs
[2023-01-21T23:45:23.711+0000] {logging_mixin.py:137} INFO - [2023-01-21T23:45:23.711+0000] {dag.py:3441} INFO - Setting next_dagrun for example_branch_labels to 2023-01-20T00:00:00+00:00, run_after=2023-01-21T00:00:00+00:00
[2023-01-21T23:45:23.735+0000] {processor.py:175} INFO - Processing /home/airflow/.local/lib/python3.7/site-packages/airflow/example_dags/example_branch_labels.py took 0.135 seconds
[2023-01-21T23:45:54.606+0000] {processor.py:153} INFO - Started process (PID=135) to work on /home/airflow/.local/lib/python3.7/site-packages/airflow/example_dags/example_branch_labels.py
[2023-01-21T23:45:54.610+0000] {processor.py:743} INFO - Processing file /home/airflow/.local/lib/python3.7/site-packages/airflow/example_dags/example_branch_labels.py for tasks to queue
[2023-01-21T23:45:54.611+0000] {logging_mixin.py:137} INFO - [2023-01-21T23:45:54.611+0000] {dagbag.py:538} INFO - Filling up the DagBag from /home/airflow/.local/lib/python3.7/site-packages/airflow/example_dags/example_branch_labels.py
[2023-01-21T23:45:54.623+0000] {processor.py:753} INFO - DAG(s) dict_keys(['example_branch_labels']) retrieved from /home/airflow/.local/lib/python3.7/site-packages/airflow/example_dags/example_branch_labels.py
[2023-01-21T23:45:54.647+0000] {logging_mixin.py:137} INFO - [2023-01-21T23:45:54.647+0000] {dag.py:2690} INFO - Sync 1 DAGs
[2023-01-21T23:45:54.665+0000] {logging_mixin.py:137} INFO - [2023-01-21T23:45:54.665+0000] {dag.py:3441} INFO - Setting next_dagrun for example_branch_labels to 2023-01-20T00:00:00+00:00, run_after=2023-01-21T00:00:00+00:00
[2023-01-21T23:45:54.680+0000] {processor.py:175} INFO - Processing /home/airflow/.local/lib/python3.7/site-packages/airflow/example_dags/example_branch_labels.py took 0.077 seconds
[2023-01-21T23:46:25.031+0000] {processor.py:153} INFO - Started process (PID=206) to work on /home/airflow/.local/lib/python3.7/site-packages/airflow/example_dags/example_branch_labels.py
[2023-01-21T23:46:25.043+0000] {processor.py:743} INFO - Processing file /home/airflow/.local/lib/python3.7/site-packages/airflow/example_dags/example_branch_labels.py for tasks to queue
[2023-01-21T23:46:25.046+0000] {logging_mixin.py:137} INFO - [2023-01-21T23:46:25.046+0000] {dagbag.py:538} INFO - Filling up the DagBag from /home/airflow/.local/lib/python3.7/site-packages/airflow/example_dags/example_branch_labels.py
[2023-01-21T23:46:25.062+0000] {processor.py:753} INFO - DAG(s) dict_keys(['example_branch_labels']) retrieved from /home/airflow/.local/lib/python3.7/site-packages/airflow/example_dags/example_branch_labels.py
[2023-01-21T23:46:25.085+0000] {logging_mixin.py:137} INFO - [2023-01-21T23:46:25.084+0000] {dag.py:2690} INFO - Sync 1 DAGs
[2023-01-21T23:46:25.128+0000] {logging_mixin.py:137} INFO - [2023-01-21T23:46:25.128+0000] {dag.py:3441} INFO - Setting next_dagrun for example_branch_labels to 2023-01-20T00:00:00+00:00, run_after=2023-01-21T00:00:00+00:00
[2023-01-21T23:46:25.146+0000] {processor.py:175} INFO - Processing /home/airflow/.local/lib/python3.7/site-packages/airflow/example_dags/example_branch_labels.py took 0.118 seconds
[2023-01-21T23:46:55.511+0000] {processor.py:153} INFO - Started process (PID=275) to work on /home/airflow/.local/lib/python3.7/site-packages/airflow/example_dags/example_branch_labels.py
[2023-01-21T23:46:55.513+0000] {processor.py:743} INFO - Processing file /home/airflow/.local/lib/python3.7/site-packages/airflow/example_dags/example_branch_labels.py for tasks to queue
[2023-01-21T23:46:55.513+0000] {logging_mixin.py:137} INFO - [2023-01-21T23:46:55.513+0000] {dagbag.py:538} INFO - Filling up the DagBag from /home/airflow/.local/lib/python3.7/site-packages/airflow/example_dags/example_branch_labels.py
[2023-01-21T23:46:55.523+0000] {processor.py:753} INFO - DAG(s) dict_keys(['example_branch_labels']) retrieved from /home/airflow/.local/lib/python3.7/site-packages/airflow/example_dags/example_branch_labels.py
[2023-01-21T23:46:55.544+0000] {logging_mixin.py:137} INFO - [2023-01-21T23:46:55.544+0000] {dag.py:2690} INFO - Sync 1 DAGs
[2023-01-21T23:46:55.560+0000] {logging_mixin.py:137} INFO - [2023-01-21T23:46:55.560+0000] {dag.py:3441} INFO - Setting next_dagrun for example_branch_labels to 2023-01-20T00:00:00+00:00, run_after=2023-01-21T00:00:00+00:00
[2023-01-21T23:46:55.570+0000] {processor.py:175} INFO - Processing /home/airflow/.local/lib/python3.7/site-packages/airflow/example_dags/example_branch_labels.py took 0.062 seconds
[2023-01-21T23:47:25.987+0000] {processor.py:153} INFO - Started process (PID=350) to work on /home/airflow/.local/lib/python3.7/site-packages/airflow/example_dags/example_branch_labels.py
[2023-01-21T23:47:25.988+0000] {processor.py:743} INFO - Processing file /home/airflow/.local/lib/python3.7/site-packages/airflow/example_dags/example_branch_labels.py for tasks to queue
[2023-01-21T23:47:25.989+0000] {logging_mixin.py:137} INFO - [2023-01-21T23:47:25.989+0000] {dagbag.py:538} INFO - Filling up the DagBag from /home/airflow/.local/lib/python3.7/site-packages/airflow/example_dags/example_branch_labels.py
[2023-01-21T23:47:26.000+0000] {processor.py:753} INFO - DAG(s) dict_keys(['example_branch_labels']) retrieved from /home/airflow/.local/lib/python3.7/site-packages/airflow/example_dags/example_branch_labels.py
[2023-01-21T23:47:26.018+0000] {logging_mixin.py:137} INFO - [2023-01-21T23:47:26.018+0000] {dag.py:2690} INFO - Sync 1 DAGs
[2023-01-21T23:47:26.033+0000] {logging_mixin.py:137} INFO - [2023-01-21T23:47:26.033+0000] {dag.py:3441} INFO - Setting next_dagrun for example_branch_labels to 2023-01-20T00:00:00+00:00, run_after=2023-01-21T00:00:00+00:00
[2023-01-21T23:47:26.044+0000] {processor.py:175} INFO - Processing /home/airflow/.local/lib/python3.7/site-packages/airflow/example_dags/example_branch_labels.py took 0.059 seconds
[2023-01-21T23:47:56.348+0000] {processor.py:153} INFO - Started process (PID=415) to work on /home/airflow/.local/lib/python3.7/site-packages/airflow/example_dags/example_branch_labels.py
[2023-01-21T23:47:56.349+0000] {processor.py:743} INFO - Processing file /home/airflow/.local/lib/python3.7/site-packages/airflow/example_dags/example_branch_labels.py for tasks to queue
[2023-01-21T23:47:56.351+0000] {logging_mixin.py:137} INFO - [2023-01-21T23:47:56.351+0000] {dagbag.py:538} INFO - Filling up the DagBag from /home/airflow/.local/lib/python3.7/site-packages/airflow/example_dags/example_branch_labels.py
[2023-01-21T23:47:56.361+0000] {processor.py:753} INFO - DAG(s) dict_keys(['example_branch_labels']) retrieved from /home/airflow/.local/lib/python3.7/site-packages/airflow/example_dags/example_branch_labels.py
[2023-01-21T23:47:56.381+0000] {logging_mixin.py:137} INFO - [2023-01-21T23:47:56.381+0000] {dag.py:2690} INFO - Sync 1 DAGs
[2023-01-21T23:47:56.397+0000] {logging_mixin.py:137} INFO - [2023-01-21T23:47:56.397+0000] {dag.py:3441} INFO - Setting next_dagrun for example_branch_labels to 2023-01-20T00:00:00+00:00, run_after=2023-01-21T00:00:00+00:00
[2023-01-21T23:47:56.409+0000] {processor.py:175} INFO - Processing /home/airflow/.local/lib/python3.7/site-packages/airflow/example_dags/example_branch_labels.py took 0.064 seconds
[2023-01-21T23:48:26.599+0000] {processor.py:153} INFO - Started process (PID=491) to work on /home/airflow/.local/lib/python3.7/site-packages/airflow/example_dags/example_branch_labels.py
[2023-01-21T23:48:26.601+0000] {processor.py:743} INFO - Processing file /home/airflow/.local/lib/python3.7/site-packages/airflow/example_dags/example_branch_labels.py for tasks to queue
[2023-01-21T23:48:26.602+0000] {logging_mixin.py:137} INFO - [2023-01-21T23:48:26.602+0000] {dagbag.py:538} INFO - Filling up the DagBag from /home/airflow/.local/lib/python3.7/site-packages/airflow/example_dags/example_branch_labels.py
[2023-01-21T23:48:26.613+0000] {processor.py:753} INFO - DAG(s) dict_keys(['example_branch_labels']) retrieved from /home/airflow/.local/lib/python3.7/site-packages/airflow/example_dags/example_branch_labels.py
[2023-01-21T23:48:26.631+0000] {logging_mixin.py:137} INFO - [2023-01-21T23:48:26.630+0000] {dag.py:2690} INFO - Sync 1 DAGs
[2023-01-21T23:48:26.646+0000] {logging_mixin.py:137} INFO - [2023-01-21T23:48:26.646+0000] {dag.py:3441} INFO - Setting next_dagrun for example_branch_labels to 2023-01-20T00:00:00+00:00, run_after=2023-01-21T00:00:00+00:00
[2023-01-21T23:48:26.657+0000] {processor.py:175} INFO - Processing /home/airflow/.local/lib/python3.7/site-packages/airflow/example_dags/example_branch_labels.py took 0.061 seconds
[2023-01-21T23:48:57.296+0000] {processor.py:153} INFO - Started process (PID=567) to work on /home/airflow/.local/lib/python3.7/site-packages/airflow/example_dags/example_branch_labels.py
[2023-01-21T23:48:57.297+0000] {processor.py:743} INFO - Processing file /home/airflow/.local/lib/python3.7/site-packages/airflow/example_dags/example_branch_labels.py for tasks to queue
[2023-01-21T23:48:57.298+0000] {logging_mixin.py:137} INFO - [2023-01-21T23:48:57.298+0000] {dagbag.py:538} INFO - Filling up the DagBag from /home/airflow/.local/lib/python3.7/site-packages/airflow/example_dags/example_branch_labels.py
[2023-01-21T23:48:57.308+0000] {processor.py:753} INFO - DAG(s) dict_keys(['example_branch_labels']) retrieved from /home/airflow/.local/lib/python3.7/site-packages/airflow/example_dags/example_branch_labels.py
[2023-01-21T23:48:57.327+0000] {logging_mixin.py:137} INFO - [2023-01-21T23:48:57.327+0000] {dag.py:2690} INFO - Sync 1 DAGs
[2023-01-21T23:48:57.343+0000] {logging_mixin.py:137} INFO - [2023-01-21T23:48:57.342+0000] {dag.py:3441} INFO - Setting next_dagrun for example_branch_labels to 2023-01-20T00:00:00+00:00, run_after=2023-01-21T00:00:00+00:00
[2023-01-21T23:48:57.353+0000] {processor.py:175} INFO - Processing /home/airflow/.local/lib/python3.7/site-packages/airflow/example_dags/example_branch_labels.py took 0.060 seconds
[2023-01-21T23:49:27.688+0000] {processor.py:153} INFO - Started process (PID=632) to work on /home/airflow/.local/lib/python3.7/site-packages/airflow/example_dags/example_branch_labels.py
[2023-01-21T23:49:27.690+0000] {processor.py:743} INFO - Processing file /home/airflow/.local/lib/python3.7/site-packages/airflow/example_dags/example_branch_labels.py for tasks to queue
[2023-01-21T23:49:27.690+0000] {logging_mixin.py:137} INFO - [2023-01-21T23:49:27.690+0000] {dagbag.py:538} INFO - Filling up the DagBag from /home/airflow/.local/lib/python3.7/site-packages/airflow/example_dags/example_branch_labels.py
[2023-01-21T23:49:27.705+0000] {processor.py:753} INFO - DAG(s) dict_keys(['example_branch_labels']) retrieved from /home/airflow/.local/lib/python3.7/site-packages/airflow/example_dags/example_branch_labels.py
[2023-01-21T23:49:27.727+0000] {logging_mixin.py:137} INFO - [2023-01-21T23:49:27.727+0000] {dag.py:2690} INFO - Sync 1 DAGs
[2023-01-21T23:49:27.744+0000] {logging_mixin.py:137} INFO - [2023-01-21T23:49:27.744+0000] {dag.py:3441} INFO - Setting next_dagrun for example_branch_labels to 2023-01-20T00:00:00+00:00, run_after=2023-01-21T00:00:00+00:00
[2023-01-21T23:49:27.755+0000] {processor.py:175} INFO - Processing /home/airflow/.local/lib/python3.7/site-packages/airflow/example_dags/example_branch_labels.py took 0.070 seconds
[2023-01-21T23:49:57.962+0000] {processor.py:153} INFO - Started process (PID=709) to work on /home/airflow/.local/lib/python3.7/site-packages/airflow/example_dags/example_branch_labels.py
[2023-01-21T23:49:57.963+0000] {processor.py:743} INFO - Processing file /home/airflow/.local/lib/python3.7/site-packages/airflow/example_dags/example_branch_labels.py for tasks to queue
[2023-01-21T23:49:57.964+0000] {logging_mixin.py:137} INFO - [2023-01-21T23:49:57.964+0000] {dagbag.py:538} INFO - Filling up the DagBag from /home/airflow/.local/lib/python3.7/site-packages/airflow/example_dags/example_branch_labels.py
[2023-01-21T23:49:57.974+0000] {processor.py:753} INFO - DAG(s) dict_keys(['example_branch_labels']) retrieved from /home/airflow/.local/lib/python3.7/site-packages/airflow/example_dags/example_branch_labels.py
[2023-01-21T23:49:57.995+0000] {logging_mixin.py:137} INFO - [2023-01-21T23:49:57.995+0000] {dag.py:2690} INFO - Sync 1 DAGs
[2023-01-21T23:49:58.012+0000] {logging_mixin.py:137} INFO - [2023-01-21T23:49:58.012+0000] {dag.py:3441} INFO - Setting next_dagrun for example_branch_labels to 2023-01-20T00:00:00+00:00, run_after=2023-01-21T00:00:00+00:00
[2023-01-21T23:49:58.026+0000] {processor.py:175} INFO - Processing /home/airflow/.local/lib/python3.7/site-packages/airflow/example_dags/example_branch_labels.py took 0.067 seconds
[2023-01-21T23:50:28.458+0000] {processor.py:153} INFO - Started process (PID=784) to work on /home/airflow/.local/lib/python3.7/site-packages/airflow/example_dags/example_branch_labels.py
[2023-01-21T23:50:28.459+0000] {processor.py:743} INFO - Processing file /home/airflow/.local/lib/python3.7/site-packages/airflow/example_dags/example_branch_labels.py for tasks to queue
[2023-01-21T23:50:28.460+0000] {logging_mixin.py:137} INFO - [2023-01-21T23:50:28.460+0000] {dagbag.py:538} INFO - Filling up the DagBag from /home/airflow/.local/lib/python3.7/site-packages/airflow/example_dags/example_branch_labels.py
[2023-01-21T23:50:28.470+0000] {processor.py:753} INFO - DAG(s) dict_keys(['example_branch_labels']) retrieved from /home/airflow/.local/lib/python3.7/site-packages/airflow/example_dags/example_branch_labels.py
[2023-01-21T23:50:28.491+0000] {logging_mixin.py:137} INFO - [2023-01-21T23:50:28.491+0000] {dag.py:2690} INFO - Sync 1 DAGs
[2023-01-21T23:50:28.508+0000] {logging_mixin.py:137} INFO - [2023-01-21T23:50:28.508+0000] {dag.py:3441} INFO - Setting next_dagrun for example_branch_labels to 2023-01-20T00:00:00+00:00, run_after=2023-01-21T00:00:00+00:00
[2023-01-21T23:50:28.519+0000] {processor.py:175} INFO - Processing /home/airflow/.local/lib/python3.7/site-packages/airflow/example_dags/example_branch_labels.py took 0.064 seconds
[2023-01-21T23:54:04.855+0000] {processor.py:153} INFO - Started process (PID=59) to work on /home/airflow/.local/lib/python3.7/site-packages/airflow/example_dags/example_branch_labels.py
[2023-01-21T23:54:04.860+0000] {processor.py:743} INFO - Processing file /home/airflow/.local/lib/python3.7/site-packages/airflow/example_dags/example_branch_labels.py for tasks to queue
[2023-01-21T23:54:04.866+0000] {logging_mixin.py:137} INFO - [2023-01-21T23:54:04.866+0000] {dagbag.py:538} INFO - Filling up the DagBag from /home/airflow/.local/lib/python3.7/site-packages/airflow/example_dags/example_branch_labels.py
[2023-01-21T23:54:04.906+0000] {processor.py:753} INFO - DAG(s) dict_keys(['example_branch_labels']) retrieved from /home/airflow/.local/lib/python3.7/site-packages/airflow/example_dags/example_branch_labels.py
[2023-01-21T23:54:04.952+0000] {logging_mixin.py:137} INFO - [2023-01-21T23:54:04.952+0000] {dag.py:2690} INFO - Sync 1 DAGs
[2023-01-21T23:54:04.988+0000] {logging_mixin.py:137} INFO - [2023-01-21T23:54:04.987+0000] {dag.py:3441} INFO - Setting next_dagrun for example_branch_labels to 2023-01-20T00:00:00+00:00, run_after=2023-01-21T00:00:00+00:00
[2023-01-21T23:54:05.009+0000] {processor.py:175} INFO - Processing /home/airflow/.local/lib/python3.7/site-packages/airflow/example_dags/example_branch_labels.py took 0.160 seconds
[2023-01-21T23:54:35.085+0000] {processor.py:153} INFO - Started process (PID=135) to work on /home/airflow/.local/lib/python3.7/site-packages/airflow/example_dags/example_branch_labels.py
[2023-01-21T23:54:35.086+0000] {processor.py:743} INFO - Processing file /home/airflow/.local/lib/python3.7/site-packages/airflow/example_dags/example_branch_labels.py for tasks to queue
[2023-01-21T23:54:35.087+0000] {logging_mixin.py:137} INFO - [2023-01-21T23:54:35.087+0000] {dagbag.py:538} INFO - Filling up the DagBag from /home/airflow/.local/lib/python3.7/site-packages/airflow/example_dags/example_branch_labels.py
[2023-01-21T23:54:35.097+0000] {processor.py:753} INFO - DAG(s) dict_keys(['example_branch_labels']) retrieved from /home/airflow/.local/lib/python3.7/site-packages/airflow/example_dags/example_branch_labels.py
[2023-01-21T23:54:35.115+0000] {logging_mixin.py:137} INFO - [2023-01-21T23:54:35.115+0000] {dag.py:2690} INFO - Sync 1 DAGs
[2023-01-21T23:54:35.131+0000] {logging_mixin.py:137} INFO - [2023-01-21T23:54:35.131+0000] {dag.py:3441} INFO - Setting next_dagrun for example_branch_labels to 2023-01-20T00:00:00+00:00, run_after=2023-01-21T00:00:00+00:00
[2023-01-21T23:54:35.140+0000] {processor.py:175} INFO - Processing /home/airflow/.local/lib/python3.7/site-packages/airflow/example_dags/example_branch_labels.py took 0.058 seconds
[2023-01-21T23:55:05.282+0000] {processor.py:153} INFO - Started process (PID=200) to work on /home/airflow/.local/lib/python3.7/site-packages/airflow/example_dags/example_branch_labels.py
[2023-01-21T23:55:05.283+0000] {processor.py:743} INFO - Processing file /home/airflow/.local/lib/python3.7/site-packages/airflow/example_dags/example_branch_labels.py for tasks to queue
[2023-01-21T23:55:05.283+0000] {logging_mixin.py:137} INFO - [2023-01-21T23:55:05.283+0000] {dagbag.py:538} INFO - Filling up the DagBag from /home/airflow/.local/lib/python3.7/site-packages/airflow/example_dags/example_branch_labels.py
[2023-01-21T23:55:05.296+0000] {processor.py:753} INFO - DAG(s) dict_keys(['example_branch_labels']) retrieved from /home/airflow/.local/lib/python3.7/site-packages/airflow/example_dags/example_branch_labels.py
[2023-01-21T23:55:05.316+0000] {logging_mixin.py:137} INFO - [2023-01-21T23:55:05.316+0000] {dag.py:2690} INFO - Sync 1 DAGs
[2023-01-21T23:55:05.332+0000] {logging_mixin.py:137} INFO - [2023-01-21T23:55:05.332+0000] {dag.py:3441} INFO - Setting next_dagrun for example_branch_labels to 2023-01-20T00:00:00+00:00, run_after=2023-01-21T00:00:00+00:00
[2023-01-21T23:55:05.343+0000] {processor.py:175} INFO - Processing /home/airflow/.local/lib/python3.7/site-packages/airflow/example_dags/example_branch_labels.py took 0.065 seconds
[2023-01-21T23:56:05.664+0000] {processor.py:153} INFO - Started process (PID=58) to work on /home/airflow/.local/lib/python3.7/site-packages/airflow/example_dags/example_branch_labels.py
[2023-01-21T23:56:05.667+0000] {processor.py:743} INFO - Processing file /home/airflow/.local/lib/python3.7/site-packages/airflow/example_dags/example_branch_labels.py for tasks to queue
[2023-01-21T23:56:05.668+0000] {logging_mixin.py:137} INFO - [2023-01-21T23:56:05.668+0000] {dagbag.py:538} INFO - Filling up the DagBag from /home/airflow/.local/lib/python3.7/site-packages/airflow/example_dags/example_branch_labels.py
[2023-01-21T23:56:05.700+0000] {processor.py:753} INFO - DAG(s) dict_keys(['example_branch_labels']) retrieved from /home/airflow/.local/lib/python3.7/site-packages/airflow/example_dags/example_branch_labels.py
[2023-01-21T23:56:05.724+0000] {logging_mixin.py:137} INFO - [2023-01-21T23:56:05.724+0000] {dag.py:2690} INFO - Sync 1 DAGs
[2023-01-21T23:56:05.774+0000] {logging_mixin.py:137} INFO - [2023-01-21T23:56:05.774+0000] {dag.py:3441} INFO - Setting next_dagrun for example_branch_labels to 2023-01-20T00:00:00+00:00, run_after=2023-01-21T00:00:00+00:00
[2023-01-21T23:56:05.796+0000] {processor.py:175} INFO - Processing /home/airflow/.local/lib/python3.7/site-packages/airflow/example_dags/example_branch_labels.py took 0.135 seconds
[2023-01-21T23:56:36.016+0000] {processor.py:153} INFO - Started process (PID=134) to work on /home/airflow/.local/lib/python3.7/site-packages/airflow/example_dags/example_branch_labels.py
[2023-01-21T23:56:36.020+0000] {processor.py:743} INFO - Processing file /home/airflow/.local/lib/python3.7/site-packages/airflow/example_dags/example_branch_labels.py for tasks to queue
[2023-01-21T23:56:36.021+0000] {logging_mixin.py:137} INFO - [2023-01-21T23:56:36.021+0000] {dagbag.py:538} INFO - Filling up the DagBag from /home/airflow/.local/lib/python3.7/site-packages/airflow/example_dags/example_branch_labels.py
[2023-01-21T23:56:36.032+0000] {processor.py:753} INFO - DAG(s) dict_keys(['example_branch_labels']) retrieved from /home/airflow/.local/lib/python3.7/site-packages/airflow/example_dags/example_branch_labels.py
[2023-01-21T23:56:36.055+0000] {logging_mixin.py:137} INFO - [2023-01-21T23:56:36.055+0000] {dag.py:2690} INFO - Sync 1 DAGs
[2023-01-21T23:56:36.076+0000] {logging_mixin.py:137} INFO - [2023-01-21T23:56:36.075+0000] {dag.py:3441} INFO - Setting next_dagrun for example_branch_labels to 2023-01-20T00:00:00+00:00, run_after=2023-01-21T00:00:00+00:00
[2023-01-21T23:56:36.089+0000] {processor.py:175} INFO - Processing /home/airflow/.local/lib/python3.7/site-packages/airflow/example_dags/example_branch_labels.py took 0.076 seconds
[2023-01-21T23:57:06.468+0000] {processor.py:153} INFO - Started process (PID=198) to work on /home/airflow/.local/lib/python3.7/site-packages/airflow/example_dags/example_branch_labels.py
[2023-01-21T23:57:06.470+0000] {processor.py:743} INFO - Processing file /home/airflow/.local/lib/python3.7/site-packages/airflow/example_dags/example_branch_labels.py for tasks to queue
[2023-01-21T23:57:06.470+0000] {logging_mixin.py:137} INFO - [2023-01-21T23:57:06.470+0000] {dagbag.py:538} INFO - Filling up the DagBag from /home/airflow/.local/lib/python3.7/site-packages/airflow/example_dags/example_branch_labels.py
[2023-01-21T23:57:06.482+0000] {processor.py:753} INFO - DAG(s) dict_keys(['example_branch_labels']) retrieved from /home/airflow/.local/lib/python3.7/site-packages/airflow/example_dags/example_branch_labels.py
[2023-01-21T23:57:06.504+0000] {logging_mixin.py:137} INFO - [2023-01-21T23:57:06.504+0000] {dag.py:2690} INFO - Sync 1 DAGs
[2023-01-21T23:57:06.523+0000] {logging_mixin.py:137} INFO - [2023-01-21T23:57:06.523+0000] {dag.py:3441} INFO - Setting next_dagrun for example_branch_labels to 2023-01-20T00:00:00+00:00, run_after=2023-01-21T00:00:00+00:00
[2023-01-21T23:57:06.534+0000] {processor.py:175} INFO - Processing /home/airflow/.local/lib/python3.7/site-packages/airflow/example_dags/example_branch_labels.py took 0.069 seconds
