[2023-01-21T23:45:25.134+0000] {processor.py:153} INFO - Started process (PID=79) to work on /home/airflow/.local/lib/python3.7/site-packages/airflow/example_dags/example_skip_dag.py
[2023-01-21T23:45:25.148+0000] {processor.py:743} INFO - Processing file /home/airflow/.local/lib/python3.7/site-packages/airflow/example_dags/example_skip_dag.py for tasks to queue
[2023-01-21T23:45:25.161+0000] {logging_mixin.py:137} INFO - [2023-01-21T23:45:25.161+0000] {dagbag.py:538} INFO - Filling up the DagBag from /home/airflow/.local/lib/python3.7/site-packages/airflow/example_dags/example_skip_dag.py
[2023-01-21T23:45:25.257+0000] {processor.py:753} INFO - DAG(s) dict_keys(['example_skip_dag']) retrieved from /home/airflow/.local/lib/python3.7/site-packages/airflow/example_dags/example_skip_dag.py
[2023-01-21T23:45:25.302+0000] {logging_mixin.py:137} INFO - [2023-01-21T23:45:25.302+0000] {dag.py:2690} INFO - Sync 1 DAGs
[2023-01-21T23:45:25.423+0000] {logging_mixin.py:137} INFO - [2023-01-21T23:45:25.423+0000] {dag.py:3441} INFO - Setting next_dagrun for example_skip_dag to 2023-01-20T23:45:25.422913+00:00, run_after=2023-01-21T23:45:25.422913+00:00
[2023-01-21T23:45:25.502+0000] {processor.py:175} INFO - Processing /home/airflow/.local/lib/python3.7/site-packages/airflow/example_dags/example_skip_dag.py took 0.371 seconds
[2023-01-21T23:45:56.182+0000] {processor.py:153} INFO - Started process (PID=146) to work on /home/airflow/.local/lib/python3.7/site-packages/airflow/example_dags/example_skip_dag.py
[2023-01-21T23:45:56.185+0000] {processor.py:743} INFO - Processing file /home/airflow/.local/lib/python3.7/site-packages/airflow/example_dags/example_skip_dag.py for tasks to queue
[2023-01-21T23:45:56.186+0000] {logging_mixin.py:137} INFO - [2023-01-21T23:45:56.186+0000] {dagbag.py:538} INFO - Filling up the DagBag from /home/airflow/.local/lib/python3.7/site-packages/airflow/example_dags/example_skip_dag.py
[2023-01-21T23:45:56.201+0000] {processor.py:753} INFO - DAG(s) dict_keys(['example_skip_dag']) retrieved from /home/airflow/.local/lib/python3.7/site-packages/airflow/example_dags/example_skip_dag.py
[2023-01-21T23:45:56.222+0000] {logging_mixin.py:137} INFO - [2023-01-21T23:45:56.222+0000] {dag.py:2690} INFO - Sync 1 DAGs
[2023-01-21T23:45:56.238+0000] {logging_mixin.py:137} INFO - [2023-01-21T23:45:56.238+0000] {dag.py:3441} INFO - Setting next_dagrun for example_skip_dag to 2023-01-20T23:45:56.237868+00:00, run_after=2023-01-21T23:45:56.237868+00:00
[2023-01-21T23:45:56.250+0000] {processor.py:175} INFO - Processing /home/airflow/.local/lib/python3.7/site-packages/airflow/example_dags/example_skip_dag.py took 0.074 seconds
[2023-01-21T23:46:26.852+0000] {processor.py:153} INFO - Started process (PID=222) to work on /home/airflow/.local/lib/python3.7/site-packages/airflow/example_dags/example_skip_dag.py
[2023-01-21T23:46:26.854+0000] {processor.py:743} INFO - Processing file /home/airflow/.local/lib/python3.7/site-packages/airflow/example_dags/example_skip_dag.py for tasks to queue
[2023-01-21T23:46:26.856+0000] {logging_mixin.py:137} INFO - [2023-01-21T23:46:26.856+0000] {dagbag.py:538} INFO - Filling up the DagBag from /home/airflow/.local/lib/python3.7/site-packages/airflow/example_dags/example_skip_dag.py
[2023-01-21T23:46:26.872+0000] {processor.py:753} INFO - DAG(s) dict_keys(['example_skip_dag']) retrieved from /home/airflow/.local/lib/python3.7/site-packages/airflow/example_dags/example_skip_dag.py
[2023-01-21T23:46:26.891+0000] {logging_mixin.py:137} INFO - [2023-01-21T23:46:26.891+0000] {dag.py:2690} INFO - Sync 1 DAGs
[2023-01-21T23:46:26.907+0000] {logging_mixin.py:137} INFO - [2023-01-21T23:46:26.907+0000] {dag.py:3441} INFO - Setting next_dagrun for example_skip_dag to 2023-01-20T23:46:26.907441+00:00, run_after=2023-01-21T23:46:26.907441+00:00
[2023-01-21T23:46:26.919+0000] {processor.py:175} INFO - Processing /home/airflow/.local/lib/python3.7/site-packages/airflow/example_dags/example_skip_dag.py took 0.070 seconds
[2023-01-21T23:46:57.081+0000] {processor.py:153} INFO - Started process (PID=286) to work on /home/airflow/.local/lib/python3.7/site-packages/airflow/example_dags/example_skip_dag.py
[2023-01-21T23:46:57.083+0000] {processor.py:743} INFO - Processing file /home/airflow/.local/lib/python3.7/site-packages/airflow/example_dags/example_skip_dag.py for tasks to queue
[2023-01-21T23:46:57.084+0000] {logging_mixin.py:137} INFO - [2023-01-21T23:46:57.084+0000] {dagbag.py:538} INFO - Filling up the DagBag from /home/airflow/.local/lib/python3.7/site-packages/airflow/example_dags/example_skip_dag.py
[2023-01-21T23:46:57.098+0000] {processor.py:753} INFO - DAG(s) dict_keys(['example_skip_dag']) retrieved from /home/airflow/.local/lib/python3.7/site-packages/airflow/example_dags/example_skip_dag.py
[2023-01-21T23:46:57.120+0000] {logging_mixin.py:137} INFO - [2023-01-21T23:46:57.120+0000] {dag.py:2690} INFO - Sync 1 DAGs
[2023-01-21T23:46:57.137+0000] {logging_mixin.py:137} INFO - [2023-01-21T23:46:57.137+0000] {dag.py:3441} INFO - Setting next_dagrun for example_skip_dag to 2023-01-20T23:46:57.137621+00:00, run_after=2023-01-21T23:46:57.137621+00:00
[2023-01-21T23:46:57.149+0000] {processor.py:175} INFO - Processing /home/airflow/.local/lib/python3.7/site-packages/airflow/example_dags/example_skip_dag.py took 0.074 seconds
[2023-01-21T23:47:27.465+0000] {processor.py:153} INFO - Started process (PID=361) to work on /home/airflow/.local/lib/python3.7/site-packages/airflow/example_dags/example_skip_dag.py
[2023-01-21T23:47:27.467+0000] {processor.py:743} INFO - Processing file /home/airflow/.local/lib/python3.7/site-packages/airflow/example_dags/example_skip_dag.py for tasks to queue
[2023-01-21T23:47:27.469+0000] {logging_mixin.py:137} INFO - [2023-01-21T23:47:27.469+0000] {dagbag.py:538} INFO - Filling up the DagBag from /home/airflow/.local/lib/python3.7/site-packages/airflow/example_dags/example_skip_dag.py
[2023-01-21T23:47:27.484+0000] {processor.py:753} INFO - DAG(s) dict_keys(['example_skip_dag']) retrieved from /home/airflow/.local/lib/python3.7/site-packages/airflow/example_dags/example_skip_dag.py
[2023-01-21T23:47:27.507+0000] {logging_mixin.py:137} INFO - [2023-01-21T23:47:27.507+0000] {dag.py:2690} INFO - Sync 1 DAGs
[2023-01-21T23:47:27.522+0000] {logging_mixin.py:137} INFO - [2023-01-21T23:47:27.522+0000] {dag.py:3441} INFO - Setting next_dagrun for example_skip_dag to 2023-01-20T23:47:27.522065+00:00, run_after=2023-01-21T23:47:27.522065+00:00
[2023-01-21T23:47:27.537+0000] {processor.py:175} INFO - Processing /home/airflow/.local/lib/python3.7/site-packages/airflow/example_dags/example_skip_dag.py took 0.077 seconds
[2023-01-21T23:47:57.861+0000] {processor.py:153} INFO - Started process (PID=438) to work on /home/airflow/.local/lib/python3.7/site-packages/airflow/example_dags/example_skip_dag.py
[2023-01-21T23:47:57.862+0000] {processor.py:743} INFO - Processing file /home/airflow/.local/lib/python3.7/site-packages/airflow/example_dags/example_skip_dag.py for tasks to queue
[2023-01-21T23:47:57.863+0000] {logging_mixin.py:137} INFO - [2023-01-21T23:47:57.863+0000] {dagbag.py:538} INFO - Filling up the DagBag from /home/airflow/.local/lib/python3.7/site-packages/airflow/example_dags/example_skip_dag.py
[2023-01-21T23:47:57.880+0000] {processor.py:753} INFO - DAG(s) dict_keys(['example_skip_dag']) retrieved from /home/airflow/.local/lib/python3.7/site-packages/airflow/example_dags/example_skip_dag.py
[2023-01-21T23:47:57.913+0000] {logging_mixin.py:137} INFO - [2023-01-21T23:47:57.913+0000] {dag.py:2690} INFO - Sync 1 DAGs
[2023-01-21T23:47:57.957+0000] {logging_mixin.py:137} INFO - [2023-01-21T23:47:57.957+0000] {dag.py:3441} INFO - Setting next_dagrun for example_skip_dag to 2023-01-20T23:47:57.956693+00:00, run_after=2023-01-21T23:47:57.956693+00:00
[2023-01-21T23:47:57.975+0000] {processor.py:175} INFO - Processing /home/airflow/.local/lib/python3.7/site-packages/airflow/example_dags/example_skip_dag.py took 0.118 seconds
[2023-01-21T23:48:28.045+0000] {processor.py:153} INFO - Started process (PID=502) to work on /home/airflow/.local/lib/python3.7/site-packages/airflow/example_dags/example_skip_dag.py
[2023-01-21T23:48:28.046+0000] {processor.py:743} INFO - Processing file /home/airflow/.local/lib/python3.7/site-packages/airflow/example_dags/example_skip_dag.py for tasks to queue
[2023-01-21T23:48:28.047+0000] {logging_mixin.py:137} INFO - [2023-01-21T23:48:28.047+0000] {dagbag.py:538} INFO - Filling up the DagBag from /home/airflow/.local/lib/python3.7/site-packages/airflow/example_dags/example_skip_dag.py
[2023-01-21T23:48:28.059+0000] {processor.py:753} INFO - DAG(s) dict_keys(['example_skip_dag']) retrieved from /home/airflow/.local/lib/python3.7/site-packages/airflow/example_dags/example_skip_dag.py
[2023-01-21T23:48:28.080+0000] {logging_mixin.py:137} INFO - [2023-01-21T23:48:28.079+0000] {dag.py:2690} INFO - Sync 1 DAGs
[2023-01-21T23:48:28.096+0000] {logging_mixin.py:137} INFO - [2023-01-21T23:48:28.096+0000] {dag.py:3441} INFO - Setting next_dagrun for example_skip_dag to 2023-01-20T23:48:28.095956+00:00, run_after=2023-01-21T23:48:28.095956+00:00
[2023-01-21T23:48:28.110+0000] {processor.py:175} INFO - Processing /home/airflow/.local/lib/python3.7/site-packages/airflow/example_dags/example_skip_dag.py took 0.068 seconds
[2023-01-21T23:48:58.885+0000] {processor.py:153} INFO - Started process (PID=578) to work on /home/airflow/.local/lib/python3.7/site-packages/airflow/example_dags/example_skip_dag.py
[2023-01-21T23:48:58.888+0000] {processor.py:743} INFO - Processing file /home/airflow/.local/lib/python3.7/site-packages/airflow/example_dags/example_skip_dag.py for tasks to queue
[2023-01-21T23:48:58.889+0000] {logging_mixin.py:137} INFO - [2023-01-21T23:48:58.889+0000] {dagbag.py:538} INFO - Filling up the DagBag from /home/airflow/.local/lib/python3.7/site-packages/airflow/example_dags/example_skip_dag.py
[2023-01-21T23:48:58.904+0000] {processor.py:753} INFO - DAG(s) dict_keys(['example_skip_dag']) retrieved from /home/airflow/.local/lib/python3.7/site-packages/airflow/example_dags/example_skip_dag.py
[2023-01-21T23:48:58.925+0000] {logging_mixin.py:137} INFO - [2023-01-21T23:48:58.925+0000] {dag.py:2690} INFO - Sync 1 DAGs
[2023-01-21T23:48:58.941+0000] {logging_mixin.py:137} INFO - [2023-01-21T23:48:58.940+0000] {dag.py:3441} INFO - Setting next_dagrun for example_skip_dag to 2023-01-20T23:48:58.940542+00:00, run_after=2023-01-21T23:48:58.940542+00:00
[2023-01-21T23:48:58.954+0000] {processor.py:175} INFO - Processing /home/airflow/.local/lib/python3.7/site-packages/airflow/example_dags/example_skip_dag.py took 0.075 seconds
[2023-01-21T23:49:29.153+0000] {processor.py:153} INFO - Started process (PID=653) to work on /home/airflow/.local/lib/python3.7/site-packages/airflow/example_dags/example_skip_dag.py
[2023-01-21T23:49:29.154+0000] {processor.py:743} INFO - Processing file /home/airflow/.local/lib/python3.7/site-packages/airflow/example_dags/example_skip_dag.py for tasks to queue
[2023-01-21T23:49:29.155+0000] {logging_mixin.py:137} INFO - [2023-01-21T23:49:29.155+0000] {dagbag.py:538} INFO - Filling up the DagBag from /home/airflow/.local/lib/python3.7/site-packages/airflow/example_dags/example_skip_dag.py
[2023-01-21T23:49:29.169+0000] {processor.py:753} INFO - DAG(s) dict_keys(['example_skip_dag']) retrieved from /home/airflow/.local/lib/python3.7/site-packages/airflow/example_dags/example_skip_dag.py
[2023-01-21T23:49:29.204+0000] {logging_mixin.py:137} INFO - [2023-01-21T23:49:29.204+0000] {dag.py:2690} INFO - Sync 1 DAGs
[2023-01-21T23:49:29.228+0000] {logging_mixin.py:137} INFO - [2023-01-21T23:49:29.228+0000] {dag.py:3441} INFO - Setting next_dagrun for example_skip_dag to 2023-01-20T23:49:29.228377+00:00, run_after=2023-01-21T23:49:29.228377+00:00
[2023-01-21T23:49:29.246+0000] {processor.py:175} INFO - Processing /home/airflow/.local/lib/python3.7/site-packages/airflow/example_dags/example_skip_dag.py took 0.097 seconds
[2023-01-21T23:49:59.445+0000] {processor.py:153} INFO - Started process (PID=720) to work on /home/airflow/.local/lib/python3.7/site-packages/airflow/example_dags/example_skip_dag.py
[2023-01-21T23:49:59.446+0000] {processor.py:743} INFO - Processing file /home/airflow/.local/lib/python3.7/site-packages/airflow/example_dags/example_skip_dag.py for tasks to queue
[2023-01-21T23:49:59.447+0000] {logging_mixin.py:137} INFO - [2023-01-21T23:49:59.447+0000] {dagbag.py:538} INFO - Filling up the DagBag from /home/airflow/.local/lib/python3.7/site-packages/airflow/example_dags/example_skip_dag.py
[2023-01-21T23:49:59.458+0000] {processor.py:753} INFO - DAG(s) dict_keys(['example_skip_dag']) retrieved from /home/airflow/.local/lib/python3.7/site-packages/airflow/example_dags/example_skip_dag.py
[2023-01-21T23:49:59.476+0000] {logging_mixin.py:137} INFO - [2023-01-21T23:49:59.476+0000] {dag.py:2690} INFO - Sync 1 DAGs
[2023-01-21T23:49:59.490+0000] {logging_mixin.py:137} INFO - [2023-01-21T23:49:59.490+0000] {dag.py:3441} INFO - Setting next_dagrun for example_skip_dag to 2023-01-20T23:49:59.490513+00:00, run_after=2023-01-21T23:49:59.490513+00:00
[2023-01-21T23:49:59.501+0000] {processor.py:175} INFO - Processing /home/airflow/.local/lib/python3.7/site-packages/airflow/example_dags/example_skip_dag.py took 0.060 seconds
[2023-01-21T23:50:29.933+0000] {processor.py:153} INFO - Started process (PID=795) to work on /home/airflow/.local/lib/python3.7/site-packages/airflow/example_dags/example_skip_dag.py
[2023-01-21T23:50:29.935+0000] {processor.py:743} INFO - Processing file /home/airflow/.local/lib/python3.7/site-packages/airflow/example_dags/example_skip_dag.py for tasks to queue
[2023-01-21T23:50:29.936+0000] {logging_mixin.py:137} INFO - [2023-01-21T23:50:29.936+0000] {dagbag.py:538} INFO - Filling up the DagBag from /home/airflow/.local/lib/python3.7/site-packages/airflow/example_dags/example_skip_dag.py
[2023-01-21T23:50:29.947+0000] {processor.py:753} INFO - DAG(s) dict_keys(['example_skip_dag']) retrieved from /home/airflow/.local/lib/python3.7/site-packages/airflow/example_dags/example_skip_dag.py
[2023-01-21T23:50:29.970+0000] {logging_mixin.py:137} INFO - [2023-01-21T23:50:29.970+0000] {dag.py:2690} INFO - Sync 1 DAGs
[2023-01-21T23:50:29.988+0000] {logging_mixin.py:137} INFO - [2023-01-21T23:50:29.988+0000] {dag.py:3441} INFO - Setting next_dagrun for example_skip_dag to 2023-01-20T23:50:29.988282+00:00, run_after=2023-01-21T23:50:29.988282+00:00
[2023-01-21T23:50:29.999+0000] {processor.py:175} INFO - Processing /home/airflow/.local/lib/python3.7/site-packages/airflow/example_dags/example_skip_dag.py took 0.071 seconds
[2023-01-21T23:54:06.030+0000] {processor.py:153} INFO - Started process (PID=70) to work on /home/airflow/.local/lib/python3.7/site-packages/airflow/example_dags/example_skip_dag.py
[2023-01-21T23:54:06.033+0000] {processor.py:743} INFO - Processing file /home/airflow/.local/lib/python3.7/site-packages/airflow/example_dags/example_skip_dag.py for tasks to queue
[2023-01-21T23:54:06.036+0000] {logging_mixin.py:137} INFO - [2023-01-21T23:54:06.035+0000] {dagbag.py:538} INFO - Filling up the DagBag from /home/airflow/.local/lib/python3.7/site-packages/airflow/example_dags/example_skip_dag.py
[2023-01-21T23:54:06.056+0000] {processor.py:753} INFO - DAG(s) dict_keys(['example_skip_dag']) retrieved from /home/airflow/.local/lib/python3.7/site-packages/airflow/example_dags/example_skip_dag.py
[2023-01-21T23:54:06.074+0000] {logging_mixin.py:137} INFO - [2023-01-21T23:54:06.074+0000] {dag.py:2690} INFO - Sync 1 DAGs
[2023-01-21T23:54:06.118+0000] {logging_mixin.py:137} INFO - [2023-01-21T23:54:06.117+0000] {dag.py:3441} INFO - Setting next_dagrun for example_skip_dag to 2023-01-20T23:54:06.115806+00:00, run_after=2023-01-21T23:54:06.115806+00:00
[2023-01-21T23:54:06.142+0000] {processor.py:175} INFO - Processing /home/airflow/.local/lib/python3.7/site-packages/airflow/example_dags/example_skip_dag.py took 0.116 seconds
[2023-01-21T23:54:36.550+0000] {processor.py:153} INFO - Started process (PID=146) to work on /home/airflow/.local/lib/python3.7/site-packages/airflow/example_dags/example_skip_dag.py
[2023-01-21T23:54:36.551+0000] {processor.py:743} INFO - Processing file /home/airflow/.local/lib/python3.7/site-packages/airflow/example_dags/example_skip_dag.py for tasks to queue
[2023-01-21T23:54:36.551+0000] {logging_mixin.py:137} INFO - [2023-01-21T23:54:36.551+0000] {dagbag.py:538} INFO - Filling up the DagBag from /home/airflow/.local/lib/python3.7/site-packages/airflow/example_dags/example_skip_dag.py
[2023-01-21T23:54:36.562+0000] {processor.py:753} INFO - DAG(s) dict_keys(['example_skip_dag']) retrieved from /home/airflow/.local/lib/python3.7/site-packages/airflow/example_dags/example_skip_dag.py
[2023-01-21T23:54:36.581+0000] {logging_mixin.py:137} INFO - [2023-01-21T23:54:36.581+0000] {dag.py:2690} INFO - Sync 1 DAGs
[2023-01-21T23:54:36.600+0000] {logging_mixin.py:137} INFO - [2023-01-21T23:54:36.599+0000] {dag.py:3441} INFO - Setting next_dagrun for example_skip_dag to 2023-01-20T23:54:36.599184+00:00, run_after=2023-01-21T23:54:36.599184+00:00
[2023-01-21T23:54:36.610+0000] {processor.py:175} INFO - Processing /home/airflow/.local/lib/python3.7/site-packages/airflow/example_dags/example_skip_dag.py took 0.063 seconds
[2023-01-21T23:55:07.121+0000] {processor.py:153} INFO - Started process (PID=223) to work on /home/airflow/.local/lib/python3.7/site-packages/airflow/example_dags/example_skip_dag.py
[2023-01-21T23:55:07.136+0000] {processor.py:743} INFO - Processing file /home/airflow/.local/lib/python3.7/site-packages/airflow/example_dags/example_skip_dag.py for tasks to queue
[2023-01-21T23:55:07.138+0000] {logging_mixin.py:137} INFO - [2023-01-21T23:55:07.138+0000] {dagbag.py:538} INFO - Filling up the DagBag from /home/airflow/.local/lib/python3.7/site-packages/airflow/example_dags/example_skip_dag.py
[2023-01-21T23:55:07.154+0000] {processor.py:753} INFO - DAG(s) dict_keys(['example_skip_dag']) retrieved from /home/airflow/.local/lib/python3.7/site-packages/airflow/example_dags/example_skip_dag.py
[2023-01-21T23:55:07.188+0000] {logging_mixin.py:137} INFO - [2023-01-21T23:55:07.188+0000] {dag.py:2690} INFO - Sync 1 DAGs
[2023-01-21T23:55:07.221+0000] {logging_mixin.py:137} INFO - [2023-01-21T23:55:07.221+0000] {dag.py:3441} INFO - Setting next_dagrun for example_skip_dag to 2023-01-20T23:55:07.220989+00:00, run_after=2023-01-21T23:55:07.220989+00:00
[2023-01-21T23:55:07.244+0000] {processor.py:175} INFO - Processing /home/airflow/.local/lib/python3.7/site-packages/airflow/example_dags/example_skip_dag.py took 0.132 seconds
[2023-01-21T23:56:06.881+0000] {processor.py:153} INFO - Started process (PID=69) to work on /home/airflow/.local/lib/python3.7/site-packages/airflow/example_dags/example_skip_dag.py
[2023-01-21T23:56:06.883+0000] {processor.py:743} INFO - Processing file /home/airflow/.local/lib/python3.7/site-packages/airflow/example_dags/example_skip_dag.py for tasks to queue
[2023-01-21T23:56:06.884+0000] {logging_mixin.py:137} INFO - [2023-01-21T23:56:06.884+0000] {dagbag.py:538} INFO - Filling up the DagBag from /home/airflow/.local/lib/python3.7/site-packages/airflow/example_dags/example_skip_dag.py
[2023-01-21T23:56:06.901+0000] {processor.py:753} INFO - DAG(s) dict_keys(['example_skip_dag']) retrieved from /home/airflow/.local/lib/python3.7/site-packages/airflow/example_dags/example_skip_dag.py
[2023-01-21T23:56:06.913+0000] {logging_mixin.py:137} INFO - [2023-01-21T23:56:06.913+0000] {dag.py:2690} INFO - Sync 1 DAGs
[2023-01-21T23:56:06.930+0000] {logging_mixin.py:137} INFO - [2023-01-21T23:56:06.930+0000] {dag.py:3441} INFO - Setting next_dagrun for example_skip_dag to 2023-01-20T23:56:06.929974+00:00, run_after=2023-01-21T23:56:06.929974+00:00
[2023-01-21T23:56:06.943+0000] {processor.py:175} INFO - Processing /home/airflow/.local/lib/python3.7/site-packages/airflow/example_dags/example_skip_dag.py took 0.064 seconds
[2023-01-21T23:56:37.656+0000] {processor.py:153} INFO - Started process (PID=145) to work on /home/airflow/.local/lib/python3.7/site-packages/airflow/example_dags/example_skip_dag.py
[2023-01-21T23:56:37.658+0000] {processor.py:743} INFO - Processing file /home/airflow/.local/lib/python3.7/site-packages/airflow/example_dags/example_skip_dag.py for tasks to queue
[2023-01-21T23:56:37.659+0000] {logging_mixin.py:137} INFO - [2023-01-21T23:56:37.658+0000] {dagbag.py:538} INFO - Filling up the DagBag from /home/airflow/.local/lib/python3.7/site-packages/airflow/example_dags/example_skip_dag.py
[2023-01-21T23:56:37.674+0000] {processor.py:753} INFO - DAG(s) dict_keys(['example_skip_dag']) retrieved from /home/airflow/.local/lib/python3.7/site-packages/airflow/example_dags/example_skip_dag.py
[2023-01-21T23:56:37.695+0000] {logging_mixin.py:137} INFO - [2023-01-21T23:56:37.695+0000] {dag.py:2690} INFO - Sync 1 DAGs
[2023-01-21T23:56:37.723+0000] {logging_mixin.py:137} INFO - [2023-01-21T23:56:37.723+0000] {dag.py:3441} INFO - Setting next_dagrun for example_skip_dag to 2023-01-20T23:56:37.722883+00:00, run_after=2023-01-21T23:56:37.722883+00:00
[2023-01-21T23:56:37.743+0000] {processor.py:175} INFO - Processing /home/airflow/.local/lib/python3.7/site-packages/airflow/example_dags/example_skip_dag.py took 0.089 seconds
[2023-01-21T23:57:08.548+0000] {processor.py:153} INFO - Started process (PID=221) to work on /home/airflow/.local/lib/python3.7/site-packages/airflow/example_dags/example_skip_dag.py
[2023-01-21T23:57:08.550+0000] {processor.py:743} INFO - Processing file /home/airflow/.local/lib/python3.7/site-packages/airflow/example_dags/example_skip_dag.py for tasks to queue
[2023-01-21T23:57:08.551+0000] {logging_mixin.py:137} INFO - [2023-01-21T23:57:08.551+0000] {dagbag.py:538} INFO - Filling up the DagBag from /home/airflow/.local/lib/python3.7/site-packages/airflow/example_dags/example_skip_dag.py
[2023-01-21T23:57:08.563+0000] {processor.py:753} INFO - DAG(s) dict_keys(['example_skip_dag']) retrieved from /home/airflow/.local/lib/python3.7/site-packages/airflow/example_dags/example_skip_dag.py
[2023-01-21T23:57:08.585+0000] {logging_mixin.py:137} INFO - [2023-01-21T23:57:08.585+0000] {dag.py:2690} INFO - Sync 1 DAGs
[2023-01-21T23:57:08.608+0000] {logging_mixin.py:137} INFO - [2023-01-21T23:57:08.608+0000] {dag.py:3441} INFO - Setting next_dagrun for example_skip_dag to 2023-01-20T23:57:08.608502+00:00, run_after=2023-01-21T23:57:08.608502+00:00
[2023-01-21T23:57:08.622+0000] {processor.py:175} INFO - Processing /home/airflow/.local/lib/python3.7/site-packages/airflow/example_dags/example_skip_dag.py took 0.076 seconds
